{"timestamp":"2025-07-02T16:42:18.742379","level":"info","event":"Filling up the DagBag from /opt/airflow/dags/dags_intro.py","logger":"airflow.models.dagbag.DagBag"}
{"timestamp":"2025-07-02T16:42:49.426946","level":"info","event":"Filling up the DagBag from /opt/airflow/dags/dags_intro.py","logger":"airflow.models.dagbag.DagBag"}
{"timestamp":"2025-07-02T16:43:19.957481","level":"info","event":"Filling up the DagBag from /opt/airflow/dags/dags_intro.py","logger":"airflow.models.dagbag.DagBag"}
{"timestamp":"2025-07-02T16:43:50.587501","level":"info","event":"Filling up the DagBag from /opt/airflow/dags/dags_intro.py","logger":"airflow.models.dagbag.DagBag"}
{"timestamp":"2025-07-02T16:44:21.266018","level":"info","event":"Filling up the DagBag from /opt/airflow/dags/dags_intro.py","logger":"airflow.models.dagbag.DagBag"}
{"timestamp":"2025-07-02T16:44:51.936220","level":"info","event":"Filling up the DagBag from /opt/airflow/dags/dags_intro.py","logger":"airflow.models.dagbag.DagBag"}
{"timestamp":"2025-07-02T16:45:22.487116","level":"info","event":"Filling up the DagBag from /opt/airflow/dags/dags_intro.py","logger":"airflow.models.dagbag.DagBag"}
{"timestamp":"2025-07-02T16:45:52.881065","level":"info","event":"Filling up the DagBag from /opt/airflow/dags/dags_intro.py","logger":"airflow.models.dagbag.DagBag"}
{"timestamp":"2025-07-02T16:46:23.246380","level":"info","event":"Filling up the DagBag from /opt/airflow/dags/dags_intro.py","logger":"airflow.models.dagbag.DagBag"}
{"timestamp":"2025-07-02T16:46:53.623858","level":"info","event":"Filling up the DagBag from /opt/airflow/dags/dags_intro.py","logger":"airflow.models.dagbag.DagBag"}
{"timestamp":"2025-07-02T16:47:23.997289","level":"info","event":"Filling up the DagBag from /opt/airflow/dags/dags_intro.py","logger":"airflow.models.dagbag.DagBag"}
{"timestamp":"2025-07-02T16:47:54.366704","level":"info","event":"Filling up the DagBag from /opt/airflow/dags/dags_intro.py","logger":"airflow.models.dagbag.DagBag"}
{"timestamp":"2025-07-02T16:48:24.763635","level":"info","event":"Filling up the DagBag from /opt/airflow/dags/dags_intro.py","logger":"airflow.models.dagbag.DagBag"}
{"timestamp":"2025-07-02T16:48:55.190050","level":"info","event":"Filling up the DagBag from /opt/airflow/dags/dags_intro.py","logger":"airflow.models.dagbag.DagBag"}
{"timestamp":"2025-07-02T16:49:25.621490","level":"info","event":"Filling up the DagBag from /opt/airflow/dags/dags_intro.py","logger":"airflow.models.dagbag.DagBag"}
{"timestamp":"2025-07-02T16:49:56.045769","level":"info","event":"Filling up the DagBag from /opt/airflow/dags/dags_intro.py","logger":"airflow.models.dagbag.DagBag"}
{"timestamp":"2025-07-02T16:50:26.471838","level":"info","event":"Filling up the DagBag from /opt/airflow/dags/dags_intro.py","logger":"airflow.models.dagbag.DagBag"}
{"timestamp":"2025-07-02T16:50:56.870226","level":"info","event":"Filling up the DagBag from /opt/airflow/dags/dags_intro.py","logger":"airflow.models.dagbag.DagBag"}
{"timestamp":"2025-07-02T16:51:27.292778","level":"info","event":"Filling up the DagBag from /opt/airflow/dags/dags_intro.py","logger":"airflow.models.dagbag.DagBag"}
{"timestamp":"2025-07-02T16:51:57.685402","level":"info","event":"Filling up the DagBag from /opt/airflow/dags/dags_intro.py","logger":"airflow.models.dagbag.DagBag"}
{"timestamp":"2025-07-02T16:52:28.078324","level":"info","event":"Filling up the DagBag from /opt/airflow/dags/dags_intro.py","logger":"airflow.models.dagbag.DagBag"}
{"timestamp":"2025-07-02T16:52:58.442889","level":"info","event":"Filling up the DagBag from /opt/airflow/dags/dags_intro.py","logger":"airflow.models.dagbag.DagBag"}
{"timestamp":"2025-07-02T16:53:28.827156","level":"info","event":"Filling up the DagBag from /opt/airflow/dags/dags_intro.py","logger":"airflow.models.dagbag.DagBag"}
{"timestamp":"2025-07-02T16:53:59.218884","level":"info","event":"Filling up the DagBag from /opt/airflow/dags/dags_intro.py","logger":"airflow.models.dagbag.DagBag"}
{"timestamp":"2025-07-02T16:54:29.615951","level":"info","event":"Filling up the DagBag from /opt/airflow/dags/dags_intro.py","logger":"airflow.models.dagbag.DagBag"}
{"timestamp":"2025-07-02T16:55:00.022289","level":"info","event":"Filling up the DagBag from /opt/airflow/dags/dags_intro.py","logger":"airflow.models.dagbag.DagBag"}
{"timestamp":"2025-07-02T16:55:30.403608","level":"info","event":"Filling up the DagBag from /opt/airflow/dags/dags_intro.py","logger":"airflow.models.dagbag.DagBag"}
{"timestamp":"2025-07-02T16:56:00.808275","level":"info","event":"Filling up the DagBag from /opt/airflow/dags/dags_intro.py","logger":"airflow.models.dagbag.DagBag"}
{"timestamp":"2025-07-02T16:56:31.198426","level":"info","event":"Filling up the DagBag from /opt/airflow/dags/dags_intro.py","logger":"airflow.models.dagbag.DagBag"}
{"timestamp":"2025-07-02T16:57:01.580256","level":"info","event":"Filling up the DagBag from /opt/airflow/dags/dags_intro.py","logger":"airflow.models.dagbag.DagBag"}
{"timestamp":"2025-07-02T16:57:31.963523","level":"info","event":"Filling up the DagBag from /opt/airflow/dags/dags_intro.py","logger":"airflow.models.dagbag.DagBag"}
{"timestamp":"2025-07-02T16:58:02.357325","level":"info","event":"Filling up the DagBag from /opt/airflow/dags/dags_intro.py","logger":"airflow.models.dagbag.DagBag"}
{"timestamp":"2025-07-02T16:58:32.763553","level":"info","event":"Filling up the DagBag from /opt/airflow/dags/dags_intro.py","logger":"airflow.models.dagbag.DagBag"}
{"timestamp":"2025-07-02T16:59:03.158261","level":"info","event":"Filling up the DagBag from /opt/airflow/dags/dags_intro.py","logger":"airflow.models.dagbag.DagBag"}
{"timestamp":"2025-07-02T16:59:33.581388","level":"info","event":"Filling up the DagBag from /opt/airflow/dags/dags_intro.py","logger":"airflow.models.dagbag.DagBag"}
{"timestamp":"2025-07-02T17:00:04.034904","level":"info","event":"Filling up the DagBag from /opt/airflow/dags/dags_intro.py","logger":"airflow.models.dagbag.DagBag"}
{"timestamp":"2025-07-02T17:00:34.578101","level":"info","event":"Filling up the DagBag from /opt/airflow/dags/dags_intro.py","logger":"airflow.models.dagbag.DagBag"}
{"timestamp":"2025-07-02T17:01:05.033040","level":"info","event":"Filling up the DagBag from /opt/airflow/dags/dags_intro.py","logger":"airflow.models.dagbag.DagBag"}
{"timestamp":"2025-07-02T17:01:35.499225","level":"info","event":"Filling up the DagBag from /opt/airflow/dags/dags_intro.py","logger":"airflow.models.dagbag.DagBag"}
{"timestamp":"2025-07-02T17:02:05.941601","level":"info","event":"Filling up the DagBag from /opt/airflow/dags/dags_intro.py","logger":"airflow.models.dagbag.DagBag"}
{"timestamp":"2025-07-02T17:02:36.406140","level":"info","event":"Filling up the DagBag from /opt/airflow/dags/dags_intro.py","logger":"airflow.models.dagbag.DagBag"}
{"timestamp":"2025-07-02T17:03:06.842341","level":"info","event":"Filling up the DagBag from /opt/airflow/dags/dags_intro.py","logger":"airflow.models.dagbag.DagBag"}
{"timestamp":"2025-07-02T17:03:37.303388","level":"info","event":"Filling up the DagBag from /opt/airflow/dags/dags_intro.py","logger":"airflow.models.dagbag.DagBag"}
{"timestamp":"2025-07-02T17:04:07.759970","level":"info","event":"Filling up the DagBag from /opt/airflow/dags/dags_intro.py","logger":"airflow.models.dagbag.DagBag"}
{"timestamp":"2025-07-02T17:04:38.248315","level":"info","event":"Filling up the DagBag from /opt/airflow/dags/dags_intro.py","logger":"airflow.models.dagbag.DagBag"}
{"timestamp":"2025-07-02T17:05:08.685167","level":"info","event":"Filling up the DagBag from /opt/airflow/dags/dags_intro.py","logger":"airflow.models.dagbag.DagBag"}
{"timestamp":"2025-07-02T17:05:39.120881","level":"info","event":"Filling up the DagBag from /opt/airflow/dags/dags_intro.py","logger":"airflow.models.dagbag.DagBag"}
{"timestamp":"2025-07-02T17:06:09.559959","level":"info","event":"Filling up the DagBag from /opt/airflow/dags/dags_intro.py","logger":"airflow.models.dagbag.DagBag"}
{"timestamp":"2025-07-02T17:06:40.009192","level":"info","event":"Filling up the DagBag from /opt/airflow/dags/dags_intro.py","logger":"airflow.models.dagbag.DagBag"}
{"timestamp":"2025-07-02T17:07:10.461163","level":"info","event":"Filling up the DagBag from /opt/airflow/dags/dags_intro.py","logger":"airflow.models.dagbag.DagBag"}
{"timestamp":"2025-07-02T17:07:40.963556","level":"info","event":"Filling up the DagBag from /opt/airflow/dags/dags_intro.py","logger":"airflow.models.dagbag.DagBag"}
{"timestamp":"2025-07-02T17:08:11.408524","level":"info","event":"Filling up the DagBag from /opt/airflow/dags/dags_intro.py","logger":"airflow.models.dagbag.DagBag"}
{"timestamp":"2025-07-02T17:08:41.888490","level":"info","event":"Filling up the DagBag from /opt/airflow/dags/dags_intro.py","logger":"airflow.models.dagbag.DagBag"}
{"timestamp":"2025-07-02T17:09:12.340543","level":"info","event":"Filling up the DagBag from /opt/airflow/dags/dags_intro.py","logger":"airflow.models.dagbag.DagBag"}
{"timestamp":"2025-07-02T17:09:42.817252","level":"info","event":"Filling up the DagBag from /opt/airflow/dags/dags_intro.py","logger":"airflow.models.dagbag.DagBag"}
{"timestamp":"2025-07-02T17:10:13.278022","level":"info","event":"Filling up the DagBag from /opt/airflow/dags/dags_intro.py","logger":"airflow.models.dagbag.DagBag"}
{"timestamp":"2025-07-02T17:10:43.715967","level":"info","event":"Filling up the DagBag from /opt/airflow/dags/dags_intro.py","logger":"airflow.models.dagbag.DagBag"}
{"timestamp":"2025-07-02T17:11:14.172360","level":"info","event":"Filling up the DagBag from /opt/airflow/dags/dags_intro.py","logger":"airflow.models.dagbag.DagBag"}
{"timestamp":"2025-07-02T17:11:44.618846","level":"info","event":"Filling up the DagBag from /opt/airflow/dags/dags_intro.py","logger":"airflow.models.dagbag.DagBag"}
{"timestamp":"2025-07-02T17:12:15.067860","level":"info","event":"Filling up the DagBag from /opt/airflow/dags/dags_intro.py","logger":"airflow.models.dagbag.DagBag"}
{"timestamp":"2025-07-02T17:12:45.645949","level":"info","event":"Filling up the DagBag from /opt/airflow/dags/dags_intro.py","logger":"airflow.models.dagbag.DagBag"}
{"timestamp":"2025-07-02T17:13:16.112837","level":"info","event":"Filling up the DagBag from /opt/airflow/dags/dags_intro.py","logger":"airflow.models.dagbag.DagBag"}
{"timestamp":"2025-07-02T17:13:46.600195","level":"info","event":"Filling up the DagBag from /opt/airflow/dags/dags_intro.py","logger":"airflow.models.dagbag.DagBag"}
{"timestamp":"2025-07-02T17:14:17.065363","level":"info","event":"Filling up the DagBag from /opt/airflow/dags/dags_intro.py","logger":"airflow.models.dagbag.DagBag"}
{"timestamp":"2025-07-02T17:14:47.576772","level":"info","event":"Filling up the DagBag from /opt/airflow/dags/dags_intro.py","logger":"airflow.models.dagbag.DagBag"}
{"timestamp":"2025-07-02T17:15:18.026551","level":"info","event":"Filling up the DagBag from /opt/airflow/dags/dags_intro.py","logger":"airflow.models.dagbag.DagBag"}
{"timestamp":"2025-07-02T17:15:48.492525","level":"info","event":"Filling up the DagBag from /opt/airflow/dags/dags_intro.py","logger":"airflow.models.dagbag.DagBag"}
{"timestamp":"2025-07-02T17:16:18.957261","level":"info","event":"Filling up the DagBag from /opt/airflow/dags/dags_intro.py","logger":"airflow.models.dagbag.DagBag"}
{"timestamp":"2025-07-02T17:16:49.401094","level":"info","event":"Filling up the DagBag from /opt/airflow/dags/dags_intro.py","logger":"airflow.models.dagbag.DagBag"}
{"timestamp":"2025-07-02T17:17:19.862628","level":"info","event":"Filling up the DagBag from /opt/airflow/dags/dags_intro.py","logger":"airflow.models.dagbag.DagBag"}
{"timestamp":"2025-07-02T17:17:50.313022","level":"info","event":"Filling up the DagBag from /opt/airflow/dags/dags_intro.py","logger":"airflow.models.dagbag.DagBag"}
{"timestamp":"2025-07-02T17:18:20.750821","level":"info","event":"Filling up the DagBag from /opt/airflow/dags/dags_intro.py","logger":"airflow.models.dagbag.DagBag"}
{"timestamp":"2025-07-02T17:18:51.191083","level":"info","event":"Filling up the DagBag from /opt/airflow/dags/dags_intro.py","logger":"airflow.models.dagbag.DagBag"}
{"timestamp":"2025-07-02T17:19:21.632573","level":"info","event":"Filling up the DagBag from /opt/airflow/dags/dags_intro.py","logger":"airflow.models.dagbag.DagBag"}
{"timestamp":"2025-07-02T17:19:52.110954","level":"info","event":"Filling up the DagBag from /opt/airflow/dags/dags_intro.py","logger":"airflow.models.dagbag.DagBag"}
{"timestamp":"2025-07-02T17:20:22.576321","level":"info","event":"Filling up the DagBag from /opt/airflow/dags/dags_intro.py","logger":"airflow.models.dagbag.DagBag"}
{"timestamp":"2025-07-02T17:20:53.011705","level":"info","event":"Filling up the DagBag from /opt/airflow/dags/dags_intro.py","logger":"airflow.models.dagbag.DagBag"}
{"timestamp":"2025-07-02T17:21:23.443339","level":"info","event":"Filling up the DagBag from /opt/airflow/dags/dags_intro.py","logger":"airflow.models.dagbag.DagBag"}
{"timestamp":"2025-07-02T17:21:53.912980","level":"info","event":"Filling up the DagBag from /opt/airflow/dags/dags_intro.py","logger":"airflow.models.dagbag.DagBag"}
{"timestamp":"2025-07-02T17:22:24.408709","level":"info","event":"Filling up the DagBag from /opt/airflow/dags/dags_intro.py","logger":"airflow.models.dagbag.DagBag"}
{"timestamp":"2025-07-02T17:22:54.841634","level":"info","event":"Filling up the DagBag from /opt/airflow/dags/dags_intro.py","logger":"airflow.models.dagbag.DagBag"}
{"timestamp":"2025-07-02T17:23:25.310989","level":"info","event":"Filling up the DagBag from /opt/airflow/dags/dags_intro.py","logger":"airflow.models.dagbag.DagBag"}
{"timestamp":"2025-07-02T17:23:55.761448","level":"info","event":"Filling up the DagBag from /opt/airflow/dags/dags_intro.py","logger":"airflow.models.dagbag.DagBag"}
{"timestamp":"2025-07-02T17:24:26.200381","level":"info","event":"Filling up the DagBag from /opt/airflow/dags/dags_intro.py","logger":"airflow.models.dagbag.DagBag"}
{"timestamp":"2025-07-02T17:24:56.675970","level":"info","event":"Filling up the DagBag from /opt/airflow/dags/dags_intro.py","logger":"airflow.models.dagbag.DagBag"}
{"timestamp":"2025-07-02T17:25:27.161289","level":"info","event":"Filling up the DagBag from /opt/airflow/dags/dags_intro.py","logger":"airflow.models.dagbag.DagBag"}
{"timestamp":"2025-07-02T17:25:57.614888","level":"info","event":"Filling up the DagBag from /opt/airflow/dags/dags_intro.py","logger":"airflow.models.dagbag.DagBag"}
{"timestamp":"2025-07-02T17:26:28.059586","level":"info","event":"Filling up the DagBag from /opt/airflow/dags/dags_intro.py","logger":"airflow.models.dagbag.DagBag"}
{"timestamp":"2025-07-02T17:26:58.526560","level":"info","event":"Filling up the DagBag from /opt/airflow/dags/dags_intro.py","logger":"airflow.models.dagbag.DagBag"}
{"timestamp":"2025-07-02T17:27:28.958024","level":"info","event":"Filling up the DagBag from /opt/airflow/dags/dags_intro.py","logger":"airflow.models.dagbag.DagBag"}
{"timestamp":"2025-07-02T17:27:59.440991","level":"info","event":"Filling up the DagBag from /opt/airflow/dags/dags_intro.py","logger":"airflow.models.dagbag.DagBag"}
{"timestamp":"2025-07-02T17:28:29.872176","level":"info","event":"Filling up the DagBag from /opt/airflow/dags/dags_intro.py","logger":"airflow.models.dagbag.DagBag"}
{"timestamp":"2025-07-02T17:29:00.298155","level":"info","event":"Filling up the DagBag from /opt/airflow/dags/dags_intro.py","logger":"airflow.models.dagbag.DagBag"}
{"timestamp":"2025-07-02T17:29:30.747480","level":"info","event":"Filling up the DagBag from /opt/airflow/dags/dags_intro.py","logger":"airflow.models.dagbag.DagBag"}
{"timestamp":"2025-07-02T17:30:01.216207","level":"info","event":"Filling up the DagBag from /opt/airflow/dags/dags_intro.py","logger":"airflow.models.dagbag.DagBag"}
{"timestamp":"2025-07-02T17:30:31.673820","level":"info","event":"Filling up the DagBag from /opt/airflow/dags/dags_intro.py","logger":"airflow.models.dagbag.DagBag"}
{"timestamp":"2025-07-02T17:31:02.139241","level":"info","event":"Filling up the DagBag from /opt/airflow/dags/dags_intro.py","logger":"airflow.models.dagbag.DagBag"}
{"timestamp":"2025-07-02T17:31:32.609401","level":"info","event":"Filling up the DagBag from /opt/airflow/dags/dags_intro.py","logger":"airflow.models.dagbag.DagBag"}
{"timestamp":"2025-07-02T17:32:03.060990","level":"info","event":"Filling up the DagBag from /opt/airflow/dags/dags_intro.py","logger":"airflow.models.dagbag.DagBag"}
{"timestamp":"2025-07-02T17:32:33.542188","level":"info","event":"Filling up the DagBag from /opt/airflow/dags/dags_intro.py","logger":"airflow.models.dagbag.DagBag"}
{"timestamp":"2025-07-02T17:33:04.023722","level":"info","event":"Filling up the DagBag from /opt/airflow/dags/dags_intro.py","logger":"airflow.models.dagbag.DagBag"}
{"timestamp":"2025-07-02T17:33:34.487545","level":"info","event":"Filling up the DagBag from /opt/airflow/dags/dags_intro.py","logger":"airflow.models.dagbag.DagBag"}
{"timestamp":"2025-07-02T17:34:04.954067","level":"info","event":"Filling up the DagBag from /opt/airflow/dags/dags_intro.py","logger":"airflow.models.dagbag.DagBag"}
{"timestamp":"2025-07-02T17:34:35.402402","level":"info","event":"Filling up the DagBag from /opt/airflow/dags/dags_intro.py","logger":"airflow.models.dagbag.DagBag"}
{"timestamp":"2025-07-02T17:35:05.873780","level":"info","event":"Filling up the DagBag from /opt/airflow/dags/dags_intro.py","logger":"airflow.models.dagbag.DagBag"}
{"timestamp":"2025-07-02T17:35:36.363509","level":"info","event":"Filling up the DagBag from /opt/airflow/dags/dags_intro.py","logger":"airflow.models.dagbag.DagBag"}
{"timestamp":"2025-07-02T17:36:06.814919","level":"info","event":"Filling up the DagBag from /opt/airflow/dags/dags_intro.py","logger":"airflow.models.dagbag.DagBag"}
{"timestamp":"2025-07-02T17:36:37.278666","level":"info","event":"Filling up the DagBag from /opt/airflow/dags/dags_intro.py","logger":"airflow.models.dagbag.DagBag"}
{"timestamp":"2025-07-02T17:37:07.709177","level":"info","event":"Filling up the DagBag from /opt/airflow/dags/dags_intro.py","logger":"airflow.models.dagbag.DagBag"}
{"timestamp":"2025-07-02T17:37:38.176531","level":"info","event":"Filling up the DagBag from /opt/airflow/dags/dags_intro.py","logger":"airflow.models.dagbag.DagBag"}
{"timestamp":"2025-07-02T17:38:08.612192","level":"info","event":"Filling up the DagBag from /opt/airflow/dags/dags_intro.py","logger":"airflow.models.dagbag.DagBag"}
{"timestamp":"2025-07-02T17:38:39.051854","level":"info","event":"Filling up the DagBag from /opt/airflow/dags/dags_intro.py","logger":"airflow.models.dagbag.DagBag"}
{"timestamp":"2025-07-02T17:39:09.503809","level":"info","event":"Filling up the DagBag from /opt/airflow/dags/dags_intro.py","logger":"airflow.models.dagbag.DagBag"}
{"timestamp":"2025-07-02T17:39:40.008356","level":"info","event":"Filling up the DagBag from /opt/airflow/dags/dags_intro.py","logger":"airflow.models.dagbag.DagBag"}
{"timestamp":"2025-07-02T17:40:10.574799","level":"info","event":"Filling up the DagBag from /opt/airflow/dags/dags_intro.py","logger":"airflow.models.dagbag.DagBag"}
{"timestamp":"2025-07-02T17:40:34.103832","level":"info","event":"Filling up the DagBag from /opt/airflow/dags/dags_intro.py","logger":"airflow.models.dagbag.DagBag"}
{"timestamp":"2025-07-02T17:40:34.110027","level":"info","event":"File /opt/airflow/dags/dags_intro.py assumed to contain no DAGs. Skipping.","logger":"airflow.models.dagbag.DagBag"}
{"timestamp":"2025-07-02T17:40:37.215146","level":"info","event":"Filling up the DagBag from /opt/airflow/dags/dags_intro.py","logger":"airflow.models.dagbag.DagBag"}
{"timestamp":"2025-07-02T17:40:37.220706","level":"info","event":"File /opt/airflow/dags/dags_intro.py assumed to contain no DAGs. Skipping.","logger":"airflow.models.dagbag.DagBag"}
{"timestamp":"2025-07-02T17:40:41.323678","level":"info","event":"Filling up the DagBag from /opt/airflow/dags/dags_intro.py","logger":"airflow.models.dagbag.DagBag"}
{"timestamp":"2025-07-02T17:40:41.337630","level":"info","event":"File /opt/airflow/dags/dags_intro.py assumed to contain no DAGs. Skipping.","logger":"airflow.models.dagbag.DagBag"}
{"timestamp":"2025-07-02T17:40:44.533216","level":"info","event":"Filling up the DagBag from /opt/airflow/dags/dags_intro.py","logger":"airflow.models.dagbag.DagBag"}
{"timestamp":"2025-07-02T17:40:44.544933","level":"info","event":"File /opt/airflow/dags/dags_intro.py assumed to contain no DAGs. Skipping.","logger":"airflow.models.dagbag.DagBag"}
{"timestamp":"2025-07-02T17:40:49.670967","level":"info","event":"Filling up the DagBag from /opt/airflow/dags/dags_intro.py","logger":"airflow.models.dagbag.DagBag"}
{"timestamp":"2025-07-02T17:40:49.684491","level":"info","event":"File /opt/airflow/dags/dags_intro.py assumed to contain no DAGs. Skipping.","logger":"airflow.models.dagbag.DagBag"}
{"timestamp":"2025-07-02T17:40:58.838705","level":"info","event":"Filling up the DagBag from /opt/airflow/dags/dags_intro.py","logger":"airflow.models.dagbag.DagBag"}
{"timestamp":"2025-07-02T17:40:58.856958","level":"info","event":"File /opt/airflow/dags/dags_intro.py assumed to contain no DAGs. Skipping.","logger":"airflow.models.dagbag.DagBag"}
{"timestamp":"2025-07-02T17:41:03.971963","level":"info","event":"Filling up the DagBag from /opt/airflow/dags/dags_intro.py","logger":"airflow.models.dagbag.DagBag"}
{"timestamp":"2025-07-02T17:41:05.119182","level":"info","event":"Filling up the DagBag from /opt/airflow/dags/dags_intro.py","logger":"airflow.models.dagbag.DagBag"}
{"timestamp":"2025-07-02T17:41:07.237953","level":"info","event":"Filling up the DagBag from /opt/airflow/dags/dags_intro.py","logger":"airflow.models.dagbag.DagBag"}
{"timestamp":"2025-07-02T17:41:07.258440","level":"error","event":"Failed to import: /opt/airflow/dags/dags_intro.py","logger":"airflow.models.dagbag.DagBag","error_detail":[{"exc_type":"SyntaxError","exc_value":"invalid syntax (dags_intro.py, line 4)","exc_notes":[],"syntax_error":{"offset":2,"filename":"/opt/airflow/dags/dags_intro.py","line":"@","lineno":4,"msg":"invalid syntax"},"is_cause":false,"frames":[{"filename":"/home/airflow/.local/lib/python3.12/site-packages/airflow/models/dagbag.py","lineno":394,"name":"parse"},{"filename":"<frozen importlib._bootstrap_external>","lineno":995,"name":"exec_module"},{"filename":"<frozen importlib._bootstrap_external>","lineno":1133,"name":"get_code"},{"filename":"<frozen importlib._bootstrap_external>","lineno":1063,"name":"source_to_code"},{"filename":"<frozen importlib._bootstrap>","lineno":488,"name":"_call_with_frames_removed"}],"is_group":false,"exceptions":[]}]}
{"timestamp":"2025-07-02T17:41:09.375269","level":"info","event":"Filling up the DagBag from /opt/airflow/dags/dags_intro.py","logger":"airflow.models.dagbag.DagBag"}
{"timestamp":"2025-07-02T17:41:09.406044","level":"error","event":"Failed to import: /opt/airflow/dags/dags_intro.py","logger":"airflow.models.dagbag.DagBag","error_detail":[{"exc_type":"SyntaxError","exc_value":"invalid syntax (dags_intro.py, line 4)","exc_notes":[],"syntax_error":{"offset":0,"filename":"/opt/airflow/dags/dags_intro.py","line":"@dag","lineno":4,"msg":"invalid syntax"},"is_cause":false,"frames":[{"filename":"/home/airflow/.local/lib/python3.12/site-packages/airflow/models/dagbag.py","lineno":394,"name":"parse"},{"filename":"<frozen importlib._bootstrap_external>","lineno":995,"name":"exec_module"},{"filename":"<frozen importlib._bootstrap_external>","lineno":1133,"name":"get_code"},{"filename":"<frozen importlib._bootstrap_external>","lineno":1063,"name":"source_to_code"},{"filename":"<frozen importlib._bootstrap>","lineno":488,"name":"_call_with_frames_removed"}],"is_group":false,"exceptions":[]}]}
{"timestamp":"2025-07-02T17:41:11.502587","level":"info","event":"Filling up the DagBag from /opt/airflow/dags/dags_intro.py","logger":"airflow.models.dagbag.DagBag"}
{"timestamp":"2025-07-02T17:41:11.527594","level":"error","event":"Failed to import: /opt/airflow/dags/dags_intro.py","logger":"airflow.models.dagbag.DagBag","error_detail":[{"exc_type":"SyntaxError","exc_value":"invalid syntax (dags_intro.py, line 4)","exc_notes":[],"syntax_error":{"offset":0,"filename":"/opt/airflow/dags/dags_intro.py","line":"@dag()","lineno":4,"msg":"invalid syntax"},"is_cause":false,"frames":[{"filename":"/home/airflow/.local/lib/python3.12/site-packages/airflow/models/dagbag.py","lineno":394,"name":"parse"},{"filename":"<frozen importlib._bootstrap_external>","lineno":995,"name":"exec_module"},{"filename":"<frozen importlib._bootstrap_external>","lineno":1133,"name":"get_code"},{"filename":"<frozen importlib._bootstrap_external>","lineno":1063,"name":"source_to_code"},{"filename":"<frozen importlib._bootstrap>","lineno":488,"name":"_call_with_frames_removed"}],"is_group":false,"exceptions":[]}]}
{"timestamp":"2025-07-02T17:41:28.841977","level":"info","event":"Filling up the DagBag from /opt/airflow/dags/dags_intro.py","logger":"airflow.models.dagbag.DagBag"}
{"timestamp":"2025-07-02T17:41:28.854807","level":"error","event":"Failed to import: /opt/airflow/dags/dags_intro.py","logger":"airflow.models.dagbag.DagBag","error_detail":[{"exc_type":"SyntaxError","exc_value":"invalid syntax (dags_intro.py, line 4)","exc_notes":[],"syntax_error":{"offset":0,"filename":"/opt/airflow/dags/dags_intro.py","line":"@dag","lineno":4,"msg":"invalid syntax"},"is_cause":false,"frames":[{"filename":"/home/airflow/.local/lib/python3.12/site-packages/airflow/models/dagbag.py","lineno":394,"name":"parse"},{"filename":"<frozen importlib._bootstrap_external>","lineno":995,"name":"exec_module"},{"filename":"<frozen importlib._bootstrap_external>","lineno":1133,"name":"get_code"},{"filename":"<frozen importlib._bootstrap_external>","lineno":1063,"name":"source_to_code"},{"filename":"<frozen importlib._bootstrap>","lineno":488,"name":"_call_with_frames_removed"}],"is_group":false,"exceptions":[]}]}
{"timestamp":"2025-07-02T17:41:33.973279","level":"info","event":"Filling up the DagBag from /opt/airflow/dags/dags_intro.py","logger":"airflow.models.dagbag.DagBag"}
{"timestamp":"2025-07-02T17:41:33.995357","level":"error","event":"Failed to import: /opt/airflow/dags/dags_intro.py","logger":"airflow.models.dagbag.DagBag","error_detail":[{"exc_type":"SyntaxError","exc_value":"invalid syntax (dags_intro.py, line 4)","exc_notes":[],"syntax_error":{"offset":0,"filename":"/opt/airflow/dags/dags_intro.py","line":"@dag\n","lineno":4,"msg":"invalid syntax"},"is_cause":false,"frames":[{"filename":"/home/airflow/.local/lib/python3.12/site-packages/airflow/models/dagbag.py","lineno":394,"name":"parse"},{"filename":"<frozen importlib._bootstrap_external>","lineno":995,"name":"exec_module"},{"filename":"<frozen importlib._bootstrap_external>","lineno":1133,"name":"get_code"},{"filename":"<frozen importlib._bootstrap_external>","lineno":1063,"name":"source_to_code"},{"filename":"<frozen importlib._bootstrap>","lineno":488,"name":"_call_with_frames_removed"}],"is_group":false,"exceptions":[]}]}
{"timestamp":"2025-07-02T17:41:58.392960","level":"info","event":"Filling up the DagBag from /opt/airflow/dags/dags_intro.py","logger":"airflow.models.dagbag.DagBag"}
{"timestamp":"2025-07-02T17:41:58.413064","level":"error","event":"Failed to import: /opt/airflow/dags/dags_intro.py","logger":"airflow.models.dagbag.DagBag","error_detail":[{"exc_type":"SyntaxError","exc_value":"expected '(' (dags_intro.py, line 5)","exc_notes":[],"syntax_error":{"offset":20,"filename":"/opt/airflow/dags/dags_intro.py","line":"def user_processing","lineno":5,"msg":"expected '('"},"is_cause":false,"frames":[{"filename":"/home/airflow/.local/lib/python3.12/site-packages/airflow/models/dagbag.py","lineno":394,"name":"parse"},{"filename":"<frozen importlib._bootstrap_external>","lineno":995,"name":"exec_module"},{"filename":"<frozen importlib._bootstrap_external>","lineno":1133,"name":"get_code"},{"filename":"<frozen importlib._bootstrap_external>","lineno":1063,"name":"source_to_code"},{"filename":"<frozen importlib._bootstrap>","lineno":488,"name":"_call_with_frames_removed"}],"is_group":false,"exceptions":[]}]}
{"timestamp":"2025-07-02T17:42:00.501465","level":"info","event":"Filling up the DagBag from /opt/airflow/dags/dags_intro.py","logger":"airflow.models.dagbag.DagBag"}
{"timestamp":"2025-07-02T17:42:00.522524","level":"error","event":"Failed to import: /opt/airflow/dags/dags_intro.py","logger":"airflow.models.dagbag.DagBag","error_detail":[{"exc_type":"SyntaxError","exc_value":"expected ':' (dags_intro.py, line 5)","exc_notes":[],"syntax_error":{"offset":22,"filename":"/opt/airflow/dags/dags_intro.py","line":"def user_processing()","lineno":5,"msg":"expected ':'"},"is_cause":false,"frames":[{"filename":"/home/airflow/.local/lib/python3.12/site-packages/airflow/models/dagbag.py","lineno":394,"name":"parse"},{"filename":"<frozen importlib._bootstrap_external>","lineno":995,"name":"exec_module"},{"filename":"<frozen importlib._bootstrap_external>","lineno":1133,"name":"get_code"},{"filename":"<frozen importlib._bootstrap_external>","lineno":1063,"name":"source_to_code"},{"filename":"<frozen importlib._bootstrap>","lineno":488,"name":"_call_with_frames_removed"}],"is_group":false,"exceptions":[]}]}
{"timestamp":"2025-07-02T17:42:02.610275","level":"info","event":"Filling up the DagBag from /opt/airflow/dags/dags_intro.py","logger":"airflow.models.dagbag.DagBag"}
{"timestamp":"2025-07-02T17:42:02.629362","level":"error","event":"Failed to import: /opt/airflow/dags/dags_intro.py","logger":"airflow.models.dagbag.DagBag","error_detail":[{"exc_type":"IndentationError","exc_value":"expected an indented block after function definition on line 5 (dags_intro.py, line 5)","exc_notes":[],"syntax_error":{"offset":23,"filename":"/opt/airflow/dags/dags_intro.py","line":"def user_processing():","lineno":5,"msg":"expected an indented block after function definition on line 5"},"is_cause":false,"frames":[{"filename":"/home/airflow/.local/lib/python3.12/site-packages/airflow/models/dagbag.py","lineno":394,"name":"parse"},{"filename":"<frozen importlib._bootstrap_external>","lineno":995,"name":"exec_module"},{"filename":"<frozen importlib._bootstrap_external>","lineno":1133,"name":"get_code"},{"filename":"<frozen importlib._bootstrap_external>","lineno":1063,"name":"source_to_code"},{"filename":"<frozen importlib._bootstrap>","lineno":488,"name":"_call_with_frames_removed"}],"is_group":false,"exceptions":[]}]}
{"timestamp":"2025-07-02T17:42:06.734733","level":"info","event":"Filling up the DagBag from /opt/airflow/dags/dags_intro.py","logger":"airflow.models.dagbag.DagBag"}
{"timestamp":"2025-07-02T17:42:06.761688","level":"error","event":"Failed to import: /opt/airflow/dags/dags_intro.py","logger":"airflow.models.dagbag.DagBag","error_detail":[{"exc_type":"IndentationError","exc_value":"expected an indented block after function definition on line 5 (dags_intro.py, line 6)","exc_notes":[],"syntax_error":{"offset":5,"filename":"/opt/airflow/dags/dags_intro.py","line":"    ","lineno":6,"msg":"expected an indented block after function definition on line 5"},"is_cause":false,"frames":[{"filename":"/home/airflow/.local/lib/python3.12/site-packages/airflow/models/dagbag.py","lineno":394,"name":"parse"},{"filename":"<frozen importlib._bootstrap_external>","lineno":995,"name":"exec_module"},{"filename":"<frozen importlib._bootstrap_external>","lineno":1133,"name":"get_code"},{"filename":"<frozen importlib._bootstrap_external>","lineno":1063,"name":"source_to_code"},{"filename":"<frozen importlib._bootstrap>","lineno":488,"name":"_call_with_frames_removed"}],"is_group":false,"exceptions":[]}]}
{"timestamp":"2025-07-02T17:42:37.266655","level":"info","event":"Filling up the DagBag from /opt/airflow/dags/dags_intro.py","logger":"airflow.models.dagbag.DagBag"}
{"timestamp":"2025-07-02T17:42:37.282666","level":"error","event":"Failed to import: /opt/airflow/dags/dags_intro.py","logger":"airflow.models.dagbag.DagBag","error_detail":[{"exc_type":"IndentationError","exc_value":"expected an indented block after function definition on line 5 (dags_intro.py, line 6)","exc_notes":[],"syntax_error":{"offset":5,"filename":"/opt/airflow/dags/dags_intro.py","line":"    ","lineno":6,"msg":"expected an indented block after function definition on line 5"},"is_cause":false,"frames":[{"filename":"/home/airflow/.local/lib/python3.12/site-packages/airflow/models/dagbag.py","lineno":394,"name":"parse"},{"filename":"<frozen importlib._bootstrap_external>","lineno":995,"name":"exec_module"},{"filename":"<frozen importlib._bootstrap_external>","lineno":1133,"name":"get_code"},{"filename":"<frozen importlib._bootstrap_external>","lineno":1063,"name":"source_to_code"},{"filename":"<frozen importlib._bootstrap>","lineno":488,"name":"_call_with_frames_removed"}],"is_group":false,"exceptions":[]}]}
{"timestamp":"2025-07-02T17:42:45.538293","level":"info","event":"Filling up the DagBag from /opt/airflow/dags/dags_intro.py","logger":"airflow.models.dagbag.DagBag"}
{"timestamp":"2025-07-02T17:42:47.644751","level":"info","event":"Filling up the DagBag from /opt/airflow/dags/dags_intro.py","logger":"airflow.models.dagbag.DagBag"}
{"timestamp":"2025-07-02T17:43:18.114516","level":"info","event":"Filling up the DagBag from /opt/airflow/dags/dags_intro.py","logger":"airflow.models.dagbag.DagBag"}
{"timestamp":"2025-07-02T17:43:48.564691","level":"info","event":"Filling up the DagBag from /opt/airflow/dags/dags_intro.py","logger":"airflow.models.dagbag.DagBag"}
{"timestamp":"2025-07-02T17:44:19.077820","level":"info","event":"Filling up the DagBag from /opt/airflow/dags/dags_intro.py","logger":"airflow.models.dagbag.DagBag"}
{"timestamp":"2025-07-02T17:44:49.667552","level":"info","event":"Filling up the DagBag from /opt/airflow/dags/dags_intro.py","logger":"airflow.models.dagbag.DagBag"}
{"timestamp":"2025-07-02T17:45:20.140284","level":"info","event":"Filling up the DagBag from /opt/airflow/dags/dags_intro.py","logger":"airflow.models.dagbag.DagBag"}
{"timestamp":"2025-07-02T17:45:50.566693","level":"info","event":"Filling up the DagBag from /opt/airflow/dags/dags_intro.py","logger":"airflow.models.dagbag.DagBag"}
{"timestamp":"2025-07-02T17:46:21.025246","level":"info","event":"Filling up the DagBag from /opt/airflow/dags/dags_intro.py","logger":"airflow.models.dagbag.DagBag"}
{"timestamp":"2025-07-02T17:46:51.539031","level":"info","event":"Filling up the DagBag from /opt/airflow/dags/dags_intro.py","logger":"airflow.models.dagbag.DagBag"}
{"timestamp":"2025-07-02T17:47:21.982699","level":"info","event":"Filling up the DagBag from /opt/airflow/dags/dags_intro.py","logger":"airflow.models.dagbag.DagBag"}
{"timestamp":"2025-07-02T17:47:52.424052","level":"info","event":"Filling up the DagBag from /opt/airflow/dags/dags_intro.py","logger":"airflow.models.dagbag.DagBag"}
{"timestamp":"2025-07-02T17:48:22.883540","level":"info","event":"Filling up the DagBag from /opt/airflow/dags/dags_intro.py","logger":"airflow.models.dagbag.DagBag"}
{"timestamp":"2025-07-02T17:48:53.334571","level":"info","event":"Filling up the DagBag from /opt/airflow/dags/dags_intro.py","logger":"airflow.models.dagbag.DagBag"}
{"timestamp":"2025-07-02T17:49:23.781222","level":"info","event":"Filling up the DagBag from /opt/airflow/dags/dags_intro.py","logger":"airflow.models.dagbag.DagBag"}
{"timestamp":"2025-07-02T17:49:54.253532","level":"info","event":"Filling up the DagBag from /opt/airflow/dags/dags_intro.py","logger":"airflow.models.dagbag.DagBag"}
{"timestamp":"2025-07-02T17:50:24.707102","level":"info","event":"Filling up the DagBag from /opt/airflow/dags/dags_intro.py","logger":"airflow.models.dagbag.DagBag"}
{"timestamp":"2025-07-02T17:50:55.157722","level":"info","event":"Filling up the DagBag from /opt/airflow/dags/dags_intro.py","logger":"airflow.models.dagbag.DagBag"}
{"timestamp":"2025-07-02T17:51:02.300414","level":"info","event":"Filling up the DagBag from /opt/airflow/dags/dags_intro.py","logger":"airflow.models.dagbag.DagBag"}
{"timestamp":"2025-07-02T17:51:02.323241","level":"error","event":"Failed to import: /opt/airflow/dags/dags_intro.py","logger":"airflow.models.dagbag.DagBag","error_detail":[{"exc_type":"SyntaxError","exc_value":"invalid syntax (dags_intro.py, line 2)","exc_notes":[],"syntax_error":{"offset":13,"filename":"/opt/airflow/dags/dags_intro.py","line":"from airflow\n","lineno":2,"msg":"invalid syntax"},"is_cause":false,"frames":[{"filename":"/home/airflow/.local/lib/python3.12/site-packages/airflow/models/dagbag.py","lineno":394,"name":"parse"},{"filename":"<frozen importlib._bootstrap_external>","lineno":995,"name":"exec_module"},{"filename":"<frozen importlib._bootstrap_external>","lineno":1133,"name":"get_code"},{"filename":"<frozen importlib._bootstrap_external>","lineno":1063,"name":"source_to_code"},{"filename":"<frozen importlib._bootstrap>","lineno":488,"name":"_call_with_frames_removed"}],"is_group":false,"exceptions":[]}]}
{"timestamp":"2025-07-02T17:51:06.425424","level":"info","event":"Filling up the DagBag from /opt/airflow/dags/dags_intro.py","logger":"airflow.models.dagbag.DagBag"}
{"timestamp":"2025-07-02T17:51:06.463081","level":"error","event":"Failed to import: /opt/airflow/dags/dags_intro.py","logger":"airflow.models.dagbag.DagBag","error_detail":[{"exc_type":"SyntaxError","exc_value":"invalid syntax (dags_intro.py, line 2)","exc_notes":[],"syntax_error":{"offset":23,"filename":"/opt/airflow/dags/dags_intro.py","line":"from airflow.providers\n","lineno":2,"msg":"invalid syntax"},"is_cause":false,"frames":[{"filename":"/home/airflow/.local/lib/python3.12/site-packages/airflow/models/dagbag.py","lineno":394,"name":"parse"},{"filename":"<frozen importlib._bootstrap_external>","lineno":995,"name":"exec_module"},{"filename":"<frozen importlib._bootstrap_external>","lineno":1133,"name":"get_code"},{"filename":"<frozen importlib._bootstrap_external>","lineno":1063,"name":"source_to_code"},{"filename":"<frozen importlib._bootstrap>","lineno":488,"name":"_call_with_frames_removed"}],"is_group":false,"exceptions":[]}]}
{"timestamp":"2025-07-02T17:51:09.563251","level":"info","event":"Filling up the DagBag from /opt/airflow/dags/dags_intro.py","logger":"airflow.models.dagbag.DagBag"}
{"timestamp":"2025-07-02T17:51:09.583572","level":"error","event":"Failed to import: /opt/airflow/dags/dags_intro.py","logger":"airflow.models.dagbag.DagBag","error_detail":[{"exc_type":"SyntaxError","exc_value":"invalid syntax (dags_intro.py, line 2)","exc_notes":[],"syntax_error":{"offset":28,"filename":"/opt/airflow/dags/dags_intro.py","line":"from airflow.providers.comm\n","lineno":2,"msg":"invalid syntax"},"is_cause":false,"frames":[{"filename":"/home/airflow/.local/lib/python3.12/site-packages/airflow/models/dagbag.py","lineno":394,"name":"parse"},{"filename":"<frozen importlib._bootstrap_external>","lineno":995,"name":"exec_module"},{"filename":"<frozen importlib._bootstrap_external>","lineno":1133,"name":"get_code"},{"filename":"<frozen importlib._bootstrap_external>","lineno":1063,"name":"source_to_code"},{"filename":"<frozen importlib._bootstrap>","lineno":488,"name":"_call_with_frames_removed"}],"is_group":false,"exceptions":[]}]}
{"timestamp":"2025-07-02T17:51:10.660476","level":"info","event":"Filling up the DagBag from /opt/airflow/dags/dags_intro.py","logger":"airflow.models.dagbag.DagBag"}
{"timestamp":"2025-07-02T17:51:10.683657","level":"error","event":"Failed to import: /opt/airflow/dags/dags_intro.py","logger":"airflow.models.dagbag.DagBag","error_detail":[{"exc_type":"SyntaxError","exc_value":"invalid syntax (dags_intro.py, line 2)","exc_notes":[],"syntax_error":{"offset":30,"filename":"/opt/airflow/dags/dags_intro.py","line":"from airflow.providers.common\n","lineno":2,"msg":"invalid syntax"},"is_cause":false,"frames":[{"filename":"/home/airflow/.local/lib/python3.12/site-packages/airflow/models/dagbag.py","lineno":394,"name":"parse"},{"filename":"<frozen importlib._bootstrap_external>","lineno":995,"name":"exec_module"},{"filename":"<frozen importlib._bootstrap_external>","lineno":1133,"name":"get_code"},{"filename":"<frozen importlib._bootstrap_external>","lineno":1063,"name":"source_to_code"},{"filename":"<frozen importlib._bootstrap>","lineno":488,"name":"_call_with_frames_removed"}],"is_group":false,"exceptions":[]}]}
{"timestamp":"2025-07-02T17:51:11.807711","level":"info","event":"Filling up the DagBag from /opt/airflow/dags/dags_intro.py","logger":"airflow.models.dagbag.DagBag"}
{"timestamp":"2025-07-02T17:51:11.831463","level":"error","event":"Failed to import: /opt/airflow/dags/dags_intro.py","logger":"airflow.models.dagbag.DagBag","error_detail":[{"exc_type":"SyntaxError","exc_value":"invalid syntax (dags_intro.py, line 2)","exc_notes":[],"syntax_error":{"offset":31,"filename":"/opt/airflow/dags/dags_intro.py","line":"from airflow.providers.common.\n","lineno":2,"msg":"invalid syntax"},"is_cause":false,"frames":[{"filename":"/home/airflow/.local/lib/python3.12/site-packages/airflow/models/dagbag.py","lineno":394,"name":"parse"},{"filename":"<frozen importlib._bootstrap_external>","lineno":995,"name":"exec_module"},{"filename":"<frozen importlib._bootstrap_external>","lineno":1133,"name":"get_code"},{"filename":"<frozen importlib._bootstrap_external>","lineno":1063,"name":"source_to_code"},{"filename":"<frozen importlib._bootstrap>","lineno":488,"name":"_call_with_frames_removed"}],"is_group":false,"exceptions":[]}]}
{"timestamp":"2025-07-02T17:51:16.942988","level":"info","event":"Filling up the DagBag from /opt/airflow/dags/dags_intro.py","logger":"airflow.models.dagbag.DagBag"}
{"timestamp":"2025-07-02T17:51:16.968547","level":"error","event":"Failed to import: /opt/airflow/dags/dags_intro.py","logger":"airflow.models.dagbag.DagBag","error_detail":[{"exc_type":"SyntaxError","exc_value":"invalid syntax (dags_intro.py, line 2)","exc_notes":[],"syntax_error":{"offset":44,"filename":"/opt/airflow/dags/dags_intro.py","line":"from airflow.providers.common.sql.operators\n","lineno":2,"msg":"invalid syntax"},"is_cause":false,"frames":[{"filename":"/home/airflow/.local/lib/python3.12/site-packages/airflow/models/dagbag.py","lineno":394,"name":"parse"},{"filename":"<frozen importlib._bootstrap_external>","lineno":995,"name":"exec_module"},{"filename":"<frozen importlib._bootstrap_external>","lineno":1133,"name":"get_code"},{"filename":"<frozen importlib._bootstrap_external>","lineno":1063,"name":"source_to_code"},{"filename":"<frozen importlib._bootstrap>","lineno":488,"name":"_call_with_frames_removed"}],"is_group":false,"exceptions":[]}]}
{"timestamp":"2025-07-02T17:51:19.051671","level":"info","event":"Filling up the DagBag from /opt/airflow/dags/dags_intro.py","logger":"airflow.models.dagbag.DagBag"}
{"timestamp":"2025-07-02T17:51:19.080036","level":"error","event":"Failed to import: /opt/airflow/dags/dags_intro.py","logger":"airflow.models.dagbag.DagBag","error_detail":[{"exc_type":"SyntaxError","exc_value":"invalid syntax (dags_intro.py, line 2)","exc_notes":[],"syntax_error":{"offset":48,"filename":"/opt/airflow/dags/dags_intro.py","line":"from airflow.providers.common.sql.operators.sql\n","lineno":2,"msg":"invalid syntax"},"is_cause":false,"frames":[{"filename":"/home/airflow/.local/lib/python3.12/site-packages/airflow/models/dagbag.py","lineno":394,"name":"parse"},{"filename":"<frozen importlib._bootstrap_external>","lineno":995,"name":"exec_module"},{"filename":"<frozen importlib._bootstrap_external>","lineno":1133,"name":"get_code"},{"filename":"<frozen importlib._bootstrap_external>","lineno":1063,"name":"source_to_code"},{"filename":"<frozen importlib._bootstrap>","lineno":488,"name":"_call_with_frames_removed"}],"is_group":false,"exceptions":[]}]}
{"timestamp":"2025-07-02T17:51:22.199242","level":"info","event":"Filling up the DagBag from /opt/airflow/dags/dags_intro.py","logger":"airflow.models.dagbag.DagBag"}
{"timestamp":"2025-07-02T17:51:22.221067","level":"error","event":"Failed to import: /opt/airflow/dags/dags_intro.py","logger":"airflow.models.dagbag.DagBag","error_detail":[{"exc_type":"SyntaxError","exc_value":"invalid syntax (dags_intro.py, line 2)","exc_notes":[],"syntax_error":{"offset":56,"filename":"/opt/airflow/dags/dags_intro.py","line":"from airflow.providers.common.sql.operators.sql import \n","lineno":2,"msg":"invalid syntax"},"is_cause":false,"frames":[{"filename":"/home/airflow/.local/lib/python3.12/site-packages/airflow/models/dagbag.py","lineno":394,"name":"parse"},{"filename":"<frozen importlib._bootstrap_external>","lineno":995,"name":"exec_module"},{"filename":"<frozen importlib._bootstrap_external>","lineno":1133,"name":"get_code"},{"filename":"<frozen importlib._bootstrap_external>","lineno":1063,"name":"source_to_code"},{"filename":"<frozen importlib._bootstrap>","lineno":488,"name":"_call_with_frames_removed"}],"is_group":false,"exceptions":[]}]}
{"timestamp":"2025-07-02T17:51:32.408918","level":"info","event":"Filling up the DagBag from /opt/airflow/dags/dags_intro.py","logger":"airflow.models.dagbag.DagBag"}
{"timestamp":"2025-07-02T17:51:32.450257","level":"error","event":"Failed to import: /opt/airflow/dags/dags_intro.py","logger":"airflow.models.dagbag.DagBag","error_detail":[{"exc_type":"ImportError","exc_value":"cannot import name 'sql' from 'airflow.providers.common.sql.operators.sql' (/home/airflow/.local/lib/python3.12/site-packages/airflow/providers/common/sql/operators/sql.py)","exc_notes":[],"syntax_error":null,"is_cause":false,"frames":[{"filename":"/home/airflow/.local/lib/python3.12/site-packages/airflow/models/dagbag.py","lineno":394,"name":"parse"},{"filename":"<frozen importlib._bootstrap_external>","lineno":999,"name":"exec_module"},{"filename":"<frozen importlib._bootstrap>","lineno":488,"name":"_call_with_frames_removed"},{"filename":"/opt/airflow/dags/dags_intro.py","lineno":2,"name":"<module>"}],"is_group":false,"exceptions":[]}]}
{"timestamp":"2025-07-02T17:51:39.586202","level":"info","event":"Filling up the DagBag from /opt/airflow/dags/dags_intro.py","logger":"airflow.models.dagbag.DagBag"}
{"timestamp":"2025-07-02T17:51:41.718110","level":"info","event":"Filling up the DagBag from /opt/airflow/dags/dags_intro.py","logger":"airflow.models.dagbag.DagBag"}
{"timestamp":"2025-07-02T17:52:03.129058","level":"info","event":"Filling up the DagBag from /opt/airflow/dags/dags_intro.py","logger":"airflow.models.dagbag.DagBag"}
{"timestamp":"2025-07-02T17:52:03.169428","level":"error","event":"Failed to import: /opt/airflow/dags/dags_intro.py","logger":"airflow.models.dagbag.DagBag","error_detail":[{"exc_type":"NameError","exc_value":"name 'create_table' is not defined","exc_notes":[],"syntax_error":null,"is_cause":false,"frames":[{"filename":"/home/airflow/.local/lib/python3.12/site-packages/airflow/models/dagbag.py","lineno":394,"name":"parse"},{"filename":"<frozen importlib._bootstrap_external>","lineno":999,"name":"exec_module"},{"filename":"<frozen importlib._bootstrap>","lineno":488,"name":"_call_with_frames_removed"},{"filename":"/opt/airflow/dags/dags_intro.py","lineno":10,"name":"<module>"},{"filename":"/home/airflow/.local/lib/python3.12/site-packages/airflow/sdk/definitions/dag.py","lineno":1417,"name":"factory"},{"filename":"/opt/airflow/dags/dags_intro.py","lineno":7,"name":"user_processing"}],"is_group":false,"exceptions":[]}]}
{"timestamp":"2025-07-02T17:52:06.278286","level":"info","event":"Filling up the DagBag from /opt/airflow/dags/dags_intro.py","logger":"airflow.models.dagbag.DagBag"}
{"timestamp":"2025-07-02T17:52:06.305130","level":"error","event":"Failed to import: /opt/airflow/dags/dags_intro.py","logger":"airflow.models.dagbag.DagBag","error_detail":[{"exc_type":"SyntaxError","exc_value":"invalid syntax (dags_intro.py, line 7)","exc_notes":[],"syntax_error":{"offset":18,"filename":"/opt/airflow/dags/dags_intro.py","line":"    create_table=\n","lineno":7,"msg":"invalid syntax"},"is_cause":false,"frames":[{"filename":"/home/airflow/.local/lib/python3.12/site-packages/airflow/models/dagbag.py","lineno":394,"name":"parse"},{"filename":"<frozen importlib._bootstrap_external>","lineno":995,"name":"exec_module"},{"filename":"<frozen importlib._bootstrap_external>","lineno":1133,"name":"get_code"},{"filename":"<frozen importlib._bootstrap_external>","lineno":1063,"name":"source_to_code"},{"filename":"<frozen importlib._bootstrap>","lineno":488,"name":"_call_with_frames_removed"}],"is_group":false,"exceptions":[]}]}
{"timestamp":"2025-07-02T17:52:10.408939","level":"info","event":"Filling up the DagBag from /opt/airflow/dags/dags_intro.py","logger":"airflow.models.dagbag.DagBag"}
{"timestamp":"2025-07-02T17:52:13.539117","level":"info","event":"Filling up the DagBag from /opt/airflow/dags/dags_intro.py","logger":"airflow.models.dagbag.DagBag"}
{"timestamp":"2025-07-02T17:52:16.682134","level":"info","event":"Filling up the DagBag from /opt/airflow/dags/dags_intro.py","logger":"airflow.models.dagbag.DagBag"}
{"timestamp":"2025-07-02T17:52:31.016045","level":"info","event":"Filling up the DagBag from /opt/airflow/dags/dags_intro.py","logger":"airflow.models.dagbag.DagBag"}
{"timestamp":"2025-07-02T17:52:32.134778","level":"info","event":"Filling up the DagBag from /opt/airflow/dags/dags_intro.py","logger":"airflow.models.dagbag.DagBag"}
{"timestamp":"2025-07-02T17:52:32.175956","level":"error","event":"Failed to import: /opt/airflow/dags/dags_intro.py","logger":"airflow.models.dagbag.DagBag","error_detail":[{"exc_type":"TypeError","exc_value":"missing keyword argument 'sql'","exc_notes":[],"syntax_error":null,"is_cause":false,"frames":[{"filename":"/home/airflow/.local/lib/python3.12/site-packages/airflow/models/dagbag.py","lineno":394,"name":"parse"},{"filename":"<frozen importlib._bootstrap_external>","lineno":999,"name":"exec_module"},{"filename":"<frozen importlib._bootstrap>","lineno":488,"name":"_call_with_frames_removed"},{"filename":"/opt/airflow/dags/dags_intro.py","lineno":10,"name":"<module>"},{"filename":"/home/airflow/.local/lib/python3.12/site-packages/airflow/sdk/definitions/dag.py","lineno":1417,"name":"factory"},{"filename":"/opt/airflow/dags/dags_intro.py","lineno":7,"name":"user_processing"},{"filename":"/home/airflow/.local/lib/python3.12/site-packages/airflow/sdk/bases/operator.py","lineno":485,"name":"apply_defaults"}],"is_group":false,"exceptions":[]}]}
{"timestamp":"2025-07-02T17:52:34.268992","level":"info","event":"Filling up the DagBag from /opt/airflow/dags/dags_intro.py","logger":"airflow.models.dagbag.DagBag"}
{"timestamp":"2025-07-02T17:52:34.306348","level":"error","event":"Failed to import: /opt/airflow/dags/dags_intro.py","logger":"airflow.models.dagbag.DagBag","error_detail":[{"exc_type":"NameError","exc_value":"name 'task' is not defined","exc_notes":[],"syntax_error":null,"is_cause":false,"frames":[{"filename":"/home/airflow/.local/lib/python3.12/site-packages/airflow/models/dagbag.py","lineno":394,"name":"parse"},{"filename":"<frozen importlib._bootstrap_external>","lineno":999,"name":"exec_module"},{"filename":"<frozen importlib._bootstrap>","lineno":488,"name":"_call_with_frames_removed"},{"filename":"/opt/airflow/dags/dags_intro.py","lineno":12,"name":"<module>"},{"filename":"/home/airflow/.local/lib/python3.12/site-packages/airflow/sdk/definitions/dag.py","lineno":1417,"name":"factory"},{"filename":"/opt/airflow/dags/dags_intro.py","lineno":8,"name":"user_processing"}],"is_group":false,"exceptions":[]}]}
{"timestamp":"2025-07-02T17:52:37.402755","level":"info","event":"Filling up the DagBag from /opt/airflow/dags/dags_intro.py","logger":"airflow.models.dagbag.DagBag"}
{"timestamp":"2025-07-02T17:52:37.452211","level":"error","event":"Failed to import: /opt/airflow/dags/dags_intro.py","logger":"airflow.models.dagbag.DagBag","error_detail":[{"exc_type":"NameError","exc_value":"name 'task_id' is not defined","exc_notes":[],"syntax_error":null,"is_cause":false,"frames":[{"filename":"/home/airflow/.local/lib/python3.12/site-packages/airflow/models/dagbag.py","lineno":394,"name":"parse"},{"filename":"<frozen importlib._bootstrap_external>","lineno":999,"name":"exec_module"},{"filename":"<frozen importlib._bootstrap>","lineno":488,"name":"_call_with_frames_removed"},{"filename":"/opt/airflow/dags/dags_intro.py","lineno":12,"name":"<module>"},{"filename":"/home/airflow/.local/lib/python3.12/site-packages/airflow/sdk/definitions/dag.py","lineno":1417,"name":"factory"},{"filename":"/opt/airflow/dags/dags_intro.py","lineno":8,"name":"user_processing"}],"is_group":false,"exceptions":[]}]}
{"timestamp":"2025-07-02T17:52:40.554714","level":"info","event":"Filling up the DagBag from /opt/airflow/dags/dags_intro.py","logger":"airflow.models.dagbag.DagBag"}
{"timestamp":"2025-07-02T17:52:40.606014","level":"error","event":"Failed to import: /opt/airflow/dags/dags_intro.py","logger":"airflow.models.dagbag.DagBag","error_detail":[{"exc_type":"TypeError","exc_value":"missing keyword argument 'sql'","exc_notes":[],"syntax_error":null,"is_cause":false,"frames":[{"filename":"/home/airflow/.local/lib/python3.12/site-packages/airflow/models/dagbag.py","lineno":394,"name":"parse"},{"filename":"<frozen importlib._bootstrap_external>","lineno":999,"name":"exec_module"},{"filename":"<frozen importlib._bootstrap>","lineno":488,"name":"_call_with_frames_removed"},{"filename":"/opt/airflow/dags/dags_intro.py","lineno":12,"name":"<module>"},{"filename":"/home/airflow/.local/lib/python3.12/site-packages/airflow/sdk/definitions/dag.py","lineno":1417,"name":"factory"},{"filename":"/opt/airflow/dags/dags_intro.py","lineno":7,"name":"user_processing"},{"filename":"/home/airflow/.local/lib/python3.12/site-packages/airflow/sdk/bases/operator.py","lineno":485,"name":"apply_defaults"}],"is_group":false,"exceptions":[]}]}
{"timestamp":"2025-07-02T17:52:44.741347","level":"info","event":"Filling up the DagBag from /opt/airflow/dags/dags_intro.py","logger":"airflow.models.dagbag.DagBag"}
{"timestamp":"2025-07-02T17:52:44.780641","level":"error","event":"Failed to import: /opt/airflow/dags/dags_intro.py","logger":"airflow.models.dagbag.DagBag","error_detail":[{"exc_type":"TypeError","exc_value":"missing keyword argument 'sql'","exc_notes":[],"syntax_error":null,"is_cause":false,"frames":[{"filename":"/home/airflow/.local/lib/python3.12/site-packages/airflow/models/dagbag.py","lineno":394,"name":"parse"},{"filename":"<frozen importlib._bootstrap_external>","lineno":999,"name":"exec_module"},{"filename":"<frozen importlib._bootstrap>","lineno":488,"name":"_call_with_frames_removed"},{"filename":"/opt/airflow/dags/dags_intro.py","lineno":12,"name":"<module>"},{"filename":"/home/airflow/.local/lib/python3.12/site-packages/airflow/sdk/definitions/dag.py","lineno":1417,"name":"factory"},{"filename":"/opt/airflow/dags/dags_intro.py","lineno":7,"name":"user_processing"},{"filename":"/home/airflow/.local/lib/python3.12/site-packages/airflow/sdk/bases/operator.py","lineno":485,"name":"apply_defaults"}],"is_group":false,"exceptions":[]}]}
{"timestamp":"2025-07-02T17:52:47.888333","level":"info","event":"Filling up the DagBag from /opt/airflow/dags/dags_intro.py","logger":"airflow.models.dagbag.DagBag"}
{"timestamp":"2025-07-02T17:52:47.936246","level":"error","event":"Failed to import: /opt/airflow/dags/dags_intro.py","logger":"airflow.models.dagbag.DagBag","error_detail":[{"exc_type":"TypeError","exc_value":"missing keyword argument 'sql'","exc_notes":[],"syntax_error":null,"is_cause":false,"frames":[{"filename":"/home/airflow/.local/lib/python3.12/site-packages/airflow/models/dagbag.py","lineno":394,"name":"parse"},{"filename":"<frozen importlib._bootstrap_external>","lineno":999,"name":"exec_module"},{"filename":"<frozen importlib._bootstrap>","lineno":488,"name":"_call_with_frames_removed"},{"filename":"/opt/airflow/dags/dags_intro.py","lineno":12,"name":"<module>"},{"filename":"/home/airflow/.local/lib/python3.12/site-packages/airflow/sdk/definitions/dag.py","lineno":1417,"name":"factory"},{"filename":"/opt/airflow/dags/dags_intro.py","lineno":7,"name":"user_processing"},{"filename":"/home/airflow/.local/lib/python3.12/site-packages/airflow/sdk/bases/operator.py","lineno":485,"name":"apply_defaults"}],"is_group":false,"exceptions":[]}]}
{"timestamp":"2025-07-02T17:52:55.159870","level":"info","event":"Filling up the DagBag from /opt/airflow/dags/dags_intro.py","logger":"airflow.models.dagbag.DagBag"}
{"timestamp":"2025-07-02T17:52:55.196906","level":"error","event":"Failed to import: /opt/airflow/dags/dags_intro.py","logger":"airflow.models.dagbag.DagBag","error_detail":[{"exc_type":"TypeError","exc_value":"missing keyword argument 'sql'","exc_notes":[],"syntax_error":null,"is_cause":false,"frames":[{"filename":"/home/airflow/.local/lib/python3.12/site-packages/airflow/models/dagbag.py","lineno":394,"name":"parse"},{"filename":"<frozen importlib._bootstrap_external>","lineno":999,"name":"exec_module"},{"filename":"<frozen importlib._bootstrap>","lineno":488,"name":"_call_with_frames_removed"},{"filename":"/opt/airflow/dags/dags_intro.py","lineno":13,"name":"<module>"},{"filename":"/home/airflow/.local/lib/python3.12/site-packages/airflow/sdk/definitions/dag.py","lineno":1417,"name":"factory"},{"filename":"/opt/airflow/dags/dags_intro.py","lineno":7,"name":"user_processing"},{"filename":"/home/airflow/.local/lib/python3.12/site-packages/airflow/sdk/bases/operator.py","lineno":485,"name":"apply_defaults"}],"is_group":false,"exceptions":[]}]}
{"timestamp":"2025-07-02T17:52:59.300350","level":"info","event":"Filling up the DagBag from /opt/airflow/dags/dags_intro.py","logger":"airflow.models.dagbag.DagBag"}
{"timestamp":"2025-07-02T17:52:59.322574","level":"error","event":"Failed to import: /opt/airflow/dags/dags_intro.py","logger":"airflow.models.dagbag.DagBag","error_detail":[{"exc_type":"SyntaxError","exc_value":"positional argument follows keyword argument (dags_intro.py, line 10)","exc_notes":[],"syntax_error":{"offset":5,"filename":"/opt/airflow/dags/dags_intro.py","line":"    )\n","lineno":10,"msg":"positional argument follows keyword argument"},"is_cause":false,"frames":[{"filename":"/home/airflow/.local/lib/python3.12/site-packages/airflow/models/dagbag.py","lineno":394,"name":"parse"},{"filename":"<frozen importlib._bootstrap_external>","lineno":995,"name":"exec_module"},{"filename":"<frozen importlib._bootstrap_external>","lineno":1133,"name":"get_code"},{"filename":"<frozen importlib._bootstrap_external>","lineno":1063,"name":"source_to_code"},{"filename":"<frozen importlib._bootstrap>","lineno":488,"name":"_call_with_frames_removed"}],"is_group":false,"exceptions":[]}]}
{"timestamp":"2025-07-02T17:53:00.423488","level":"info","event":"Filling up the DagBag from /opt/airflow/dags/dags_intro.py","logger":"airflow.models.dagbag.DagBag"}
{"timestamp":"2025-07-02T17:53:00.445987","level":"error","event":"Failed to import: /opt/airflow/dags/dags_intro.py","logger":"airflow.models.dagbag.DagBag","error_detail":[{"exc_type":"SyntaxError","exc_value":"expected argument value expression (dags_intro.py, line 9)","exc_notes":[],"syntax_error":{"offset":9,"filename":"/opt/airflow/dags/dags_intro.py","line":"        sql=\n","lineno":9,"msg":"expected argument value expression"},"is_cause":false,"frames":[{"filename":"/home/airflow/.local/lib/python3.12/site-packages/airflow/models/dagbag.py","lineno":394,"name":"parse"},{"filename":"<frozen importlib._bootstrap_external>","lineno":995,"name":"exec_module"},{"filename":"<frozen importlib._bootstrap_external>","lineno":1133,"name":"get_code"},{"filename":"<frozen importlib._bootstrap_external>","lineno":1063,"name":"source_to_code"},{"filename":"<frozen importlib._bootstrap>","lineno":488,"name":"_call_with_frames_removed"}],"is_group":false,"exceptions":[]}]}
{"timestamp":"2025-07-02T17:53:02.538120","level":"info","event":"Filling up the DagBag from /opt/airflow/dags/dags_intro.py","logger":"airflow.models.dagbag.DagBag"}
{"timestamp":"2025-07-02T17:53:03.673838","level":"info","event":"Filling up the DagBag from /opt/airflow/dags/dags_intro.py","logger":"airflow.models.dagbag.DagBag"}
{"timestamp":"2025-07-02T17:53:09.842898","level":"info","event":"Filling up the DagBag from /opt/airflow/dags/dags_intro.py","logger":"airflow.models.dagbag.DagBag"}
{"timestamp":"2025-07-02T17:53:14.010868","level":"info","event":"Filling up the DagBag from /opt/airflow/dags/dags_intro.py","logger":"airflow.models.dagbag.DagBag"}
{"timestamp":"2025-07-02T17:53:16.207506","level":"info","event":"Filling up the DagBag from /opt/airflow/dags/dags_intro.py","logger":"airflow.models.dagbag.DagBag"}
{"timestamp":"2025-07-02T17:53:26.520563","level":"info","event":"Filling up the DagBag from /opt/airflow/dags/dags_intro.py","logger":"airflow.models.dagbag.DagBag"}
{"timestamp":"2025-07-02T17:53:27.641108","level":"info","event":"Filling up the DagBag from /opt/airflow/dags/dags_intro.py","logger":"airflow.models.dagbag.DagBag"}
{"timestamp":"2025-07-02T17:53:31.782208","level":"info","event":"Filling up the DagBag from /opt/airflow/dags/dags_intro.py","logger":"airflow.models.dagbag.DagBag"}
{"timestamp":"2025-07-02T17:53:35.950807","level":"info","event":"Filling up the DagBag from /opt/airflow/dags/dags_intro.py","logger":"airflow.models.dagbag.DagBag"}
{"timestamp":"2025-07-02T17:53:38.101304","level":"info","event":"Filling up the DagBag from /opt/airflow/dags/dags_intro.py","logger":"airflow.models.dagbag.DagBag"}
{"timestamp":"2025-07-02T17:53:39.234170","level":"info","event":"Filling up the DagBag from /opt/airflow/dags/dags_intro.py","logger":"airflow.models.dagbag.DagBag"}
{"timestamp":"2025-07-02T17:53:58.664158","level":"info","event":"Filling up the DagBag from /opt/airflow/dags/dags_intro.py","logger":"airflow.models.dagbag.DagBag"}
{"timestamp":"2025-07-02T17:54:02.839197","level":"info","event":"Filling up the DagBag from /opt/airflow/dags/dags_intro.py","logger":"airflow.models.dagbag.DagBag"}
{"timestamp":"2025-07-02T17:54:03.961149","level":"info","event":"Filling up the DagBag from /opt/airflow/dags/dags_intro.py","logger":"airflow.models.dagbag.DagBag"}
{"timestamp":"2025-07-02T17:54:06.086854","level":"info","event":"Filling up the DagBag from /opt/airflow/dags/dags_intro.py","logger":"airflow.models.dagbag.DagBag"}
{"timestamp":"2025-07-02T17:54:08.215626","level":"info","event":"Filling up the DagBag from /opt/airflow/dags/dags_intro.py","logger":"airflow.models.dagbag.DagBag"}
{"timestamp":"2025-07-02T17:54:11.346919","level":"info","event":"Filling up the DagBag from /opt/airflow/dags/dags_intro.py","logger":"airflow.models.dagbag.DagBag"}
{"timestamp":"2025-07-02T17:54:14.483229","level":"info","event":"Filling up the DagBag from /opt/airflow/dags/dags_intro.py","logger":"airflow.models.dagbag.DagBag"}
{"timestamp":"2025-07-02T17:54:16.660191","level":"info","event":"Filling up the DagBag from /opt/airflow/dags/dags_intro.py","logger":"airflow.models.dagbag.DagBag"}
{"timestamp":"2025-07-02T17:54:20.841463","level":"info","event":"Filling up the DagBag from /opt/airflow/dags/dags_intro.py","logger":"airflow.models.dagbag.DagBag"}
{"timestamp":"2025-07-02T17:54:25.004650","level":"info","event":"Filling up the DagBag from /opt/airflow/dags/dags_intro.py","logger":"airflow.models.dagbag.DagBag"}
{"timestamp":"2025-07-02T17:54:31.197023","level":"info","event":"Filling up the DagBag from /opt/airflow/dags/dags_intro.py","logger":"airflow.models.dagbag.DagBag"}
{"timestamp":"2025-07-02T17:54:37.363048","level":"info","event":"Filling up the DagBag from /opt/airflow/dags/dags_intro.py","logger":"airflow.models.dagbag.DagBag"}
{"timestamp":"2025-07-02T17:54:44.537418","level":"info","event":"Filling up the DagBag from /opt/airflow/dags/dags_intro.py","logger":"airflow.models.dagbag.DagBag"}
{"timestamp":"2025-07-02T17:54:45.665121","level":"info","event":"Filling up the DagBag from /opt/airflow/dags/dags_intro.py","logger":"airflow.models.dagbag.DagBag"}
{"timestamp":"2025-07-02T17:54:48.800643","level":"info","event":"Filling up the DagBag from /opt/airflow/dags/dags_intro.py","logger":"airflow.models.dagbag.DagBag"}
{"timestamp":"2025-07-02T17:54:49.920879","level":"info","event":"Filling up the DagBag from /opt/airflow/dags/dags_intro.py","logger":"airflow.models.dagbag.DagBag"}
{"timestamp":"2025-07-02T17:54:51.056740","level":"info","event":"Filling up the DagBag from /opt/airflow/dags/dags_intro.py","logger":"airflow.models.dagbag.DagBag"}
{"timestamp":"2025-07-02T17:54:53.209038","level":"info","event":"Filling up the DagBag from /opt/airflow/dags/dags_intro.py","logger":"airflow.models.dagbag.DagBag"}
{"timestamp":"2025-07-02T17:54:55.355379","level":"info","event":"Filling up the DagBag from /opt/airflow/dags/dags_intro.py","logger":"airflow.models.dagbag.DagBag"}
{"timestamp":"2025-07-02T17:55:02.578253","level":"info","event":"Filling up the DagBag from /opt/airflow/dags/dags_intro.py","logger":"airflow.models.dagbag.DagBag"}
{"timestamp":"2025-07-02T17:55:04.737866","level":"info","event":"Filling up the DagBag from /opt/airflow/dags/dags_intro.py","logger":"airflow.models.dagbag.DagBag"}
{"timestamp":"2025-07-02T17:55:05.862237","level":"info","event":"Filling up the DagBag from /opt/airflow/dags/dags_intro.py","logger":"airflow.models.dagbag.DagBag"}
{"timestamp":"2025-07-02T17:55:09.003486","level":"info","event":"Filling up the DagBag from /opt/airflow/dags/dags_intro.py","logger":"airflow.models.dagbag.DagBag"}
{"timestamp":"2025-07-02T17:55:10.135467","level":"info","event":"Filling up the DagBag from /opt/airflow/dags/dags_intro.py","logger":"airflow.models.dagbag.DagBag"}
{"timestamp":"2025-07-02T17:55:12.272448","level":"info","event":"Filling up the DagBag from /opt/airflow/dags/dags_intro.py","logger":"airflow.models.dagbag.DagBag"}
{"timestamp":"2025-07-02T17:55:16.414851","level":"info","event":"Filling up the DagBag from /opt/airflow/dags/dags_intro.py","logger":"airflow.models.dagbag.DagBag"}
{"timestamp":"2025-07-02T17:55:17.574045","level":"info","event":"Filling up the DagBag from /opt/airflow/dags/dags_intro.py","logger":"airflow.models.dagbag.DagBag"}
{"timestamp":"2025-07-02T17:55:23.764139","level":"info","event":"Filling up the DagBag from /opt/airflow/dags/dags_intro.py","logger":"airflow.models.dagbag.DagBag"}
{"timestamp":"2025-07-02T17:55:32.036468","level":"info","event":"Filling up the DagBag from /opt/airflow/dags/dags_intro.py","logger":"airflow.models.dagbag.DagBag"}
{"timestamp":"2025-07-02T17:55:35.186073","level":"info","event":"Filling up the DagBag from /opt/airflow/dags/dags_intro.py","logger":"airflow.models.dagbag.DagBag"}
{"timestamp":"2025-07-02T17:55:37.336822","level":"info","event":"Filling up the DagBag from /opt/airflow/dags/dags_intro.py","logger":"airflow.models.dagbag.DagBag"}
{"timestamp":"2025-07-02T17:56:07.822931","level":"info","event":"Filling up the DagBag from /opt/airflow/dags/dags_intro.py","logger":"airflow.models.dagbag.DagBag"}
{"timestamp":"2025-07-02T17:56:38.291081","level":"info","event":"Filling up the DagBag from /opt/airflow/dags/dags_intro.py","logger":"airflow.models.dagbag.DagBag"}
{"timestamp":"2025-07-02T17:56:55.540394","level":"info","event":"Filling up the DagBag from /opt/airflow/dags/dags_intro.py","logger":"airflow.models.dagbag.DagBag"}
{"timestamp":"2025-07-02T17:56:58.780298","level":"info","event":"Filling up the DagBag from /opt/airflow/dags/dags_intro.py","logger":"airflow.models.dagbag.DagBag"}
{"timestamp":"2025-07-02T17:56:59.911927","level":"info","event":"Filling up the DagBag from /opt/airflow/dags/dags_intro.py","logger":"airflow.models.dagbag.DagBag"}
{"timestamp":"2025-07-02T17:57:04.053497","level":"info","event":"Filling up the DagBag from /opt/airflow/dags/dags_intro.py","logger":"airflow.models.dagbag.DagBag"}
{"timestamp":"2025-07-02T17:57:05.224376","level":"info","event":"Filling up the DagBag from /opt/airflow/dags/dags_intro.py","logger":"airflow.models.dagbag.DagBag"}
{"timestamp":"2025-07-02T17:57:35.715714","level":"info","event":"Filling up the DagBag from /opt/airflow/dags/dags_intro.py","logger":"airflow.models.dagbag.DagBag"}
{"timestamp":"2025-07-02T17:57:51.942604","level":"info","event":"Filling up the DagBag from /opt/airflow/dags/dags_intro.py","logger":"airflow.models.dagbag.DagBag"}
{"timestamp":"2025-07-02T17:57:51.964998","level":"error","event":"Failed to import: /opt/airflow/dags/dags_intro.py","logger":"airflow.models.dagbag.DagBag","error_detail":[{"exc_type":"SyntaxError","exc_value":"invalid syntax. Perhaps you forgot a comma? (dags_intro.py, line 9)","exc_notes":[],"syntax_error":{"offset":9,"filename":"/opt/airflow/dags/dags_intro.py","line":"        CONN\n","lineno":9,"msg":"invalid syntax. Perhaps you forgot a comma?"},"is_cause":false,"frames":[{"filename":"/home/airflow/.local/lib/python3.12/site-packages/airflow/models/dagbag.py","lineno":394,"name":"parse"},{"filename":"<frozen importlib._bootstrap_external>","lineno":995,"name":"exec_module"},{"filename":"<frozen importlib._bootstrap_external>","lineno":1133,"name":"get_code"},{"filename":"<frozen importlib._bootstrap_external>","lineno":1063,"name":"source_to_code"},{"filename":"<frozen importlib._bootstrap>","lineno":488,"name":"_call_with_frames_removed"}],"is_group":false,"exceptions":[]}]}
{"timestamp":"2025-07-02T17:57:55.055319","level":"info","event":"Filling up the DagBag from /opt/airflow/dags/dags_intro.py","logger":"airflow.models.dagbag.DagBag"}
{"timestamp":"2025-07-02T17:57:55.075626","level":"error","event":"Failed to import: /opt/airflow/dags/dags_intro.py","logger":"airflow.models.dagbag.DagBag","error_detail":[{"exc_type":"SyntaxError","exc_value":"invalid syntax. Perhaps you forgot a comma? (dags_intro.py, line 9)","exc_notes":[],"syntax_error":{"offset":9,"filename":"/opt/airflow/dags/dags_intro.py","line":"        co\n","lineno":9,"msg":"invalid syntax. Perhaps you forgot a comma?"},"is_cause":false,"frames":[{"filename":"/home/airflow/.local/lib/python3.12/site-packages/airflow/models/dagbag.py","lineno":394,"name":"parse"},{"filename":"<frozen importlib._bootstrap_external>","lineno":995,"name":"exec_module"},{"filename":"<frozen importlib._bootstrap_external>","lineno":1133,"name":"get_code"},{"filename":"<frozen importlib._bootstrap_external>","lineno":1063,"name":"source_to_code"},{"filename":"<frozen importlib._bootstrap>","lineno":488,"name":"_call_with_frames_removed"}],"is_group":false,"exceptions":[]}]}
{"timestamp":"2025-07-02T17:57:56.178059","level":"info","event":"Filling up the DagBag from /opt/airflow/dags/dags_intro.py","logger":"airflow.models.dagbag.DagBag"}
{"timestamp":"2025-07-02T17:57:56.202127","level":"error","event":"Failed to import: /opt/airflow/dags/dags_intro.py","logger":"airflow.models.dagbag.DagBag","error_detail":[{"exc_type":"SyntaxError","exc_value":"invalid syntax (dags_intro.py, line 10)","exc_notes":[],"syntax_error":{"offset":12,"filename":"/opt/airflow/dags/dags_intro.py","line":"        sql=\"\"\"\n","lineno":10,"msg":"invalid syntax"},"is_cause":false,"frames":[{"filename":"/home/airflow/.local/lib/python3.12/site-packages/airflow/models/dagbag.py","lineno":394,"name":"parse"},{"filename":"<frozen importlib._bootstrap_external>","lineno":995,"name":"exec_module"},{"filename":"<frozen importlib._bootstrap_external>","lineno":1133,"name":"get_code"},{"filename":"<frozen importlib._bootstrap_external>","lineno":1063,"name":"source_to_code"},{"filename":"<frozen importlib._bootstrap>","lineno":488,"name":"_call_with_frames_removed"}],"is_group":false,"exceptions":[]}]}
{"timestamp":"2025-07-02T17:58:00.420495","level":"info","event":"Filling up the DagBag from /opt/airflow/dags/dags_intro.py","logger":"airflow.models.dagbag.DagBag"}
{"timestamp":"2025-07-02T17:58:00.457166","level":"error","event":"Failed to import: /opt/airflow/dags/dags_intro.py","logger":"airflow.models.dagbag.DagBag","error_detail":[{"exc_type":"SyntaxError","exc_value":"invalid syntax. Perhaps you forgot a comma? (dags_intro.py, line 9)","exc_notes":[],"syntax_error":{"offset":17,"filename":"/opt/airflow/dags/dags_intro.py","line":"        conn_id=\"postgres\"\n","lineno":9,"msg":"invalid syntax. Perhaps you forgot a comma?"},"is_cause":false,"frames":[{"filename":"/home/airflow/.local/lib/python3.12/site-packages/airflow/models/dagbag.py","lineno":394,"name":"parse"},{"filename":"<frozen importlib._bootstrap_external>","lineno":995,"name":"exec_module"},{"filename":"<frozen importlib._bootstrap_external>","lineno":1133,"name":"get_code"},{"filename":"<frozen importlib._bootstrap_external>","lineno":1063,"name":"source_to_code"},{"filename":"<frozen importlib._bootstrap>","lineno":488,"name":"_call_with_frames_removed"}],"is_group":false,"exceptions":[]}]}
{"timestamp":"2025-07-02T17:58:02.552630","level":"info","event":"Filling up the DagBag from /opt/airflow/dags/dags_intro.py","logger":"airflow.models.dagbag.DagBag"}
{"timestamp":"2025-07-02T17:58:33.020241","level":"info","event":"Filling up the DagBag from /opt/airflow/dags/dags_intro.py","logger":"airflow.models.dagbag.DagBag"}
{"timestamp":"2025-07-02T17:59:03.479871","level":"info","event":"Filling up the DagBag from /opt/airflow/dags/dags_intro.py","logger":"airflow.models.dagbag.DagBag"}
{"timestamp":"2025-07-02T17:59:33.922382","level":"info","event":"Filling up the DagBag from /opt/airflow/dags/dags_intro.py","logger":"airflow.models.dagbag.DagBag"}
{"timestamp":"2025-07-02T18:00:04.382225","level":"info","event":"Filling up the DagBag from /opt/airflow/dags/dags_intro.py","logger":"airflow.models.dagbag.DagBag"}
{"timestamp":"2025-07-02T18:00:34.857102","level":"info","event":"Filling up the DagBag from /opt/airflow/dags/dags_intro.py","logger":"airflow.models.dagbag.DagBag"}
{"timestamp":"2025-07-02T18:01:05.317582","level":"info","event":"Filling up the DagBag from /opt/airflow/dags/dags_intro.py","logger":"airflow.models.dagbag.DagBag"}
{"timestamp":"2025-07-02T18:01:35.796734","level":"info","event":"Filling up the DagBag from /opt/airflow/dags/dags_intro.py","logger":"airflow.models.dagbag.DagBag"}
{"timestamp":"2025-07-02T18:02:06.962087","level":"info","event":"Filling up the DagBag from /opt/airflow/dags/dags_intro.py","logger":"airflow.models.dagbag.DagBag"}
{"timestamp":"2025-07-02T18:02:37.466647","level":"info","event":"Filling up the DagBag from /opt/airflow/dags/dags_intro.py","logger":"airflow.models.dagbag.DagBag"}
{"timestamp":"2025-07-02T18:03:07.945310","level":"info","event":"Filling up the DagBag from /opt/airflow/dags/dags_intro.py","logger":"airflow.models.dagbag.DagBag"}
{"timestamp":"2025-07-02T18:03:38.408254","level":"info","event":"Filling up the DagBag from /opt/airflow/dags/dags_intro.py","logger":"airflow.models.dagbag.DagBag"}
{"timestamp":"2025-07-02T18:04:08.862033","level":"info","event":"Filling up the DagBag from /opt/airflow/dags/dags_intro.py","logger":"airflow.models.dagbag.DagBag"}
{"timestamp":"2025-07-02T18:04:39.310688","level":"info","event":"Filling up the DagBag from /opt/airflow/dags/dags_intro.py","logger":"airflow.models.dagbag.DagBag"}
{"timestamp":"2025-07-02T18:05:09.812156","level":"info","event":"Filling up the DagBag from /opt/airflow/dags/dags_intro.py","logger":"airflow.models.dagbag.DagBag"}
{"timestamp":"2025-07-02T18:05:40.348439","level":"info","event":"Filling up the DagBag from /opt/airflow/dags/dags_intro.py","logger":"airflow.models.dagbag.DagBag"}
{"timestamp":"2025-07-02T18:06:10.831200","level":"info","event":"Filling up the DagBag from /opt/airflow/dags/dags_intro.py","logger":"airflow.models.dagbag.DagBag"}
{"timestamp":"2025-07-02T18:06:41.324366","level":"info","event":"Filling up the DagBag from /opt/airflow/dags/dags_intro.py","logger":"airflow.models.dagbag.DagBag"}
{"timestamp":"2025-07-02T18:07:11.789892","level":"info","event":"Filling up the DagBag from /opt/airflow/dags/dags_intro.py","logger":"airflow.models.dagbag.DagBag"}
{"timestamp":"2025-07-02T18:07:42.242562","level":"info","event":"Filling up the DagBag from /opt/airflow/dags/dags_intro.py","logger":"airflow.models.dagbag.DagBag"}
{"timestamp":"2025-07-02T18:08:12.685425","level":"info","event":"Filling up the DagBag from /opt/airflow/dags/dags_intro.py","logger":"airflow.models.dagbag.DagBag"}
{"timestamp":"2025-07-02T18:08:43.141173","level":"info","event":"Filling up the DagBag from /opt/airflow/dags/dags_intro.py","logger":"airflow.models.dagbag.DagBag"}
{"timestamp":"2025-07-02T18:09:13.617847","level":"info","event":"Filling up the DagBag from /opt/airflow/dags/dags_intro.py","logger":"airflow.models.dagbag.DagBag"}
{"timestamp":"2025-07-02T18:09:44.078850","level":"info","event":"Filling up the DagBag from /opt/airflow/dags/dags_intro.py","logger":"airflow.models.dagbag.DagBag"}
{"timestamp":"2025-07-02T18:10:14.580003","level":"info","event":"Filling up the DagBag from /opt/airflow/dags/dags_intro.py","logger":"airflow.models.dagbag.DagBag"}
{"timestamp":"2025-07-02T18:10:45.116751","level":"info","event":"Filling up the DagBag from /opt/airflow/dags/dags_intro.py","logger":"airflow.models.dagbag.DagBag"}
{"timestamp":"2025-07-02T18:11:15.613820","level":"info","event":"Filling up the DagBag from /opt/airflow/dags/dags_intro.py","logger":"airflow.models.dagbag.DagBag"}
{"timestamp":"2025-07-02T18:11:46.080785","level":"info","event":"Filling up the DagBag from /opt/airflow/dags/dags_intro.py","logger":"airflow.models.dagbag.DagBag"}
{"timestamp":"2025-07-02T18:12:16.545154","level":"info","event":"Filling up the DagBag from /opt/airflow/dags/dags_intro.py","logger":"airflow.models.dagbag.DagBag"}
{"timestamp":"2025-07-02T18:12:47.110991","level":"info","event":"Filling up the DagBag from /opt/airflow/dags/dags_intro.py","logger":"airflow.models.dagbag.DagBag"}
{"timestamp":"2025-07-02T18:13:17.599134","level":"info","event":"Filling up the DagBag from /opt/airflow/dags/dags_intro.py","logger":"airflow.models.dagbag.DagBag"}
{"timestamp":"2025-07-02T18:13:48.078978","level":"info","event":"Filling up the DagBag from /opt/airflow/dags/dags_intro.py","logger":"airflow.models.dagbag.DagBag"}
{"timestamp":"2025-07-02T18:14:18.559270","level":"info","event":"Filling up the DagBag from /opt/airflow/dags/dags_intro.py","logger":"airflow.models.dagbag.DagBag"}
{"timestamp":"2025-07-02T18:14:49.047167","level":"info","event":"Filling up the DagBag from /opt/airflow/dags/dags_intro.py","logger":"airflow.models.dagbag.DagBag"}
{"timestamp":"2025-07-02T18:15:19.545444","level":"info","event":"Filling up the DagBag from /opt/airflow/dags/dags_intro.py","logger":"airflow.models.dagbag.DagBag"}
{"timestamp":"2025-07-02T18:15:50.058404","level":"info","event":"Filling up the DagBag from /opt/airflow/dags/dags_intro.py","logger":"airflow.models.dagbag.DagBag"}
{"timestamp":"2025-07-02T18:16:20.561921","level":"info","event":"Filling up the DagBag from /opt/airflow/dags/dags_intro.py","logger":"airflow.models.dagbag.DagBag"}
{"timestamp":"2025-07-02T18:16:51.020093","level":"info","event":"Filling up the DagBag from /opt/airflow/dags/dags_intro.py","logger":"airflow.models.dagbag.DagBag"}
{"timestamp":"2025-07-02T18:17:21.559950","level":"info","event":"Filling up the DagBag from /opt/airflow/dags/dags_intro.py","logger":"airflow.models.dagbag.DagBag"}
{"timestamp":"2025-07-02T18:17:52.050123","level":"info","event":"Filling up the DagBag from /opt/airflow/dags/dags_intro.py","logger":"airflow.models.dagbag.DagBag"}
{"timestamp":"2025-07-02T18:18:22.510675","level":"info","event":"Filling up the DagBag from /opt/airflow/dags/dags_intro.py","logger":"airflow.models.dagbag.DagBag"}
{"timestamp":"2025-07-02T18:18:52.960216","level":"info","event":"Filling up the DagBag from /opt/airflow/dags/dags_intro.py","logger":"airflow.models.dagbag.DagBag"}
{"timestamp":"2025-07-02T18:19:23.429068","level":"info","event":"Filling up the DagBag from /opt/airflow/dags/dags_intro.py","logger":"airflow.models.dagbag.DagBag"}
{"timestamp":"2025-07-02T18:19:53.927999","level":"info","event":"Filling up the DagBag from /opt/airflow/dags/dags_intro.py","logger":"airflow.models.dagbag.DagBag"}
{"timestamp":"2025-07-02T18:20:24.467210","level":"info","event":"Filling up the DagBag from /opt/airflow/dags/dags_intro.py","logger":"airflow.models.dagbag.DagBag"}
{"timestamp":"2025-07-02T18:20:54.945156","level":"info","event":"Filling up the DagBag from /opt/airflow/dags/dags_intro.py","logger":"airflow.models.dagbag.DagBag"}
{"timestamp":"2025-07-02T18:21:25.425881","level":"info","event":"Filling up the DagBag from /opt/airflow/dags/dags_intro.py","logger":"airflow.models.dagbag.DagBag"}
{"timestamp":"2025-07-02T18:21:55.880259","level":"info","event":"Filling up the DagBag from /opt/airflow/dags/dags_intro.py","logger":"airflow.models.dagbag.DagBag"}
{"timestamp":"2025-07-02T18:22:26.364476","level":"info","event":"Filling up the DagBag from /opt/airflow/dags/dags_intro.py","logger":"airflow.models.dagbag.DagBag"}
{"timestamp":"2025-07-02T18:22:56.825499","level":"info","event":"Filling up the DagBag from /opt/airflow/dags/dags_intro.py","logger":"airflow.models.dagbag.DagBag"}
{"timestamp":"2025-07-02T18:23:27.288330","level":"info","event":"Filling up the DagBag from /opt/airflow/dags/dags_intro.py","logger":"airflow.models.dagbag.DagBag"}
{"timestamp":"2025-07-02T18:23:57.754903","level":"info","event":"Filling up the DagBag from /opt/airflow/dags/dags_intro.py","logger":"airflow.models.dagbag.DagBag"}
{"timestamp":"2025-07-02T18:24:28.229491","level":"info","event":"Filling up the DagBag from /opt/airflow/dags/dags_intro.py","logger":"airflow.models.dagbag.DagBag"}
{"timestamp":"2025-07-02T18:24:58.682559","level":"info","event":"Filling up the DagBag from /opt/airflow/dags/dags_intro.py","logger":"airflow.models.dagbag.DagBag"}
{"timestamp":"2025-07-02T18:25:29.130543","level":"info","event":"Filling up the DagBag from /opt/airflow/dags/dags_intro.py","logger":"airflow.models.dagbag.DagBag"}
{"timestamp":"2025-07-02T18:25:59.571233","level":"info","event":"Filling up the DagBag from /opt/airflow/dags/dags_intro.py","logger":"airflow.models.dagbag.DagBag"}
{"timestamp":"2025-07-02T18:26:30.047307","level":"info","event":"Filling up the DagBag from /opt/airflow/dags/dags_intro.py","logger":"airflow.models.dagbag.DagBag"}
{"timestamp":"2025-07-02T18:27:00.524325","level":"info","event":"Filling up the DagBag from /opt/airflow/dags/dags_intro.py","logger":"airflow.models.dagbag.DagBag"}
{"timestamp":"2025-07-02T18:27:30.984127","level":"info","event":"Filling up the DagBag from /opt/airflow/dags/dags_intro.py","logger":"airflow.models.dagbag.DagBag"}
{"timestamp":"2025-07-02T18:28:01.497715","level":"info","event":"Filling up the DagBag from /opt/airflow/dags/dags_intro.py","logger":"airflow.models.dagbag.DagBag"}
{"timestamp":"2025-07-02T18:28:32.061605","level":"info","event":"Filling up the DagBag from /opt/airflow/dags/dags_intro.py","logger":"airflow.models.dagbag.DagBag"}
{"timestamp":"2025-07-02T18:29:02.567688","level":"info","event":"Filling up the DagBag from /opt/airflow/dags/dags_intro.py","logger":"airflow.models.dagbag.DagBag"}
{"timestamp":"2025-07-02T18:29:33.061389","level":"info","event":"Filling up the DagBag from /opt/airflow/dags/dags_intro.py","logger":"airflow.models.dagbag.DagBag"}
{"timestamp":"2025-07-02T18:30:03.614566","level":"info","event":"Filling up the DagBag from /opt/airflow/dags/dags_intro.py","logger":"airflow.models.dagbag.DagBag"}
{"timestamp":"2025-07-02T18:30:34.150051","level":"info","event":"Filling up the DagBag from /opt/airflow/dags/dags_intro.py","logger":"airflow.models.dagbag.DagBag"}
{"timestamp":"2025-07-02T18:31:04.671343","level":"info","event":"Filling up the DagBag from /opt/airflow/dags/dags_intro.py","logger":"airflow.models.dagbag.DagBag"}
{"timestamp":"2025-07-02T18:31:35.172495","level":"info","event":"Filling up the DagBag from /opt/airflow/dags/dags_intro.py","logger":"airflow.models.dagbag.DagBag"}
{"timestamp":"2025-07-02T18:32:05.726638","level":"info","event":"Filling up the DagBag from /opt/airflow/dags/dags_intro.py","logger":"airflow.models.dagbag.DagBag"}
{"timestamp":"2025-07-02T18:32:36.100131","level":"info","event":"Filling up the DagBag from /opt/airflow/dags/dags_intro.py","logger":"airflow.models.dagbag.DagBag"}
{"timestamp":"2025-07-02T18:33:06.576602","level":"info","event":"Filling up the DagBag from /opt/airflow/dags/dags_intro.py","logger":"airflow.models.dagbag.DagBag"}
{"timestamp":"2025-07-02T18:33:37.055318","level":"info","event":"Filling up the DagBag from /opt/airflow/dags/dags_intro.py","logger":"airflow.models.dagbag.DagBag"}
{"timestamp":"2025-07-02T18:34:07.530696","level":"info","event":"Filling up the DagBag from /opt/airflow/dags/dags_intro.py","logger":"airflow.models.dagbag.DagBag"}
{"timestamp":"2025-07-02T18:34:38.007493","level":"info","event":"Filling up the DagBag from /opt/airflow/dags/dags_intro.py","logger":"airflow.models.dagbag.DagBag"}
{"timestamp":"2025-07-02T18:35:08.470324","level":"info","event":"Filling up the DagBag from /opt/airflow/dags/dags_intro.py","logger":"airflow.models.dagbag.DagBag"}
{"timestamp":"2025-07-02T18:35:38.942433","level":"info","event":"Filling up the DagBag from /opt/airflow/dags/dags_intro.py","logger":"airflow.models.dagbag.DagBag"}
{"timestamp":"2025-07-02T18:36:09.413173","level":"info","event":"Filling up the DagBag from /opt/airflow/dags/dags_intro.py","logger":"airflow.models.dagbag.DagBag"}
{"timestamp":"2025-07-02T18:36:39.904505","level":"info","event":"Filling up the DagBag from /opt/airflow/dags/dags_intro.py","logger":"airflow.models.dagbag.DagBag"}
{"timestamp":"2025-07-02T18:37:10.356668","level":"info","event":"Filling up the DagBag from /opt/airflow/dags/dags_intro.py","logger":"airflow.models.dagbag.DagBag"}
{"timestamp":"2025-07-02T18:37:40.820457","level":"info","event":"Filling up the DagBag from /opt/airflow/dags/dags_intro.py","logger":"airflow.models.dagbag.DagBag"}
{"timestamp":"2025-07-02T18:38:11.280638","level":"info","event":"Filling up the DagBag from /opt/airflow/dags/dags_intro.py","logger":"airflow.models.dagbag.DagBag"}
{"timestamp":"2025-07-02T18:38:41.750285","level":"info","event":"Filling up the DagBag from /opt/airflow/dags/dags_intro.py","logger":"airflow.models.dagbag.DagBag"}
{"timestamp":"2025-07-02T18:39:12.326811","level":"info","event":"Filling up the DagBag from /opt/airflow/dags/dags_intro.py","logger":"airflow.models.dagbag.DagBag"}
{"timestamp":"2025-07-02T18:39:42.841790","level":"info","event":"Filling up the DagBag from /opt/airflow/dags/dags_intro.py","logger":"airflow.models.dagbag.DagBag"}
{"timestamp":"2025-07-02T18:40:13.339599","level":"info","event":"Filling up the DagBag from /opt/airflow/dags/dags_intro.py","logger":"airflow.models.dagbag.DagBag"}
{"timestamp":"2025-07-02T18:40:43.817149","level":"info","event":"Filling up the DagBag from /opt/airflow/dags/dags_intro.py","logger":"airflow.models.dagbag.DagBag"}
{"timestamp":"2025-07-02T18:41:14.306553","level":"info","event":"Filling up the DagBag from /opt/airflow/dags/dags_intro.py","logger":"airflow.models.dagbag.DagBag"}
{"timestamp":"2025-07-02T18:41:44.800947","level":"info","event":"Filling up the DagBag from /opt/airflow/dags/dags_intro.py","logger":"airflow.models.dagbag.DagBag"}
{"timestamp":"2025-07-02T18:42:15.289422","level":"info","event":"Filling up the DagBag from /opt/airflow/dags/dags_intro.py","logger":"airflow.models.dagbag.DagBag"}
{"timestamp":"2025-07-02T18:42:45.803563","level":"info","event":"Filling up the DagBag from /opt/airflow/dags/dags_intro.py","logger":"airflow.models.dagbag.DagBag"}
{"timestamp":"2025-07-02T18:43:16.279893","level":"info","event":"Filling up the DagBag from /opt/airflow/dags/dags_intro.py","logger":"airflow.models.dagbag.DagBag"}
{"timestamp":"2025-07-02T18:43:46.759888","level":"info","event":"Filling up the DagBag from /opt/airflow/dags/dags_intro.py","logger":"airflow.models.dagbag.DagBag"}
{"timestamp":"2025-07-02T18:44:17.300171","level":"info","event":"Filling up the DagBag from /opt/airflow/dags/dags_intro.py","logger":"airflow.models.dagbag.DagBag"}
{"timestamp":"2025-07-02T18:44:47.830974","level":"info","event":"Filling up the DagBag from /opt/airflow/dags/dags_intro.py","logger":"airflow.models.dagbag.DagBag"}
{"timestamp":"2025-07-02T18:45:18.379001","level":"info","event":"Filling up the DagBag from /opt/airflow/dags/dags_intro.py","logger":"airflow.models.dagbag.DagBag"}
{"timestamp":"2025-07-02T18:45:48.930573","level":"info","event":"Filling up the DagBag from /opt/airflow/dags/dags_intro.py","logger":"airflow.models.dagbag.DagBag"}
{"timestamp":"2025-07-02T18:46:19.484403","level":"info","event":"Filling up the DagBag from /opt/airflow/dags/dags_intro.py","logger":"airflow.models.dagbag.DagBag"}
{"timestamp":"2025-07-02T18:46:49.997137","level":"info","event":"Filling up the DagBag from /opt/airflow/dags/dags_intro.py","logger":"airflow.models.dagbag.DagBag"}
{"timestamp":"2025-07-02T18:47:20.528370","level":"info","event":"Filling up the DagBag from /opt/airflow/dags/dags_intro.py","logger":"airflow.models.dagbag.DagBag"}
{"timestamp":"2025-07-02T18:47:51.031201","level":"info","event":"Filling up the DagBag from /opt/airflow/dags/dags_intro.py","logger":"airflow.models.dagbag.DagBag"}
{"timestamp":"2025-07-02T18:48:21.482987","level":"info","event":"Filling up the DagBag from /opt/airflow/dags/dags_intro.py","logger":"airflow.models.dagbag.DagBag"}
{"timestamp":"2025-07-02T18:48:51.926399","level":"info","event":"Filling up the DagBag from /opt/airflow/dags/dags_intro.py","logger":"airflow.models.dagbag.DagBag"}
{"timestamp":"2025-07-02T18:49:22.416960","level":"info","event":"Filling up the DagBag from /opt/airflow/dags/dags_intro.py","logger":"airflow.models.dagbag.DagBag"}
{"timestamp":"2025-07-02T18:51:02.228799","level":"info","event":"Filling up the DagBag from /opt/airflow/dags/dags_intro.py","logger":"airflow.models.dagbag.DagBag"}
{"timestamp":"2025-07-02T18:51:34.995652","level":"info","event":"Filling up the DagBag from /opt/airflow/dags/dags_intro.py","logger":"airflow.models.dagbag.DagBag"}
{"timestamp":"2025-07-02T18:52:05.502990","level":"info","event":"Filling up the DagBag from /opt/airflow/dags/dags_intro.py","logger":"airflow.models.dagbag.DagBag"}
{"timestamp":"2025-07-02T18:52:35.951924","level":"info","event":"Filling up the DagBag from /opt/airflow/dags/dags_intro.py","logger":"airflow.models.dagbag.DagBag"}
{"timestamp":"2025-07-02T18:53:06.510450","level":"info","event":"Filling up the DagBag from /opt/airflow/dags/dags_intro.py","logger":"airflow.models.dagbag.DagBag"}
{"timestamp":"2025-07-02T18:53:37.120196","level":"info","event":"Filling up the DagBag from /opt/airflow/dags/dags_intro.py","logger":"airflow.models.dagbag.DagBag"}
{"timestamp":"2025-07-02T18:54:07.914248","level":"info","event":"Filling up the DagBag from /opt/airflow/dags/dags_intro.py","logger":"airflow.models.dagbag.DagBag"}
{"timestamp":"2025-07-02T18:54:38.458398","level":"info","event":"Filling up the DagBag from /opt/airflow/dags/dags_intro.py","logger":"airflow.models.dagbag.DagBag"}
{"timestamp":"2025-07-02T18:55:08.807573","level":"info","event":"Filling up the DagBag from /opt/airflow/dags/dags_intro.py","logger":"airflow.models.dagbag.DagBag"}
{"timestamp":"2025-07-02T18:55:39.336524","level":"info","event":"Filling up the DagBag from /opt/airflow/dags/dags_intro.py","logger":"airflow.models.dagbag.DagBag"}
{"timestamp":"2025-07-02T18:56:09.829555","level":"info","event":"Filling up the DagBag from /opt/airflow/dags/dags_intro.py","logger":"airflow.models.dagbag.DagBag"}
{"timestamp":"2025-07-02T18:56:40.291503","level":"info","event":"Filling up the DagBag from /opt/airflow/dags/dags_intro.py","logger":"airflow.models.dagbag.DagBag"}
{"timestamp":"2025-07-02T18:57:10.754996","level":"info","event":"Filling up the DagBag from /opt/airflow/dags/dags_intro.py","logger":"airflow.models.dagbag.DagBag"}
{"timestamp":"2025-07-02T18:57:41.260694","level":"info","event":"Filling up the DagBag from /opt/airflow/dags/dags_intro.py","logger":"airflow.models.dagbag.DagBag"}
{"timestamp":"2025-07-02T18:58:11.723589","level":"info","event":"Filling up the DagBag from /opt/airflow/dags/dags_intro.py","logger":"airflow.models.dagbag.DagBag"}
{"timestamp":"2025-07-02T18:58:42.194313","level":"info","event":"Filling up the DagBag from /opt/airflow/dags/dags_intro.py","logger":"airflow.models.dagbag.DagBag"}
{"timestamp":"2025-07-02T18:59:12.655058","level":"info","event":"Filling up the DagBag from /opt/airflow/dags/dags_intro.py","logger":"airflow.models.dagbag.DagBag"}
{"timestamp":"2025-07-02T18:59:43.213035","level":"info","event":"Filling up the DagBag from /opt/airflow/dags/dags_intro.py","logger":"airflow.models.dagbag.DagBag"}
{"timestamp":"2025-07-02T19:00:13.931059","level":"info","event":"Filling up the DagBag from /opt/airflow/dags/dags_intro.py","logger":"airflow.models.dagbag.DagBag"}
{"timestamp":"2025-07-02T19:00:44.416660","level":"info","event":"Filling up the DagBag from /opt/airflow/dags/dags_intro.py","logger":"airflow.models.dagbag.DagBag"}
{"timestamp":"2025-07-02T19:01:14.879080","level":"info","event":"Filling up the DagBag from /opt/airflow/dags/dags_intro.py","logger":"airflow.models.dagbag.DagBag"}
{"timestamp":"2025-07-02T19:01:45.377555","level":"info","event":"Filling up the DagBag from /opt/airflow/dags/dags_intro.py","logger":"airflow.models.dagbag.DagBag"}
{"timestamp":"2025-07-02T19:02:15.894014","level":"info","event":"Filling up the DagBag from /opt/airflow/dags/dags_intro.py","logger":"airflow.models.dagbag.DagBag"}
{"timestamp":"2025-07-02T19:02:46.450060","level":"info","event":"Filling up the DagBag from /opt/airflow/dags/dags_intro.py","logger":"airflow.models.dagbag.DagBag"}
{"timestamp":"2025-07-02T19:03:16.963178","level":"info","event":"Filling up the DagBag from /opt/airflow/dags/dags_intro.py","logger":"airflow.models.dagbag.DagBag"}
{"timestamp":"2025-07-02T19:03:47.453848","level":"info","event":"Filling up the DagBag from /opt/airflow/dags/dags_intro.py","logger":"airflow.models.dagbag.DagBag"}
{"timestamp":"2025-07-02T19:04:18.004899","level":"info","event":"Filling up the DagBag from /opt/airflow/dags/dags_intro.py","logger":"airflow.models.dagbag.DagBag"}
{"timestamp":"2025-07-02T19:04:48.488828","level":"info","event":"Filling up the DagBag from /opt/airflow/dags/dags_intro.py","logger":"airflow.models.dagbag.DagBag"}
{"timestamp":"2025-07-02T19:05:18.983194","level":"info","event":"Filling up the DagBag from /opt/airflow/dags/dags_intro.py","logger":"airflow.models.dagbag.DagBag"}
{"timestamp":"2025-07-02T19:05:49.432448","level":"info","event":"Filling up the DagBag from /opt/airflow/dags/dags_intro.py","logger":"airflow.models.dagbag.DagBag"}
{"timestamp":"2025-07-02T19:06:19.928703","level":"info","event":"Filling up the DagBag from /opt/airflow/dags/dags_intro.py","logger":"airflow.models.dagbag.DagBag"}
{"timestamp":"2025-07-02T19:06:50.400770","level":"info","event":"Filling up the DagBag from /opt/airflow/dags/dags_intro.py","logger":"airflow.models.dagbag.DagBag"}
{"timestamp":"2025-07-02T19:07:20.868098","level":"info","event":"Filling up the DagBag from /opt/airflow/dags/dags_intro.py","logger":"airflow.models.dagbag.DagBag"}
{"timestamp":"2025-07-02T19:07:51.321728","level":"info","event":"Filling up the DagBag from /opt/airflow/dags/dags_intro.py","logger":"airflow.models.dagbag.DagBag"}
{"timestamp":"2025-07-02T19:08:21.823419","level":"info","event":"Filling up the DagBag from /opt/airflow/dags/dags_intro.py","logger":"airflow.models.dagbag.DagBag"}
{"timestamp":"2025-07-02T19:08:52.294195","level":"info","event":"Filling up the DagBag from /opt/airflow/dags/dags_intro.py","logger":"airflow.models.dagbag.DagBag"}
{"timestamp":"2025-07-02T19:09:22.756807","level":"info","event":"Filling up the DagBag from /opt/airflow/dags/dags_intro.py","logger":"airflow.models.dagbag.DagBag"}
{"timestamp":"2025-07-02T19:09:53.202481","level":"info","event":"Filling up the DagBag from /opt/airflow/dags/dags_intro.py","logger":"airflow.models.dagbag.DagBag"}
{"timestamp":"2025-07-02T19:10:23.693519","level":"info","event":"Filling up the DagBag from /opt/airflow/dags/dags_intro.py","logger":"airflow.models.dagbag.DagBag"}
{"timestamp":"2025-07-02T19:10:54.154636","level":"info","event":"Filling up the DagBag from /opt/airflow/dags/dags_intro.py","logger":"airflow.models.dagbag.DagBag"}
{"timestamp":"2025-07-02T19:11:24.618076","level":"info","event":"Filling up the DagBag from /opt/airflow/dags/dags_intro.py","logger":"airflow.models.dagbag.DagBag"}
{"timestamp":"2025-07-02T19:11:55.086873","level":"info","event":"Filling up the DagBag from /opt/airflow/dags/dags_intro.py","logger":"airflow.models.dagbag.DagBag"}
{"timestamp":"2025-07-02T19:12:25.566942","level":"info","event":"Filling up the DagBag from /opt/airflow/dags/dags_intro.py","logger":"airflow.models.dagbag.DagBag"}
{"timestamp":"2025-07-02T22:12:38.794995","level":"info","event":"Filling up the DagBag from /opt/airflow/dags/dags_intro.py","logger":"airflow.models.dagbag.DagBag"}
