[2025-06-26T02:39:13.051+0000] {processor.py:161} INFO - Started process (PID=110) to work on /home/airflow/.local/lib/python3.12/site-packages/airflow/example_dags/example_short_circuit_decorator.py
[2025-06-26T02:39:13.052+0000] {processor.py:830} INFO - Processing file /home/airflow/.local/lib/python3.12/site-packages/airflow/example_dags/example_short_circuit_decorator.py for tasks to queue
[2025-06-26T02:39:13.053+0000] {logging_mixin.py:188} INFO - [2025-06-26T02:39:13.053+0000] {dagbag.py:545} INFO - Filling up the DagBag from /home/airflow/.local/lib/python3.12/site-packages/airflow/example_dags/example_short_circuit_decorator.py
[2025-06-26T02:39:13.062+0000] {processor.py:840} INFO - DAG(s) 'example_short_circuit_decorator' retrieved from /home/airflow/.local/lib/python3.12/site-packages/airflow/example_dags/example_short_circuit_decorator.py
[2025-06-26T02:39:13.164+0000] {logging_mixin.py:188} INFO - [2025-06-26T02:39:13.163+0000] {override.py:1829} INFO - Created Permission View: can edit on DAG:example_short_circuit_decorator
[2025-06-26T02:39:13.180+0000] {logging_mixin.py:188} INFO - [2025-06-26T02:39:13.180+0000] {override.py:1829} INFO - Created Permission View: can read on DAG:example_short_circuit_decorator
[2025-06-26T02:39:13.191+0000] {logging_mixin.py:188} INFO - [2025-06-26T02:39:13.190+0000] {override.py:1829} INFO - Created Permission View: can delete on DAG:example_short_circuit_decorator
[2025-06-26T02:39:13.192+0000] {logging_mixin.py:188} INFO - [2025-06-26T02:39:13.192+0000] {dag.py:3096} INFO - Sync 1 DAGs
[2025-06-26T02:39:13.203+0000] {logging_mixin.py:188} INFO - [2025-06-26T02:39:13.203+0000] {dag.py:3118} INFO - Creating ORM DAG for example_short_circuit_decorator
[2025-06-26T02:39:13.213+0000] {logging_mixin.py:188} INFO - [2025-06-26T02:39:13.213+0000] {dag.py:3954} INFO - Setting next_dagrun for example_short_circuit_decorator to 2025-06-25 00:00:00+00:00, run_after=2025-06-26 00:00:00+00:00
[2025-06-26T02:39:13.235+0000] {processor.py:183} INFO - Processing /home/airflow/.local/lib/python3.12/site-packages/airflow/example_dags/example_short_circuit_decorator.py took 0.189 seconds
[2025-06-26T02:39:43.603+0000] {processor.py:161} INFO - Started process (PID=170) to work on /home/airflow/.local/lib/python3.12/site-packages/airflow/example_dags/example_short_circuit_decorator.py
[2025-06-26T02:39:43.603+0000] {processor.py:830} INFO - Processing file /home/airflow/.local/lib/python3.12/site-packages/airflow/example_dags/example_short_circuit_decorator.py for tasks to queue
[2025-06-26T02:39:43.605+0000] {logging_mixin.py:188} INFO - [2025-06-26T02:39:43.605+0000] {dagbag.py:545} INFO - Filling up the DagBag from /home/airflow/.local/lib/python3.12/site-packages/airflow/example_dags/example_short_circuit_decorator.py
[2025-06-26T02:39:43.612+0000] {processor.py:840} INFO - DAG(s) 'example_short_circuit_decorator' retrieved from /home/airflow/.local/lib/python3.12/site-packages/airflow/example_dags/example_short_circuit_decorator.py
[2025-06-26T02:39:43.636+0000] {logging_mixin.py:188} INFO - [2025-06-26T02:39:43.636+0000] {dag.py:3096} INFO - Sync 1 DAGs
[2025-06-26T02:39:43.655+0000] {logging_mixin.py:188} INFO - [2025-06-26T02:39:43.655+0000] {dag.py:3954} INFO - Setting next_dagrun for example_short_circuit_decorator to 2025-06-25 00:00:00+00:00, run_after=2025-06-26 00:00:00+00:00
[2025-06-26T02:39:43.674+0000] {processor.py:183} INFO - Processing /home/airflow/.local/lib/python3.12/site-packages/airflow/example_dags/example_short_circuit_decorator.py took 0.077 seconds
[2025-06-26T02:40:13.938+0000] {processor.py:161} INFO - Started process (PID=230) to work on /home/airflow/.local/lib/python3.12/site-packages/airflow/example_dags/example_short_circuit_decorator.py
[2025-06-26T02:40:13.939+0000] {processor.py:830} INFO - Processing file /home/airflow/.local/lib/python3.12/site-packages/airflow/example_dags/example_short_circuit_decorator.py for tasks to queue
[2025-06-26T02:40:13.940+0000] {logging_mixin.py:188} INFO - [2025-06-26T02:40:13.940+0000] {dagbag.py:545} INFO - Filling up the DagBag from /home/airflow/.local/lib/python3.12/site-packages/airflow/example_dags/example_short_circuit_decorator.py
[2025-06-26T02:40:13.949+0000] {processor.py:840} INFO - DAG(s) 'example_short_circuit_decorator' retrieved from /home/airflow/.local/lib/python3.12/site-packages/airflow/example_dags/example_short_circuit_decorator.py
[2025-06-26T02:40:13.978+0000] {logging_mixin.py:188} INFO - [2025-06-26T02:40:13.977+0000] {dag.py:3096} INFO - Sync 1 DAGs
[2025-06-26T02:40:14.001+0000] {logging_mixin.py:188} INFO - [2025-06-26T02:40:14.001+0000] {dag.py:3954} INFO - Setting next_dagrun for example_short_circuit_decorator to 2025-06-25 00:00:00+00:00, run_after=2025-06-26 00:00:00+00:00
[2025-06-26T02:40:14.026+0000] {processor.py:183} INFO - Processing /home/airflow/.local/lib/python3.12/site-packages/airflow/example_dags/example_short_circuit_decorator.py took 0.094 seconds
[2025-06-26T02:40:44.145+0000] {processor.py:161} INFO - Started process (PID=290) to work on /home/airflow/.local/lib/python3.12/site-packages/airflow/example_dags/example_short_circuit_decorator.py
[2025-06-26T02:40:44.146+0000] {processor.py:830} INFO - Processing file /home/airflow/.local/lib/python3.12/site-packages/airflow/example_dags/example_short_circuit_decorator.py for tasks to queue
[2025-06-26T02:40:44.147+0000] {logging_mixin.py:188} INFO - [2025-06-26T02:40:44.147+0000] {dagbag.py:545} INFO - Filling up the DagBag from /home/airflow/.local/lib/python3.12/site-packages/airflow/example_dags/example_short_circuit_decorator.py
[2025-06-26T02:40:44.155+0000] {processor.py:840} INFO - DAG(s) 'example_short_circuit_decorator' retrieved from /home/airflow/.local/lib/python3.12/site-packages/airflow/example_dags/example_short_circuit_decorator.py
[2025-06-26T02:40:44.179+0000] {logging_mixin.py:188} INFO - [2025-06-26T02:40:44.178+0000] {dag.py:3096} INFO - Sync 1 DAGs
[2025-06-26T02:40:44.199+0000] {logging_mixin.py:188} INFO - [2025-06-26T02:40:44.199+0000] {dag.py:3954} INFO - Setting next_dagrun for example_short_circuit_decorator to 2025-06-25 00:00:00+00:00, run_after=2025-06-26 00:00:00+00:00
[2025-06-26T02:40:44.219+0000] {processor.py:183} INFO - Processing /home/airflow/.local/lib/python3.12/site-packages/airflow/example_dags/example_short_circuit_decorator.py took 0.079 seconds
[2025-06-26T02:41:14.472+0000] {processor.py:161} INFO - Started process (PID=353) to work on /home/airflow/.local/lib/python3.12/site-packages/airflow/example_dags/example_short_circuit_decorator.py
[2025-06-26T02:41:14.473+0000] {processor.py:830} INFO - Processing file /home/airflow/.local/lib/python3.12/site-packages/airflow/example_dags/example_short_circuit_decorator.py for tasks to queue
[2025-06-26T02:41:14.475+0000] {logging_mixin.py:188} INFO - [2025-06-26T02:41:14.475+0000] {dagbag.py:545} INFO - Filling up the DagBag from /home/airflow/.local/lib/python3.12/site-packages/airflow/example_dags/example_short_circuit_decorator.py
[2025-06-26T02:41:14.484+0000] {processor.py:840} INFO - DAG(s) 'example_short_circuit_decorator' retrieved from /home/airflow/.local/lib/python3.12/site-packages/airflow/example_dags/example_short_circuit_decorator.py
[2025-06-26T02:41:14.510+0000] {logging_mixin.py:188} INFO - [2025-06-26T02:41:14.510+0000] {dag.py:3096} INFO - Sync 1 DAGs
[2025-06-26T02:41:14.535+0000] {logging_mixin.py:188} INFO - [2025-06-26T02:41:14.534+0000] {dag.py:3954} INFO - Setting next_dagrun for example_short_circuit_decorator to 2025-06-25 00:00:00+00:00, run_after=2025-06-26 00:00:00+00:00
[2025-06-26T02:41:14.561+0000] {processor.py:183} INFO - Processing /home/airflow/.local/lib/python3.12/site-packages/airflow/example_dags/example_short_circuit_decorator.py took 0.094 seconds
[2025-06-26T02:41:45.887+0000] {processor.py:161} INFO - Started process (PID=415) to work on /home/airflow/.local/lib/python3.12/site-packages/airflow/example_dags/example_short_circuit_decorator.py
[2025-06-26T02:41:45.888+0000] {processor.py:830} INFO - Processing file /home/airflow/.local/lib/python3.12/site-packages/airflow/example_dags/example_short_circuit_decorator.py for tasks to queue
[2025-06-26T02:41:45.890+0000] {logging_mixin.py:188} INFO - [2025-06-26T02:41:45.890+0000] {dagbag.py:545} INFO - Filling up the DagBag from /home/airflow/.local/lib/python3.12/site-packages/airflow/example_dags/example_short_circuit_decorator.py
[2025-06-26T02:41:45.898+0000] {processor.py:840} INFO - DAG(s) 'example_short_circuit_decorator' retrieved from /home/airflow/.local/lib/python3.12/site-packages/airflow/example_dags/example_short_circuit_decorator.py
[2025-06-26T02:41:45.924+0000] {logging_mixin.py:188} INFO - [2025-06-26T02:41:45.924+0000] {dag.py:3096} INFO - Sync 1 DAGs
[2025-06-26T02:41:45.947+0000] {logging_mixin.py:188} INFO - [2025-06-26T02:41:45.947+0000] {dag.py:3954} INFO - Setting next_dagrun for example_short_circuit_decorator to 2025-06-25 00:00:00+00:00, run_after=2025-06-26 00:00:00+00:00
[2025-06-26T02:41:46.051+0000] {processor.py:183} INFO - Processing /home/airflow/.local/lib/python3.12/site-packages/airflow/example_dags/example_short_circuit_decorator.py took 0.171 seconds
