[2025-06-26T02:38:49.405+0000] {processor.py:161} INFO - Started process (PID=78) to work on /home/airflow/.local/lib/python3.12/site-packages/airflow/example_dags/example_python_operator.py
[2025-06-26T02:38:49.406+0000] {processor.py:830} INFO - Processing file /home/airflow/.local/lib/python3.12/site-packages/airflow/example_dags/example_python_operator.py for tasks to queue
[2025-06-26T02:38:49.407+0000] {logging_mixin.py:188} INFO - [2025-06-26T02:38:49.407+0000] {dagbag.py:545} INFO - Filling up the DagBag from /home/airflow/.local/lib/python3.12/site-packages/airflow/example_dags/example_python_operator.py
[2025-06-26T02:38:49.467+0000] {processor.py:840} INFO - DAG(s) 'example_python_operator' retrieved from /home/airflow/.local/lib/python3.12/site-packages/airflow/example_dags/example_python_operator.py
[2025-06-26T02:38:52.344+0000] {logging_mixin.py:188} INFO - [2025-06-26T02:38:52.343+0000] {override.py:1829} INFO - Created Permission View: can edit on DAG:example_python_operator
[2025-06-26T02:38:52.971+0000] {logging_mixin.py:188} INFO - [2025-06-26T02:38:52.971+0000] {override.py:1829} INFO - Created Permission View: can read on DAG:example_python_operator
[2025-06-26T02:38:53.084+0000] {logging_mixin.py:188} INFO - [2025-06-26T02:38:53.083+0000] {override.py:1829} INFO - Created Permission View: can delete on DAG:example_python_operator
[2025-06-26T02:38:53.110+0000] {logging_mixin.py:188} INFO - [2025-06-26T02:38:53.110+0000] {dag.py:3096} INFO - Sync 1 DAGs
[2025-06-26T02:38:56.535+0000] {logging_mixin.py:188} INFO - [2025-06-26T02:38:56.534+0000] {dag.py:3118} INFO - Creating ORM DAG for example_python_operator
[2025-06-26T02:38:56.860+0000] {logging_mixin.py:188} INFO - [2025-06-26T02:38:56.860+0000] {dag.py:3954} INFO - Setting next_dagrun for example_python_operator to None, run_after=None
[2025-06-26T02:38:58.494+0000] {processor.py:183} INFO - Processing /home/airflow/.local/lib/python3.12/site-packages/airflow/example_dags/example_python_operator.py took 9.321 seconds
[2025-06-26T02:39:28.886+0000] {processor.py:161} INFO - Started process (PID=138) to work on /home/airflow/.local/lib/python3.12/site-packages/airflow/example_dags/example_python_operator.py
[2025-06-26T02:39:28.889+0000] {processor.py:830} INFO - Processing file /home/airflow/.local/lib/python3.12/site-packages/airflow/example_dags/example_python_operator.py for tasks to queue
[2025-06-26T02:39:28.893+0000] {logging_mixin.py:188} INFO - [2025-06-26T02:39:28.893+0000] {dagbag.py:545} INFO - Filling up the DagBag from /home/airflow/.local/lib/python3.12/site-packages/airflow/example_dags/example_python_operator.py
[2025-06-26T02:39:28.931+0000] {processor.py:840} INFO - DAG(s) 'example_python_operator' retrieved from /home/airflow/.local/lib/python3.12/site-packages/airflow/example_dags/example_python_operator.py
[2025-06-26T02:39:29.012+0000] {logging_mixin.py:188} INFO - [2025-06-26T02:39:29.012+0000] {dag.py:3096} INFO - Sync 1 DAGs
[2025-06-26T02:39:29.063+0000] {logging_mixin.py:188} INFO - [2025-06-26T02:39:29.062+0000] {dag.py:3954} INFO - Setting next_dagrun for example_python_operator to None, run_after=None
[2025-06-26T02:39:29.103+0000] {processor.py:183} INFO - Processing /home/airflow/.local/lib/python3.12/site-packages/airflow/example_dags/example_python_operator.py took 0.260 seconds
[2025-06-26T02:39:59.869+0000] {processor.py:161} INFO - Started process (PID=198) to work on /home/airflow/.local/lib/python3.12/site-packages/airflow/example_dags/example_python_operator.py
[2025-06-26T02:39:59.869+0000] {processor.py:830} INFO - Processing file /home/airflow/.local/lib/python3.12/site-packages/airflow/example_dags/example_python_operator.py for tasks to queue
[2025-06-26T02:39:59.872+0000] {logging_mixin.py:188} INFO - [2025-06-26T02:39:59.871+0000] {dagbag.py:545} INFO - Filling up the DagBag from /home/airflow/.local/lib/python3.12/site-packages/airflow/example_dags/example_python_operator.py
[2025-06-26T02:39:59.880+0000] {processor.py:840} INFO - DAG(s) 'example_python_operator' retrieved from /home/airflow/.local/lib/python3.12/site-packages/airflow/example_dags/example_python_operator.py
[2025-06-26T02:39:59.902+0000] {logging_mixin.py:188} INFO - [2025-06-26T02:39:59.902+0000] {dag.py:3096} INFO - Sync 1 DAGs
[2025-06-26T02:39:59.913+0000] {logging_mixin.py:188} INFO - [2025-06-26T02:39:59.913+0000] {dag.py:3954} INFO - Setting next_dagrun for example_python_operator to None, run_after=None
[2025-06-26T02:39:59.935+0000] {processor.py:183} INFO - Processing /home/airflow/.local/lib/python3.12/site-packages/airflow/example_dags/example_python_operator.py took 0.071 seconds
[2025-06-26T02:40:30.534+0000] {processor.py:161} INFO - Started process (PID=258) to work on /home/airflow/.local/lib/python3.12/site-packages/airflow/example_dags/example_python_operator.py
[2025-06-26T02:40:30.535+0000] {processor.py:830} INFO - Processing file /home/airflow/.local/lib/python3.12/site-packages/airflow/example_dags/example_python_operator.py for tasks to queue
[2025-06-26T02:40:30.537+0000] {logging_mixin.py:188} INFO - [2025-06-26T02:40:30.537+0000] {dagbag.py:545} INFO - Filling up the DagBag from /home/airflow/.local/lib/python3.12/site-packages/airflow/example_dags/example_python_operator.py
[2025-06-26T02:40:30.548+0000] {processor.py:840} INFO - DAG(s) 'example_python_operator' retrieved from /home/airflow/.local/lib/python3.12/site-packages/airflow/example_dags/example_python_operator.py
[2025-06-26T02:40:30.575+0000] {logging_mixin.py:188} INFO - [2025-06-26T02:40:30.575+0000] {dag.py:3096} INFO - Sync 1 DAGs
[2025-06-26T02:40:30.590+0000] {logging_mixin.py:188} INFO - [2025-06-26T02:40:30.590+0000] {dag.py:3954} INFO - Setting next_dagrun for example_python_operator to None, run_after=None
[2025-06-26T02:40:30.613+0000] {processor.py:183} INFO - Processing /home/airflow/.local/lib/python3.12/site-packages/airflow/example_dags/example_python_operator.py took 0.084 seconds
[2025-06-26T02:41:00.859+0000] {processor.py:161} INFO - Started process (PID=319) to work on /home/airflow/.local/lib/python3.12/site-packages/airflow/example_dags/example_python_operator.py
[2025-06-26T02:41:00.880+0000] {processor.py:830} INFO - Processing file /home/airflow/.local/lib/python3.12/site-packages/airflow/example_dags/example_python_operator.py for tasks to queue
[2025-06-26T02:41:00.882+0000] {logging_mixin.py:188} INFO - [2025-06-26T02:41:00.882+0000] {dagbag.py:545} INFO - Filling up the DagBag from /home/airflow/.local/lib/python3.12/site-packages/airflow/example_dags/example_python_operator.py
[2025-06-26T02:41:00.892+0000] {processor.py:840} INFO - DAG(s) 'example_python_operator' retrieved from /home/airflow/.local/lib/python3.12/site-packages/airflow/example_dags/example_python_operator.py
[2025-06-26T02:41:00.914+0000] {logging_mixin.py:188} INFO - [2025-06-26T02:41:00.914+0000] {dag.py:3096} INFO - Sync 1 DAGs
[2025-06-26T02:41:00.925+0000] {logging_mixin.py:188} INFO - [2025-06-26T02:41:00.925+0000] {dag.py:3954} INFO - Setting next_dagrun for example_python_operator to None, run_after=None
[2025-06-26T02:41:00.947+0000] {processor.py:183} INFO - Processing /home/airflow/.local/lib/python3.12/site-packages/airflow/example_dags/example_python_operator.py took 0.093 seconds
[2025-06-26T02:41:31.695+0000] {processor.py:161} INFO - Started process (PID=383) to work on /home/airflow/.local/lib/python3.12/site-packages/airflow/example_dags/example_python_operator.py
[2025-06-26T02:41:31.696+0000] {processor.py:830} INFO - Processing file /home/airflow/.local/lib/python3.12/site-packages/airflow/example_dags/example_python_operator.py for tasks to queue
[2025-06-26T02:41:31.699+0000] {logging_mixin.py:188} INFO - [2025-06-26T02:41:31.699+0000] {dagbag.py:545} INFO - Filling up the DagBag from /home/airflow/.local/lib/python3.12/site-packages/airflow/example_dags/example_python_operator.py
[2025-06-26T02:41:31.712+0000] {processor.py:840} INFO - DAG(s) 'example_python_operator' retrieved from /home/airflow/.local/lib/python3.12/site-packages/airflow/example_dags/example_python_operator.py
[2025-06-26T02:41:31.738+0000] {logging_mixin.py:188} INFO - [2025-06-26T02:41:31.737+0000] {dag.py:3096} INFO - Sync 1 DAGs
[2025-06-26T02:41:31.749+0000] {logging_mixin.py:188} INFO - [2025-06-26T02:41:31.749+0000] {dag.py:3954} INFO - Setting next_dagrun for example_python_operator to None, run_after=None
[2025-06-26T02:41:31.770+0000] {processor.py:183} INFO - Processing /home/airflow/.local/lib/python3.12/site-packages/airflow/example_dags/example_python_operator.py took 0.082 seconds
[2025-06-26T02:42:01.888+0000] {processor.py:161} INFO - Started process (PID=443) to work on /home/airflow/.local/lib/python3.12/site-packages/airflow/example_dags/example_python_operator.py
[2025-06-26T02:42:01.889+0000] {processor.py:830} INFO - Processing file /home/airflow/.local/lib/python3.12/site-packages/airflow/example_dags/example_python_operator.py for tasks to queue
[2025-06-26T02:42:01.891+0000] {logging_mixin.py:188} INFO - [2025-06-26T02:42:01.891+0000] {dagbag.py:545} INFO - Filling up the DagBag from /home/airflow/.local/lib/python3.12/site-packages/airflow/example_dags/example_python_operator.py
[2025-06-26T02:42:01.902+0000] {processor.py:840} INFO - DAG(s) 'example_python_operator' retrieved from /home/airflow/.local/lib/python3.12/site-packages/airflow/example_dags/example_python_operator.py
[2025-06-26T02:42:01.927+0000] {logging_mixin.py:188} INFO - [2025-06-26T02:42:01.927+0000] {dag.py:3096} INFO - Sync 1 DAGs
[2025-06-26T02:42:01.940+0000] {logging_mixin.py:188} INFO - [2025-06-26T02:42:01.939+0000] {dag.py:3954} INFO - Setting next_dagrun for example_python_operator to None, run_after=None
[2025-06-26T02:42:01.961+0000] {processor.py:183} INFO - Processing /home/airflow/.local/lib/python3.12/site-packages/airflow/example_dags/example_python_operator.py took 0.080 seconds
