[2025-06-26T02:39:13.577+0000] {processor.py:161} INFO - Started process (PID=114) to work on /home/airflow/.local/lib/python3.12/site-packages/airflow/example_dags/example_task_group.py
[2025-06-26T02:39:13.579+0000] {processor.py:830} INFO - Processing file /home/airflow/.local/lib/python3.12/site-packages/airflow/example_dags/example_task_group.py for tasks to queue
[2025-06-26T02:39:13.581+0000] {logging_mixin.py:188} INFO - [2025-06-26T02:39:13.581+0000] {dagbag.py:545} INFO - Filling up the DagBag from /home/airflow/.local/lib/python3.12/site-packages/airflow/example_dags/example_task_group.py
[2025-06-26T02:39:13.590+0000] {processor.py:840} INFO - DAG(s) 'example_task_group' retrieved from /home/airflow/.local/lib/python3.12/site-packages/airflow/example_dags/example_task_group.py
[2025-06-26T02:39:13.721+0000] {logging_mixin.py:188} INFO - [2025-06-26T02:39:13.720+0000] {override.py:1829} INFO - Created Permission View: can edit on DAG:example_task_group
[2025-06-26T02:39:13.736+0000] {logging_mixin.py:188} INFO - [2025-06-26T02:39:13.736+0000] {override.py:1829} INFO - Created Permission View: can read on DAG:example_task_group
[2025-06-26T02:39:13.745+0000] {logging_mixin.py:188} INFO - [2025-06-26T02:39:13.745+0000] {override.py:1829} INFO - Created Permission View: can delete on DAG:example_task_group
[2025-06-26T02:39:13.746+0000] {logging_mixin.py:188} INFO - [2025-06-26T02:39:13.746+0000] {dag.py:3096} INFO - Sync 1 DAGs
[2025-06-26T02:39:13.758+0000] {logging_mixin.py:188} INFO - [2025-06-26T02:39:13.758+0000] {dag.py:3118} INFO - Creating ORM DAG for example_task_group
[2025-06-26T02:39:13.768+0000] {logging_mixin.py:188} INFO - [2025-06-26T02:39:13.768+0000] {dag.py:3954} INFO - Setting next_dagrun for example_task_group to 2025-06-25 00:00:00+00:00, run_after=2025-06-26 00:00:00+00:00
[2025-06-26T02:39:13.786+0000] {processor.py:183} INFO - Processing /home/airflow/.local/lib/python3.12/site-packages/airflow/example_dags/example_task_group.py took 0.216 seconds
[2025-06-26T02:39:44.933+0000] {processor.py:161} INFO - Started process (PID=176) to work on /home/airflow/.local/lib/python3.12/site-packages/airflow/example_dags/example_task_group.py
[2025-06-26T02:39:44.935+0000] {processor.py:830} INFO - Processing file /home/airflow/.local/lib/python3.12/site-packages/airflow/example_dags/example_task_group.py for tasks to queue
[2025-06-26T02:39:44.936+0000] {logging_mixin.py:188} INFO - [2025-06-26T02:39:44.936+0000] {dagbag.py:545} INFO - Filling up the DagBag from /home/airflow/.local/lib/python3.12/site-packages/airflow/example_dags/example_task_group.py
[2025-06-26T02:39:44.948+0000] {processor.py:840} INFO - DAG(s) 'example_task_group' retrieved from /home/airflow/.local/lib/python3.12/site-packages/airflow/example_dags/example_task_group.py
[2025-06-26T02:39:45.032+0000] {logging_mixin.py:188} INFO - [2025-06-26T02:39:45.032+0000] {dag.py:3096} INFO - Sync 1 DAGs
[2025-06-26T02:39:45.074+0000] {logging_mixin.py:188} INFO - [2025-06-26T02:39:45.074+0000] {dag.py:3954} INFO - Setting next_dagrun for example_task_group to 2025-06-25 00:00:00+00:00, run_after=2025-06-26 00:00:00+00:00
[2025-06-26T02:39:45.101+0000] {processor.py:183} INFO - Processing /home/airflow/.local/lib/python3.12/site-packages/airflow/example_dags/example_task_group.py took 0.180 seconds
[2025-06-26T02:40:15.175+0000] {processor.py:161} INFO - Started process (PID=236) to work on /home/airflow/.local/lib/python3.12/site-packages/airflow/example_dags/example_task_group.py
[2025-06-26T02:40:15.175+0000] {processor.py:830} INFO - Processing file /home/airflow/.local/lib/python3.12/site-packages/airflow/example_dags/example_task_group.py for tasks to queue
[2025-06-26T02:40:15.177+0000] {logging_mixin.py:188} INFO - [2025-06-26T02:40:15.177+0000] {dagbag.py:545} INFO - Filling up the DagBag from /home/airflow/.local/lib/python3.12/site-packages/airflow/example_dags/example_task_group.py
[2025-06-26T02:40:15.183+0000] {processor.py:840} INFO - DAG(s) 'example_task_group' retrieved from /home/airflow/.local/lib/python3.12/site-packages/airflow/example_dags/example_task_group.py
[2025-06-26T02:40:15.205+0000] {logging_mixin.py:188} INFO - [2025-06-26T02:40:15.205+0000] {dag.py:3096} INFO - Sync 1 DAGs
[2025-06-26T02:40:15.223+0000] {logging_mixin.py:188} INFO - [2025-06-26T02:40:15.223+0000] {dag.py:3954} INFO - Setting next_dagrun for example_task_group to 2025-06-25 00:00:00+00:00, run_after=2025-06-26 00:00:00+00:00
[2025-06-26T02:40:15.243+0000] {processor.py:183} INFO - Processing /home/airflow/.local/lib/python3.12/site-packages/airflow/example_dags/example_task_group.py took 0.072 seconds
[2025-06-26T02:40:45.384+0000] {processor.py:161} INFO - Started process (PID=295) to work on /home/airflow/.local/lib/python3.12/site-packages/airflow/example_dags/example_task_group.py
[2025-06-26T02:40:45.386+0000] {processor.py:830} INFO - Processing file /home/airflow/.local/lib/python3.12/site-packages/airflow/example_dags/example_task_group.py for tasks to queue
[2025-06-26T02:40:45.388+0000] {logging_mixin.py:188} INFO - [2025-06-26T02:40:45.387+0000] {dagbag.py:545} INFO - Filling up the DagBag from /home/airflow/.local/lib/python3.12/site-packages/airflow/example_dags/example_task_group.py
[2025-06-26T02:40:45.395+0000] {processor.py:840} INFO - DAG(s) 'example_task_group' retrieved from /home/airflow/.local/lib/python3.12/site-packages/airflow/example_dags/example_task_group.py
[2025-06-26T02:40:45.419+0000] {logging_mixin.py:188} INFO - [2025-06-26T02:40:45.419+0000] {dag.py:3096} INFO - Sync 1 DAGs
[2025-06-26T02:40:45.445+0000] {logging_mixin.py:188} INFO - [2025-06-26T02:40:45.445+0000] {dag.py:3954} INFO - Setting next_dagrun for example_task_group to 2025-06-25 00:00:00+00:00, run_after=2025-06-26 00:00:00+00:00
[2025-06-26T02:40:45.468+0000] {processor.py:183} INFO - Processing /home/airflow/.local/lib/python3.12/site-packages/airflow/example_dags/example_task_group.py took 0.090 seconds
[2025-06-26T02:41:15.865+0000] {processor.py:161} INFO - Started process (PID=359) to work on /home/airflow/.local/lib/python3.12/site-packages/airflow/example_dags/example_task_group.py
[2025-06-26T02:41:15.866+0000] {processor.py:830} INFO - Processing file /home/airflow/.local/lib/python3.12/site-packages/airflow/example_dags/example_task_group.py for tasks to queue
[2025-06-26T02:41:15.868+0000] {logging_mixin.py:188} INFO - [2025-06-26T02:41:15.868+0000] {dagbag.py:545} INFO - Filling up the DagBag from /home/airflow/.local/lib/python3.12/site-packages/airflow/example_dags/example_task_group.py
[2025-06-26T02:41:15.875+0000] {processor.py:840} INFO - DAG(s) 'example_task_group' retrieved from /home/airflow/.local/lib/python3.12/site-packages/airflow/example_dags/example_task_group.py
[2025-06-26T02:41:15.902+0000] {logging_mixin.py:188} INFO - [2025-06-26T02:41:15.901+0000] {dag.py:3096} INFO - Sync 1 DAGs
[2025-06-26T02:41:15.925+0000] {logging_mixin.py:188} INFO - [2025-06-26T02:41:15.924+0000] {dag.py:3954} INFO - Setting next_dagrun for example_task_group to 2025-06-25 00:00:00+00:00, run_after=2025-06-26 00:00:00+00:00
[2025-06-26T02:41:15.950+0000] {processor.py:183} INFO - Processing /home/airflow/.local/lib/python3.12/site-packages/airflow/example_dags/example_task_group.py took 0.091 seconds
[2025-06-26T02:41:46.462+0000] {processor.py:161} INFO - Started process (PID=421) to work on /home/airflow/.local/lib/python3.12/site-packages/airflow/example_dags/example_task_group.py
[2025-06-26T02:41:46.464+0000] {processor.py:830} INFO - Processing file /home/airflow/.local/lib/python3.12/site-packages/airflow/example_dags/example_task_group.py for tasks to queue
[2025-06-26T02:41:46.466+0000] {logging_mixin.py:188} INFO - [2025-06-26T02:41:46.465+0000] {dagbag.py:545} INFO - Filling up the DagBag from /home/airflow/.local/lib/python3.12/site-packages/airflow/example_dags/example_task_group.py
[2025-06-26T02:41:46.474+0000] {processor.py:840} INFO - DAG(s) 'example_task_group' retrieved from /home/airflow/.local/lib/python3.12/site-packages/airflow/example_dags/example_task_group.py
[2025-06-26T02:41:46.501+0000] {logging_mixin.py:188} INFO - [2025-06-26T02:41:46.501+0000] {dag.py:3096} INFO - Sync 1 DAGs
[2025-06-26T02:41:46.545+0000] {logging_mixin.py:188} INFO - [2025-06-26T02:41:46.544+0000] {dag.py:3954} INFO - Setting next_dagrun for example_task_group to 2025-06-25 00:00:00+00:00, run_after=2025-06-26 00:00:00+00:00
[2025-06-26T02:41:46.661+0000] {processor.py:183} INFO - Processing /home/airflow/.local/lib/python3.12/site-packages/airflow/example_dags/example_task_group.py took 0.204 seconds
