[2025-06-26T02:38:42.177+0000] {processor.py:161} INFO - Started process (PID=72) to work on /home/airflow/.local/lib/python3.12/site-packages/airflow/example_dags/example_local_kubernetes_executor.py
[2025-06-26T02:38:42.179+0000] {processor.py:830} INFO - Processing file /home/airflow/.local/lib/python3.12/site-packages/airflow/example_dags/example_local_kubernetes_executor.py for tasks to queue
[2025-06-26T02:38:42.183+0000] {logging_mixin.py:188} INFO - [2025-06-26T02:38:42.182+0000] {dagbag.py:545} INFO - Filling up the DagBag from /home/airflow/.local/lib/python3.12/site-packages/airflow/example_dags/example_local_kubernetes_executor.py
[2025-06-26T02:38:42.200+0000] {processor.py:840} INFO - DAG(s) 'example_local_kubernetes_executor' retrieved from /home/airflow/.local/lib/python3.12/site-packages/airflow/example_dags/example_local_kubernetes_executor.py
[2025-06-26T02:38:42.495+0000] {logging_mixin.py:188} INFO - [2025-06-26T02:38:42.493+0000] {override.py:1829} INFO - Created Permission View: can edit on DAG:example_local_kubernetes_executor
[2025-06-26T02:38:42.526+0000] {logging_mixin.py:188} INFO - [2025-06-26T02:38:42.525+0000] {override.py:1829} INFO - Created Permission View: can read on DAG:example_local_kubernetes_executor
[2025-06-26T02:38:42.545+0000] {logging_mixin.py:188} INFO - [2025-06-26T02:38:42.544+0000] {override.py:1829} INFO - Created Permission View: can delete on DAG:example_local_kubernetes_executor
[2025-06-26T02:38:42.546+0000] {logging_mixin.py:188} INFO - [2025-06-26T02:38:42.546+0000] {dag.py:3096} INFO - Sync 1 DAGs
[2025-06-26T02:38:42.575+0000] {logging_mixin.py:188} INFO - [2025-06-26T02:38:42.574+0000] {dag.py:3118} INFO - Creating ORM DAG for example_local_kubernetes_executor
[2025-06-26T02:38:42.576+0000] {logging_mixin.py:188} INFO - [2025-06-26T02:38:42.576+0000] {dag.py:3954} INFO - Setting next_dagrun for example_local_kubernetes_executor to None, run_after=None
[2025-06-26T02:38:42.625+0000] {processor.py:183} INFO - Processing /home/airflow/.local/lib/python3.12/site-packages/airflow/example_dags/example_local_kubernetes_executor.py took 0.455 seconds
[2025-06-26T02:39:15.925+0000] {processor.py:161} INFO - Started process (PID=132) to work on /home/airflow/.local/lib/python3.12/site-packages/airflow/example_dags/example_local_kubernetes_executor.py
[2025-06-26T02:39:15.941+0000] {processor.py:830} INFO - Processing file /home/airflow/.local/lib/python3.12/site-packages/airflow/example_dags/example_local_kubernetes_executor.py for tasks to queue
[2025-06-26T02:39:15.957+0000] {logging_mixin.py:188} INFO - [2025-06-26T02:39:15.951+0000] {dagbag.py:545} INFO - Filling up the DagBag from /home/airflow/.local/lib/python3.12/site-packages/airflow/example_dags/example_local_kubernetes_executor.py
[2025-06-26T02:39:15.993+0000] {processor.py:840} INFO - DAG(s) 'example_local_kubernetes_executor' retrieved from /home/airflow/.local/lib/python3.12/site-packages/airflow/example_dags/example_local_kubernetes_executor.py
[2025-06-26T02:39:16.117+0000] {logging_mixin.py:188} INFO - [2025-06-26T02:39:16.116+0000] {dag.py:3096} INFO - Sync 1 DAGs
[2025-06-26T02:39:16.135+0000] {logging_mixin.py:188} INFO - [2025-06-26T02:39:16.135+0000] {dag.py:3954} INFO - Setting next_dagrun for example_local_kubernetes_executor to None, run_after=None
[2025-06-26T02:39:16.175+0000] {processor.py:183} INFO - Processing /home/airflow/.local/lib/python3.12/site-packages/airflow/example_dags/example_local_kubernetes_executor.py took 0.257 seconds
[2025-06-26T02:39:46.701+0000] {processor.py:161} INFO - Started process (PID=190) to work on /home/airflow/.local/lib/python3.12/site-packages/airflow/example_dags/example_local_kubernetes_executor.py
[2025-06-26T02:39:46.702+0000] {processor.py:830} INFO - Processing file /home/airflow/.local/lib/python3.12/site-packages/airflow/example_dags/example_local_kubernetes_executor.py for tasks to queue
[2025-06-26T02:39:46.705+0000] {logging_mixin.py:188} INFO - [2025-06-26T02:39:46.704+0000] {dagbag.py:545} INFO - Filling up the DagBag from /home/airflow/.local/lib/python3.12/site-packages/airflow/example_dags/example_local_kubernetes_executor.py
[2025-06-26T02:39:46.718+0000] {processor.py:840} INFO - DAG(s) 'example_local_kubernetes_executor' retrieved from /home/airflow/.local/lib/python3.12/site-packages/airflow/example_dags/example_local_kubernetes_executor.py
[2025-06-26T02:39:46.767+0000] {logging_mixin.py:188} INFO - [2025-06-26T02:39:46.767+0000] {dag.py:3096} INFO - Sync 1 DAGs
[2025-06-26T02:39:46.782+0000] {logging_mixin.py:188} INFO - [2025-06-26T02:39:46.782+0000] {dag.py:3954} INFO - Setting next_dagrun for example_local_kubernetes_executor to None, run_after=None
[2025-06-26T02:39:46.816+0000] {processor.py:183} INFO - Processing /home/airflow/.local/lib/python3.12/site-packages/airflow/example_dags/example_local_kubernetes_executor.py took 0.121 seconds
[2025-06-26T02:40:16.889+0000] {processor.py:161} INFO - Started process (PID=250) to work on /home/airflow/.local/lib/python3.12/site-packages/airflow/example_dags/example_local_kubernetes_executor.py
[2025-06-26T02:40:16.890+0000] {processor.py:830} INFO - Processing file /home/airflow/.local/lib/python3.12/site-packages/airflow/example_dags/example_local_kubernetes_executor.py for tasks to queue
[2025-06-26T02:40:16.891+0000] {logging_mixin.py:188} INFO - [2025-06-26T02:40:16.891+0000] {dagbag.py:545} INFO - Filling up the DagBag from /home/airflow/.local/lib/python3.12/site-packages/airflow/example_dags/example_local_kubernetes_executor.py
[2025-06-26T02:40:16.897+0000] {processor.py:840} INFO - DAG(s) 'example_local_kubernetes_executor' retrieved from /home/airflow/.local/lib/python3.12/site-packages/airflow/example_dags/example_local_kubernetes_executor.py
[2025-06-26T02:40:16.934+0000] {logging_mixin.py:188} INFO - [2025-06-26T02:40:16.934+0000] {dag.py:3096} INFO - Sync 1 DAGs
[2025-06-26T02:40:16.946+0000] {logging_mixin.py:188} INFO - [2025-06-26T02:40:16.946+0000] {dag.py:3954} INFO - Setting next_dagrun for example_local_kubernetes_executor to None, run_after=None
[2025-06-26T02:40:16.966+0000] {processor.py:183} INFO - Processing /home/airflow/.local/lib/python3.12/site-packages/airflow/example_dags/example_local_kubernetes_executor.py took 0.082 seconds
[2025-06-26T02:40:47.029+0000] {processor.py:161} INFO - Started process (PID=310) to work on /home/airflow/.local/lib/python3.12/site-packages/airflow/example_dags/example_local_kubernetes_executor.py
[2025-06-26T02:40:47.031+0000] {processor.py:830} INFO - Processing file /home/airflow/.local/lib/python3.12/site-packages/airflow/example_dags/example_local_kubernetes_executor.py for tasks to queue
[2025-06-26T02:40:47.033+0000] {logging_mixin.py:188} INFO - [2025-06-26T02:40:47.033+0000] {dagbag.py:545} INFO - Filling up the DagBag from /home/airflow/.local/lib/python3.12/site-packages/airflow/example_dags/example_local_kubernetes_executor.py
[2025-06-26T02:40:47.042+0000] {processor.py:840} INFO - DAG(s) 'example_local_kubernetes_executor' retrieved from /home/airflow/.local/lib/python3.12/site-packages/airflow/example_dags/example_local_kubernetes_executor.py
[2025-06-26T02:40:47.089+0000] {logging_mixin.py:188} INFO - [2025-06-26T02:40:47.089+0000] {dag.py:3096} INFO - Sync 1 DAGs
[2025-06-26T02:40:47.109+0000] {logging_mixin.py:188} INFO - [2025-06-26T02:40:47.109+0000] {dag.py:3954} INFO - Setting next_dagrun for example_local_kubernetes_executor to None, run_after=None
[2025-06-26T02:40:47.139+0000] {processor.py:183} INFO - Processing /home/airflow/.local/lib/python3.12/site-packages/airflow/example_dags/example_local_kubernetes_executor.py took 0.116 seconds
[2025-06-26T02:41:17.557+0000] {processor.py:161} INFO - Started process (PID=372) to work on /home/airflow/.local/lib/python3.12/site-packages/airflow/example_dags/example_local_kubernetes_executor.py
[2025-06-26T02:41:17.558+0000] {processor.py:830} INFO - Processing file /home/airflow/.local/lib/python3.12/site-packages/airflow/example_dags/example_local_kubernetes_executor.py for tasks to queue
[2025-06-26T02:41:17.560+0000] {logging_mixin.py:188} INFO - [2025-06-26T02:41:17.560+0000] {dagbag.py:545} INFO - Filling up the DagBag from /home/airflow/.local/lib/python3.12/site-packages/airflow/example_dags/example_local_kubernetes_executor.py
[2025-06-26T02:41:17.570+0000] {processor.py:840} INFO - DAG(s) 'example_local_kubernetes_executor' retrieved from /home/airflow/.local/lib/python3.12/site-packages/airflow/example_dags/example_local_kubernetes_executor.py
[2025-06-26T02:41:17.621+0000] {logging_mixin.py:188} INFO - [2025-06-26T02:41:17.621+0000] {dag.py:3096} INFO - Sync 1 DAGs
[2025-06-26T02:41:17.641+0000] {logging_mixin.py:188} INFO - [2025-06-26T02:41:17.641+0000] {dag.py:3954} INFO - Setting next_dagrun for example_local_kubernetes_executor to None, run_after=None
[2025-06-26T02:41:17.752+0000] {processor.py:183} INFO - Processing /home/airflow/.local/lib/python3.12/site-packages/airflow/example_dags/example_local_kubernetes_executor.py took 0.200 seconds
[2025-06-26T02:41:48.314+0000] {processor.py:161} INFO - Started process (PID=434) to work on /home/airflow/.local/lib/python3.12/site-packages/airflow/example_dags/example_local_kubernetes_executor.py
[2025-06-26T02:41:48.315+0000] {processor.py:830} INFO - Processing file /home/airflow/.local/lib/python3.12/site-packages/airflow/example_dags/example_local_kubernetes_executor.py for tasks to queue
[2025-06-26T02:41:48.316+0000] {logging_mixin.py:188} INFO - [2025-06-26T02:41:48.316+0000] {dagbag.py:545} INFO - Filling up the DagBag from /home/airflow/.local/lib/python3.12/site-packages/airflow/example_dags/example_local_kubernetes_executor.py
[2025-06-26T02:41:48.322+0000] {processor.py:840} INFO - DAG(s) 'example_local_kubernetes_executor' retrieved from /home/airflow/.local/lib/python3.12/site-packages/airflow/example_dags/example_local_kubernetes_executor.py
[2025-06-26T02:41:48.351+0000] {logging_mixin.py:188} INFO - [2025-06-26T02:41:48.351+0000] {dag.py:3096} INFO - Sync 1 DAGs
[2025-06-26T02:41:48.362+0000] {logging_mixin.py:188} INFO - [2025-06-26T02:41:48.362+0000] {dag.py:3954} INFO - Setting next_dagrun for example_local_kubernetes_executor to None, run_after=None
[2025-06-26T02:41:48.384+0000] {processor.py:183} INFO - Processing /home/airflow/.local/lib/python3.12/site-packages/airflow/example_dags/example_local_kubernetes_executor.py took 0.073 seconds
