[2025-06-26T02:39:11.559+0000] {processor.py:161} INFO - Started process (PID=100) to work on /home/airflow/.local/lib/python3.12/site-packages/airflow/example_dags/example_complex.py
[2025-06-26T02:39:11.561+0000] {processor.py:830} INFO - Processing file /home/airflow/.local/lib/python3.12/site-packages/airflow/example_dags/example_complex.py for tasks to queue
[2025-06-26T02:39:11.563+0000] {logging_mixin.py:188} INFO - [2025-06-26T02:39:11.563+0000] {dagbag.py:545} INFO - Filling up the DagBag from /home/airflow/.local/lib/python3.12/site-packages/airflow/example_dags/example_complex.py
[2025-06-26T02:39:11.577+0000] {processor.py:840} INFO - DAG(s) 'example_complex' retrieved from /home/airflow/.local/lib/python3.12/site-packages/airflow/example_dags/example_complex.py
[2025-06-26T02:39:11.748+0000] {logging_mixin.py:188} INFO - [2025-06-26T02:39:11.745+0000] {override.py:1829} INFO - Created Permission View: can edit on DAG:example_complex
[2025-06-26T02:39:11.762+0000] {logging_mixin.py:188} INFO - [2025-06-26T02:39:11.762+0000] {override.py:1829} INFO - Created Permission View: can read on DAG:example_complex
[2025-06-26T02:39:11.772+0000] {logging_mixin.py:188} INFO - [2025-06-26T02:39:11.772+0000] {override.py:1829} INFO - Created Permission View: can delete on DAG:example_complex
[2025-06-26T02:39:11.774+0000] {logging_mixin.py:188} INFO - [2025-06-26T02:39:11.773+0000] {dag.py:3096} INFO - Sync 1 DAGs
[2025-06-26T02:39:11.787+0000] {logging_mixin.py:188} INFO - [2025-06-26T02:39:11.787+0000] {dag.py:3118} INFO - Creating ORM DAG for example_complex
[2025-06-26T02:39:11.788+0000] {logging_mixin.py:188} INFO - [2025-06-26T02:39:11.788+0000] {dag.py:3954} INFO - Setting next_dagrun for example_complex to None, run_after=None
[2025-06-26T02:39:11.813+0000] {processor.py:183} INFO - Processing /home/airflow/.local/lib/python3.12/site-packages/airflow/example_dags/example_complex.py took 0.261 seconds
[2025-06-26T02:39:41.961+0000] {processor.py:161} INFO - Started process (PID=160) to work on /home/airflow/.local/lib/python3.12/site-packages/airflow/example_dags/example_complex.py
[2025-06-26T02:39:41.962+0000] {processor.py:830} INFO - Processing file /home/airflow/.local/lib/python3.12/site-packages/airflow/example_dags/example_complex.py for tasks to queue
[2025-06-26T02:39:41.963+0000] {logging_mixin.py:188} INFO - [2025-06-26T02:39:41.963+0000] {dagbag.py:545} INFO - Filling up the DagBag from /home/airflow/.local/lib/python3.12/site-packages/airflow/example_dags/example_complex.py
[2025-06-26T02:39:41.972+0000] {processor.py:840} INFO - DAG(s) 'example_complex' retrieved from /home/airflow/.local/lib/python3.12/site-packages/airflow/example_dags/example_complex.py
[2025-06-26T02:39:42.003+0000] {logging_mixin.py:188} INFO - [2025-06-26T02:39:42.003+0000] {dag.py:3096} INFO - Sync 1 DAGs
[2025-06-26T02:39:42.015+0000] {logging_mixin.py:188} INFO - [2025-06-26T02:39:42.015+0000] {dag.py:3954} INFO - Setting next_dagrun for example_complex to None, run_after=None
[2025-06-26T02:39:42.034+0000] {processor.py:183} INFO - Processing /home/airflow/.local/lib/python3.12/site-packages/airflow/example_dags/example_complex.py took 0.078 seconds
[2025-06-26T02:40:13.132+0000] {processor.py:161} INFO - Started process (PID=220) to work on /home/airflow/.local/lib/python3.12/site-packages/airflow/example_dags/example_complex.py
[2025-06-26T02:40:13.133+0000] {processor.py:830} INFO - Processing file /home/airflow/.local/lib/python3.12/site-packages/airflow/example_dags/example_complex.py for tasks to queue
[2025-06-26T02:40:13.134+0000] {logging_mixin.py:188} INFO - [2025-06-26T02:40:13.134+0000] {dagbag.py:545} INFO - Filling up the DagBag from /home/airflow/.local/lib/python3.12/site-packages/airflow/example_dags/example_complex.py
[2025-06-26T02:40:13.144+0000] {processor.py:840} INFO - DAG(s) 'example_complex' retrieved from /home/airflow/.local/lib/python3.12/site-packages/airflow/example_dags/example_complex.py
[2025-06-26T02:40:13.181+0000] {logging_mixin.py:188} INFO - [2025-06-26T02:40:13.180+0000] {dag.py:3096} INFO - Sync 1 DAGs
[2025-06-26T02:40:13.194+0000] {logging_mixin.py:188} INFO - [2025-06-26T02:40:13.194+0000] {dag.py:3954} INFO - Setting next_dagrun for example_complex to None, run_after=None
[2025-06-26T02:40:13.219+0000] {processor.py:183} INFO - Processing /home/airflow/.local/lib/python3.12/site-packages/airflow/example_dags/example_complex.py took 0.092 seconds
[2025-06-26T02:40:43.559+0000] {processor.py:161} INFO - Started process (PID=280) to work on /home/airflow/.local/lib/python3.12/site-packages/airflow/example_dags/example_complex.py
[2025-06-26T02:40:43.560+0000] {processor.py:830} INFO - Processing file /home/airflow/.local/lib/python3.12/site-packages/airflow/example_dags/example_complex.py for tasks to queue
[2025-06-26T02:40:43.562+0000] {logging_mixin.py:188} INFO - [2025-06-26T02:40:43.561+0000] {dagbag.py:545} INFO - Filling up the DagBag from /home/airflow/.local/lib/python3.12/site-packages/airflow/example_dags/example_complex.py
[2025-06-26T02:40:43.570+0000] {processor.py:840} INFO - DAG(s) 'example_complex' retrieved from /home/airflow/.local/lib/python3.12/site-packages/airflow/example_dags/example_complex.py
[2025-06-26T02:40:43.603+0000] {logging_mixin.py:188} INFO - [2025-06-26T02:40:43.602+0000] {dag.py:3096} INFO - Sync 1 DAGs
[2025-06-26T02:40:43.615+0000] {logging_mixin.py:188} INFO - [2025-06-26T02:40:43.615+0000] {dag.py:3954} INFO - Setting next_dagrun for example_complex to None, run_after=None
[2025-06-26T02:40:43.641+0000] {processor.py:183} INFO - Processing /home/airflow/.local/lib/python3.12/site-packages/airflow/example_dags/example_complex.py took 0.086 seconds
[2025-06-26T02:41:13.854+0000] {processor.py:161} INFO - Started process (PID=343) to work on /home/airflow/.local/lib/python3.12/site-packages/airflow/example_dags/example_complex.py
[2025-06-26T02:41:13.855+0000] {processor.py:830} INFO - Processing file /home/airflow/.local/lib/python3.12/site-packages/airflow/example_dags/example_complex.py for tasks to queue
[2025-06-26T02:41:13.857+0000] {logging_mixin.py:188} INFO - [2025-06-26T02:41:13.857+0000] {dagbag.py:545} INFO - Filling up the DagBag from /home/airflow/.local/lib/python3.12/site-packages/airflow/example_dags/example_complex.py
[2025-06-26T02:41:13.867+0000] {processor.py:840} INFO - DAG(s) 'example_complex' retrieved from /home/airflow/.local/lib/python3.12/site-packages/airflow/example_dags/example_complex.py
[2025-06-26T02:41:13.901+0000] {logging_mixin.py:188} INFO - [2025-06-26T02:41:13.901+0000] {dag.py:3096} INFO - Sync 1 DAGs
[2025-06-26T02:41:13.915+0000] {logging_mixin.py:188} INFO - [2025-06-26T02:41:13.915+0000] {dag.py:3954} INFO - Setting next_dagrun for example_complex to None, run_after=None
[2025-06-26T02:41:13.939+0000] {processor.py:183} INFO - Processing /home/airflow/.local/lib/python3.12/site-packages/airflow/example_dags/example_complex.py took 0.091 seconds
[2025-06-26T02:41:44.746+0000] {processor.py:161} INFO - Started process (PID=405) to work on /home/airflow/.local/lib/python3.12/site-packages/airflow/example_dags/example_complex.py
[2025-06-26T02:41:44.747+0000] {processor.py:830} INFO - Processing file /home/airflow/.local/lib/python3.12/site-packages/airflow/example_dags/example_complex.py for tasks to queue
[2025-06-26T02:41:44.748+0000] {logging_mixin.py:188} INFO - [2025-06-26T02:41:44.748+0000] {dagbag.py:545} INFO - Filling up the DagBag from /home/airflow/.local/lib/python3.12/site-packages/airflow/example_dags/example_complex.py
[2025-06-26T02:41:44.757+0000] {processor.py:840} INFO - DAG(s) 'example_complex' retrieved from /home/airflow/.local/lib/python3.12/site-packages/airflow/example_dags/example_complex.py
[2025-06-26T02:41:44.790+0000] {logging_mixin.py:188} INFO - [2025-06-26T02:41:44.790+0000] {dag.py:3096} INFO - Sync 1 DAGs
[2025-06-26T02:41:44.802+0000] {logging_mixin.py:188} INFO - [2025-06-26T02:41:44.802+0000] {dag.py:3954} INFO - Setting next_dagrun for example_complex to None, run_after=None
[2025-06-26T02:41:44.880+0000] {processor.py:183} INFO - Processing /home/airflow/.local/lib/python3.12/site-packages/airflow/example_dags/example_complex.py took 0.139 seconds
