[2025-06-26T02:39:10.665+0000] {processor.py:161} INFO - Started process (PID=95) to work on /home/airflow/.local/lib/python3.12/site-packages/airflow/example_dags/example_bash_operator.py
[2025-06-26T02:39:10.666+0000] {processor.py:830} INFO - Processing file /home/airflow/.local/lib/python3.12/site-packages/airflow/example_dags/example_bash_operator.py for tasks to queue
[2025-06-26T02:39:10.668+0000] {logging_mixin.py:188} INFO - [2025-06-26T02:39:10.667+0000] {dagbag.py:545} INFO - Filling up the DagBag from /home/airflow/.local/lib/python3.12/site-packages/airflow/example_dags/example_bash_operator.py
[2025-06-26T02:39:10.680+0000] {processor.py:840} INFO - DAG(s) 'example_bash_operator' retrieved from /home/airflow/.local/lib/python3.12/site-packages/airflow/example_dags/example_bash_operator.py
[2025-06-26T02:39:10.871+0000] {logging_mixin.py:188} INFO - [2025-06-26T02:39:10.864+0000] {override.py:1829} INFO - Created Permission View: can edit on DAG:example_bash_operator
[2025-06-26T02:39:10.889+0000] {logging_mixin.py:188} INFO - [2025-06-26T02:39:10.889+0000] {override.py:1829} INFO - Created Permission View: can read on DAG:example_bash_operator
[2025-06-26T02:39:10.898+0000] {logging_mixin.py:188} INFO - [2025-06-26T02:39:10.898+0000] {override.py:1829} INFO - Created Permission View: can delete on DAG:example_bash_operator
[2025-06-26T02:39:10.899+0000] {logging_mixin.py:188} INFO - [2025-06-26T02:39:10.899+0000] {dag.py:3096} INFO - Sync 1 DAGs
[2025-06-26T02:39:10.911+0000] {logging_mixin.py:188} INFO - [2025-06-26T02:39:10.910+0000] {dag.py:3118} INFO - Creating ORM DAG for example_bash_operator
[2025-06-26T02:39:10.921+0000] {logging_mixin.py:188} INFO - [2025-06-26T02:39:10.921+0000] {dag.py:3954} INFO - Setting next_dagrun for example_bash_operator to 2025-06-25 00:00:00+00:00, run_after=2025-06-26 00:00:00+00:00
[2025-06-26T02:39:10.943+0000] {processor.py:183} INFO - Processing /home/airflow/.local/lib/python3.12/site-packages/airflow/example_dags/example_bash_operator.py took 0.283 seconds
[2025-06-26T02:39:41.577+0000] {processor.py:161} INFO - Started process (PID=155) to work on /home/airflow/.local/lib/python3.12/site-packages/airflow/example_dags/example_bash_operator.py
[2025-06-26T02:39:41.579+0000] {processor.py:830} INFO - Processing file /home/airflow/.local/lib/python3.12/site-packages/airflow/example_dags/example_bash_operator.py for tasks to queue
[2025-06-26T02:39:41.581+0000] {logging_mixin.py:188} INFO - [2025-06-26T02:39:41.581+0000] {dagbag.py:545} INFO - Filling up the DagBag from /home/airflow/.local/lib/python3.12/site-packages/airflow/example_dags/example_bash_operator.py
[2025-06-26T02:39:41.591+0000] {processor.py:840} INFO - DAG(s) 'example_bash_operator' retrieved from /home/airflow/.local/lib/python3.12/site-packages/airflow/example_dags/example_bash_operator.py
[2025-06-26T02:39:41.632+0000] {logging_mixin.py:188} INFO - [2025-06-26T02:39:41.632+0000] {dag.py:3096} INFO - Sync 1 DAGs
[2025-06-26T02:39:41.684+0000] {logging_mixin.py:188} INFO - [2025-06-26T02:39:41.684+0000] {dag.py:3954} INFO - Setting next_dagrun for example_bash_operator to 2025-06-25 00:00:00+00:00, run_after=2025-06-26 00:00:00+00:00
[2025-06-26T02:39:41.712+0000] {processor.py:183} INFO - Processing /home/airflow/.local/lib/python3.12/site-packages/airflow/example_dags/example_bash_operator.py took 0.139 seconds
[2025-06-26T02:40:12.679+0000] {processor.py:161} INFO - Started process (PID=215) to work on /home/airflow/.local/lib/python3.12/site-packages/airflow/example_dags/example_bash_operator.py
[2025-06-26T02:40:12.680+0000] {processor.py:830} INFO - Processing file /home/airflow/.local/lib/python3.12/site-packages/airflow/example_dags/example_bash_operator.py for tasks to queue
[2025-06-26T02:40:12.682+0000] {logging_mixin.py:188} INFO - [2025-06-26T02:40:12.682+0000] {dagbag.py:545} INFO - Filling up the DagBag from /home/airflow/.local/lib/python3.12/site-packages/airflow/example_dags/example_bash_operator.py
[2025-06-26T02:40:12.693+0000] {processor.py:840} INFO - DAG(s) 'example_bash_operator' retrieved from /home/airflow/.local/lib/python3.12/site-packages/airflow/example_dags/example_bash_operator.py
[2025-06-26T02:40:12.725+0000] {logging_mixin.py:188} INFO - [2025-06-26T02:40:12.725+0000] {dag.py:3096} INFO - Sync 1 DAGs
[2025-06-26T02:40:12.775+0000] {logging_mixin.py:188} INFO - [2025-06-26T02:40:12.775+0000] {dag.py:3954} INFO - Setting next_dagrun for example_bash_operator to 2025-06-25 00:00:00+00:00, run_after=2025-06-26 00:00:00+00:00
[2025-06-26T02:40:12.799+0000] {processor.py:183} INFO - Processing /home/airflow/.local/lib/python3.12/site-packages/airflow/example_dags/example_bash_operator.py took 0.126 seconds
[2025-06-26T02:40:43.202+0000] {processor.py:161} INFO - Started process (PID=275) to work on /home/airflow/.local/lib/python3.12/site-packages/airflow/example_dags/example_bash_operator.py
[2025-06-26T02:40:43.203+0000] {processor.py:830} INFO - Processing file /home/airflow/.local/lib/python3.12/site-packages/airflow/example_dags/example_bash_operator.py for tasks to queue
[2025-06-26T02:40:43.205+0000] {logging_mixin.py:188} INFO - [2025-06-26T02:40:43.205+0000] {dagbag.py:545} INFO - Filling up the DagBag from /home/airflow/.local/lib/python3.12/site-packages/airflow/example_dags/example_bash_operator.py
[2025-06-26T02:40:43.215+0000] {processor.py:840} INFO - DAG(s) 'example_bash_operator' retrieved from /home/airflow/.local/lib/python3.12/site-packages/airflow/example_dags/example_bash_operator.py
[2025-06-26T02:40:43.244+0000] {logging_mixin.py:188} INFO - [2025-06-26T02:40:43.244+0000] {dag.py:3096} INFO - Sync 1 DAGs
[2025-06-26T02:40:43.266+0000] {logging_mixin.py:188} INFO - [2025-06-26T02:40:43.266+0000] {dag.py:3954} INFO - Setting next_dagrun for example_bash_operator to 2025-06-25 00:00:00+00:00, run_after=2025-06-26 00:00:00+00:00
[2025-06-26T02:40:43.287+0000] {processor.py:183} INFO - Processing /home/airflow/.local/lib/python3.12/site-packages/airflow/example_dags/example_bash_operator.py took 0.090 seconds
[2025-06-26T02:41:13.449+0000] {processor.py:161} INFO - Started process (PID=338) to work on /home/airflow/.local/lib/python3.12/site-packages/airflow/example_dags/example_bash_operator.py
[2025-06-26T02:41:13.451+0000] {processor.py:830} INFO - Processing file /home/airflow/.local/lib/python3.12/site-packages/airflow/example_dags/example_bash_operator.py for tasks to queue
[2025-06-26T02:41:13.453+0000] {logging_mixin.py:188} INFO - [2025-06-26T02:41:13.453+0000] {dagbag.py:545} INFO - Filling up the DagBag from /home/airflow/.local/lib/python3.12/site-packages/airflow/example_dags/example_bash_operator.py
[2025-06-26T02:41:13.465+0000] {processor.py:840} INFO - DAG(s) 'example_bash_operator' retrieved from /home/airflow/.local/lib/python3.12/site-packages/airflow/example_dags/example_bash_operator.py
[2025-06-26T02:41:13.507+0000] {logging_mixin.py:188} INFO - [2025-06-26T02:41:13.506+0000] {dag.py:3096} INFO - Sync 1 DAGs
[2025-06-26T02:41:13.540+0000] {logging_mixin.py:188} INFO - [2025-06-26T02:41:13.539+0000] {dag.py:3954} INFO - Setting next_dagrun for example_bash_operator to 2025-06-25 00:00:00+00:00, run_after=2025-06-26 00:00:00+00:00
[2025-06-26T02:41:13.569+0000] {processor.py:183} INFO - Processing /home/airflow/.local/lib/python3.12/site-packages/airflow/example_dags/example_bash_operator.py took 0.126 seconds
[2025-06-26T02:41:44.368+0000] {processor.py:161} INFO - Started process (PID=400) to work on /home/airflow/.local/lib/python3.12/site-packages/airflow/example_dags/example_bash_operator.py
[2025-06-26T02:41:44.369+0000] {processor.py:830} INFO - Processing file /home/airflow/.local/lib/python3.12/site-packages/airflow/example_dags/example_bash_operator.py for tasks to queue
[2025-06-26T02:41:44.371+0000] {logging_mixin.py:188} INFO - [2025-06-26T02:41:44.370+0000] {dagbag.py:545} INFO - Filling up the DagBag from /home/airflow/.local/lib/python3.12/site-packages/airflow/example_dags/example_bash_operator.py
[2025-06-26T02:41:44.382+0000] {processor.py:840} INFO - DAG(s) 'example_bash_operator' retrieved from /home/airflow/.local/lib/python3.12/site-packages/airflow/example_dags/example_bash_operator.py
[2025-06-26T02:41:44.416+0000] {logging_mixin.py:188} INFO - [2025-06-26T02:41:44.415+0000] {dag.py:3096} INFO - Sync 1 DAGs
[2025-06-26T02:41:44.439+0000] {logging_mixin.py:188} INFO - [2025-06-26T02:41:44.439+0000] {dag.py:3954} INFO - Setting next_dagrun for example_bash_operator to 2025-06-25 00:00:00+00:00, run_after=2025-06-26 00:00:00+00:00
[2025-06-26T02:41:44.461+0000] {processor.py:183} INFO - Processing /home/airflow/.local/lib/python3.12/site-packages/airflow/example_dags/example_bash_operator.py took 0.097 seconds
