[2025-06-26T02:39:12.132+0000] {processor.py:161} INFO - Started process (PID=104) to work on /home/airflow/.local/lib/python3.12/site-packages/airflow/example_dags/example_nested_branch_dag.py
[2025-06-26T02:39:12.133+0000] {processor.py:830} INFO - Processing file /home/airflow/.local/lib/python3.12/site-packages/airflow/example_dags/example_nested_branch_dag.py for tasks to queue
[2025-06-26T02:39:12.135+0000] {logging_mixin.py:188} INFO - [2025-06-26T02:39:12.135+0000] {dagbag.py:545} INFO - Filling up the DagBag from /home/airflow/.local/lib/python3.12/site-packages/airflow/example_dags/example_nested_branch_dag.py
[2025-06-26T02:39:12.147+0000] {processor.py:840} INFO - DAG(s) 'example_nested_branch_dag' retrieved from /home/airflow/.local/lib/python3.12/site-packages/airflow/example_dags/example_nested_branch_dag.py
[2025-06-26T02:39:12.261+0000] {logging_mixin.py:188} INFO - [2025-06-26T02:39:12.260+0000] {override.py:1829} INFO - Created Permission View: can edit on DAG:example_nested_branch_dag
[2025-06-26T02:39:12.276+0000] {logging_mixin.py:188} INFO - [2025-06-26T02:39:12.275+0000] {override.py:1829} INFO - Created Permission View: can read on DAG:example_nested_branch_dag
[2025-06-26T02:39:12.285+0000] {logging_mixin.py:188} INFO - [2025-06-26T02:39:12.285+0000] {override.py:1829} INFO - Created Permission View: can delete on DAG:example_nested_branch_dag
[2025-06-26T02:39:12.286+0000] {logging_mixin.py:188} INFO - [2025-06-26T02:39:12.286+0000] {dag.py:3096} INFO - Sync 1 DAGs
[2025-06-26T02:39:12.297+0000] {logging_mixin.py:188} INFO - [2025-06-26T02:39:12.296+0000] {dag.py:3118} INFO - Creating ORM DAG for example_nested_branch_dag
[2025-06-26T02:39:12.308+0000] {logging_mixin.py:188} INFO - [2025-06-26T02:39:12.308+0000] {dag.py:3954} INFO - Setting next_dagrun for example_nested_branch_dag to 2025-06-25 00:00:00+00:00, run_after=2025-06-26 00:00:00+00:00
[2025-06-26T02:39:12.329+0000] {processor.py:183} INFO - Processing /home/airflow/.local/lib/python3.12/site-packages/airflow/example_dags/example_nested_branch_dag.py took 0.203 seconds
[2025-06-26T02:39:43.274+0000] {processor.py:161} INFO - Started process (PID=164) to work on /home/airflow/.local/lib/python3.12/site-packages/airflow/example_dags/example_nested_branch_dag.py
[2025-06-26T02:39:43.275+0000] {processor.py:830} INFO - Processing file /home/airflow/.local/lib/python3.12/site-packages/airflow/example_dags/example_nested_branch_dag.py for tasks to queue
[2025-06-26T02:39:43.276+0000] {logging_mixin.py:188} INFO - [2025-06-26T02:39:43.276+0000] {dagbag.py:545} INFO - Filling up the DagBag from /home/airflow/.local/lib/python3.12/site-packages/airflow/example_dags/example_nested_branch_dag.py
[2025-06-26T02:39:43.284+0000] {processor.py:840} INFO - DAG(s) 'example_nested_branch_dag' retrieved from /home/airflow/.local/lib/python3.12/site-packages/airflow/example_dags/example_nested_branch_dag.py
[2025-06-26T02:39:43.307+0000] {logging_mixin.py:188} INFO - [2025-06-26T02:39:43.306+0000] {dag.py:3096} INFO - Sync 1 DAGs
[2025-06-26T02:39:43.328+0000] {logging_mixin.py:188} INFO - [2025-06-26T02:39:43.328+0000] {dag.py:3954} INFO - Setting next_dagrun for example_nested_branch_dag to 2025-06-25 00:00:00+00:00, run_after=2025-06-26 00:00:00+00:00
[2025-06-26T02:39:43.348+0000] {processor.py:183} INFO - Processing /home/airflow/.local/lib/python3.12/site-packages/airflow/example_dags/example_nested_branch_dag.py took 0.079 seconds
[2025-06-26T02:40:13.535+0000] {processor.py:161} INFO - Started process (PID=224) to work on /home/airflow/.local/lib/python3.12/site-packages/airflow/example_dags/example_nested_branch_dag.py
[2025-06-26T02:40:13.536+0000] {processor.py:830} INFO - Processing file /home/airflow/.local/lib/python3.12/site-packages/airflow/example_dags/example_nested_branch_dag.py for tasks to queue
[2025-06-26T02:40:13.539+0000] {logging_mixin.py:188} INFO - [2025-06-26T02:40:13.538+0000] {dagbag.py:545} INFO - Filling up the DagBag from /home/airflow/.local/lib/python3.12/site-packages/airflow/example_dags/example_nested_branch_dag.py
[2025-06-26T02:40:13.550+0000] {processor.py:840} INFO - DAG(s) 'example_nested_branch_dag' retrieved from /home/airflow/.local/lib/python3.12/site-packages/airflow/example_dags/example_nested_branch_dag.py
[2025-06-26T02:40:13.578+0000] {logging_mixin.py:188} INFO - [2025-06-26T02:40:13.577+0000] {dag.py:3096} INFO - Sync 1 DAGs
[2025-06-26T02:40:13.605+0000] {logging_mixin.py:188} INFO - [2025-06-26T02:40:13.604+0000] {dag.py:3954} INFO - Setting next_dagrun for example_nested_branch_dag to 2025-06-25 00:00:00+00:00, run_after=2025-06-26 00:00:00+00:00
[2025-06-26T02:40:13.633+0000] {processor.py:183} INFO - Processing /home/airflow/.local/lib/python3.12/site-packages/airflow/example_dags/example_nested_branch_dag.py took 0.104 seconds
[2025-06-26T02:40:43.804+0000] {processor.py:161} INFO - Started process (PID=284) to work on /home/airflow/.local/lib/python3.12/site-packages/airflow/example_dags/example_nested_branch_dag.py
[2025-06-26T02:40:43.805+0000] {processor.py:830} INFO - Processing file /home/airflow/.local/lib/python3.12/site-packages/airflow/example_dags/example_nested_branch_dag.py for tasks to queue
[2025-06-26T02:40:43.807+0000] {logging_mixin.py:188} INFO - [2025-06-26T02:40:43.806+0000] {dagbag.py:545} INFO - Filling up the DagBag from /home/airflow/.local/lib/python3.12/site-packages/airflow/example_dags/example_nested_branch_dag.py
[2025-06-26T02:40:43.815+0000] {processor.py:840} INFO - DAG(s) 'example_nested_branch_dag' retrieved from /home/airflow/.local/lib/python3.12/site-packages/airflow/example_dags/example_nested_branch_dag.py
[2025-06-26T02:40:43.838+0000] {logging_mixin.py:188} INFO - [2025-06-26T02:40:43.837+0000] {dag.py:3096} INFO - Sync 1 DAGs
[2025-06-26T02:40:43.860+0000] {logging_mixin.py:188} INFO - [2025-06-26T02:40:43.860+0000] {dag.py:3954} INFO - Setting next_dagrun for example_nested_branch_dag to 2025-06-25 00:00:00+00:00, run_after=2025-06-26 00:00:00+00:00
[2025-06-26T02:40:43.883+0000] {processor.py:183} INFO - Processing /home/airflow/.local/lib/python3.12/site-packages/airflow/example_dags/example_nested_branch_dag.py took 0.084 seconds
[2025-06-26T02:41:14.145+0000] {processor.py:161} INFO - Started process (PID=347) to work on /home/airflow/.local/lib/python3.12/site-packages/airflow/example_dags/example_nested_branch_dag.py
[2025-06-26T02:41:14.147+0000] {processor.py:830} INFO - Processing file /home/airflow/.local/lib/python3.12/site-packages/airflow/example_dags/example_nested_branch_dag.py for tasks to queue
[2025-06-26T02:41:14.149+0000] {logging_mixin.py:188} INFO - [2025-06-26T02:41:14.148+0000] {dagbag.py:545} INFO - Filling up the DagBag from /home/airflow/.local/lib/python3.12/site-packages/airflow/example_dags/example_nested_branch_dag.py
[2025-06-26T02:41:14.157+0000] {processor.py:840} INFO - DAG(s) 'example_nested_branch_dag' retrieved from /home/airflow/.local/lib/python3.12/site-packages/airflow/example_dags/example_nested_branch_dag.py
[2025-06-26T02:41:14.182+0000] {logging_mixin.py:188} INFO - [2025-06-26T02:41:14.181+0000] {dag.py:3096} INFO - Sync 1 DAGs
[2025-06-26T02:41:14.201+0000] {logging_mixin.py:188} INFO - [2025-06-26T02:41:14.201+0000] {dag.py:3954} INFO - Setting next_dagrun for example_nested_branch_dag to 2025-06-25 00:00:00+00:00, run_after=2025-06-26 00:00:00+00:00
[2025-06-26T02:41:14.221+0000] {processor.py:183} INFO - Processing /home/airflow/.local/lib/python3.12/site-packages/airflow/example_dags/example_nested_branch_dag.py took 0.081 seconds
[2025-06-26T02:41:45.187+0000] {processor.py:161} INFO - Started process (PID=409) to work on /home/airflow/.local/lib/python3.12/site-packages/airflow/example_dags/example_nested_branch_dag.py
[2025-06-26T02:41:45.188+0000] {processor.py:830} INFO - Processing file /home/airflow/.local/lib/python3.12/site-packages/airflow/example_dags/example_nested_branch_dag.py for tasks to queue
[2025-06-26T02:41:45.190+0000] {logging_mixin.py:188} INFO - [2025-06-26T02:41:45.189+0000] {dagbag.py:545} INFO - Filling up the DagBag from /home/airflow/.local/lib/python3.12/site-packages/airflow/example_dags/example_nested_branch_dag.py
[2025-06-26T02:41:45.201+0000] {processor.py:840} INFO - DAG(s) 'example_nested_branch_dag' retrieved from /home/airflow/.local/lib/python3.12/site-packages/airflow/example_dags/example_nested_branch_dag.py
[2025-06-26T02:41:45.228+0000] {logging_mixin.py:188} INFO - [2025-06-26T02:41:45.228+0000] {dag.py:3096} INFO - Sync 1 DAGs
[2025-06-26T02:41:45.252+0000] {logging_mixin.py:188} INFO - [2025-06-26T02:41:45.251+0000] {dag.py:3954} INFO - Setting next_dagrun for example_nested_branch_dag to 2025-06-25 00:00:00+00:00, run_after=2025-06-26 00:00:00+00:00
[2025-06-26T02:41:45.431+0000] {processor.py:183} INFO - Processing /home/airflow/.local/lib/python3.12/site-packages/airflow/example_dags/example_nested_branch_dag.py took 0.251 seconds
