[2025-06-26T02:39:05.166+0000] {processor.py:161} INFO - Started process (PID=83) to work on /home/airflow/.local/lib/python3.12/site-packages/airflow/example_dags/example_sensors.py
[2025-06-26T02:39:05.469+0000] {processor.py:830} INFO - Processing file /home/airflow/.local/lib/python3.12/site-packages/airflow/example_dags/example_sensors.py for tasks to queue
[2025-06-26T02:39:05.830+0000] {logging_mixin.py:188} INFO - [2025-06-26T02:39:05.822+0000] {dagbag.py:545} INFO - Filling up the DagBag from /home/airflow/.local/lib/python3.12/site-packages/airflow/example_dags/example_sensors.py
[2025-06-26T02:39:05.915+0000] {processor.py:840} INFO - DAG(s) 'example_sensors' retrieved from /home/airflow/.local/lib/python3.12/site-packages/airflow/example_dags/example_sensors.py
[2025-06-26T02:39:06.198+0000] {logging_mixin.py:188} INFO - [2025-06-26T02:39:06.197+0000] {override.py:1829} INFO - Created Permission View: can edit on DAG:example_sensors
[2025-06-26T02:39:06.219+0000] {logging_mixin.py:188} INFO - [2025-06-26T02:39:06.219+0000] {override.py:1829} INFO - Created Permission View: can read on DAG:example_sensors
[2025-06-26T02:39:06.233+0000] {logging_mixin.py:188} INFO - [2025-06-26T02:39:06.233+0000] {override.py:1829} INFO - Created Permission View: can delete on DAG:example_sensors
[2025-06-26T02:39:06.234+0000] {logging_mixin.py:188} INFO - [2025-06-26T02:39:06.234+0000] {dag.py:3096} INFO - Sync 1 DAGs
[2025-06-26T02:39:06.275+0000] {logging_mixin.py:188} INFO - [2025-06-26T02:39:06.274+0000] {dag.py:3118} INFO - Creating ORM DAG for example_sensors
[2025-06-26T02:39:06.279+0000] {logging_mixin.py:188} INFO - [2025-06-26T02:39:06.278+0000] {dag.py:3954} INFO - Setting next_dagrun for example_sensors to None, run_after=None
[2025-06-26T02:39:06.332+0000] {processor.py:183} INFO - Processing /home/airflow/.local/lib/python3.12/site-packages/airflow/example_dags/example_sensors.py took 1.690 seconds
[2025-06-26T02:39:37.179+0000] {processor.py:161} INFO - Started process (PID=143) to work on /home/airflow/.local/lib/python3.12/site-packages/airflow/example_dags/example_sensors.py
[2025-06-26T02:39:37.180+0000] {processor.py:830} INFO - Processing file /home/airflow/.local/lib/python3.12/site-packages/airflow/example_dags/example_sensors.py for tasks to queue
[2025-06-26T02:39:37.181+0000] {logging_mixin.py:188} INFO - [2025-06-26T02:39:37.181+0000] {dagbag.py:545} INFO - Filling up the DagBag from /home/airflow/.local/lib/python3.12/site-packages/airflow/example_dags/example_sensors.py
[2025-06-26T02:39:37.188+0000] {processor.py:840} INFO - DAG(s) 'example_sensors' retrieved from /home/airflow/.local/lib/python3.12/site-packages/airflow/example_dags/example_sensors.py
[2025-06-26T02:39:37.213+0000] {logging_mixin.py:188} INFO - [2025-06-26T02:39:37.212+0000] {dag.py:3096} INFO - Sync 1 DAGs
[2025-06-26T02:39:37.223+0000] {logging_mixin.py:188} INFO - [2025-06-26T02:39:37.223+0000] {dag.py:3954} INFO - Setting next_dagrun for example_sensors to None, run_after=None
[2025-06-26T02:39:37.243+0000] {processor.py:183} INFO - Processing /home/airflow/.local/lib/python3.12/site-packages/airflow/example_dags/example_sensors.py took 0.069 seconds
[2025-06-26T02:40:07.288+0000] {processor.py:161} INFO - Started process (PID=203) to work on /home/airflow/.local/lib/python3.12/site-packages/airflow/example_dags/example_sensors.py
[2025-06-26T02:40:07.289+0000] {processor.py:830} INFO - Processing file /home/airflow/.local/lib/python3.12/site-packages/airflow/example_dags/example_sensors.py for tasks to queue
[2025-06-26T02:40:07.291+0000] {logging_mixin.py:188} INFO - [2025-06-26T02:40:07.291+0000] {dagbag.py:545} INFO - Filling up the DagBag from /home/airflow/.local/lib/python3.12/site-packages/airflow/example_dags/example_sensors.py
[2025-06-26T02:40:07.300+0000] {processor.py:840} INFO - DAG(s) 'example_sensors' retrieved from /home/airflow/.local/lib/python3.12/site-packages/airflow/example_dags/example_sensors.py
[2025-06-26T02:40:07.332+0000] {logging_mixin.py:188} INFO - [2025-06-26T02:40:07.332+0000] {dag.py:3096} INFO - Sync 1 DAGs
[2025-06-26T02:40:07.349+0000] {logging_mixin.py:188} INFO - [2025-06-26T02:40:07.349+0000] {dag.py:3954} INFO - Setting next_dagrun for example_sensors to None, run_after=None
[2025-06-26T02:40:07.375+0000] {processor.py:183} INFO - Processing /home/airflow/.local/lib/python3.12/site-packages/airflow/example_dags/example_sensors.py took 0.095 seconds
[2025-06-26T02:40:37.832+0000] {processor.py:161} INFO - Started process (PID=263) to work on /home/airflow/.local/lib/python3.12/site-packages/airflow/example_dags/example_sensors.py
[2025-06-26T02:40:37.833+0000] {processor.py:830} INFO - Processing file /home/airflow/.local/lib/python3.12/site-packages/airflow/example_dags/example_sensors.py for tasks to queue
[2025-06-26T02:40:37.835+0000] {logging_mixin.py:188} INFO - [2025-06-26T02:40:37.835+0000] {dagbag.py:545} INFO - Filling up the DagBag from /home/airflow/.local/lib/python3.12/site-packages/airflow/example_dags/example_sensors.py
[2025-06-26T02:40:37.846+0000] {processor.py:840} INFO - DAG(s) 'example_sensors' retrieved from /home/airflow/.local/lib/python3.12/site-packages/airflow/example_dags/example_sensors.py
[2025-06-26T02:40:37.876+0000] {logging_mixin.py:188} INFO - [2025-06-26T02:40:37.876+0000] {dag.py:3096} INFO - Sync 1 DAGs
[2025-06-26T02:40:37.889+0000] {logging_mixin.py:188} INFO - [2025-06-26T02:40:37.889+0000] {dag.py:3954} INFO - Setting next_dagrun for example_sensors to None, run_after=None
[2025-06-26T02:40:37.914+0000] {processor.py:183} INFO - Processing /home/airflow/.local/lib/python3.12/site-packages/airflow/example_dags/example_sensors.py took 0.088 seconds
[2025-06-26T02:41:08.093+0000] {processor.py:161} INFO - Started process (PID=325) to work on /home/airflow/.local/lib/python3.12/site-packages/airflow/example_dags/example_sensors.py
[2025-06-26T02:41:08.093+0000] {processor.py:830} INFO - Processing file /home/airflow/.local/lib/python3.12/site-packages/airflow/example_dags/example_sensors.py for tasks to queue
[2025-06-26T02:41:08.095+0000] {logging_mixin.py:188} INFO - [2025-06-26T02:41:08.095+0000] {dagbag.py:545} INFO - Filling up the DagBag from /home/airflow/.local/lib/python3.12/site-packages/airflow/example_dags/example_sensors.py
[2025-06-26T02:41:08.102+0000] {processor.py:840} INFO - DAG(s) 'example_sensors' retrieved from /home/airflow/.local/lib/python3.12/site-packages/airflow/example_dags/example_sensors.py
[2025-06-26T02:41:08.128+0000] {logging_mixin.py:188} INFO - [2025-06-26T02:41:08.127+0000] {dag.py:3096} INFO - Sync 1 DAGs
[2025-06-26T02:41:08.139+0000] {logging_mixin.py:188} INFO - [2025-06-26T02:41:08.139+0000] {dag.py:3954} INFO - Setting next_dagrun for example_sensors to None, run_after=None
[2025-06-26T02:41:08.169+0000] {processor.py:183} INFO - Processing /home/airflow/.local/lib/python3.12/site-packages/airflow/example_dags/example_sensors.py took 0.080 seconds
[2025-06-26T02:41:38.977+0000] {processor.py:161} INFO - Started process (PID=388) to work on /home/airflow/.local/lib/python3.12/site-packages/airflow/example_dags/example_sensors.py
[2025-06-26T02:41:38.978+0000] {processor.py:830} INFO - Processing file /home/airflow/.local/lib/python3.12/site-packages/airflow/example_dags/example_sensors.py for tasks to queue
[2025-06-26T02:41:38.979+0000] {logging_mixin.py:188} INFO - [2025-06-26T02:41:38.979+0000] {dagbag.py:545} INFO - Filling up the DagBag from /home/airflow/.local/lib/python3.12/site-packages/airflow/example_dags/example_sensors.py
[2025-06-26T02:41:38.986+0000] {processor.py:840} INFO - DAG(s) 'example_sensors' retrieved from /home/airflow/.local/lib/python3.12/site-packages/airflow/example_dags/example_sensors.py
[2025-06-26T02:41:39.011+0000] {logging_mixin.py:188} INFO - [2025-06-26T02:41:39.011+0000] {dag.py:3096} INFO - Sync 1 DAGs
[2025-06-26T02:41:39.027+0000] {logging_mixin.py:188} INFO - [2025-06-26T02:41:39.027+0000] {dag.py:3954} INFO - Setting next_dagrun for example_sensors to None, run_after=None
[2025-06-26T02:41:39.053+0000] {processor.py:183} INFO - Processing /home/airflow/.local/lib/python3.12/site-packages/airflow/example_dags/example_sensors.py took 0.080 seconds
