[2025-06-26T02:38:40.691+0000] {processor.py:161} INFO - Started process (PID=66) to work on /home/airflow/.local/lib/python3.12/site-packages/airflow/example_dags/example_setup_teardown.py
[2025-06-26T02:38:40.692+0000] {processor.py:830} INFO - Processing file /home/airflow/.local/lib/python3.12/site-packages/airflow/example_dags/example_setup_teardown.py for tasks to queue
[2025-06-26T02:38:40.701+0000] {logging_mixin.py:188} INFO - [2025-06-26T02:38:40.700+0000] {dagbag.py:545} INFO - Filling up the DagBag from /home/airflow/.local/lib/python3.12/site-packages/airflow/example_dags/example_setup_teardown.py
[2025-06-26T02:38:40.714+0000] {processor.py:840} INFO - DAG(s) 'example_setup_teardown' retrieved from /home/airflow/.local/lib/python3.12/site-packages/airflow/example_dags/example_setup_teardown.py
[2025-06-26T02:38:40.883+0000] {logging_mixin.py:188} INFO - [2025-06-26T02:38:40.882+0000] {override.py:1829} INFO - Created Permission View: can edit on DAG:example_setup_teardown
[2025-06-26T02:38:40.903+0000] {logging_mixin.py:188} INFO - [2025-06-26T02:38:40.902+0000] {override.py:1829} INFO - Created Permission View: can read on DAG:example_setup_teardown
[2025-06-26T02:38:40.915+0000] {logging_mixin.py:188} INFO - [2025-06-26T02:38:40.915+0000] {override.py:1829} INFO - Created Permission View: can delete on DAG:example_setup_teardown
[2025-06-26T02:38:40.916+0000] {logging_mixin.py:188} INFO - [2025-06-26T02:38:40.916+0000] {dag.py:3096} INFO - Sync 1 DAGs
[2025-06-26T02:38:40.931+0000] {logging_mixin.py:188} INFO - [2025-06-26T02:38:40.930+0000] {dag.py:3118} INFO - Creating ORM DAG for example_setup_teardown
[2025-06-26T02:38:40.946+0000] {logging_mixin.py:188} INFO - [2025-06-26T02:38:40.946+0000] {dag.py:3954} INFO - Setting next_dagrun for example_setup_teardown to 2025-06-25 00:00:00+00:00, run_after=2025-06-26 00:00:00+00:00
[2025-06-26T02:38:40.985+0000] {processor.py:183} INFO - Processing /home/airflow/.local/lib/python3.12/site-packages/airflow/example_dags/example_setup_teardown.py took 0.304 seconds
[2025-06-26T02:39:14.871+0000] {processor.py:161} INFO - Started process (PID=126) to work on /home/airflow/.local/lib/python3.12/site-packages/airflow/example_dags/example_setup_teardown.py
[2025-06-26T02:39:14.872+0000] {processor.py:830} INFO - Processing file /home/airflow/.local/lib/python3.12/site-packages/airflow/example_dags/example_setup_teardown.py for tasks to queue
[2025-06-26T02:39:14.874+0000] {logging_mixin.py:188} INFO - [2025-06-26T02:39:14.873+0000] {dagbag.py:545} INFO - Filling up the DagBag from /home/airflow/.local/lib/python3.12/site-packages/airflow/example_dags/example_setup_teardown.py
[2025-06-26T02:39:14.880+0000] {processor.py:840} INFO - DAG(s) 'example_setup_teardown' retrieved from /home/airflow/.local/lib/python3.12/site-packages/airflow/example_dags/example_setup_teardown.py
[2025-06-26T02:39:14.902+0000] {logging_mixin.py:188} INFO - [2025-06-26T02:39:14.902+0000] {dag.py:3096} INFO - Sync 1 DAGs
[2025-06-26T02:39:14.923+0000] {logging_mixin.py:188} INFO - [2025-06-26T02:39:14.923+0000] {dag.py:3954} INFO - Setting next_dagrun for example_setup_teardown to 2025-06-25 00:00:00+00:00, run_after=2025-06-26 00:00:00+00:00
[2025-06-26T02:39:14.942+0000] {processor.py:183} INFO - Processing /home/airflow/.local/lib/python3.12/site-packages/airflow/example_dags/example_setup_teardown.py took 0.076 seconds
[2025-06-26T02:39:45.428+0000] {processor.py:161} INFO - Started process (PID=184) to work on /home/airflow/.local/lib/python3.12/site-packages/airflow/example_dags/example_setup_teardown.py
[2025-06-26T02:39:45.429+0000] {processor.py:830} INFO - Processing file /home/airflow/.local/lib/python3.12/site-packages/airflow/example_dags/example_setup_teardown.py for tasks to queue
[2025-06-26T02:39:45.431+0000] {logging_mixin.py:188} INFO - [2025-06-26T02:39:45.431+0000] {dagbag.py:545} INFO - Filling up the DagBag from /home/airflow/.local/lib/python3.12/site-packages/airflow/example_dags/example_setup_teardown.py
[2025-06-26T02:39:45.437+0000] {processor.py:840} INFO - DAG(s) 'example_setup_teardown' retrieved from /home/airflow/.local/lib/python3.12/site-packages/airflow/example_dags/example_setup_teardown.py
[2025-06-26T02:39:45.461+0000] {logging_mixin.py:188} INFO - [2025-06-26T02:39:45.461+0000] {dag.py:3096} INFO - Sync 1 DAGs
[2025-06-26T02:39:45.489+0000] {logging_mixin.py:188} INFO - [2025-06-26T02:39:45.489+0000] {dag.py:3954} INFO - Setting next_dagrun for example_setup_teardown to 2025-06-25 00:00:00+00:00, run_after=2025-06-26 00:00:00+00:00
[2025-06-26T02:39:45.514+0000] {processor.py:183} INFO - Processing /home/airflow/.local/lib/python3.12/site-packages/airflow/example_dags/example_setup_teardown.py took 0.096 seconds
[2025-06-26T02:40:15.589+0000] {processor.py:161} INFO - Started process (PID=244) to work on /home/airflow/.local/lib/python3.12/site-packages/airflow/example_dags/example_setup_teardown.py
[2025-06-26T02:40:15.590+0000] {processor.py:830} INFO - Processing file /home/airflow/.local/lib/python3.12/site-packages/airflow/example_dags/example_setup_teardown.py for tasks to queue
[2025-06-26T02:40:15.591+0000] {logging_mixin.py:188} INFO - [2025-06-26T02:40:15.591+0000] {dagbag.py:545} INFO - Filling up the DagBag from /home/airflow/.local/lib/python3.12/site-packages/airflow/example_dags/example_setup_teardown.py
[2025-06-26T02:40:15.597+0000] {processor.py:840} INFO - DAG(s) 'example_setup_teardown' retrieved from /home/airflow/.local/lib/python3.12/site-packages/airflow/example_dags/example_setup_teardown.py
[2025-06-26T02:40:15.615+0000] {logging_mixin.py:188} INFO - [2025-06-26T02:40:15.615+0000] {dag.py:3096} INFO - Sync 1 DAGs
[2025-06-26T02:40:15.633+0000] {logging_mixin.py:188} INFO - [2025-06-26T02:40:15.633+0000] {dag.py:3954} INFO - Setting next_dagrun for example_setup_teardown to 2025-06-25 00:00:00+00:00, run_after=2025-06-26 00:00:00+00:00
[2025-06-26T02:40:15.652+0000] {processor.py:183} INFO - Processing /home/airflow/.local/lib/python3.12/site-packages/airflow/example_dags/example_setup_teardown.py took 0.066 seconds
[2025-06-26T02:40:45.756+0000] {processor.py:161} INFO - Started process (PID=304) to work on /home/airflow/.local/lib/python3.12/site-packages/airflow/example_dags/example_setup_teardown.py
[2025-06-26T02:40:45.757+0000] {processor.py:830} INFO - Processing file /home/airflow/.local/lib/python3.12/site-packages/airflow/example_dags/example_setup_teardown.py for tasks to queue
[2025-06-26T02:40:45.758+0000] {logging_mixin.py:188} INFO - [2025-06-26T02:40:45.758+0000] {dagbag.py:545} INFO - Filling up the DagBag from /home/airflow/.local/lib/python3.12/site-packages/airflow/example_dags/example_setup_teardown.py
[2025-06-26T02:40:45.764+0000] {processor.py:840} INFO - DAG(s) 'example_setup_teardown' retrieved from /home/airflow/.local/lib/python3.12/site-packages/airflow/example_dags/example_setup_teardown.py
[2025-06-26T02:40:45.784+0000] {logging_mixin.py:188} INFO - [2025-06-26T02:40:45.783+0000] {dag.py:3096} INFO - Sync 1 DAGs
[2025-06-26T02:40:45.803+0000] {logging_mixin.py:188} INFO - [2025-06-26T02:40:45.803+0000] {dag.py:3954} INFO - Setting next_dagrun for example_setup_teardown to 2025-06-25 00:00:00+00:00, run_after=2025-06-26 00:00:00+00:00
[2025-06-26T02:40:45.822+0000] {processor.py:183} INFO - Processing /home/airflow/.local/lib/python3.12/site-packages/airflow/example_dags/example_setup_teardown.py took 0.070 seconds
[2025-06-26T02:41:16.146+0000] {processor.py:161} INFO - Started process (PID=364) to work on /home/airflow/.local/lib/python3.12/site-packages/airflow/example_dags/example_setup_teardown.py
[2025-06-26T02:41:16.148+0000] {processor.py:830} INFO - Processing file /home/airflow/.local/lib/python3.12/site-packages/airflow/example_dags/example_setup_teardown.py for tasks to queue
[2025-06-26T02:41:16.151+0000] {logging_mixin.py:188} INFO - [2025-06-26T02:41:16.150+0000] {dagbag.py:545} INFO - Filling up the DagBag from /home/airflow/.local/lib/python3.12/site-packages/airflow/example_dags/example_setup_teardown.py
[2025-06-26T02:41:16.158+0000] {processor.py:840} INFO - DAG(s) 'example_setup_teardown' retrieved from /home/airflow/.local/lib/python3.12/site-packages/airflow/example_dags/example_setup_teardown.py
[2025-06-26T02:41:16.185+0000] {logging_mixin.py:188} INFO - [2025-06-26T02:41:16.185+0000] {dag.py:3096} INFO - Sync 1 DAGs
[2025-06-26T02:41:16.220+0000] {logging_mixin.py:188} INFO - [2025-06-26T02:41:16.220+0000] {dag.py:3954} INFO - Setting next_dagrun for example_setup_teardown to 2025-06-25 00:00:00+00:00, run_after=2025-06-26 00:00:00+00:00
[2025-06-26T02:41:16.253+0000] {processor.py:183} INFO - Processing /home/airflow/.local/lib/python3.12/site-packages/airflow/example_dags/example_setup_teardown.py took 0.115 seconds
[2025-06-26T02:41:46.839+0000] {processor.py:161} INFO - Started process (PID=425) to work on /home/airflow/.local/lib/python3.12/site-packages/airflow/example_dags/example_setup_teardown.py
[2025-06-26T02:41:46.840+0000] {processor.py:830} INFO - Processing file /home/airflow/.local/lib/python3.12/site-packages/airflow/example_dags/example_setup_teardown.py for tasks to queue
[2025-06-26T02:41:46.841+0000] {logging_mixin.py:188} INFO - [2025-06-26T02:41:46.841+0000] {dagbag.py:545} INFO - Filling up the DagBag from /home/airflow/.local/lib/python3.12/site-packages/airflow/example_dags/example_setup_teardown.py
[2025-06-26T02:41:46.847+0000] {processor.py:840} INFO - DAG(s) 'example_setup_teardown' retrieved from /home/airflow/.local/lib/python3.12/site-packages/airflow/example_dags/example_setup_teardown.py
[2025-06-26T02:41:46.867+0000] {logging_mixin.py:188} INFO - [2025-06-26T02:41:46.867+0000] {dag.py:3096} INFO - Sync 1 DAGs
[2025-06-26T02:41:46.885+0000] {logging_mixin.py:188} INFO - [2025-06-26T02:41:46.885+0000] {dag.py:3954} INFO - Setting next_dagrun for example_setup_teardown to 2025-06-25 00:00:00+00:00, run_after=2025-06-26 00:00:00+00:00
[2025-06-26T02:41:46.968+0000] {processor.py:183} INFO - Processing /home/airflow/.local/lib/python3.12/site-packages/airflow/example_dags/example_setup_teardown.py took 0.134 seconds
