[2025-06-26T02:39:12.158+0000] {processor.py:161} INFO - Started process (PID=105) to work on /home/airflow/.local/lib/python3.12/site-packages/airflow/example_dags/example_display_name.py
[2025-06-26T02:39:12.160+0000] {processor.py:830} INFO - Processing file /home/airflow/.local/lib/python3.12/site-packages/airflow/example_dags/example_display_name.py for tasks to queue
[2025-06-26T02:39:12.162+0000] {logging_mixin.py:188} INFO - [2025-06-26T02:39:12.162+0000] {dagbag.py:545} INFO - Filling up the DagBag from /home/airflow/.local/lib/python3.12/site-packages/airflow/example_dags/example_display_name.py
[2025-06-26T02:39:12.171+0000] {processor.py:840} INFO - DAG(s) 'example_display_name' retrieved from /home/airflow/.local/lib/python3.12/site-packages/airflow/example_dags/example_display_name.py
[2025-06-26T02:39:12.282+0000] {logging_mixin.py:188} INFO - [2025-06-26T02:39:12.281+0000] {override.py:1829} INFO - Created Permission View: can edit on DAG:example_display_name
[2025-06-26T02:39:12.294+0000] {logging_mixin.py:188} INFO - [2025-06-26T02:39:12.293+0000] {override.py:1829} INFO - Created Permission View: can read on DAG:example_display_name
[2025-06-26T02:39:12.303+0000] {logging_mixin.py:188} INFO - [2025-06-26T02:39:12.302+0000] {override.py:1829} INFO - Created Permission View: can delete on DAG:example_display_name
[2025-06-26T02:39:12.303+0000] {logging_mixin.py:188} INFO - [2025-06-26T02:39:12.303+0000] {dag.py:3096} INFO - Sync 1 DAGs
[2025-06-26T02:39:12.315+0000] {logging_mixin.py:188} INFO - [2025-06-26T02:39:12.315+0000] {dag.py:3118} INFO - Creating ORM DAG for example_display_name
[2025-06-26T02:39:12.316+0000] {logging_mixin.py:188} INFO - [2025-06-26T02:39:12.316+0000] {dag.py:3954} INFO - Setting next_dagrun for example_display_name to None, run_after=None
[2025-06-26T02:39:12.336+0000] {processor.py:183} INFO - Processing /home/airflow/.local/lib/python3.12/site-packages/airflow/example_dags/example_display_name.py took 0.185 seconds
[2025-06-26T02:39:43.274+0000] {processor.py:161} INFO - Started process (PID=165) to work on /home/airflow/.local/lib/python3.12/site-packages/airflow/example_dags/example_display_name.py
[2025-06-26T02:39:43.275+0000] {processor.py:830} INFO - Processing file /home/airflow/.local/lib/python3.12/site-packages/airflow/example_dags/example_display_name.py for tasks to queue
[2025-06-26T02:39:43.276+0000] {logging_mixin.py:188} INFO - [2025-06-26T02:39:43.276+0000] {dagbag.py:545} INFO - Filling up the DagBag from /home/airflow/.local/lib/python3.12/site-packages/airflow/example_dags/example_display_name.py
[2025-06-26T02:39:43.281+0000] {processor.py:840} INFO - DAG(s) 'example_display_name' retrieved from /home/airflow/.local/lib/python3.12/site-packages/airflow/example_dags/example_display_name.py
[2025-06-26T02:39:43.303+0000] {logging_mixin.py:188} INFO - [2025-06-26T02:39:43.303+0000] {dag.py:3096} INFO - Sync 1 DAGs
[2025-06-26T02:39:43.317+0000] {logging_mixin.py:188} INFO - [2025-06-26T02:39:43.316+0000] {dag.py:3954} INFO - Setting next_dagrun for example_display_name to None, run_after=None
[2025-06-26T02:39:43.336+0000] {processor.py:183} INFO - Processing /home/airflow/.local/lib/python3.12/site-packages/airflow/example_dags/example_display_name.py took 0.066 seconds
[2025-06-26T02:40:13.537+0000] {processor.py:161} INFO - Started process (PID=225) to work on /home/airflow/.local/lib/python3.12/site-packages/airflow/example_dags/example_display_name.py
[2025-06-26T02:40:13.538+0000] {processor.py:830} INFO - Processing file /home/airflow/.local/lib/python3.12/site-packages/airflow/example_dags/example_display_name.py for tasks to queue
[2025-06-26T02:40:13.541+0000] {logging_mixin.py:188} INFO - [2025-06-26T02:40:13.540+0000] {dagbag.py:545} INFO - Filling up the DagBag from /home/airflow/.local/lib/python3.12/site-packages/airflow/example_dags/example_display_name.py
[2025-06-26T02:40:13.547+0000] {processor.py:840} INFO - DAG(s) 'example_display_name' retrieved from /home/airflow/.local/lib/python3.12/site-packages/airflow/example_dags/example_display_name.py
[2025-06-26T02:40:13.572+0000] {logging_mixin.py:188} INFO - [2025-06-26T02:40:13.571+0000] {dag.py:3096} INFO - Sync 1 DAGs
[2025-06-26T02:40:13.586+0000] {logging_mixin.py:188} INFO - [2025-06-26T02:40:13.586+0000] {dag.py:3954} INFO - Setting next_dagrun for example_display_name to None, run_after=None
[2025-06-26T02:40:13.613+0000] {processor.py:183} INFO - Processing /home/airflow/.local/lib/python3.12/site-packages/airflow/example_dags/example_display_name.py took 0.082 seconds
[2025-06-26T02:40:43.871+0000] {processor.py:161} INFO - Started process (PID=285) to work on /home/airflow/.local/lib/python3.12/site-packages/airflow/example_dags/example_display_name.py
[2025-06-26T02:40:43.872+0000] {processor.py:830} INFO - Processing file /home/airflow/.local/lib/python3.12/site-packages/airflow/example_dags/example_display_name.py for tasks to queue
[2025-06-26T02:40:43.874+0000] {logging_mixin.py:188} INFO - [2025-06-26T02:40:43.874+0000] {dagbag.py:545} INFO - Filling up the DagBag from /home/airflow/.local/lib/python3.12/site-packages/airflow/example_dags/example_display_name.py
[2025-06-26T02:40:43.879+0000] {processor.py:840} INFO - DAG(s) 'example_display_name' retrieved from /home/airflow/.local/lib/python3.12/site-packages/airflow/example_dags/example_display_name.py
[2025-06-26T02:40:43.901+0000] {logging_mixin.py:188} INFO - [2025-06-26T02:40:43.901+0000] {dag.py:3096} INFO - Sync 1 DAGs
[2025-06-26T02:40:43.914+0000] {logging_mixin.py:188} INFO - [2025-06-26T02:40:43.914+0000] {dag.py:3954} INFO - Setting next_dagrun for example_display_name to None, run_after=None
[2025-06-26T02:40:43.935+0000] {processor.py:183} INFO - Processing /home/airflow/.local/lib/python3.12/site-packages/airflow/example_dags/example_display_name.py took 0.069 seconds
[2025-06-26T02:41:14.251+0000] {processor.py:161} INFO - Started process (PID=348) to work on /home/airflow/.local/lib/python3.12/site-packages/airflow/example_dags/example_display_name.py
[2025-06-26T02:41:14.252+0000] {processor.py:830} INFO - Processing file /home/airflow/.local/lib/python3.12/site-packages/airflow/example_dags/example_display_name.py for tasks to queue
[2025-06-26T02:41:14.254+0000] {logging_mixin.py:188} INFO - [2025-06-26T02:41:14.254+0000] {dagbag.py:545} INFO - Filling up the DagBag from /home/airflow/.local/lib/python3.12/site-packages/airflow/example_dags/example_display_name.py
[2025-06-26T02:41:14.259+0000] {processor.py:840} INFO - DAG(s) 'example_display_name' retrieved from /home/airflow/.local/lib/python3.12/site-packages/airflow/example_dags/example_display_name.py
[2025-06-26T02:41:14.279+0000] {logging_mixin.py:188} INFO - [2025-06-26T02:41:14.279+0000] {dag.py:3096} INFO - Sync 1 DAGs
[2025-06-26T02:41:14.290+0000] {logging_mixin.py:188} INFO - [2025-06-26T02:41:14.290+0000] {dag.py:3954} INFO - Setting next_dagrun for example_display_name to None, run_after=None
[2025-06-26T02:41:14.308+0000] {processor.py:183} INFO - Processing /home/airflow/.local/lib/python3.12/site-packages/airflow/example_dags/example_display_name.py took 0.062 seconds
[2025-06-26T02:41:45.381+0000] {processor.py:161} INFO - Started process (PID=410) to work on /home/airflow/.local/lib/python3.12/site-packages/airflow/example_dags/example_display_name.py
[2025-06-26T02:41:45.382+0000] {processor.py:830} INFO - Processing file /home/airflow/.local/lib/python3.12/site-packages/airflow/example_dags/example_display_name.py for tasks to queue
[2025-06-26T02:41:45.384+0000] {logging_mixin.py:188} INFO - [2025-06-26T02:41:45.383+0000] {dagbag.py:545} INFO - Filling up the DagBag from /home/airflow/.local/lib/python3.12/site-packages/airflow/example_dags/example_display_name.py
[2025-06-26T02:41:45.390+0000] {processor.py:840} INFO - DAG(s) 'example_display_name' retrieved from /home/airflow/.local/lib/python3.12/site-packages/airflow/example_dags/example_display_name.py
[2025-06-26T02:41:45.413+0000] {logging_mixin.py:188} INFO - [2025-06-26T02:41:45.413+0000] {dag.py:3096} INFO - Sync 1 DAGs
[2025-06-26T02:41:45.427+0000] {logging_mixin.py:188} INFO - [2025-06-26T02:41:45.426+0000] {dag.py:3954} INFO - Setting next_dagrun for example_display_name to None, run_after=None
[2025-06-26T02:41:45.574+0000] {processor.py:183} INFO - Processing /home/airflow/.local/lib/python3.12/site-packages/airflow/example_dags/example_display_name.py took 0.199 seconds
