[2025-06-26T02:39:12.577+0000] {processor.py:161} INFO - Started process (PID=107) to work on /home/airflow/.local/lib/python3.12/site-packages/airflow/example_dags/example_subdag_operator.py
[2025-06-26T02:39:12.578+0000] {processor.py:830} INFO - Processing file /home/airflow/.local/lib/python3.12/site-packages/airflow/example_dags/example_subdag_operator.py for tasks to queue
[2025-06-26T02:39:12.580+0000] {logging_mixin.py:188} INFO - [2025-06-26T02:39:12.579+0000] {dagbag.py:545} INFO - Filling up the DagBag from /home/airflow/.local/lib/python3.12/site-packages/airflow/example_dags/example_subdag_operator.py
[2025-06-26T02:39:12.604+0000] {processor.py:840} INFO - DAG(s) 'example_subdag_operator.section-1', 'example_subdag_operator.section-2', 'example_subdag_operator' retrieved from /home/airflow/.local/lib/python3.12/site-packages/airflow/example_dags/example_subdag_operator.py
[2025-06-26T02:39:12.699+0000] {logging_mixin.py:188} INFO - [2025-06-26T02:39:12.698+0000] {override.py:1829} INFO - Created Permission View: can edit on DAG:example_subdag_operator
[2025-06-26T02:39:12.711+0000] {logging_mixin.py:188} INFO - [2025-06-26T02:39:12.710+0000] {override.py:1829} INFO - Created Permission View: can read on DAG:example_subdag_operator
[2025-06-26T02:39:12.721+0000] {logging_mixin.py:188} INFO - [2025-06-26T02:39:12.721+0000] {override.py:1829} INFO - Created Permission View: can delete on DAG:example_subdag_operator
[2025-06-26T02:39:12.722+0000] {logging_mixin.py:188} INFO - [2025-06-26T02:39:12.721+0000] {dag.py:3096} INFO - Sync 3 DAGs
[2025-06-26T02:39:12.734+0000] {logging_mixin.py:188} INFO - [2025-06-26T02:39:12.734+0000] {dag.py:3118} INFO - Creating ORM DAG for example_subdag_operator.section-2
[2025-06-26T02:39:12.735+0000] {logging_mixin.py:188} INFO - [2025-06-26T02:39:12.735+0000] {dag.py:3118} INFO - Creating ORM DAG for example_subdag_operator.section-1
[2025-06-26T02:39:12.736+0000] {logging_mixin.py:188} INFO - [2025-06-26T02:39:12.736+0000] {dag.py:3118} INFO - Creating ORM DAG for example_subdag_operator
[2025-06-26T02:39:12.745+0000] {logging_mixin.py:188} INFO - [2025-06-26T02:39:12.745+0000] {dag.py:3954} INFO - Setting next_dagrun for example_subdag_operator to 2022-01-01 00:00:00+00:00, run_after=2022-01-01 00:00:00+00:00
[2025-06-26T02:39:12.746+0000] {logging_mixin.py:188} INFO - [2025-06-26T02:39:12.746+0000] {dag.py:3954} INFO - Setting next_dagrun for example_subdag_operator.section-1 to None, run_after=None
[2025-06-26T02:39:12.747+0000] {logging_mixin.py:188} INFO - [2025-06-26T02:39:12.746+0000] {dag.py:3954} INFO - Setting next_dagrun for example_subdag_operator.section-2 to None, run_after=None
[2025-06-26T02:39:12.756+0000] {logging_mixin.py:188} INFO - [2025-06-26T02:39:12.755+0000] {dag.py:3096} INFO - Sync 2 DAGs
[2025-06-26T02:39:12.761+0000] {logging_mixin.py:188} INFO - [2025-06-26T02:39:12.761+0000] {dag.py:3954} INFO - Setting next_dagrun for example_subdag_operator.section-1 to None, run_after=None
[2025-06-26T02:39:12.765+0000] {logging_mixin.py:188} INFO - [2025-06-26T02:39:12.764+0000] {dag.py:3954} INFO - Setting next_dagrun for example_subdag_operator.section-2 to None, run_after=None
[2025-06-26T02:39:12.783+0000] {processor.py:183} INFO - Processing /home/airflow/.local/lib/python3.12/site-packages/airflow/example_dags/example_subdag_operator.py took 0.211 seconds
[2025-06-26T02:39:43.380+0000] {processor.py:161} INFO - Started process (PID=167) to work on /home/airflow/.local/lib/python3.12/site-packages/airflow/example_dags/example_subdag_operator.py
[2025-06-26T02:39:43.381+0000] {processor.py:830} INFO - Processing file /home/airflow/.local/lib/python3.12/site-packages/airflow/example_dags/example_subdag_operator.py for tasks to queue
[2025-06-26T02:39:43.383+0000] {logging_mixin.py:188} INFO - [2025-06-26T02:39:43.382+0000] {dagbag.py:545} INFO - Filling up the DagBag from /home/airflow/.local/lib/python3.12/site-packages/airflow/example_dags/example_subdag_operator.py
[2025-06-26T02:39:43.408+0000] {processor.py:840} INFO - DAG(s) 'example_subdag_operator.section-1', 'example_subdag_operator.section-2', 'example_subdag_operator' retrieved from /home/airflow/.local/lib/python3.12/site-packages/airflow/example_dags/example_subdag_operator.py
[2025-06-26T02:39:43.426+0000] {logging_mixin.py:188} INFO - [2025-06-26T02:39:43.426+0000] {dag.py:3096} INFO - Sync 3 DAGs
[2025-06-26T02:39:43.452+0000] {logging_mixin.py:188} INFO - [2025-06-26T02:39:43.451+0000] {dag.py:3954} INFO - Setting next_dagrun for example_subdag_operator to 2022-01-01 00:00:00+00:00, run_after=2022-01-01 00:00:00+00:00
[2025-06-26T02:39:43.457+0000] {logging_mixin.py:188} INFO - [2025-06-26T02:39:43.457+0000] {dag.py:3954} INFO - Setting next_dagrun for example_subdag_operator.section-1 to None, run_after=None
[2025-06-26T02:39:43.459+0000] {logging_mixin.py:188} INFO - [2025-06-26T02:39:43.459+0000] {dag.py:3954} INFO - Setting next_dagrun for example_subdag_operator.section-2 to None, run_after=None
[2025-06-26T02:39:43.471+0000] {logging_mixin.py:188} INFO - [2025-06-26T02:39:43.470+0000] {dag.py:3096} INFO - Sync 2 DAGs
[2025-06-26T02:39:43.477+0000] {logging_mixin.py:188} INFO - [2025-06-26T02:39:43.476+0000] {dag.py:3954} INFO - Setting next_dagrun for example_subdag_operator.section-1 to None, run_after=None
[2025-06-26T02:39:43.477+0000] {logging_mixin.py:188} INFO - [2025-06-26T02:39:43.477+0000] {dag.py:3954} INFO - Setting next_dagrun for example_subdag_operator.section-2 to None, run_after=None
[2025-06-26T02:39:43.490+0000] {processor.py:183} INFO - Processing /home/airflow/.local/lib/python3.12/site-packages/airflow/example_dags/example_subdag_operator.py took 0.116 seconds
[2025-06-26T02:40:13.677+0000] {processor.py:161} INFO - Started process (PID=227) to work on /home/airflow/.local/lib/python3.12/site-packages/airflow/example_dags/example_subdag_operator.py
[2025-06-26T02:40:13.678+0000] {processor.py:830} INFO - Processing file /home/airflow/.local/lib/python3.12/site-packages/airflow/example_dags/example_subdag_operator.py for tasks to queue
[2025-06-26T02:40:13.680+0000] {logging_mixin.py:188} INFO - [2025-06-26T02:40:13.680+0000] {dagbag.py:545} INFO - Filling up the DagBag from /home/airflow/.local/lib/python3.12/site-packages/airflow/example_dags/example_subdag_operator.py
[2025-06-26T02:40:13.714+0000] {processor.py:840} INFO - DAG(s) 'example_subdag_operator.section-1', 'example_subdag_operator.section-2', 'example_subdag_operator' retrieved from /home/airflow/.local/lib/python3.12/site-packages/airflow/example_dags/example_subdag_operator.py
[2025-06-26T02:40:13.733+0000] {logging_mixin.py:188} INFO - [2025-06-26T02:40:13.733+0000] {dag.py:3096} INFO - Sync 3 DAGs
[2025-06-26T02:40:13.760+0000] {logging_mixin.py:188} INFO - [2025-06-26T02:40:13.760+0000] {dag.py:3954} INFO - Setting next_dagrun for example_subdag_operator to 2022-01-01 00:00:00+00:00, run_after=2022-01-01 00:00:00+00:00
[2025-06-26T02:40:13.767+0000] {logging_mixin.py:188} INFO - [2025-06-26T02:40:13.766+0000] {dag.py:3954} INFO - Setting next_dagrun for example_subdag_operator.section-1 to None, run_after=None
[2025-06-26T02:40:13.769+0000] {logging_mixin.py:188} INFO - [2025-06-26T02:40:13.769+0000] {dag.py:3954} INFO - Setting next_dagrun for example_subdag_operator.section-2 to None, run_after=None
[2025-06-26T02:40:13.779+0000] {logging_mixin.py:188} INFO - [2025-06-26T02:40:13.779+0000] {dag.py:3096} INFO - Sync 2 DAGs
[2025-06-26T02:40:13.788+0000] {logging_mixin.py:188} INFO - [2025-06-26T02:40:13.788+0000] {dag.py:3954} INFO - Setting next_dagrun for example_subdag_operator.section-1 to None, run_after=None
[2025-06-26T02:40:13.789+0000] {logging_mixin.py:188} INFO - [2025-06-26T02:40:13.788+0000] {dag.py:3954} INFO - Setting next_dagrun for example_subdag_operator.section-2 to None, run_after=None
[2025-06-26T02:40:13.805+0000] {processor.py:183} INFO - Processing /home/airflow/.local/lib/python3.12/site-packages/airflow/example_dags/example_subdag_operator.py took 0.134 seconds
[2025-06-26T02:40:43.966+0000] {processor.py:161} INFO - Started process (PID=287) to work on /home/airflow/.local/lib/python3.12/site-packages/airflow/example_dags/example_subdag_operator.py
[2025-06-26T02:40:43.966+0000] {processor.py:830} INFO - Processing file /home/airflow/.local/lib/python3.12/site-packages/airflow/example_dags/example_subdag_operator.py for tasks to queue
[2025-06-26T02:40:43.968+0000] {logging_mixin.py:188} INFO - [2025-06-26T02:40:43.968+0000] {dagbag.py:545} INFO - Filling up the DagBag from /home/airflow/.local/lib/python3.12/site-packages/airflow/example_dags/example_subdag_operator.py
[2025-06-26T02:40:43.991+0000] {processor.py:840} INFO - DAG(s) 'example_subdag_operator.section-1', 'example_subdag_operator.section-2', 'example_subdag_operator' retrieved from /home/airflow/.local/lib/python3.12/site-packages/airflow/example_dags/example_subdag_operator.py
[2025-06-26T02:40:44.006+0000] {logging_mixin.py:188} INFO - [2025-06-26T02:40:44.006+0000] {dag.py:3096} INFO - Sync 3 DAGs
[2025-06-26T02:40:44.028+0000] {logging_mixin.py:188} INFO - [2025-06-26T02:40:44.028+0000] {dag.py:3954} INFO - Setting next_dagrun for example_subdag_operator to 2022-01-01 00:00:00+00:00, run_after=2022-01-01 00:00:00+00:00
[2025-06-26T02:40:44.033+0000] {logging_mixin.py:188} INFO - [2025-06-26T02:40:44.033+0000] {dag.py:3954} INFO - Setting next_dagrun for example_subdag_operator.section-1 to None, run_after=None
[2025-06-26T02:40:44.035+0000] {logging_mixin.py:188} INFO - [2025-06-26T02:40:44.035+0000] {dag.py:3954} INFO - Setting next_dagrun for example_subdag_operator.section-2 to None, run_after=None
[2025-06-26T02:40:44.042+0000] {logging_mixin.py:188} INFO - [2025-06-26T02:40:44.042+0000] {dag.py:3096} INFO - Sync 2 DAGs
[2025-06-26T02:40:44.048+0000] {logging_mixin.py:188} INFO - [2025-06-26T02:40:44.048+0000] {dag.py:3954} INFO - Setting next_dagrun for example_subdag_operator.section-1 to None, run_after=None
[2025-06-26T02:40:44.048+0000] {logging_mixin.py:188} INFO - [2025-06-26T02:40:44.048+0000] {dag.py:3954} INFO - Setting next_dagrun for example_subdag_operator.section-2 to None, run_after=None
[2025-06-26T02:40:44.060+0000] {processor.py:183} INFO - Processing /home/airflow/.local/lib/python3.12/site-packages/airflow/example_dags/example_subdag_operator.py took 0.100 seconds
[2025-06-26T02:41:14.338+0000] {processor.py:161} INFO - Started process (PID=350) to work on /home/airflow/.local/lib/python3.12/site-packages/airflow/example_dags/example_subdag_operator.py
[2025-06-26T02:41:14.339+0000] {processor.py:830} INFO - Processing file /home/airflow/.local/lib/python3.12/site-packages/airflow/example_dags/example_subdag_operator.py for tasks to queue
[2025-06-26T02:41:14.341+0000] {logging_mixin.py:188} INFO - [2025-06-26T02:41:14.340+0000] {dagbag.py:545} INFO - Filling up the DagBag from /home/airflow/.local/lib/python3.12/site-packages/airflow/example_dags/example_subdag_operator.py
[2025-06-26T02:41:14.363+0000] {processor.py:840} INFO - DAG(s) 'example_subdag_operator.section-1', 'example_subdag_operator.section-2', 'example_subdag_operator' retrieved from /home/airflow/.local/lib/python3.12/site-packages/airflow/example_dags/example_subdag_operator.py
[2025-06-26T02:41:14.379+0000] {logging_mixin.py:188} INFO - [2025-06-26T02:41:14.378+0000] {dag.py:3096} INFO - Sync 3 DAGs
[2025-06-26T02:41:14.398+0000] {logging_mixin.py:188} INFO - [2025-06-26T02:41:14.398+0000] {dag.py:3954} INFO - Setting next_dagrun for example_subdag_operator to 2022-01-01 00:00:00+00:00, run_after=2022-01-01 00:00:00+00:00
[2025-06-26T02:41:14.402+0000] {logging_mixin.py:188} INFO - [2025-06-26T02:41:14.402+0000] {dag.py:3954} INFO - Setting next_dagrun for example_subdag_operator.section-1 to None, run_after=None
[2025-06-26T02:41:14.403+0000] {logging_mixin.py:188} INFO - [2025-06-26T02:41:14.403+0000] {dag.py:3954} INFO - Setting next_dagrun for example_subdag_operator.section-2 to None, run_after=None
[2025-06-26T02:41:14.410+0000] {logging_mixin.py:188} INFO - [2025-06-26T02:41:14.409+0000] {dag.py:3096} INFO - Sync 2 DAGs
[2025-06-26T02:41:14.415+0000] {logging_mixin.py:188} INFO - [2025-06-26T02:41:14.414+0000] {dag.py:3954} INFO - Setting next_dagrun for example_subdag_operator.section-1 to None, run_after=None
[2025-06-26T02:41:14.415+0000] {logging_mixin.py:188} INFO - [2025-06-26T02:41:14.415+0000] {dag.py:3954} INFO - Setting next_dagrun for example_subdag_operator.section-2 to None, run_after=None
[2025-06-26T02:41:14.429+0000] {processor.py:183} INFO - Processing /home/airflow/.local/lib/python3.12/site-packages/airflow/example_dags/example_subdag_operator.py took 0.095 seconds
[2025-06-26T02:41:45.603+0000] {processor.py:161} INFO - Started process (PID=412) to work on /home/airflow/.local/lib/python3.12/site-packages/airflow/example_dags/example_subdag_operator.py
[2025-06-26T02:41:45.604+0000] {processor.py:830} INFO - Processing file /home/airflow/.local/lib/python3.12/site-packages/airflow/example_dags/example_subdag_operator.py for tasks to queue
[2025-06-26T02:41:45.606+0000] {logging_mixin.py:188} INFO - [2025-06-26T02:41:45.605+0000] {dagbag.py:545} INFO - Filling up the DagBag from /home/airflow/.local/lib/python3.12/site-packages/airflow/example_dags/example_subdag_operator.py
[2025-06-26T02:41:45.631+0000] {processor.py:840} INFO - DAG(s) 'example_subdag_operator.section-1', 'example_subdag_operator.section-2', 'example_subdag_operator' retrieved from /home/airflow/.local/lib/python3.12/site-packages/airflow/example_dags/example_subdag_operator.py
[2025-06-26T02:41:45.646+0000] {logging_mixin.py:188} INFO - [2025-06-26T02:41:45.646+0000] {dag.py:3096} INFO - Sync 3 DAGs
[2025-06-26T02:41:45.666+0000] {logging_mixin.py:188} INFO - [2025-06-26T02:41:45.666+0000] {dag.py:3954} INFO - Setting next_dagrun for example_subdag_operator to 2022-01-01 00:00:00+00:00, run_after=2022-01-01 00:00:00+00:00
[2025-06-26T02:41:45.670+0000] {logging_mixin.py:188} INFO - [2025-06-26T02:41:45.670+0000] {dag.py:3954} INFO - Setting next_dagrun for example_subdag_operator.section-1 to None, run_after=None
[2025-06-26T02:41:45.671+0000] {logging_mixin.py:188} INFO - [2025-06-26T02:41:45.671+0000] {dag.py:3954} INFO - Setting next_dagrun for example_subdag_operator.section-2 to None, run_after=None
[2025-06-26T02:41:45.678+0000] {logging_mixin.py:188} INFO - [2025-06-26T02:41:45.678+0000] {dag.py:3096} INFO - Sync 2 DAGs
[2025-06-26T02:41:45.683+0000] {logging_mixin.py:188} INFO - [2025-06-26T02:41:45.683+0000] {dag.py:3954} INFO - Setting next_dagrun for example_subdag_operator.section-1 to None, run_after=None
[2025-06-26T02:41:45.684+0000] {logging_mixin.py:188} INFO - [2025-06-26T02:41:45.684+0000] {dag.py:3954} INFO - Setting next_dagrun for example_subdag_operator.section-2 to None, run_after=None
[2025-06-26T02:41:45.760+0000] {processor.py:183} INFO - Processing /home/airflow/.local/lib/python3.12/site-packages/airflow/example_dags/example_subdag_operator.py took 0.162 seconds
