[2025-06-26T02:38:41.641+0000] {processor.py:161} INFO - Started process (PID=70) to work on /home/airflow/.local/lib/python3.12/site-packages/airflow/example_dags/example_short_circuit_operator.py
[2025-06-26T02:38:41.644+0000] {processor.py:830} INFO - Processing file /home/airflow/.local/lib/python3.12/site-packages/airflow/example_dags/example_short_circuit_operator.py for tasks to queue
[2025-06-26T02:38:41.647+0000] {logging_mixin.py:188} INFO - [2025-06-26T02:38:41.647+0000] {dagbag.py:545} INFO - Filling up the DagBag from /home/airflow/.local/lib/python3.12/site-packages/airflow/example_dags/example_short_circuit_operator.py
[2025-06-26T02:38:41.667+0000] {processor.py:840} INFO - DAG(s) 'example_short_circuit_operator' retrieved from /home/airflow/.local/lib/python3.12/site-packages/airflow/example_dags/example_short_circuit_operator.py
[2025-06-26T02:38:41.940+0000] {logging_mixin.py:188} INFO - [2025-06-26T02:38:41.938+0000] {override.py:1829} INFO - Created Permission View: can edit on DAG:example_short_circuit_operator
[2025-06-26T02:38:41.968+0000] {logging_mixin.py:188} INFO - [2025-06-26T02:38:41.967+0000] {override.py:1829} INFO - Created Permission View: can read on DAG:example_short_circuit_operator
[2025-06-26T02:38:41.983+0000] {logging_mixin.py:188} INFO - [2025-06-26T02:38:41.982+0000] {override.py:1829} INFO - Created Permission View: can delete on DAG:example_short_circuit_operator
[2025-06-26T02:38:41.984+0000] {logging_mixin.py:188} INFO - [2025-06-26T02:38:41.984+0000] {dag.py:3096} INFO - Sync 1 DAGs
[2025-06-26T02:38:42.005+0000] {logging_mixin.py:188} INFO - [2025-06-26T02:38:42.005+0000] {dag.py:3118} INFO - Creating ORM DAG for example_short_circuit_operator
[2025-06-26T02:38:42.028+0000] {logging_mixin.py:188} INFO - [2025-06-26T02:38:42.028+0000] {dag.py:3954} INFO - Setting next_dagrun for example_short_circuit_operator to 2025-06-25 00:00:00+00:00, run_after=2025-06-26 00:00:00+00:00
[2025-06-26T02:38:42.066+0000] {processor.py:183} INFO - Processing /home/airflow/.local/lib/python3.12/site-packages/airflow/example_dags/example_short_circuit_operator.py took 0.438 seconds
[2025-06-26T02:39:15.262+0000] {processor.py:161} INFO - Started process (PID=130) to work on /home/airflow/.local/lib/python3.12/site-packages/airflow/example_dags/example_short_circuit_operator.py
[2025-06-26T02:39:15.264+0000] {processor.py:830} INFO - Processing file /home/airflow/.local/lib/python3.12/site-packages/airflow/example_dags/example_short_circuit_operator.py for tasks to queue
[2025-06-26T02:39:15.265+0000] {logging_mixin.py:188} INFO - [2025-06-26T02:39:15.265+0000] {dagbag.py:545} INFO - Filling up the DagBag from /home/airflow/.local/lib/python3.12/site-packages/airflow/example_dags/example_short_circuit_operator.py
[2025-06-26T02:39:15.271+0000] {processor.py:840} INFO - DAG(s) 'example_short_circuit_operator' retrieved from /home/airflow/.local/lib/python3.12/site-packages/airflow/example_dags/example_short_circuit_operator.py
[2025-06-26T02:39:15.294+0000] {logging_mixin.py:188} INFO - [2025-06-26T02:39:15.294+0000] {dag.py:3096} INFO - Sync 1 DAGs
[2025-06-26T02:39:15.322+0000] {logging_mixin.py:188} INFO - [2025-06-26T02:39:15.322+0000] {dag.py:3954} INFO - Setting next_dagrun for example_short_circuit_operator to 2025-06-25 00:00:00+00:00, run_after=2025-06-26 00:00:00+00:00
[2025-06-26T02:39:15.351+0000] {processor.py:183} INFO - Processing /home/airflow/.local/lib/python3.12/site-packages/airflow/example_dags/example_short_circuit_operator.py took 0.093 seconds
[2025-06-26T02:39:45.639+0000] {processor.py:161} INFO - Started process (PID=188) to work on /home/airflow/.local/lib/python3.12/site-packages/airflow/example_dags/example_short_circuit_operator.py
[2025-06-26T02:39:45.640+0000] {processor.py:830} INFO - Processing file /home/airflow/.local/lib/python3.12/site-packages/airflow/example_dags/example_short_circuit_operator.py for tasks to queue
[2025-06-26T02:39:45.641+0000] {logging_mixin.py:188} INFO - [2025-06-26T02:39:45.641+0000] {dagbag.py:545} INFO - Filling up the DagBag from /home/airflow/.local/lib/python3.12/site-packages/airflow/example_dags/example_short_circuit_operator.py
[2025-06-26T02:39:45.648+0000] {processor.py:840} INFO - DAG(s) 'example_short_circuit_operator' retrieved from /home/airflow/.local/lib/python3.12/site-packages/airflow/example_dags/example_short_circuit_operator.py
[2025-06-26T02:39:45.683+0000] {logging_mixin.py:188} INFO - [2025-06-26T02:39:45.683+0000] {dag.py:3096} INFO - Sync 1 DAGs
[2025-06-26T02:39:45.706+0000] {logging_mixin.py:188} INFO - [2025-06-26T02:39:45.706+0000] {dag.py:3954} INFO - Setting next_dagrun for example_short_circuit_operator to 2025-06-25 00:00:00+00:00, run_after=2025-06-26 00:00:00+00:00
[2025-06-26T02:39:45.729+0000] {processor.py:183} INFO - Processing /home/airflow/.local/lib/python3.12/site-packages/airflow/example_dags/example_short_circuit_operator.py took 0.095 seconds
[2025-06-26T02:40:15.876+0000] {processor.py:161} INFO - Started process (PID=248) to work on /home/airflow/.local/lib/python3.12/site-packages/airflow/example_dags/example_short_circuit_operator.py
[2025-06-26T02:40:15.877+0000] {processor.py:830} INFO - Processing file /home/airflow/.local/lib/python3.12/site-packages/airflow/example_dags/example_short_circuit_operator.py for tasks to queue
[2025-06-26T02:40:15.878+0000] {logging_mixin.py:188} INFO - [2025-06-26T02:40:15.878+0000] {dagbag.py:545} INFO - Filling up the DagBag from /home/airflow/.local/lib/python3.12/site-packages/airflow/example_dags/example_short_circuit_operator.py
[2025-06-26T02:40:15.885+0000] {processor.py:840} INFO - DAG(s) 'example_short_circuit_operator' retrieved from /home/airflow/.local/lib/python3.12/site-packages/airflow/example_dags/example_short_circuit_operator.py
[2025-06-26T02:40:15.909+0000] {logging_mixin.py:188} INFO - [2025-06-26T02:40:15.908+0000] {dag.py:3096} INFO - Sync 1 DAGs
[2025-06-26T02:40:15.928+0000] {logging_mixin.py:188} INFO - [2025-06-26T02:40:15.928+0000] {dag.py:3954} INFO - Setting next_dagrun for example_short_circuit_operator to 2025-06-25 00:00:00+00:00, run_after=2025-06-26 00:00:00+00:00
[2025-06-26T02:40:15.950+0000] {processor.py:183} INFO - Processing /home/airflow/.local/lib/python3.12/site-packages/airflow/example_dags/example_short_circuit_operator.py took 0.079 seconds
[2025-06-26T02:40:46.009+0000] {processor.py:161} INFO - Started process (PID=308) to work on /home/airflow/.local/lib/python3.12/site-packages/airflow/example_dags/example_short_circuit_operator.py
[2025-06-26T02:40:46.010+0000] {processor.py:830} INFO - Processing file /home/airflow/.local/lib/python3.12/site-packages/airflow/example_dags/example_short_circuit_operator.py for tasks to queue
[2025-06-26T02:40:46.012+0000] {logging_mixin.py:188} INFO - [2025-06-26T02:40:46.012+0000] {dagbag.py:545} INFO - Filling up the DagBag from /home/airflow/.local/lib/python3.12/site-packages/airflow/example_dags/example_short_circuit_operator.py
[2025-06-26T02:40:46.019+0000] {processor.py:840} INFO - DAG(s) 'example_short_circuit_operator' retrieved from /home/airflow/.local/lib/python3.12/site-packages/airflow/example_dags/example_short_circuit_operator.py
[2025-06-26T02:40:46.043+0000] {logging_mixin.py:188} INFO - [2025-06-26T02:40:46.042+0000] {dag.py:3096} INFO - Sync 1 DAGs
[2025-06-26T02:40:46.065+0000] {logging_mixin.py:188} INFO - [2025-06-26T02:40:46.064+0000] {dag.py:3954} INFO - Setting next_dagrun for example_short_circuit_operator to 2025-06-25 00:00:00+00:00, run_after=2025-06-26 00:00:00+00:00
[2025-06-26T02:40:46.087+0000] {processor.py:183} INFO - Processing /home/airflow/.local/lib/python3.12/site-packages/airflow/example_dags/example_short_circuit_operator.py took 0.082 seconds
[2025-06-26T02:41:16.401+0000] {processor.py:161} INFO - Started process (PID=368) to work on /home/airflow/.local/lib/python3.12/site-packages/airflow/example_dags/example_short_circuit_operator.py
[2025-06-26T02:41:16.402+0000] {processor.py:830} INFO - Processing file /home/airflow/.local/lib/python3.12/site-packages/airflow/example_dags/example_short_circuit_operator.py for tasks to queue
[2025-06-26T02:41:16.404+0000] {logging_mixin.py:188} INFO - [2025-06-26T02:41:16.404+0000] {dagbag.py:545} INFO - Filling up the DagBag from /home/airflow/.local/lib/python3.12/site-packages/airflow/example_dags/example_short_circuit_operator.py
[2025-06-26T02:41:16.411+0000] {processor.py:840} INFO - DAG(s) 'example_short_circuit_operator' retrieved from /home/airflow/.local/lib/python3.12/site-packages/airflow/example_dags/example_short_circuit_operator.py
[2025-06-26T02:41:16.435+0000] {logging_mixin.py:188} INFO - [2025-06-26T02:41:16.435+0000] {dag.py:3096} INFO - Sync 1 DAGs
[2025-06-26T02:41:16.457+0000] {logging_mixin.py:188} INFO - [2025-06-26T02:41:16.456+0000] {dag.py:3954} INFO - Setting next_dagrun for example_short_circuit_operator to 2025-06-25 00:00:00+00:00, run_after=2025-06-26 00:00:00+00:00
[2025-06-26T02:41:16.482+0000] {processor.py:183} INFO - Processing /home/airflow/.local/lib/python3.12/site-packages/airflow/example_dags/example_short_circuit_operator.py took 0.085 seconds
[2025-06-26T02:41:47.152+0000] {processor.py:161} INFO - Started process (PID=429) to work on /home/airflow/.local/lib/python3.12/site-packages/airflow/example_dags/example_short_circuit_operator.py
[2025-06-26T02:41:47.153+0000] {processor.py:830} INFO - Processing file /home/airflow/.local/lib/python3.12/site-packages/airflow/example_dags/example_short_circuit_operator.py for tasks to queue
[2025-06-26T02:41:47.155+0000] {logging_mixin.py:188} INFO - [2025-06-26T02:41:47.155+0000] {dagbag.py:545} INFO - Filling up the DagBag from /home/airflow/.local/lib/python3.12/site-packages/airflow/example_dags/example_short_circuit_operator.py
[2025-06-26T02:41:47.161+0000] {processor.py:840} INFO - DAG(s) 'example_short_circuit_operator' retrieved from /home/airflow/.local/lib/python3.12/site-packages/airflow/example_dags/example_short_circuit_operator.py
[2025-06-26T02:41:47.202+0000] {logging_mixin.py:188} INFO - [2025-06-26T02:41:47.202+0000] {dag.py:3096} INFO - Sync 1 DAGs
[2025-06-26T02:41:47.222+0000] {logging_mixin.py:188} INFO - [2025-06-26T02:41:47.221+0000] {dag.py:3954} INFO - Setting next_dagrun for example_short_circuit_operator to 2025-06-25 00:00:00+00:00, run_after=2025-06-26 00:00:00+00:00
[2025-06-26T02:41:47.241+0000] {processor.py:183} INFO - Processing /home/airflow/.local/lib/python3.12/site-packages/airflow/example_dags/example_short_circuit_operator.py took 0.093 seconds
