[2025-06-26T02:39:01.982+0000] {processor.py:161} INFO - Started process (PID=82) to work on /home/airflow/.local/lib/python3.12/site-packages/airflow/example_dags/example_kubernetes_executor.py
[2025-06-26T02:39:01.983+0000] {processor.py:830} INFO - Processing file /home/airflow/.local/lib/python3.12/site-packages/airflow/example_dags/example_kubernetes_executor.py for tasks to queue
[2025-06-26T02:39:01.989+0000] {logging_mixin.py:188} INFO - [2025-06-26T02:39:01.986+0000] {dagbag.py:545} INFO - Filling up the DagBag from /home/airflow/.local/lib/python3.12/site-packages/airflow/example_dags/example_kubernetes_executor.py
[2025-06-26T02:39:02.683+0000] {processor.py:840} INFO - DAG(s) 'example_kubernetes_executor' retrieved from /home/airflow/.local/lib/python3.12/site-packages/airflow/example_dags/example_kubernetes_executor.py
[2025-06-26T02:39:05.934+0000] {logging_mixin.py:188} INFO - [2025-06-26T02:39:05.932+0000] {override.py:1829} INFO - Created Permission View: can edit on DAG:example_kubernetes_executor
[2025-06-26T02:39:05.956+0000] {logging_mixin.py:188} INFO - [2025-06-26T02:39:05.956+0000] {override.py:1829} INFO - Created Permission View: can read on DAG:example_kubernetes_executor
[2025-06-26T02:39:05.973+0000] {logging_mixin.py:188} INFO - [2025-06-26T02:39:05.973+0000] {override.py:1829} INFO - Created Permission View: can delete on DAG:example_kubernetes_executor
[2025-06-26T02:39:05.974+0000] {logging_mixin.py:188} INFO - [2025-06-26T02:39:05.974+0000] {dag.py:3096} INFO - Sync 1 DAGs
[2025-06-26T02:39:06.014+0000] {logging_mixin.py:188} INFO - [2025-06-26T02:39:06.014+0000] {dag.py:3118} INFO - Creating ORM DAG for example_kubernetes_executor
[2025-06-26T02:39:06.016+0000] {logging_mixin.py:188} INFO - [2025-06-26T02:39:06.016+0000] {dag.py:3954} INFO - Setting next_dagrun for example_kubernetes_executor to None, run_after=None
[2025-06-26T02:39:06.057+0000] {processor.py:183} INFO - Processing /home/airflow/.local/lib/python3.12/site-packages/airflow/example_dags/example_kubernetes_executor.py took 4.101 seconds
[2025-06-26T02:39:36.165+0000] {processor.py:161} INFO - Started process (PID=142) to work on /home/airflow/.local/lib/python3.12/site-packages/airflow/example_dags/example_kubernetes_executor.py
[2025-06-26T02:39:36.166+0000] {processor.py:830} INFO - Processing file /home/airflow/.local/lib/python3.12/site-packages/airflow/example_dags/example_kubernetes_executor.py for tasks to queue
[2025-06-26T02:39:36.168+0000] {logging_mixin.py:188} INFO - [2025-06-26T02:39:36.167+0000] {dagbag.py:545} INFO - Filling up the DagBag from /home/airflow/.local/lib/python3.12/site-packages/airflow/example_dags/example_kubernetes_executor.py
[2025-06-26T02:39:36.178+0000] {processor.py:840} INFO - DAG(s) 'example_kubernetes_executor' retrieved from /home/airflow/.local/lib/python3.12/site-packages/airflow/example_dags/example_kubernetes_executor.py
[2025-06-26T02:39:36.223+0000] {logging_mixin.py:188} INFO - [2025-06-26T02:39:36.223+0000] {dag.py:3096} INFO - Sync 1 DAGs
[2025-06-26T02:39:36.235+0000] {logging_mixin.py:188} INFO - [2025-06-26T02:39:36.235+0000] {dag.py:3954} INFO - Setting next_dagrun for example_kubernetes_executor to None, run_after=None
[2025-06-26T02:39:36.255+0000] {processor.py:183} INFO - Processing /home/airflow/.local/lib/python3.12/site-packages/airflow/example_dags/example_kubernetes_executor.py took 0.094 seconds
[2025-06-26T02:40:07.139+0000] {processor.py:161} INFO - Started process (PID=202) to work on /home/airflow/.local/lib/python3.12/site-packages/airflow/example_dags/example_kubernetes_executor.py
[2025-06-26T02:40:07.140+0000] {processor.py:830} INFO - Processing file /home/airflow/.local/lib/python3.12/site-packages/airflow/example_dags/example_kubernetes_executor.py for tasks to queue
[2025-06-26T02:40:07.143+0000] {logging_mixin.py:188} INFO - [2025-06-26T02:40:07.142+0000] {dagbag.py:545} INFO - Filling up the DagBag from /home/airflow/.local/lib/python3.12/site-packages/airflow/example_dags/example_kubernetes_executor.py
[2025-06-26T02:40:07.156+0000] {processor.py:840} INFO - DAG(s) 'example_kubernetes_executor' retrieved from /home/airflow/.local/lib/python3.12/site-packages/airflow/example_dags/example_kubernetes_executor.py
[2025-06-26T02:40:07.199+0000] {logging_mixin.py:188} INFO - [2025-06-26T02:40:07.199+0000] {dag.py:3096} INFO - Sync 1 DAGs
[2025-06-26T02:40:07.215+0000] {logging_mixin.py:188} INFO - [2025-06-26T02:40:07.214+0000] {dag.py:3954} INFO - Setting next_dagrun for example_kubernetes_executor to None, run_after=None
[2025-06-26T02:40:07.240+0000] {processor.py:183} INFO - Processing /home/airflow/.local/lib/python3.12/site-packages/airflow/example_dags/example_kubernetes_executor.py took 0.106 seconds
[2025-06-26T02:40:37.828+0000] {processor.py:161} INFO - Started process (PID=262) to work on /home/airflow/.local/lib/python3.12/site-packages/airflow/example_dags/example_kubernetes_executor.py
[2025-06-26T02:40:37.829+0000] {processor.py:830} INFO - Processing file /home/airflow/.local/lib/python3.12/site-packages/airflow/example_dags/example_kubernetes_executor.py for tasks to queue
[2025-06-26T02:40:37.832+0000] {logging_mixin.py:188} INFO - [2025-06-26T02:40:37.831+0000] {dagbag.py:545} INFO - Filling up the DagBag from /home/airflow/.local/lib/python3.12/site-packages/airflow/example_dags/example_kubernetes_executor.py
[2025-06-26T02:40:37.844+0000] {processor.py:840} INFO - DAG(s) 'example_kubernetes_executor' retrieved from /home/airflow/.local/lib/python3.12/site-packages/airflow/example_dags/example_kubernetes_executor.py
[2025-06-26T02:40:37.886+0000] {logging_mixin.py:188} INFO - [2025-06-26T02:40:37.886+0000] {dag.py:3096} INFO - Sync 1 DAGs
[2025-06-26T02:40:37.900+0000] {logging_mixin.py:188} INFO - [2025-06-26T02:40:37.900+0000] {dag.py:3954} INFO - Setting next_dagrun for example_kubernetes_executor to None, run_after=None
[2025-06-26T02:40:37.927+0000] {processor.py:183} INFO - Processing /home/airflow/.local/lib/python3.12/site-packages/airflow/example_dags/example_kubernetes_executor.py took 0.104 seconds
[2025-06-26T02:41:08.091+0000] {processor.py:161} INFO - Started process (PID=324) to work on /home/airflow/.local/lib/python3.12/site-packages/airflow/example_dags/example_kubernetes_executor.py
[2025-06-26T02:41:08.092+0000] {processor.py:830} INFO - Processing file /home/airflow/.local/lib/python3.12/site-packages/airflow/example_dags/example_kubernetes_executor.py for tasks to queue
[2025-06-26T02:41:08.094+0000] {logging_mixin.py:188} INFO - [2025-06-26T02:41:08.093+0000] {dagbag.py:545} INFO - Filling up the DagBag from /home/airflow/.local/lib/python3.12/site-packages/airflow/example_dags/example_kubernetes_executor.py
[2025-06-26T02:41:08.104+0000] {processor.py:840} INFO - DAG(s) 'example_kubernetes_executor' retrieved from /home/airflow/.local/lib/python3.12/site-packages/airflow/example_dags/example_kubernetes_executor.py
[2025-06-26T02:41:08.138+0000] {logging_mixin.py:188} INFO - [2025-06-26T02:41:08.138+0000] {dag.py:3096} INFO - Sync 1 DAGs
[2025-06-26T02:41:08.150+0000] {logging_mixin.py:188} INFO - [2025-06-26T02:41:08.150+0000] {dag.py:3954} INFO - Setting next_dagrun for example_kubernetes_executor to None, run_after=None
[2025-06-26T02:41:08.171+0000] {processor.py:183} INFO - Processing /home/airflow/.local/lib/python3.12/site-packages/airflow/example_dags/example_kubernetes_executor.py took 0.085 seconds
[2025-06-26T02:41:38.976+0000] {processor.py:161} INFO - Started process (PID=387) to work on /home/airflow/.local/lib/python3.12/site-packages/airflow/example_dags/example_kubernetes_executor.py
[2025-06-26T02:41:38.977+0000] {processor.py:830} INFO - Processing file /home/airflow/.local/lib/python3.12/site-packages/airflow/example_dags/example_kubernetes_executor.py for tasks to queue
[2025-06-26T02:41:38.978+0000] {logging_mixin.py:188} INFO - [2025-06-26T02:41:38.978+0000] {dagbag.py:545} INFO - Filling up the DagBag from /home/airflow/.local/lib/python3.12/site-packages/airflow/example_dags/example_kubernetes_executor.py
[2025-06-26T02:41:38.988+0000] {processor.py:840} INFO - DAG(s) 'example_kubernetes_executor' retrieved from /home/airflow/.local/lib/python3.12/site-packages/airflow/example_dags/example_kubernetes_executor.py
[2025-06-26T02:41:39.025+0000] {logging_mixin.py:188} INFO - [2025-06-26T02:41:39.024+0000] {dag.py:3096} INFO - Sync 1 DAGs
[2025-06-26T02:41:39.042+0000] {logging_mixin.py:188} INFO - [2025-06-26T02:41:39.041+0000] {dag.py:3954} INFO - Setting next_dagrun for example_kubernetes_executor to None, run_after=None
[2025-06-26T02:41:39.067+0000] {processor.py:183} INFO - Processing /home/airflow/.local/lib/python3.12/site-packages/airflow/example_dags/example_kubernetes_executor.py took 0.095 seconds
