[2025-06-26T02:39:11.924+0000] {processor.py:161} INFO - Started process (PID=103) to work on /home/airflow/.local/lib/python3.12/site-packages/airflow/example_dags/example_skip_dag.py
[2025-06-26T02:39:11.926+0000] {processor.py:830} INFO - Processing file /home/airflow/.local/lib/python3.12/site-packages/airflow/example_dags/example_skip_dag.py for tasks to queue
[2025-06-26T02:39:11.928+0000] {logging_mixin.py:188} INFO - [2025-06-26T02:39:11.927+0000] {dagbag.py:545} INFO - Filling up the DagBag from /home/airflow/.local/lib/python3.12/site-packages/airflow/example_dags/example_skip_dag.py
[2025-06-26T02:39:11.941+0000] {processor.py:840} INFO - DAG(s) 'example_skip_dag' retrieved from /home/airflow/.local/lib/python3.12/site-packages/airflow/example_dags/example_skip_dag.py
[2025-06-26T02:39:12.060+0000] {logging_mixin.py:188} INFO - [2025-06-26T02:39:12.060+0000] {override.py:1829} INFO - Created Permission View: can edit on DAG:example_skip_dag
[2025-06-26T02:39:12.073+0000] {logging_mixin.py:188} INFO - [2025-06-26T02:39:12.072+0000] {override.py:1829} INFO - Created Permission View: can read on DAG:example_skip_dag
[2025-06-26T02:39:12.082+0000] {logging_mixin.py:188} INFO - [2025-06-26T02:39:12.082+0000] {override.py:1829} INFO - Created Permission View: can delete on DAG:example_skip_dag
[2025-06-26T02:39:12.083+0000] {logging_mixin.py:188} INFO - [2025-06-26T02:39:12.082+0000] {dag.py:3096} INFO - Sync 1 DAGs
[2025-06-26T02:39:12.093+0000] {logging_mixin.py:188} INFO - [2025-06-26T02:39:12.093+0000] {dag.py:3118} INFO - Creating ORM DAG for example_skip_dag
[2025-06-26T02:39:12.103+0000] {logging_mixin.py:188} INFO - [2025-06-26T02:39:12.102+0000] {dag.py:3954} INFO - Setting next_dagrun for example_skip_dag to 2025-06-25 00:00:00+00:00, run_after=2025-06-26 00:00:00+00:00
[2025-06-26T02:39:12.123+0000] {processor.py:183} INFO - Processing /home/airflow/.local/lib/python3.12/site-packages/airflow/example_dags/example_skip_dag.py took 0.206 seconds
[2025-06-26T02:39:42.163+0000] {processor.py:161} INFO - Started process (PID=163) to work on /home/airflow/.local/lib/python3.12/site-packages/airflow/example_dags/example_skip_dag.py
[2025-06-26T02:39:42.164+0000] {processor.py:830} INFO - Processing file /home/airflow/.local/lib/python3.12/site-packages/airflow/example_dags/example_skip_dag.py for tasks to queue
[2025-06-26T02:39:42.166+0000] {logging_mixin.py:188} INFO - [2025-06-26T02:39:42.165+0000] {dagbag.py:545} INFO - Filling up the DagBag from /home/airflow/.local/lib/python3.12/site-packages/airflow/example_dags/example_skip_dag.py
[2025-06-26T02:39:42.171+0000] {processor.py:840} INFO - DAG(s) 'example_skip_dag' retrieved from /home/airflow/.local/lib/python3.12/site-packages/airflow/example_dags/example_skip_dag.py
[2025-06-26T02:39:42.195+0000] {logging_mixin.py:188} INFO - [2025-06-26T02:39:42.194+0000] {dag.py:3096} INFO - Sync 1 DAGs
[2025-06-26T02:39:42.215+0000] {logging_mixin.py:188} INFO - [2025-06-26T02:39:42.215+0000] {dag.py:3954} INFO - Setting next_dagrun for example_skip_dag to 2025-06-25 00:00:00+00:00, run_after=2025-06-26 00:00:00+00:00
[2025-06-26T02:39:42.236+0000] {processor.py:183} INFO - Processing /home/airflow/.local/lib/python3.12/site-packages/airflow/example_dags/example_skip_dag.py took 0.077 seconds
[2025-06-26T02:40:13.405+0000] {processor.py:161} INFO - Started process (PID=223) to work on /home/airflow/.local/lib/python3.12/site-packages/airflow/example_dags/example_skip_dag.py
[2025-06-26T02:40:13.406+0000] {processor.py:830} INFO - Processing file /home/airflow/.local/lib/python3.12/site-packages/airflow/example_dags/example_skip_dag.py for tasks to queue
[2025-06-26T02:40:13.408+0000] {logging_mixin.py:188} INFO - [2025-06-26T02:40:13.407+0000] {dagbag.py:545} INFO - Filling up the DagBag from /home/airflow/.local/lib/python3.12/site-packages/airflow/example_dags/example_skip_dag.py
[2025-06-26T02:40:13.414+0000] {processor.py:840} INFO - DAG(s) 'example_skip_dag' retrieved from /home/airflow/.local/lib/python3.12/site-packages/airflow/example_dags/example_skip_dag.py
[2025-06-26T02:40:13.440+0000] {logging_mixin.py:188} INFO - [2025-06-26T02:40:13.439+0000] {dag.py:3096} INFO - Sync 1 DAGs
[2025-06-26T02:40:13.467+0000] {logging_mixin.py:188} INFO - [2025-06-26T02:40:13.466+0000] {dag.py:3954} INFO - Setting next_dagrun for example_skip_dag to 2025-06-25 00:00:00+00:00, run_after=2025-06-26 00:00:00+00:00
[2025-06-26T02:40:13.492+0000] {processor.py:183} INFO - Processing /home/airflow/.local/lib/python3.12/site-packages/airflow/example_dags/example_skip_dag.py took 0.093 seconds
[2025-06-26T02:40:43.766+0000] {processor.py:161} INFO - Started process (PID=283) to work on /home/airflow/.local/lib/python3.12/site-packages/airflow/example_dags/example_skip_dag.py
[2025-06-26T02:40:43.767+0000] {processor.py:830} INFO - Processing file /home/airflow/.local/lib/python3.12/site-packages/airflow/example_dags/example_skip_dag.py for tasks to queue
[2025-06-26T02:40:43.768+0000] {logging_mixin.py:188} INFO - [2025-06-26T02:40:43.768+0000] {dagbag.py:545} INFO - Filling up the DagBag from /home/airflow/.local/lib/python3.12/site-packages/airflow/example_dags/example_skip_dag.py
[2025-06-26T02:40:43.774+0000] {processor.py:840} INFO - DAG(s) 'example_skip_dag' retrieved from /home/airflow/.local/lib/python3.12/site-packages/airflow/example_dags/example_skip_dag.py
[2025-06-26T02:40:43.797+0000] {logging_mixin.py:188} INFO - [2025-06-26T02:40:43.797+0000] {dag.py:3096} INFO - Sync 1 DAGs
[2025-06-26T02:40:43.820+0000] {logging_mixin.py:188} INFO - [2025-06-26T02:40:43.820+0000] {dag.py:3954} INFO - Setting next_dagrun for example_skip_dag to 2025-06-25 00:00:00+00:00, run_after=2025-06-26 00:00:00+00:00
[2025-06-26T02:40:43.841+0000] {processor.py:183} INFO - Processing /home/airflow/.local/lib/python3.12/site-packages/airflow/example_dags/example_skip_dag.py took 0.082 seconds
[2025-06-26T02:41:14.003+0000] {processor.py:161} INFO - Started process (PID=346) to work on /home/airflow/.local/lib/python3.12/site-packages/airflow/example_dags/example_skip_dag.py
[2025-06-26T02:41:14.005+0000] {processor.py:830} INFO - Processing file /home/airflow/.local/lib/python3.12/site-packages/airflow/example_dags/example_skip_dag.py for tasks to queue
[2025-06-26T02:41:14.007+0000] {logging_mixin.py:188} INFO - [2025-06-26T02:41:14.007+0000] {dagbag.py:545} INFO - Filling up the DagBag from /home/airflow/.local/lib/python3.12/site-packages/airflow/example_dags/example_skip_dag.py
[2025-06-26T02:41:14.015+0000] {processor.py:840} INFO - DAG(s) 'example_skip_dag' retrieved from /home/airflow/.local/lib/python3.12/site-packages/airflow/example_dags/example_skip_dag.py
[2025-06-26T02:41:14.044+0000] {logging_mixin.py:188} INFO - [2025-06-26T02:41:14.044+0000] {dag.py:3096} INFO - Sync 1 DAGs
[2025-06-26T02:41:14.078+0000] {logging_mixin.py:188} INFO - [2025-06-26T02:41:14.077+0000] {dag.py:3954} INFO - Setting next_dagrun for example_skip_dag to 2025-06-25 00:00:00+00:00, run_after=2025-06-26 00:00:00+00:00
[2025-06-26T02:41:14.107+0000] {processor.py:183} INFO - Processing /home/airflow/.local/lib/python3.12/site-packages/airflow/example_dags/example_skip_dag.py took 0.111 seconds
[2025-06-26T02:41:45.170+0000] {processor.py:161} INFO - Started process (PID=408) to work on /home/airflow/.local/lib/python3.12/site-packages/airflow/example_dags/example_skip_dag.py
[2025-06-26T02:41:45.172+0000] {processor.py:830} INFO - Processing file /home/airflow/.local/lib/python3.12/site-packages/airflow/example_dags/example_skip_dag.py for tasks to queue
[2025-06-26T02:41:45.174+0000] {logging_mixin.py:188} INFO - [2025-06-26T02:41:45.174+0000] {dagbag.py:545} INFO - Filling up the DagBag from /home/airflow/.local/lib/python3.12/site-packages/airflow/example_dags/example_skip_dag.py
[2025-06-26T02:41:45.181+0000] {processor.py:840} INFO - DAG(s) 'example_skip_dag' retrieved from /home/airflow/.local/lib/python3.12/site-packages/airflow/example_dags/example_skip_dag.py
[2025-06-26T02:41:45.208+0000] {logging_mixin.py:188} INFO - [2025-06-26T02:41:45.207+0000] {dag.py:3096} INFO - Sync 1 DAGs
[2025-06-26T02:41:45.236+0000] {logging_mixin.py:188} INFO - [2025-06-26T02:41:45.235+0000] {dag.py:3954} INFO - Setting next_dagrun for example_skip_dag to 2025-06-25 00:00:00+00:00, run_after=2025-06-26 00:00:00+00:00
[2025-06-26T02:41:45.349+0000] {processor.py:183} INFO - Processing /home/airflow/.local/lib/python3.12/site-packages/airflow/example_dags/example_skip_dag.py took 0.184 seconds
