[2025-06-26T02:39:12.582+0000] {processor.py:161} INFO - Started process (PID=108) to work on /home/airflow/.local/lib/python3.12/site-packages/airflow/example_dags/example_params_trigger_ui.py
[2025-06-26T02:39:12.583+0000] {processor.py:830} INFO - Processing file /home/airflow/.local/lib/python3.12/site-packages/airflow/example_dags/example_params_trigger_ui.py for tasks to queue
[2025-06-26T02:39:12.584+0000] {logging_mixin.py:188} INFO - [2025-06-26T02:39:12.584+0000] {dagbag.py:545} INFO - Filling up the DagBag from /home/airflow/.local/lib/python3.12/site-packages/airflow/example_dags/example_params_trigger_ui.py
[2025-06-26T02:39:12.598+0000] {processor.py:840} INFO - DAG(s) 'example_params_trigger_ui' retrieved from /home/airflow/.local/lib/python3.12/site-packages/airflow/example_dags/example_params_trigger_ui.py
[2025-06-26T02:39:12.725+0000] {logging_mixin.py:188} INFO - [2025-06-26T02:39:12.724+0000] {override.py:1829} INFO - Created Permission View: can edit on DAG:example_params_trigger_ui
[2025-06-26T02:39:12.737+0000] {logging_mixin.py:188} INFO - [2025-06-26T02:39:12.737+0000] {override.py:1829} INFO - Created Permission View: can read on DAG:example_params_trigger_ui
[2025-06-26T02:39:12.745+0000] {logging_mixin.py:188} INFO - [2025-06-26T02:39:12.745+0000] {override.py:1829} INFO - Created Permission View: can delete on DAG:example_params_trigger_ui
[2025-06-26T02:39:12.746+0000] {logging_mixin.py:188} INFO - [2025-06-26T02:39:12.746+0000] {dag.py:3096} INFO - Sync 1 DAGs
[2025-06-26T02:39:12.758+0000] {logging_mixin.py:188} INFO - [2025-06-26T02:39:12.758+0000] {dag.py:3118} INFO - Creating ORM DAG for example_params_trigger_ui
[2025-06-26T02:39:12.759+0000] {logging_mixin.py:188} INFO - [2025-06-26T02:39:12.759+0000] {dag.py:3954} INFO - Setting next_dagrun for example_params_trigger_ui to None, run_after=None
[2025-06-26T02:39:12.781+0000] {processor.py:183} INFO - Processing /home/airflow/.local/lib/python3.12/site-packages/airflow/example_dags/example_params_trigger_ui.py took 0.204 seconds
[2025-06-26T02:39:43.479+0000] {processor.py:161} INFO - Started process (PID=168) to work on /home/airflow/.local/lib/python3.12/site-packages/airflow/example_dags/example_params_trigger_ui.py
[2025-06-26T02:39:43.480+0000] {processor.py:830} INFO - Processing file /home/airflow/.local/lib/python3.12/site-packages/airflow/example_dags/example_params_trigger_ui.py for tasks to queue
[2025-06-26T02:39:43.481+0000] {logging_mixin.py:188} INFO - [2025-06-26T02:39:43.481+0000] {dagbag.py:545} INFO - Filling up the DagBag from /home/airflow/.local/lib/python3.12/site-packages/airflow/example_dags/example_params_trigger_ui.py
[2025-06-26T02:39:43.494+0000] {processor.py:840} INFO - DAG(s) 'example_params_trigger_ui' retrieved from /home/airflow/.local/lib/python3.12/site-packages/airflow/example_dags/example_params_trigger_ui.py
[2025-06-26T02:39:43.543+0000] {logging_mixin.py:188} INFO - [2025-06-26T02:39:43.543+0000] {dag.py:3096} INFO - Sync 1 DAGs
[2025-06-26T02:39:43.555+0000] {logging_mixin.py:188} INFO - [2025-06-26T02:39:43.555+0000] {dag.py:3954} INFO - Setting next_dagrun for example_params_trigger_ui to None, run_after=None
[2025-06-26T02:39:43.574+0000] {processor.py:183} INFO - Processing /home/airflow/.local/lib/python3.12/site-packages/airflow/example_dags/example_params_trigger_ui.py took 0.100 seconds
[2025-06-26T02:40:13.794+0000] {processor.py:161} INFO - Started process (PID=228) to work on /home/airflow/.local/lib/python3.12/site-packages/airflow/example_dags/example_params_trigger_ui.py
[2025-06-26T02:40:13.795+0000] {processor.py:830} INFO - Processing file /home/airflow/.local/lib/python3.12/site-packages/airflow/example_dags/example_params_trigger_ui.py for tasks to queue
[2025-06-26T02:40:13.798+0000] {logging_mixin.py:188} INFO - [2025-06-26T02:40:13.797+0000] {dagbag.py:545} INFO - Filling up the DagBag from /home/airflow/.local/lib/python3.12/site-packages/airflow/example_dags/example_params_trigger_ui.py
[2025-06-26T02:40:13.811+0000] {processor.py:840} INFO - DAG(s) 'example_params_trigger_ui' retrieved from /home/airflow/.local/lib/python3.12/site-packages/airflow/example_dags/example_params_trigger_ui.py
[2025-06-26T02:40:13.863+0000] {logging_mixin.py:188} INFO - [2025-06-26T02:40:13.863+0000] {dag.py:3096} INFO - Sync 1 DAGs
[2025-06-26T02:40:13.879+0000] {logging_mixin.py:188} INFO - [2025-06-26T02:40:13.879+0000] {dag.py:3954} INFO - Setting next_dagrun for example_params_trigger_ui to None, run_after=None
[2025-06-26T02:40:13.903+0000] {processor.py:183} INFO - Processing /home/airflow/.local/lib/python3.12/site-packages/airflow/example_dags/example_params_trigger_ui.py took 0.116 seconds
[2025-06-26T02:40:44.022+0000] {processor.py:161} INFO - Started process (PID=288) to work on /home/airflow/.local/lib/python3.12/site-packages/airflow/example_dags/example_params_trigger_ui.py
[2025-06-26T02:40:44.023+0000] {processor.py:830} INFO - Processing file /home/airflow/.local/lib/python3.12/site-packages/airflow/example_dags/example_params_trigger_ui.py for tasks to queue
[2025-06-26T02:40:44.025+0000] {logging_mixin.py:188} INFO - [2025-06-26T02:40:44.024+0000] {dagbag.py:545} INFO - Filling up the DagBag from /home/airflow/.local/lib/python3.12/site-packages/airflow/example_dags/example_params_trigger_ui.py
[2025-06-26T02:40:44.037+0000] {processor.py:840} INFO - DAG(s) 'example_params_trigger_ui' retrieved from /home/airflow/.local/lib/python3.12/site-packages/airflow/example_dags/example_params_trigger_ui.py
[2025-06-26T02:40:44.083+0000] {logging_mixin.py:188} INFO - [2025-06-26T02:40:44.082+0000] {dag.py:3096} INFO - Sync 1 DAGs
[2025-06-26T02:40:44.095+0000] {logging_mixin.py:188} INFO - [2025-06-26T02:40:44.095+0000] {dag.py:3954} INFO - Setting next_dagrun for example_params_trigger_ui to None, run_after=None
[2025-06-26T02:40:44.115+0000] {processor.py:183} INFO - Processing /home/airflow/.local/lib/python3.12/site-packages/airflow/example_dags/example_params_trigger_ui.py took 0.098 seconds
[2025-06-26T02:41:14.349+0000] {processor.py:161} INFO - Started process (PID=351) to work on /home/airflow/.local/lib/python3.12/site-packages/airflow/example_dags/example_params_trigger_ui.py
[2025-06-26T02:41:14.350+0000] {processor.py:830} INFO - Processing file /home/airflow/.local/lib/python3.12/site-packages/airflow/example_dags/example_params_trigger_ui.py for tasks to queue
[2025-06-26T02:41:14.352+0000] {logging_mixin.py:188} INFO - [2025-06-26T02:41:14.351+0000] {dagbag.py:545} INFO - Filling up the DagBag from /home/airflow/.local/lib/python3.12/site-packages/airflow/example_dags/example_params_trigger_ui.py
[2025-06-26T02:41:14.363+0000] {processor.py:840} INFO - DAG(s) 'example_params_trigger_ui' retrieved from /home/airflow/.local/lib/python3.12/site-packages/airflow/example_dags/example_params_trigger_ui.py
[2025-06-26T02:41:14.405+0000] {logging_mixin.py:188} INFO - [2025-06-26T02:41:14.405+0000] {dag.py:3096} INFO - Sync 1 DAGs
[2025-06-26T02:41:14.417+0000] {logging_mixin.py:188} INFO - [2025-06-26T02:41:14.417+0000] {dag.py:3954} INFO - Setting next_dagrun for example_params_trigger_ui to None, run_after=None
[2025-06-26T02:41:14.439+0000] {processor.py:183} INFO - Processing /home/airflow/.local/lib/python3.12/site-packages/airflow/example_dags/example_params_trigger_ui.py took 0.095 seconds
[2025-06-26T02:41:45.692+0000] {processor.py:161} INFO - Started process (PID=413) to work on /home/airflow/.local/lib/python3.12/site-packages/airflow/example_dags/example_params_trigger_ui.py
[2025-06-26T02:41:45.693+0000] {processor.py:830} INFO - Processing file /home/airflow/.local/lib/python3.12/site-packages/airflow/example_dags/example_params_trigger_ui.py for tasks to queue
[2025-06-26T02:41:45.695+0000] {logging_mixin.py:188} INFO - [2025-06-26T02:41:45.695+0000] {dagbag.py:545} INFO - Filling up the DagBag from /home/airflow/.local/lib/python3.12/site-packages/airflow/example_dags/example_params_trigger_ui.py
[2025-06-26T02:41:45.707+0000] {processor.py:840} INFO - DAG(s) 'example_params_trigger_ui' retrieved from /home/airflow/.local/lib/python3.12/site-packages/airflow/example_dags/example_params_trigger_ui.py
[2025-06-26T02:41:45.750+0000] {logging_mixin.py:188} INFO - [2025-06-26T02:41:45.750+0000] {dag.py:3096} INFO - Sync 1 DAGs
[2025-06-26T02:41:45.761+0000] {logging_mixin.py:188} INFO - [2025-06-26T02:41:45.761+0000] {dag.py:3954} INFO - Setting next_dagrun for example_params_trigger_ui to None, run_after=None
[2025-06-26T02:41:45.854+0000] {processor.py:183} INFO - Processing /home/airflow/.local/lib/python3.12/site-packages/airflow/example_dags/example_params_trigger_ui.py took 0.169 seconds
