[2025-06-26T02:38:41.740+0000] {processor.py:161} INFO - Started process (PID=71) to work on /home/airflow/.local/lib/python3.12/site-packages/airflow/example_dags/example_time_delta_sensor_async.py
[2025-06-26T02:38:41.741+0000] {processor.py:830} INFO - Processing file /home/airflow/.local/lib/python3.12/site-packages/airflow/example_dags/example_time_delta_sensor_async.py for tasks to queue
[2025-06-26T02:38:41.745+0000] {logging_mixin.py:188} INFO - [2025-06-26T02:38:41.744+0000] {dagbag.py:545} INFO - Filling up the DagBag from /home/airflow/.local/lib/python3.12/site-packages/airflow/example_dags/example_time_delta_sensor_async.py
[2025-06-26T02:38:41.758+0000] {processor.py:840} INFO - DAG(s) 'example_time_delta_sensor_async' retrieved from /home/airflow/.local/lib/python3.12/site-packages/airflow/example_dags/example_time_delta_sensor_async.py
[2025-06-26T02:38:42.028+0000] {logging_mixin.py:188} INFO - [2025-06-26T02:38:42.027+0000] {override.py:1829} INFO - Created Permission View: can edit on DAG:example_time_delta_sensor_async
[2025-06-26T02:38:42.051+0000] {logging_mixin.py:188} INFO - [2025-06-26T02:38:42.050+0000] {override.py:1829} INFO - Created Permission View: can read on DAG:example_time_delta_sensor_async
[2025-06-26T02:38:42.065+0000] {logging_mixin.py:188} INFO - [2025-06-26T02:38:42.065+0000] {override.py:1829} INFO - Created Permission View: can delete on DAG:example_time_delta_sensor_async
[2025-06-26T02:38:42.066+0000] {logging_mixin.py:188} INFO - [2025-06-26T02:38:42.066+0000] {dag.py:3096} INFO - Sync 1 DAGs
[2025-06-26T02:38:42.085+0000] {logging_mixin.py:188} INFO - [2025-06-26T02:38:42.085+0000] {dag.py:3118} INFO - Creating ORM DAG for example_time_delta_sensor_async
[2025-06-26T02:38:42.087+0000] {logging_mixin.py:188} INFO - [2025-06-26T02:38:42.087+0000] {dag.py:3954} INFO - Setting next_dagrun for example_time_delta_sensor_async to None, run_after=None
[2025-06-26T02:38:42.122+0000] {processor.py:183} INFO - Processing /home/airflow/.local/lib/python3.12/site-packages/airflow/example_dags/example_time_delta_sensor_async.py took 0.393 seconds
[2025-06-26T02:39:15.385+0000] {processor.py:161} INFO - Started process (PID=131) to work on /home/airflow/.local/lib/python3.12/site-packages/airflow/example_dags/example_time_delta_sensor_async.py
[2025-06-26T02:39:15.386+0000] {processor.py:830} INFO - Processing file /home/airflow/.local/lib/python3.12/site-packages/airflow/example_dags/example_time_delta_sensor_async.py for tasks to queue
[2025-06-26T02:39:15.388+0000] {logging_mixin.py:188} INFO - [2025-06-26T02:39:15.388+0000] {dagbag.py:545} INFO - Filling up the DagBag from /home/airflow/.local/lib/python3.12/site-packages/airflow/example_dags/example_time_delta_sensor_async.py
[2025-06-26T02:39:15.392+0000] {processor.py:840} INFO - DAG(s) 'example_time_delta_sensor_async' retrieved from /home/airflow/.local/lib/python3.12/site-packages/airflow/example_dags/example_time_delta_sensor_async.py
[2025-06-26T02:39:15.785+0000] {logging_mixin.py:188} INFO - [2025-06-26T02:39:15.785+0000] {dag.py:3096} INFO - Sync 1 DAGs
[2025-06-26T02:39:15.849+0000] {logging_mixin.py:188} INFO - [2025-06-26T02:39:15.849+0000] {dag.py:3954} INFO - Setting next_dagrun for example_time_delta_sensor_async to None, run_after=None
[2025-06-26T02:39:15.889+0000] {processor.py:183} INFO - Processing /home/airflow/.local/lib/python3.12/site-packages/airflow/example_dags/example_time_delta_sensor_async.py took 0.509 seconds
[2025-06-26T02:39:46.696+0000] {processor.py:161} INFO - Started process (PID=189) to work on /home/airflow/.local/lib/python3.12/site-packages/airflow/example_dags/example_time_delta_sensor_async.py
[2025-06-26T02:39:46.697+0000] {processor.py:830} INFO - Processing file /home/airflow/.local/lib/python3.12/site-packages/airflow/example_dags/example_time_delta_sensor_async.py for tasks to queue
[2025-06-26T02:39:46.700+0000] {logging_mixin.py:188} INFO - [2025-06-26T02:39:46.700+0000] {dagbag.py:545} INFO - Filling up the DagBag from /home/airflow/.local/lib/python3.12/site-packages/airflow/example_dags/example_time_delta_sensor_async.py
[2025-06-26T02:39:46.706+0000] {processor.py:840} INFO - DAG(s) 'example_time_delta_sensor_async' retrieved from /home/airflow/.local/lib/python3.12/site-packages/airflow/example_dags/example_time_delta_sensor_async.py
[2025-06-26T02:39:46.738+0000] {logging_mixin.py:188} INFO - [2025-06-26T02:39:46.738+0000] {dag.py:3096} INFO - Sync 1 DAGs
[2025-06-26T02:39:46.757+0000] {logging_mixin.py:188} INFO - [2025-06-26T02:39:46.757+0000] {dag.py:3954} INFO - Setting next_dagrun for example_time_delta_sensor_async to None, run_after=None
[2025-06-26T02:39:46.785+0000] {processor.py:183} INFO - Processing /home/airflow/.local/lib/python3.12/site-packages/airflow/example_dags/example_time_delta_sensor_async.py took 0.096 seconds
[2025-06-26T02:40:16.887+0000] {processor.py:161} INFO - Started process (PID=249) to work on /home/airflow/.local/lib/python3.12/site-packages/airflow/example_dags/example_time_delta_sensor_async.py
[2025-06-26T02:40:16.888+0000] {processor.py:830} INFO - Processing file /home/airflow/.local/lib/python3.12/site-packages/airflow/example_dags/example_time_delta_sensor_async.py for tasks to queue
[2025-06-26T02:40:16.890+0000] {logging_mixin.py:188} INFO - [2025-06-26T02:40:16.890+0000] {dagbag.py:545} INFO - Filling up the DagBag from /home/airflow/.local/lib/python3.12/site-packages/airflow/example_dags/example_time_delta_sensor_async.py
[2025-06-26T02:40:16.894+0000] {processor.py:840} INFO - DAG(s) 'example_time_delta_sensor_async' retrieved from /home/airflow/.local/lib/python3.12/site-packages/airflow/example_dags/example_time_delta_sensor_async.py
[2025-06-26T02:40:16.917+0000] {logging_mixin.py:188} INFO - [2025-06-26T02:40:16.917+0000] {dag.py:3096} INFO - Sync 1 DAGs
[2025-06-26T02:40:16.930+0000] {logging_mixin.py:188} INFO - [2025-06-26T02:40:16.930+0000] {dag.py:3954} INFO - Setting next_dagrun for example_time_delta_sensor_async to None, run_after=None
[2025-06-26T02:40:16.950+0000] {processor.py:183} INFO - Processing /home/airflow/.local/lib/python3.12/site-packages/airflow/example_dags/example_time_delta_sensor_async.py took 0.067 seconds
[2025-06-26T02:40:47.026+0000] {processor.py:161} INFO - Started process (PID=309) to work on /home/airflow/.local/lib/python3.12/site-packages/airflow/example_dags/example_time_delta_sensor_async.py
[2025-06-26T02:40:47.027+0000] {processor.py:830} INFO - Processing file /home/airflow/.local/lib/python3.12/site-packages/airflow/example_dags/example_time_delta_sensor_async.py for tasks to queue
[2025-06-26T02:40:47.030+0000] {logging_mixin.py:188} INFO - [2025-06-26T02:40:47.029+0000] {dagbag.py:545} INFO - Filling up the DagBag from /home/airflow/.local/lib/python3.12/site-packages/airflow/example_dags/example_time_delta_sensor_async.py
[2025-06-26T02:40:47.035+0000] {processor.py:840} INFO - DAG(s) 'example_time_delta_sensor_async' retrieved from /home/airflow/.local/lib/python3.12/site-packages/airflow/example_dags/example_time_delta_sensor_async.py
[2025-06-26T02:40:47.065+0000] {logging_mixin.py:188} INFO - [2025-06-26T02:40:47.065+0000] {dag.py:3096} INFO - Sync 1 DAGs
[2025-06-26T02:40:47.083+0000] {logging_mixin.py:188} INFO - [2025-06-26T02:40:47.083+0000] {dag.py:3954} INFO - Setting next_dagrun for example_time_delta_sensor_async to None, run_after=None
[2025-06-26T02:40:47.115+0000] {processor.py:183} INFO - Processing /home/airflow/.local/lib/python3.12/site-packages/airflow/example_dags/example_time_delta_sensor_async.py took 0.096 seconds
[2025-06-26T02:41:17.555+0000] {processor.py:161} INFO - Started process (PID=371) to work on /home/airflow/.local/lib/python3.12/site-packages/airflow/example_dags/example_time_delta_sensor_async.py
[2025-06-26T02:41:17.556+0000] {processor.py:830} INFO - Processing file /home/airflow/.local/lib/python3.12/site-packages/airflow/example_dags/example_time_delta_sensor_async.py for tasks to queue
[2025-06-26T02:41:17.558+0000] {logging_mixin.py:188} INFO - [2025-06-26T02:41:17.558+0000] {dagbag.py:545} INFO - Filling up the DagBag from /home/airflow/.local/lib/python3.12/site-packages/airflow/example_dags/example_time_delta_sensor_async.py
[2025-06-26T02:41:17.564+0000] {processor.py:840} INFO - DAG(s) 'example_time_delta_sensor_async' retrieved from /home/airflow/.local/lib/python3.12/site-packages/airflow/example_dags/example_time_delta_sensor_async.py
[2025-06-26T02:41:17.593+0000] {logging_mixin.py:188} INFO - [2025-06-26T02:41:17.593+0000] {dag.py:3096} INFO - Sync 1 DAGs
[2025-06-26T02:41:17.612+0000] {logging_mixin.py:188} INFO - [2025-06-26T02:41:17.612+0000] {dag.py:3954} INFO - Setting next_dagrun for example_time_delta_sensor_async to None, run_after=None
[2025-06-26T02:41:17.697+0000] {processor.py:183} INFO - Processing /home/airflow/.local/lib/python3.12/site-packages/airflow/example_dags/example_time_delta_sensor_async.py took 0.148 seconds
[2025-06-26T02:41:48.314+0000] {processor.py:161} INFO - Started process (PID=433) to work on /home/airflow/.local/lib/python3.12/site-packages/airflow/example_dags/example_time_delta_sensor_async.py
[2025-06-26T02:41:48.315+0000] {processor.py:830} INFO - Processing file /home/airflow/.local/lib/python3.12/site-packages/airflow/example_dags/example_time_delta_sensor_async.py for tasks to queue
[2025-06-26T02:41:48.316+0000] {logging_mixin.py:188} INFO - [2025-06-26T02:41:48.316+0000] {dagbag.py:545} INFO - Filling up the DagBag from /home/airflow/.local/lib/python3.12/site-packages/airflow/example_dags/example_time_delta_sensor_async.py
[2025-06-26T02:41:48.320+0000] {processor.py:840} INFO - DAG(s) 'example_time_delta_sensor_async' retrieved from /home/airflow/.local/lib/python3.12/site-packages/airflow/example_dags/example_time_delta_sensor_async.py
[2025-06-26T02:41:48.339+0000] {logging_mixin.py:188} INFO - [2025-06-26T02:41:48.338+0000] {dag.py:3096} INFO - Sync 1 DAGs
[2025-06-26T02:41:48.350+0000] {logging_mixin.py:188} INFO - [2025-06-26T02:41:48.349+0000] {dag.py:3954} INFO - Setting next_dagrun for example_time_delta_sensor_async to None, run_after=None
[2025-06-26T02:41:48.370+0000] {processor.py:183} INFO - Processing /home/airflow/.local/lib/python3.12/site-packages/airflow/example_dags/example_time_delta_sensor_async.py took 0.060 seconds
