[2025-06-26T02:38:40.018+0000] {processor.py:161} INFO - Started process (PID=64) to work on /home/airflow/.local/lib/python3.12/site-packages/airflow/example_dags/example_branch_datetime_operator.py
[2025-06-26T02:38:40.021+0000] {processor.py:830} INFO - Processing file /home/airflow/.local/lib/python3.12/site-packages/airflow/example_dags/example_branch_datetime_operator.py for tasks to queue
[2025-06-26T02:38:40.025+0000] {logging_mixin.py:188} INFO - [2025-06-26T02:38:40.024+0000] {dagbag.py:545} INFO - Filling up the DagBag from /home/airflow/.local/lib/python3.12/site-packages/airflow/example_dags/example_branch_datetime_operator.py
[2025-06-26T02:38:40.096+0000] {processor.py:840} INFO - DAG(s) 'example_branch_datetime_operator_2', 'example_branch_datetime_operator_3', 'example_branch_datetime_operator' retrieved from /home/airflow/.local/lib/python3.12/site-packages/airflow/example_dags/example_branch_datetime_operator.py
[2025-06-26T02:38:40.502+0000] {logging_mixin.py:188} INFO - [2025-06-26T02:38:40.501+0000] {override.py:1829} INFO - Created Permission View: can edit on DAG:example_branch_datetime_operator_2
[2025-06-26T02:38:40.522+0000] {logging_mixin.py:188} INFO - [2025-06-26T02:38:40.521+0000] {override.py:1829} INFO - Created Permission View: can read on DAG:example_branch_datetime_operator_2
[2025-06-26T02:38:40.535+0000] {logging_mixin.py:188} INFO - [2025-06-26T02:38:40.535+0000] {override.py:1829} INFO - Created Permission View: can delete on DAG:example_branch_datetime_operator_2
[2025-06-26T02:38:40.559+0000] {logging_mixin.py:188} INFO - [2025-06-26T02:38:40.559+0000] {override.py:1829} INFO - Created Permission View: can edit on DAG:example_branch_datetime_operator_3
[2025-06-26T02:38:40.571+0000] {logging_mixin.py:188} INFO - [2025-06-26T02:38:40.570+0000] {override.py:1829} INFO - Created Permission View: can read on DAG:example_branch_datetime_operator_3
[2025-06-26T02:38:40.582+0000] {logging_mixin.py:188} INFO - [2025-06-26T02:38:40.581+0000] {override.py:1829} INFO - Created Permission View: can delete on DAG:example_branch_datetime_operator_3
[2025-06-26T02:38:40.609+0000] {logging_mixin.py:188} INFO - [2025-06-26T02:38:40.609+0000] {override.py:1829} INFO - Created Permission View: can edit on DAG:example_branch_datetime_operator
[2025-06-26T02:38:40.623+0000] {logging_mixin.py:188} INFO - [2025-06-26T02:38:40.622+0000] {override.py:1829} INFO - Created Permission View: can read on DAG:example_branch_datetime_operator
[2025-06-26T02:38:40.635+0000] {logging_mixin.py:188} INFO - [2025-06-26T02:38:40.634+0000] {override.py:1829} INFO - Created Permission View: can delete on DAG:example_branch_datetime_operator
[2025-06-26T02:38:40.635+0000] {logging_mixin.py:188} INFO - [2025-06-26T02:38:40.635+0000] {dag.py:3096} INFO - Sync 3 DAGs
[2025-06-26T02:38:40.653+0000] {logging_mixin.py:188} INFO - [2025-06-26T02:38:40.652+0000] {dag.py:3118} INFO - Creating ORM DAG for example_branch_datetime_operator
[2025-06-26T02:38:40.654+0000] {logging_mixin.py:188} INFO - [2025-06-26T02:38:40.654+0000] {dag.py:3118} INFO - Creating ORM DAG for example_branch_datetime_operator_2
[2025-06-26T02:38:40.655+0000] {logging_mixin.py:188} INFO - [2025-06-26T02:38:40.655+0000] {dag.py:3118} INFO - Creating ORM DAG for example_branch_datetime_operator_3
[2025-06-26T02:38:40.668+0000] {logging_mixin.py:188} INFO - [2025-06-26T02:38:40.668+0000] {dag.py:3954} INFO - Setting next_dagrun for example_branch_datetime_operator to 2025-06-25 00:00:00+00:00, run_after=2025-06-26 00:00:00+00:00
[2025-06-26T02:38:40.671+0000] {logging_mixin.py:188} INFO - [2025-06-26T02:38:40.670+0000] {dag.py:3954} INFO - Setting next_dagrun for example_branch_datetime_operator_2 to 2025-06-25 00:00:00+00:00, run_after=2025-06-26 00:00:00+00:00
[2025-06-26T02:38:40.673+0000] {logging_mixin.py:188} INFO - [2025-06-26T02:38:40.673+0000] {dag.py:3954} INFO - Setting next_dagrun for example_branch_datetime_operator_3 to 2025-06-25 00:00:00+00:00, run_after=2025-06-26 00:00:00+00:00
[2025-06-26T02:38:40.700+0000] {processor.py:183} INFO - Processing /home/airflow/.local/lib/python3.12/site-packages/airflow/example_dags/example_branch_datetime_operator.py took 0.692 seconds
[2025-06-26T02:39:14.583+0000] {processor.py:161} INFO - Started process (PID=124) to work on /home/airflow/.local/lib/python3.12/site-packages/airflow/example_dags/example_branch_datetime_operator.py
[2025-06-26T02:39:14.585+0000] {processor.py:830} INFO - Processing file /home/airflow/.local/lib/python3.12/site-packages/airflow/example_dags/example_branch_datetime_operator.py for tasks to queue
[2025-06-26T02:39:14.587+0000] {logging_mixin.py:188} INFO - [2025-06-26T02:39:14.587+0000] {dagbag.py:545} INFO - Filling up the DagBag from /home/airflow/.local/lib/python3.12/site-packages/airflow/example_dags/example_branch_datetime_operator.py
[2025-06-26T02:39:14.599+0000] {processor.py:840} INFO - DAG(s) 'example_branch_datetime_operator_3', 'example_branch_datetime_operator_2', 'example_branch_datetime_operator' retrieved from /home/airflow/.local/lib/python3.12/site-packages/airflow/example_dags/example_branch_datetime_operator.py
[2025-06-26T02:39:14.641+0000] {logging_mixin.py:188} INFO - [2025-06-26T02:39:14.640+0000] {dag.py:3096} INFO - Sync 3 DAGs
[2025-06-26T02:39:14.672+0000] {logging_mixin.py:188} INFO - [2025-06-26T02:39:14.672+0000] {dag.py:3954} INFO - Setting next_dagrun for example_branch_datetime_operator to 2025-06-25 00:00:00+00:00, run_after=2025-06-26 00:00:00+00:00
[2025-06-26T02:39:14.679+0000] {logging_mixin.py:188} INFO - [2025-06-26T02:39:14.679+0000] {dag.py:3954} INFO - Setting next_dagrun for example_branch_datetime_operator_2 to 2025-06-25 00:00:00+00:00, run_after=2025-06-26 00:00:00+00:00
[2025-06-26T02:39:14.684+0000] {logging_mixin.py:188} INFO - [2025-06-26T02:39:14.683+0000] {dag.py:3954} INFO - Setting next_dagrun for example_branch_datetime_operator_3 to 2025-06-25 00:00:00+00:00, run_after=2025-06-26 00:00:00+00:00
[2025-06-26T02:39:14.712+0000] {processor.py:183} INFO - Processing /home/airflow/.local/lib/python3.12/site-packages/airflow/example_dags/example_branch_datetime_operator.py took 0.136 seconds
[2025-06-26T02:39:45.269+0000] {processor.py:161} INFO - Started process (PID=182) to work on /home/airflow/.local/lib/python3.12/site-packages/airflow/example_dags/example_branch_datetime_operator.py
[2025-06-26T02:39:45.270+0000] {processor.py:830} INFO - Processing file /home/airflow/.local/lib/python3.12/site-packages/airflow/example_dags/example_branch_datetime_operator.py for tasks to queue
[2025-06-26T02:39:45.272+0000] {logging_mixin.py:188} INFO - [2025-06-26T02:39:45.271+0000] {dagbag.py:545} INFO - Filling up the DagBag from /home/airflow/.local/lib/python3.12/site-packages/airflow/example_dags/example_branch_datetime_operator.py
[2025-06-26T02:39:45.281+0000] {processor.py:840} INFO - DAG(s) 'example_branch_datetime_operator_3', 'example_branch_datetime_operator', 'example_branch_datetime_operator_2' retrieved from /home/airflow/.local/lib/python3.12/site-packages/airflow/example_dags/example_branch_datetime_operator.py
[2025-06-26T02:39:45.308+0000] {logging_mixin.py:188} INFO - [2025-06-26T02:39:45.308+0000] {dag.py:3096} INFO - Sync 3 DAGs
[2025-06-26T02:39:45.359+0000] {logging_mixin.py:188} INFO - [2025-06-26T02:39:45.359+0000] {dag.py:3954} INFO - Setting next_dagrun for example_branch_datetime_operator to 2025-06-25 00:00:00+00:00, run_after=2025-06-26 00:00:00+00:00
[2025-06-26T02:39:45.365+0000] {logging_mixin.py:188} INFO - [2025-06-26T02:39:45.365+0000] {dag.py:3954} INFO - Setting next_dagrun for example_branch_datetime_operator_2 to 2025-06-25 00:00:00+00:00, run_after=2025-06-26 00:00:00+00:00
[2025-06-26T02:39:45.368+0000] {logging_mixin.py:188} INFO - [2025-06-26T02:39:45.368+0000] {dag.py:3954} INFO - Setting next_dagrun for example_branch_datetime_operator_3 to 2025-06-25 00:00:00+00:00, run_after=2025-06-26 00:00:00+00:00
[2025-06-26T02:39:45.393+0000] {processor.py:183} INFO - Processing /home/airflow/.local/lib/python3.12/site-packages/airflow/example_dags/example_branch_datetime_operator.py took 0.128 seconds
[2025-06-26T02:40:15.426+0000] {processor.py:161} INFO - Started process (PID=241) to work on /home/airflow/.local/lib/python3.12/site-packages/airflow/example_dags/example_branch_datetime_operator.py
[2025-06-26T02:40:15.426+0000] {processor.py:830} INFO - Processing file /home/airflow/.local/lib/python3.12/site-packages/airflow/example_dags/example_branch_datetime_operator.py for tasks to queue
[2025-06-26T02:40:15.428+0000] {logging_mixin.py:188} INFO - [2025-06-26T02:40:15.428+0000] {dagbag.py:545} INFO - Filling up the DagBag from /home/airflow/.local/lib/python3.12/site-packages/airflow/example_dags/example_branch_datetime_operator.py
[2025-06-26T02:40:15.437+0000] {processor.py:840} INFO - DAG(s) 'example_branch_datetime_operator', 'example_branch_datetime_operator_2', 'example_branch_datetime_operator_3' retrieved from /home/airflow/.local/lib/python3.12/site-packages/airflow/example_dags/example_branch_datetime_operator.py
[2025-06-26T02:40:15.462+0000] {logging_mixin.py:188} INFO - [2025-06-26T02:40:15.462+0000] {dag.py:3096} INFO - Sync 3 DAGs
[2025-06-26T02:40:15.483+0000] {logging_mixin.py:188} INFO - [2025-06-26T02:40:15.482+0000] {dag.py:3954} INFO - Setting next_dagrun for example_branch_datetime_operator to 2025-06-25 00:00:00+00:00, run_after=2025-06-26 00:00:00+00:00
[2025-06-26T02:40:15.488+0000] {logging_mixin.py:188} INFO - [2025-06-26T02:40:15.488+0000] {dag.py:3954} INFO - Setting next_dagrun for example_branch_datetime_operator_2 to 2025-06-25 00:00:00+00:00, run_after=2025-06-26 00:00:00+00:00
[2025-06-26T02:40:15.490+0000] {logging_mixin.py:188} INFO - [2025-06-26T02:40:15.490+0000] {dag.py:3954} INFO - Setting next_dagrun for example_branch_datetime_operator_3 to 2025-06-25 00:00:00+00:00, run_after=2025-06-26 00:00:00+00:00
[2025-06-26T02:40:15.507+0000] {processor.py:183} INFO - Processing /home/airflow/.local/lib/python3.12/site-packages/airflow/example_dags/example_branch_datetime_operator.py took 0.086 seconds
[2025-06-26T02:40:45.605+0000] {processor.py:161} INFO - Started process (PID=299) to work on /home/airflow/.local/lib/python3.12/site-packages/airflow/example_dags/example_branch_datetime_operator.py
[2025-06-26T02:40:45.606+0000] {processor.py:830} INFO - Processing file /home/airflow/.local/lib/python3.12/site-packages/airflow/example_dags/example_branch_datetime_operator.py for tasks to queue
[2025-06-26T02:40:45.608+0000] {logging_mixin.py:188} INFO - [2025-06-26T02:40:45.607+0000] {dagbag.py:545} INFO - Filling up the DagBag from /home/airflow/.local/lib/python3.12/site-packages/airflow/example_dags/example_branch_datetime_operator.py
[2025-06-26T02:40:45.617+0000] {processor.py:840} INFO - DAG(s) 'example_branch_datetime_operator_3', 'example_branch_datetime_operator_2', 'example_branch_datetime_operator' retrieved from /home/airflow/.local/lib/python3.12/site-packages/airflow/example_dags/example_branch_datetime_operator.py
[2025-06-26T02:40:45.643+0000] {logging_mixin.py:188} INFO - [2025-06-26T02:40:45.642+0000] {dag.py:3096} INFO - Sync 3 DAGs
[2025-06-26T02:40:45.663+0000] {logging_mixin.py:188} INFO - [2025-06-26T02:40:45.663+0000] {dag.py:3954} INFO - Setting next_dagrun for example_branch_datetime_operator to 2025-06-25 00:00:00+00:00, run_after=2025-06-26 00:00:00+00:00
[2025-06-26T02:40:45.667+0000] {logging_mixin.py:188} INFO - [2025-06-26T02:40:45.667+0000] {dag.py:3954} INFO - Setting next_dagrun for example_branch_datetime_operator_2 to 2025-06-25 00:00:00+00:00, run_after=2025-06-26 00:00:00+00:00
[2025-06-26T02:40:45.670+0000] {logging_mixin.py:188} INFO - [2025-06-26T02:40:45.670+0000] {dag.py:3954} INFO - Setting next_dagrun for example_branch_datetime_operator_3 to 2025-06-25 00:00:00+00:00, run_after=2025-06-26 00:00:00+00:00
[2025-06-26T02:40:45.687+0000] {processor.py:183} INFO - Processing /home/airflow/.local/lib/python3.12/site-packages/airflow/example_dags/example_branch_datetime_operator.py took 0.088 seconds
[2025-06-26T02:41:15.737+0000] {processor.py:161} INFO - Started process (PID=357) to work on /home/airflow/.local/lib/python3.12/site-packages/airflow/example_dags/example_branch_datetime_operator.py
[2025-06-26T02:41:15.738+0000] {processor.py:830} INFO - Processing file /home/airflow/.local/lib/python3.12/site-packages/airflow/example_dags/example_branch_datetime_operator.py for tasks to queue
[2025-06-26T02:41:15.740+0000] {logging_mixin.py:188} INFO - [2025-06-26T02:41:15.740+0000] {dagbag.py:545} INFO - Filling up the DagBag from /home/airflow/.local/lib/python3.12/site-packages/airflow/example_dags/example_branch_datetime_operator.py
[2025-06-26T02:41:15.751+0000] {processor.py:840} INFO - DAG(s) 'example_branch_datetime_operator', 'example_branch_datetime_operator_2', 'example_branch_datetime_operator_3' retrieved from /home/airflow/.local/lib/python3.12/site-packages/airflow/example_dags/example_branch_datetime_operator.py
[2025-06-26T02:41:15.782+0000] {logging_mixin.py:188} INFO - [2025-06-26T02:41:15.782+0000] {dag.py:3096} INFO - Sync 3 DAGs
[2025-06-26T02:41:15.805+0000] {logging_mixin.py:188} INFO - [2025-06-26T02:41:15.805+0000] {dag.py:3954} INFO - Setting next_dagrun for example_branch_datetime_operator to 2025-06-25 00:00:00+00:00, run_after=2025-06-26 00:00:00+00:00
[2025-06-26T02:41:15.811+0000] {logging_mixin.py:188} INFO - [2025-06-26T02:41:15.811+0000] {dag.py:3954} INFO - Setting next_dagrun for example_branch_datetime_operator_2 to 2025-06-25 00:00:00+00:00, run_after=2025-06-26 00:00:00+00:00
[2025-06-26T02:41:15.814+0000] {logging_mixin.py:188} INFO - [2025-06-26T02:41:15.814+0000] {dag.py:3954} INFO - Setting next_dagrun for example_branch_datetime_operator_3 to 2025-06-25 00:00:00+00:00, run_after=2025-06-26 00:00:00+00:00
[2025-06-26T02:41:15.833+0000] {processor.py:183} INFO - Processing /home/airflow/.local/lib/python3.12/site-packages/airflow/example_dags/example_branch_datetime_operator.py took 0.102 seconds
[2025-06-26T02:41:46.239+0000] {processor.py:161} INFO - Started process (PID=419) to work on /home/airflow/.local/lib/python3.12/site-packages/airflow/example_dags/example_branch_datetime_operator.py
[2025-06-26T02:41:46.240+0000] {processor.py:830} INFO - Processing file /home/airflow/.local/lib/python3.12/site-packages/airflow/example_dags/example_branch_datetime_operator.py for tasks to queue
[2025-06-26T02:41:46.241+0000] {logging_mixin.py:188} INFO - [2025-06-26T02:41:46.241+0000] {dagbag.py:545} INFO - Filling up the DagBag from /home/airflow/.local/lib/python3.12/site-packages/airflow/example_dags/example_branch_datetime_operator.py
[2025-06-26T02:41:46.249+0000] {processor.py:840} INFO - DAG(s) 'example_branch_datetime_operator_3', 'example_branch_datetime_operator_2', 'example_branch_datetime_operator' retrieved from /home/airflow/.local/lib/python3.12/site-packages/airflow/example_dags/example_branch_datetime_operator.py
[2025-06-26T02:41:46.275+0000] {logging_mixin.py:188} INFO - [2025-06-26T02:41:46.275+0000] {dag.py:3096} INFO - Sync 3 DAGs
[2025-06-26T02:41:46.295+0000] {logging_mixin.py:188} INFO - [2025-06-26T02:41:46.295+0000] {dag.py:3954} INFO - Setting next_dagrun for example_branch_datetime_operator to 2025-06-25 00:00:00+00:00, run_after=2025-06-26 00:00:00+00:00
[2025-06-26T02:41:46.300+0000] {logging_mixin.py:188} INFO - [2025-06-26T02:41:46.300+0000] {dag.py:3954} INFO - Setting next_dagrun for example_branch_datetime_operator_2 to 2025-06-25 00:00:00+00:00, run_after=2025-06-26 00:00:00+00:00
[2025-06-26T02:41:46.302+0000] {logging_mixin.py:188} INFO - [2025-06-26T02:41:46.302+0000] {dag.py:3954} INFO - Setting next_dagrun for example_branch_datetime_operator_3 to 2025-06-25 00:00:00+00:00, run_after=2025-06-26 00:00:00+00:00
[2025-06-26T02:41:46.434+0000] {processor.py:183} INFO - Processing /home/airflow/.local/lib/python3.12/site-packages/airflow/example_dags/example_branch_datetime_operator.py took 0.200 seconds
