[2025-06-26T02:39:13.576+0000] {processor.py:161} INFO - Started process (PID=113) to work on /home/airflow/.local/lib/python3.12/site-packages/airflow/example_dags/example_datasets.py
[2025-06-26T02:39:13.577+0000] {processor.py:830} INFO - Processing file /home/airflow/.local/lib/python3.12/site-packages/airflow/example_dags/example_datasets.py for tasks to queue
[2025-06-26T02:39:13.580+0000] {logging_mixin.py:188} INFO - [2025-06-26T02:39:13.579+0000] {dagbag.py:545} INFO - Filling up the DagBag from /home/airflow/.local/lib/python3.12/site-packages/airflow/example_dags/example_datasets.py
[2025-06-26T02:39:13.604+0000] {processor.py:840} INFO - DAG(s) 'dataset_consumes_1', 'consume_1_or_both_2_and_3_with_dataset_expressions', 'consume_1_and_2_with_dataset_expressions', 'dataset_produces_1', 'consume_1_or_2_with_dataset_expressions', 'conditional_dataset_and_time_based_timetable', 'dataset_consumes_1_never_scheduled', 'dataset_produces_2', 'dataset_consumes_unknown_never_scheduled', 'dataset_consumes_1_and_2' retrieved from /home/airflow/.local/lib/python3.12/site-packages/airflow/example_dags/example_datasets.py
[2025-06-26T02:39:13.727+0000] {logging_mixin.py:188} INFO - [2025-06-26T02:39:13.726+0000] {override.py:1829} INFO - Created Permission View: can edit on DAG:dataset_consumes_1
[2025-06-26T02:39:13.739+0000] {logging_mixin.py:188} INFO - [2025-06-26T02:39:13.739+0000] {override.py:1829} INFO - Created Permission View: can read on DAG:dataset_consumes_1
[2025-06-26T02:39:13.748+0000] {logging_mixin.py:188} INFO - [2025-06-26T02:39:13.748+0000] {override.py:1829} INFO - Created Permission View: can delete on DAG:dataset_consumes_1
[2025-06-26T02:39:13.767+0000] {logging_mixin.py:188} INFO - [2025-06-26T02:39:13.767+0000] {override.py:1829} INFO - Created Permission View: can edit on DAG:consume_1_or_both_2_and_3_with_dataset_expressions
[2025-06-26T02:39:13.776+0000] {logging_mixin.py:188} INFO - [2025-06-26T02:39:13.776+0000] {override.py:1829} INFO - Created Permission View: can read on DAG:consume_1_or_both_2_and_3_with_dataset_expressions
[2025-06-26T02:39:13.785+0000] {logging_mixin.py:188} INFO - [2025-06-26T02:39:13.784+0000] {override.py:1829} INFO - Created Permission View: can delete on DAG:consume_1_or_both_2_and_3_with_dataset_expressions
[2025-06-26T02:39:13.800+0000] {logging_mixin.py:188} INFO - [2025-06-26T02:39:13.800+0000] {override.py:1829} INFO - Created Permission View: can edit on DAG:consume_1_and_2_with_dataset_expressions
[2025-06-26T02:39:13.808+0000] {logging_mixin.py:188} INFO - [2025-06-26T02:39:13.808+0000] {override.py:1829} INFO - Created Permission View: can read on DAG:consume_1_and_2_with_dataset_expressions
[2025-06-26T02:39:13.817+0000] {logging_mixin.py:188} INFO - [2025-06-26T02:39:13.817+0000] {override.py:1829} INFO - Created Permission View: can delete on DAG:consume_1_and_2_with_dataset_expressions
[2025-06-26T02:39:13.832+0000] {logging_mixin.py:188} INFO - [2025-06-26T02:39:13.832+0000] {override.py:1829} INFO - Created Permission View: can edit on DAG:dataset_produces_1
[2025-06-26T02:39:13.840+0000] {logging_mixin.py:188} INFO - [2025-06-26T02:39:13.840+0000] {override.py:1829} INFO - Created Permission View: can read on DAG:dataset_produces_1
[2025-06-26T02:39:13.849+0000] {logging_mixin.py:188} INFO - [2025-06-26T02:39:13.848+0000] {override.py:1829} INFO - Created Permission View: can delete on DAG:dataset_produces_1
[2025-06-26T02:39:13.864+0000] {logging_mixin.py:188} INFO - [2025-06-26T02:39:13.864+0000] {override.py:1829} INFO - Created Permission View: can edit on DAG:consume_1_or_2_with_dataset_expressions
[2025-06-26T02:39:13.872+0000] {logging_mixin.py:188} INFO - [2025-06-26T02:39:13.872+0000] {override.py:1829} INFO - Created Permission View: can read on DAG:consume_1_or_2_with_dataset_expressions
[2025-06-26T02:39:13.881+0000] {logging_mixin.py:188} INFO - [2025-06-26T02:39:13.881+0000] {override.py:1829} INFO - Created Permission View: can delete on DAG:consume_1_or_2_with_dataset_expressions
[2025-06-26T02:39:13.896+0000] {logging_mixin.py:188} INFO - [2025-06-26T02:39:13.896+0000] {override.py:1829} INFO - Created Permission View: can edit on DAG:conditional_dataset_and_time_based_timetable
[2025-06-26T02:39:13.905+0000] {logging_mixin.py:188} INFO - [2025-06-26T02:39:13.904+0000] {override.py:1829} INFO - Created Permission View: can read on DAG:conditional_dataset_and_time_based_timetable
[2025-06-26T02:39:13.913+0000] {logging_mixin.py:188} INFO - [2025-06-26T02:39:13.912+0000] {override.py:1829} INFO - Created Permission View: can delete on DAG:conditional_dataset_and_time_based_timetable
[2025-06-26T02:39:13.930+0000] {logging_mixin.py:188} INFO - [2025-06-26T02:39:13.929+0000] {override.py:1829} INFO - Created Permission View: can edit on DAG:dataset_consumes_1_never_scheduled
[2025-06-26T02:39:13.937+0000] {logging_mixin.py:188} INFO - [2025-06-26T02:39:13.937+0000] {override.py:1829} INFO - Created Permission View: can read on DAG:dataset_consumes_1_never_scheduled
[2025-06-26T02:39:13.948+0000] {logging_mixin.py:188} INFO - [2025-06-26T02:39:13.947+0000] {override.py:1829} INFO - Created Permission View: can delete on DAG:dataset_consumes_1_never_scheduled
[2025-06-26T02:39:13.962+0000] {logging_mixin.py:188} INFO - [2025-06-26T02:39:13.962+0000] {override.py:1829} INFO - Created Permission View: can edit on DAG:dataset_produces_2
[2025-06-26T02:39:13.972+0000] {logging_mixin.py:188} INFO - [2025-06-26T02:39:13.972+0000] {override.py:1829} INFO - Created Permission View: can read on DAG:dataset_produces_2
[2025-06-26T02:39:13.985+0000] {logging_mixin.py:188} INFO - [2025-06-26T02:39:13.984+0000] {override.py:1829} INFO - Created Permission View: can delete on DAG:dataset_produces_2
[2025-06-26T02:39:14.002+0000] {logging_mixin.py:188} INFO - [2025-06-26T02:39:14.001+0000] {override.py:1829} INFO - Created Permission View: can edit on DAG:dataset_consumes_unknown_never_scheduled
[2025-06-26T02:39:14.011+0000] {logging_mixin.py:188} INFO - [2025-06-26T02:39:14.011+0000] {override.py:1829} INFO - Created Permission View: can read on DAG:dataset_consumes_unknown_never_scheduled
[2025-06-26T02:39:14.020+0000] {logging_mixin.py:188} INFO - [2025-06-26T02:39:14.020+0000] {override.py:1829} INFO - Created Permission View: can delete on DAG:dataset_consumes_unknown_never_scheduled
[2025-06-26T02:39:14.039+0000] {logging_mixin.py:188} INFO - [2025-06-26T02:39:14.039+0000] {override.py:1829} INFO - Created Permission View: can edit on DAG:dataset_consumes_1_and_2
[2025-06-26T02:39:14.049+0000] {logging_mixin.py:188} INFO - [2025-06-26T02:39:14.049+0000] {override.py:1829} INFO - Created Permission View: can read on DAG:dataset_consumes_1_and_2
[2025-06-26T02:39:14.062+0000] {logging_mixin.py:188} INFO - [2025-06-26T02:39:14.061+0000] {override.py:1829} INFO - Created Permission View: can delete on DAG:dataset_consumes_1_and_2
[2025-06-26T02:39:14.062+0000] {logging_mixin.py:188} INFO - [2025-06-26T02:39:14.062+0000] {dag.py:3096} INFO - Sync 10 DAGs
[2025-06-26T02:39:14.075+0000] {logging_mixin.py:188} INFO - [2025-06-26T02:39:14.074+0000] {dag.py:3118} INFO - Creating ORM DAG for dataset_consumes_unknown_never_scheduled
[2025-06-26T02:39:14.076+0000] {logging_mixin.py:188} INFO - [2025-06-26T02:39:14.075+0000] {dag.py:3118} INFO - Creating ORM DAG for dataset_produces_2
[2025-06-26T02:39:14.076+0000] {logging_mixin.py:188} INFO - [2025-06-26T02:39:14.076+0000] {dag.py:3118} INFO - Creating ORM DAG for dataset_produces_1
[2025-06-26T02:39:14.077+0000] {logging_mixin.py:188} INFO - [2025-06-26T02:39:14.077+0000] {dag.py:3118} INFO - Creating ORM DAG for conditional_dataset_and_time_based_timetable
[2025-06-26T02:39:14.078+0000] {logging_mixin.py:188} INFO - [2025-06-26T02:39:14.078+0000] {dag.py:3118} INFO - Creating ORM DAG for consume_1_or_both_2_and_3_with_dataset_expressions
[2025-06-26T02:39:14.078+0000] {logging_mixin.py:188} INFO - [2025-06-26T02:39:14.078+0000] {dag.py:3118} INFO - Creating ORM DAG for consume_1_or_2_with_dataset_expressions
[2025-06-26T02:39:14.079+0000] {logging_mixin.py:188} INFO - [2025-06-26T02:39:14.079+0000] {dag.py:3118} INFO - Creating ORM DAG for dataset_consumes_1
[2025-06-26T02:39:14.080+0000] {logging_mixin.py:188} INFO - [2025-06-26T02:39:14.080+0000] {dag.py:3118} INFO - Creating ORM DAG for dataset_consumes_1_never_scheduled
[2025-06-26T02:39:14.081+0000] {logging_mixin.py:188} INFO - [2025-06-26T02:39:14.080+0000] {dag.py:3118} INFO - Creating ORM DAG for dataset_consumes_1_and_2
[2025-06-26T02:39:14.081+0000] {logging_mixin.py:188} INFO - [2025-06-26T02:39:14.081+0000] {dag.py:3118} INFO - Creating ORM DAG for consume_1_and_2_with_dataset_expressions
[2025-06-26T02:39:14.097+0000] {logging_mixin.py:188} INFO - [2025-06-26T02:39:14.096+0000] {dag.py:3954} INFO - Setting next_dagrun for conditional_dataset_and_time_based_timetable to 2025-06-25 01:00:00+00:00, run_after=2025-06-25 01:00:00+00:00
[2025-06-26T02:39:14.097+0000] {logging_mixin.py:188} INFO - [2025-06-26T02:39:14.097+0000] {dag.py:3954} INFO - Setting next_dagrun for consume_1_and_2_with_dataset_expressions to None, run_after=None
[2025-06-26T02:39:14.098+0000] {logging_mixin.py:188} INFO - [2025-06-26T02:39:14.098+0000] {dag.py:3954} INFO - Setting next_dagrun for consume_1_or_2_with_dataset_expressions to None, run_after=None
[2025-06-26T02:39:14.099+0000] {logging_mixin.py:188} INFO - [2025-06-26T02:39:14.098+0000] {dag.py:3954} INFO - Setting next_dagrun for consume_1_or_both_2_and_3_with_dataset_expressions to None, run_after=None
[2025-06-26T02:39:14.099+0000] {logging_mixin.py:188} INFO - [2025-06-26T02:39:14.099+0000] {dag.py:3954} INFO - Setting next_dagrun for dataset_consumes_1 to None, run_after=None
[2025-06-26T02:39:14.100+0000] {logging_mixin.py:188} INFO - [2025-06-26T02:39:14.100+0000] {dag.py:3954} INFO - Setting next_dagrun for dataset_consumes_1_and_2 to None, run_after=None
[2025-06-26T02:39:14.100+0000] {logging_mixin.py:188} INFO - [2025-06-26T02:39:14.100+0000] {dag.py:3954} INFO - Setting next_dagrun for dataset_consumes_1_never_scheduled to None, run_after=None
[2025-06-26T02:39:14.101+0000] {logging_mixin.py:188} INFO - [2025-06-26T02:39:14.101+0000] {dag.py:3954} INFO - Setting next_dagrun for dataset_consumes_unknown_never_scheduled to None, run_after=None
[2025-06-26T02:39:14.103+0000] {logging_mixin.py:188} INFO - [2025-06-26T02:39:14.103+0000] {dag.py:3954} INFO - Setting next_dagrun for dataset_produces_1 to 2025-06-25 00:00:00+00:00, run_after=2025-06-26 00:00:00+00:00
[2025-06-26T02:39:14.104+0000] {logging_mixin.py:188} INFO - [2025-06-26T02:39:14.104+0000] {dag.py:3954} INFO - Setting next_dagrun for dataset_produces_2 to None, run_after=None
[2025-06-26T02:39:14.154+0000] {processor.py:183} INFO - Processing /home/airflow/.local/lib/python3.12/site-packages/airflow/example_dags/example_datasets.py took 0.586 seconds
[2025-06-26T02:39:44.909+0000] {processor.py:161} INFO - Started process (PID=175) to work on /home/airflow/.local/lib/python3.12/site-packages/airflow/example_dags/example_datasets.py
[2025-06-26T02:39:44.910+0000] {processor.py:830} INFO - Processing file /home/airflow/.local/lib/python3.12/site-packages/airflow/example_dags/example_datasets.py for tasks to queue
[2025-06-26T02:39:44.911+0000] {logging_mixin.py:188} INFO - [2025-06-26T02:39:44.911+0000] {dagbag.py:545} INFO - Filling up the DagBag from /home/airflow/.local/lib/python3.12/site-packages/airflow/example_dags/example_datasets.py
[2025-06-26T02:39:44.927+0000] {processor.py:840} INFO - DAG(s) 'dataset_consumes_unknown_never_scheduled', 'dataset_consumes_1', 'dataset_produces_2', 'consume_1_or_2_with_dataset_expressions', 'dataset_consumes_1_never_scheduled', 'dataset_consumes_1_and_2', 'dataset_produces_1', 'consume_1_or_both_2_and_3_with_dataset_expressions', 'conditional_dataset_and_time_based_timetable', 'consume_1_and_2_with_dataset_expressions' retrieved from /home/airflow/.local/lib/python3.12/site-packages/airflow/example_dags/example_datasets.py
[2025-06-26T02:39:44.984+0000] {logging_mixin.py:188} INFO - [2025-06-26T02:39:44.983+0000] {dag.py:3096} INFO - Sync 10 DAGs
[2025-06-26T02:39:45.050+0000] {logging_mixin.py:188} INFO - [2025-06-26T02:39:45.050+0000] {dag.py:3954} INFO - Setting next_dagrun for conditional_dataset_and_time_based_timetable to 2025-06-25 01:00:00+00:00, run_after=2025-06-25 01:00:00+00:00
[2025-06-26T02:39:45.055+0000] {logging_mixin.py:188} INFO - [2025-06-26T02:39:45.055+0000] {dag.py:3954} INFO - Setting next_dagrun for consume_1_and_2_with_dataset_expressions to None, run_after=None
[2025-06-26T02:39:45.057+0000] {logging_mixin.py:188} INFO - [2025-06-26T02:39:45.057+0000] {dag.py:3954} INFO - Setting next_dagrun for consume_1_or_2_with_dataset_expressions to None, run_after=None
[2025-06-26T02:39:45.058+0000] {logging_mixin.py:188} INFO - [2025-06-26T02:39:45.058+0000] {dag.py:3954} INFO - Setting next_dagrun for consume_1_or_both_2_and_3_with_dataset_expressions to None, run_after=None
[2025-06-26T02:39:45.060+0000] {logging_mixin.py:188} INFO - [2025-06-26T02:39:45.059+0000] {dag.py:3954} INFO - Setting next_dagrun for dataset_consumes_1 to None, run_after=None
[2025-06-26T02:39:45.061+0000] {logging_mixin.py:188} INFO - [2025-06-26T02:39:45.061+0000] {dag.py:3954} INFO - Setting next_dagrun for dataset_consumes_1_and_2 to None, run_after=None
[2025-06-26T02:39:45.062+0000] {logging_mixin.py:188} INFO - [2025-06-26T02:39:45.062+0000] {dag.py:3954} INFO - Setting next_dagrun for dataset_consumes_1_never_scheduled to None, run_after=None
[2025-06-26T02:39:45.063+0000] {logging_mixin.py:188} INFO - [2025-06-26T02:39:45.063+0000] {dag.py:3954} INFO - Setting next_dagrun for dataset_consumes_unknown_never_scheduled to None, run_after=None
[2025-06-26T02:39:45.065+0000] {logging_mixin.py:188} INFO - [2025-06-26T02:39:45.065+0000] {dag.py:3954} INFO - Setting next_dagrun for dataset_produces_1 to 2025-06-25 00:00:00+00:00, run_after=2025-06-26 00:00:00+00:00
[2025-06-26T02:39:45.067+0000] {logging_mixin.py:188} INFO - [2025-06-26T02:39:45.067+0000] {dag.py:3954} INFO - Setting next_dagrun for dataset_produces_2 to None, run_after=None
[2025-06-26T02:39:45.118+0000] {processor.py:183} INFO - Processing /home/airflow/.local/lib/python3.12/site-packages/airflow/example_dags/example_datasets.py took 0.214 seconds
[2025-06-26T02:40:15.174+0000] {processor.py:161} INFO - Started process (PID=235) to work on /home/airflow/.local/lib/python3.12/site-packages/airflow/example_dags/example_datasets.py
[2025-06-26T02:40:15.175+0000] {processor.py:830} INFO - Processing file /home/airflow/.local/lib/python3.12/site-packages/airflow/example_dags/example_datasets.py for tasks to queue
[2025-06-26T02:40:15.177+0000] {logging_mixin.py:188} INFO - [2025-06-26T02:40:15.176+0000] {dagbag.py:545} INFO - Filling up the DagBag from /home/airflow/.local/lib/python3.12/site-packages/airflow/example_dags/example_datasets.py
[2025-06-26T02:40:15.189+0000] {processor.py:840} INFO - DAG(s) 'dataset_produces_1', 'dataset_consumes_1_never_scheduled', 'dataset_consumes_unknown_never_scheduled', 'dataset_produces_2', 'consume_1_and_2_with_dataset_expressions', 'consume_1_or_2_with_dataset_expressions', 'conditional_dataset_and_time_based_timetable', 'dataset_consumes_1', 'dataset_consumes_1_and_2', 'consume_1_or_both_2_and_3_with_dataset_expressions' retrieved from /home/airflow/.local/lib/python3.12/site-packages/airflow/example_dags/example_datasets.py
[2025-06-26T02:40:15.230+0000] {logging_mixin.py:188} INFO - [2025-06-26T02:40:15.229+0000] {dag.py:3096} INFO - Sync 10 DAGs
[2025-06-26T02:40:15.252+0000] {logging_mixin.py:188} INFO - [2025-06-26T02:40:15.252+0000] {dag.py:3954} INFO - Setting next_dagrun for conditional_dataset_and_time_based_timetable to 2025-06-25 01:00:00+00:00, run_after=2025-06-25 01:00:00+00:00
[2025-06-26T02:40:15.257+0000] {logging_mixin.py:188} INFO - [2025-06-26T02:40:15.257+0000] {dag.py:3954} INFO - Setting next_dagrun for consume_1_and_2_with_dataset_expressions to None, run_after=None
[2025-06-26T02:40:15.259+0000] {logging_mixin.py:188} INFO - [2025-06-26T02:40:15.258+0000] {dag.py:3954} INFO - Setting next_dagrun for consume_1_or_2_with_dataset_expressions to None, run_after=None
[2025-06-26T02:40:15.260+0000] {logging_mixin.py:188} INFO - [2025-06-26T02:40:15.260+0000] {dag.py:3954} INFO - Setting next_dagrun for consume_1_or_both_2_and_3_with_dataset_expressions to None, run_after=None
[2025-06-26T02:40:15.262+0000] {logging_mixin.py:188} INFO - [2025-06-26T02:40:15.262+0000] {dag.py:3954} INFO - Setting next_dagrun for dataset_consumes_1 to None, run_after=None
[2025-06-26T02:40:15.264+0000] {logging_mixin.py:188} INFO - [2025-06-26T02:40:15.263+0000] {dag.py:3954} INFO - Setting next_dagrun for dataset_consumes_1_and_2 to None, run_after=None
[2025-06-26T02:40:15.265+0000] {logging_mixin.py:188} INFO - [2025-06-26T02:40:15.265+0000] {dag.py:3954} INFO - Setting next_dagrun for dataset_consumes_1_never_scheduled to None, run_after=None
[2025-06-26T02:40:15.266+0000] {logging_mixin.py:188} INFO - [2025-06-26T02:40:15.266+0000] {dag.py:3954} INFO - Setting next_dagrun for dataset_consumes_unknown_never_scheduled to None, run_after=None
[2025-06-26T02:40:15.269+0000] {logging_mixin.py:188} INFO - [2025-06-26T02:40:15.268+0000] {dag.py:3954} INFO - Setting next_dagrun for dataset_produces_1 to 2025-06-25 00:00:00+00:00, run_after=2025-06-26 00:00:00+00:00
[2025-06-26T02:40:15.270+0000] {logging_mixin.py:188} INFO - [2025-06-26T02:40:15.270+0000] {dag.py:3954} INFO - Setting next_dagrun for dataset_produces_2 to None, run_after=None
[2025-06-26T02:40:15.304+0000] {processor.py:183} INFO - Processing /home/airflow/.local/lib/python3.12/site-packages/airflow/example_dags/example_datasets.py took 0.134 seconds
[2025-06-26T02:40:45.403+0000] {processor.py:161} INFO - Started process (PID=296) to work on /home/airflow/.local/lib/python3.12/site-packages/airflow/example_dags/example_datasets.py
[2025-06-26T02:40:45.404+0000] {processor.py:830} INFO - Processing file /home/airflow/.local/lib/python3.12/site-packages/airflow/example_dags/example_datasets.py for tasks to queue
[2025-06-26T02:40:45.406+0000] {logging_mixin.py:188} INFO - [2025-06-26T02:40:45.405+0000] {dagbag.py:545} INFO - Filling up the DagBag from /home/airflow/.local/lib/python3.12/site-packages/airflow/example_dags/example_datasets.py
[2025-06-26T02:40:45.419+0000] {processor.py:840} INFO - DAG(s) 'consume_1_and_2_with_dataset_expressions', 'dataset_consumes_1', 'dataset_consumes_1_never_scheduled', 'conditional_dataset_and_time_based_timetable', 'dataset_consumes_unknown_never_scheduled', 'dataset_consumes_1_and_2', 'dataset_produces_1', 'consume_1_or_2_with_dataset_expressions', 'dataset_produces_2', 'consume_1_or_both_2_and_3_with_dataset_expressions' retrieved from /home/airflow/.local/lib/python3.12/site-packages/airflow/example_dags/example_datasets.py
[2025-06-26T02:40:45.476+0000] {logging_mixin.py:188} INFO - [2025-06-26T02:40:45.476+0000] {dag.py:3096} INFO - Sync 10 DAGs
[2025-06-26T02:40:45.500+0000] {logging_mixin.py:188} INFO - [2025-06-26T02:40:45.500+0000] {dag.py:3954} INFO - Setting next_dagrun for conditional_dataset_and_time_based_timetable to 2025-06-25 01:00:00+00:00, run_after=2025-06-25 01:00:00+00:00
[2025-06-26T02:40:45.505+0000] {logging_mixin.py:188} INFO - [2025-06-26T02:40:45.504+0000] {dag.py:3954} INFO - Setting next_dagrun for consume_1_and_2_with_dataset_expressions to None, run_after=None
[2025-06-26T02:40:45.506+0000] {logging_mixin.py:188} INFO - [2025-06-26T02:40:45.506+0000] {dag.py:3954} INFO - Setting next_dagrun for consume_1_or_2_with_dataset_expressions to None, run_after=None
[2025-06-26T02:40:45.508+0000] {logging_mixin.py:188} INFO - [2025-06-26T02:40:45.507+0000] {dag.py:3954} INFO - Setting next_dagrun for consume_1_or_both_2_and_3_with_dataset_expressions to None, run_after=None
[2025-06-26T02:40:45.509+0000] {logging_mixin.py:188} INFO - [2025-06-26T02:40:45.509+0000] {dag.py:3954} INFO - Setting next_dagrun for dataset_consumes_1 to None, run_after=None
[2025-06-26T02:40:45.510+0000] {logging_mixin.py:188} INFO - [2025-06-26T02:40:45.510+0000] {dag.py:3954} INFO - Setting next_dagrun for dataset_consumes_1_and_2 to None, run_after=None
[2025-06-26T02:40:45.512+0000] {logging_mixin.py:188} INFO - [2025-06-26T02:40:45.511+0000] {dag.py:3954} INFO - Setting next_dagrun for dataset_consumes_1_never_scheduled to None, run_after=None
[2025-06-26T02:40:45.513+0000] {logging_mixin.py:188} INFO - [2025-06-26T02:40:45.513+0000] {dag.py:3954} INFO - Setting next_dagrun for dataset_consumes_unknown_never_scheduled to None, run_after=None
[2025-06-26T02:40:45.515+0000] {logging_mixin.py:188} INFO - [2025-06-26T02:40:45.515+0000] {dag.py:3954} INFO - Setting next_dagrun for dataset_produces_1 to 2025-06-25 00:00:00+00:00, run_after=2025-06-26 00:00:00+00:00
[2025-06-26T02:40:45.516+0000] {logging_mixin.py:188} INFO - [2025-06-26T02:40:45.516+0000] {dag.py:3954} INFO - Setting next_dagrun for dataset_produces_2 to None, run_after=None
[2025-06-26T02:40:45.554+0000] {processor.py:183} INFO - Processing /home/airflow/.local/lib/python3.12/site-packages/airflow/example_dags/example_datasets.py took 0.158 seconds
[2025-06-26T02:41:15.810+0000] {processor.py:161} INFO - Started process (PID=358) to work on /home/airflow/.local/lib/python3.12/site-packages/airflow/example_dags/example_datasets.py
[2025-06-26T02:41:15.811+0000] {processor.py:830} INFO - Processing file /home/airflow/.local/lib/python3.12/site-packages/airflow/example_dags/example_datasets.py for tasks to queue
[2025-06-26T02:41:15.813+0000] {logging_mixin.py:188} INFO - [2025-06-26T02:41:15.812+0000] {dagbag.py:545} INFO - Filling up the DagBag from /home/airflow/.local/lib/python3.12/site-packages/airflow/example_dags/example_datasets.py
[2025-06-26T02:41:15.825+0000] {processor.py:840} INFO - DAG(s) 'consume_1_or_both_2_and_3_with_dataset_expressions', 'conditional_dataset_and_time_based_timetable', 'dataset_consumes_1_never_scheduled', 'dataset_produces_1', 'consume_1_and_2_with_dataset_expressions', 'dataset_consumes_1', 'consume_1_or_2_with_dataset_expressions', 'dataset_consumes_unknown_never_scheduled', 'dataset_produces_2', 'dataset_consumes_1_and_2' retrieved from /home/airflow/.local/lib/python3.12/site-packages/airflow/example_dags/example_datasets.py
[2025-06-26T02:41:15.884+0000] {logging_mixin.py:188} INFO - [2025-06-26T02:41:15.884+0000] {dag.py:3096} INFO - Sync 10 DAGs
[2025-06-26T02:41:15.913+0000] {logging_mixin.py:188} INFO - [2025-06-26T02:41:15.913+0000] {dag.py:3954} INFO - Setting next_dagrun for conditional_dataset_and_time_based_timetable to 2025-06-25 01:00:00+00:00, run_after=2025-06-25 01:00:00+00:00
[2025-06-26T02:41:15.918+0000] {logging_mixin.py:188} INFO - [2025-06-26T02:41:15.918+0000] {dag.py:3954} INFO - Setting next_dagrun for consume_1_and_2_with_dataset_expressions to None, run_after=None
[2025-06-26T02:41:15.920+0000] {logging_mixin.py:188} INFO - [2025-06-26T02:41:15.920+0000] {dag.py:3954} INFO - Setting next_dagrun for consume_1_or_2_with_dataset_expressions to None, run_after=None
[2025-06-26T02:41:15.922+0000] {logging_mixin.py:188} INFO - [2025-06-26T02:41:15.922+0000] {dag.py:3954} INFO - Setting next_dagrun for consume_1_or_both_2_and_3_with_dataset_expressions to None, run_after=None
[2025-06-26T02:41:15.924+0000] {logging_mixin.py:188} INFO - [2025-06-26T02:41:15.923+0000] {dag.py:3954} INFO - Setting next_dagrun for dataset_consumes_1 to None, run_after=None
[2025-06-26T02:41:15.926+0000] {logging_mixin.py:188} INFO - [2025-06-26T02:41:15.926+0000] {dag.py:3954} INFO - Setting next_dagrun for dataset_consumes_1_and_2 to None, run_after=None
[2025-06-26T02:41:15.928+0000] {logging_mixin.py:188} INFO - [2025-06-26T02:41:15.927+0000] {dag.py:3954} INFO - Setting next_dagrun for dataset_consumes_1_never_scheduled to None, run_after=None
[2025-06-26T02:41:15.929+0000] {logging_mixin.py:188} INFO - [2025-06-26T02:41:15.929+0000] {dag.py:3954} INFO - Setting next_dagrun for dataset_consumes_unknown_never_scheduled to None, run_after=None
[2025-06-26T02:41:15.932+0000] {logging_mixin.py:188} INFO - [2025-06-26T02:41:15.932+0000] {dag.py:3954} INFO - Setting next_dagrun for dataset_produces_1 to 2025-06-25 00:00:00+00:00, run_after=2025-06-26 00:00:00+00:00
[2025-06-26T02:41:15.934+0000] {logging_mixin.py:188} INFO - [2025-06-26T02:41:15.934+0000] {dag.py:3954} INFO - Setting next_dagrun for dataset_produces_2 to None, run_after=None
[2025-06-26T02:41:15.972+0000] {processor.py:183} INFO - Processing /home/airflow/.local/lib/python3.12/site-packages/airflow/example_dags/example_datasets.py took 0.168 seconds
[2025-06-26T02:41:46.376+0000] {processor.py:161} INFO - Started process (PID=420) to work on /home/airflow/.local/lib/python3.12/site-packages/airflow/example_dags/example_datasets.py
[2025-06-26T02:41:46.377+0000] {processor.py:830} INFO - Processing file /home/airflow/.local/lib/python3.12/site-packages/airflow/example_dags/example_datasets.py for tasks to queue
[2025-06-26T02:41:46.379+0000] {logging_mixin.py:188} INFO - [2025-06-26T02:41:46.379+0000] {dagbag.py:545} INFO - Filling up the DagBag from /home/airflow/.local/lib/python3.12/site-packages/airflow/example_dags/example_datasets.py
[2025-06-26T02:41:46.393+0000] {processor.py:840} INFO - DAG(s) 'dataset_produces_1', 'dataset_consumes_1_and_2', 'consume_1_and_2_with_dataset_expressions', 'dataset_consumes_1_never_scheduled', 'dataset_consumes_1', 'dataset_produces_2', 'consume_1_or_2_with_dataset_expressions', 'consume_1_or_both_2_and_3_with_dataset_expressions', 'conditional_dataset_and_time_based_timetable', 'dataset_consumes_unknown_never_scheduled' retrieved from /home/airflow/.local/lib/python3.12/site-packages/airflow/example_dags/example_datasets.py
[2025-06-26T02:41:46.446+0000] {logging_mixin.py:188} INFO - [2025-06-26T02:41:46.446+0000] {dag.py:3096} INFO - Sync 10 DAGs
[2025-06-26T02:41:46.472+0000] {logging_mixin.py:188} INFO - [2025-06-26T02:41:46.472+0000] {dag.py:3954} INFO - Setting next_dagrun for conditional_dataset_and_time_based_timetable to 2025-06-25 01:00:00+00:00, run_after=2025-06-25 01:00:00+00:00
[2025-06-26T02:41:46.479+0000] {logging_mixin.py:188} INFO - [2025-06-26T02:41:46.479+0000] {dag.py:3954} INFO - Setting next_dagrun for consume_1_and_2_with_dataset_expressions to None, run_after=None
[2025-06-26T02:41:46.481+0000] {logging_mixin.py:188} INFO - [2025-06-26T02:41:46.481+0000] {dag.py:3954} INFO - Setting next_dagrun for consume_1_or_2_with_dataset_expressions to None, run_after=None
[2025-06-26T02:41:46.484+0000] {logging_mixin.py:188} INFO - [2025-06-26T02:41:46.484+0000] {dag.py:3954} INFO - Setting next_dagrun for consume_1_or_both_2_and_3_with_dataset_expressions to None, run_after=None
[2025-06-26T02:41:46.487+0000] {logging_mixin.py:188} INFO - [2025-06-26T02:41:46.486+0000] {dag.py:3954} INFO - Setting next_dagrun for dataset_consumes_1 to None, run_after=None
[2025-06-26T02:41:46.489+0000] {logging_mixin.py:188} INFO - [2025-06-26T02:41:46.488+0000] {dag.py:3954} INFO - Setting next_dagrun for dataset_consumes_1_and_2 to None, run_after=None
[2025-06-26T02:41:46.490+0000] {logging_mixin.py:188} INFO - [2025-06-26T02:41:46.490+0000] {dag.py:3954} INFO - Setting next_dagrun for dataset_consumes_1_never_scheduled to None, run_after=None
[2025-06-26T02:41:46.492+0000] {logging_mixin.py:188} INFO - [2025-06-26T02:41:46.492+0000] {dag.py:3954} INFO - Setting next_dagrun for dataset_consumes_unknown_never_scheduled to None, run_after=None
[2025-06-26T02:41:46.528+0000] {logging_mixin.py:188} INFO - [2025-06-26T02:41:46.527+0000] {dag.py:3954} INFO - Setting next_dagrun for dataset_produces_1 to 2025-06-25 00:00:00+00:00, run_after=2025-06-26 00:00:00+00:00
[2025-06-26T02:41:46.529+0000] {logging_mixin.py:188} INFO - [2025-06-26T02:41:46.529+0000] {dag.py:3954} INFO - Setting next_dagrun for dataset_produces_2 to None, run_after=None
[2025-06-26T02:41:46.660+0000] {processor.py:183} INFO - Processing /home/airflow/.local/lib/python3.12/site-packages/airflow/example_dags/example_datasets.py took 0.291 seconds
