[2025-06-26T02:39:10.608+0000] {processor.py:161} INFO - Started process (PID=94) to work on /home/airflow/.local/lib/python3.12/site-packages/airflow/example_dags/example_task_group_decorator.py
[2025-06-26T02:39:10.612+0000] {processor.py:830} INFO - Processing file /home/airflow/.local/lib/python3.12/site-packages/airflow/example_dags/example_task_group_decorator.py for tasks to queue
[2025-06-26T02:39:10.625+0000] {logging_mixin.py:188} INFO - [2025-06-26T02:39:10.624+0000] {dagbag.py:545} INFO - Filling up the DagBag from /home/airflow/.local/lib/python3.12/site-packages/airflow/example_dags/example_task_group_decorator.py
[2025-06-26T02:39:10.648+0000] {processor.py:840} INFO - DAG(s) 'example_task_group_decorator' retrieved from /home/airflow/.local/lib/python3.12/site-packages/airflow/example_dags/example_task_group_decorator.py
[2025-06-26T02:39:10.774+0000] {logging_mixin.py:188} INFO - [2025-06-26T02:39:10.773+0000] {override.py:1829} INFO - Created Permission View: can edit on DAG:example_task_group_decorator
[2025-06-26T02:39:10.786+0000] {logging_mixin.py:188} INFO - [2025-06-26T02:39:10.786+0000] {override.py:1829} INFO - Created Permission View: can read on DAG:example_task_group_decorator
[2025-06-26T02:39:10.795+0000] {logging_mixin.py:188} INFO - [2025-06-26T02:39:10.794+0000] {override.py:1829} INFO - Created Permission View: can delete on DAG:example_task_group_decorator
[2025-06-26T02:39:10.795+0000] {logging_mixin.py:188} INFO - [2025-06-26T02:39:10.795+0000] {dag.py:3096} INFO - Sync 1 DAGs
[2025-06-26T02:39:10.811+0000] {logging_mixin.py:188} INFO - [2025-06-26T02:39:10.811+0000] {dag.py:3118} INFO - Creating ORM DAG for example_task_group_decorator
[2025-06-26T02:39:10.845+0000] {logging_mixin.py:188} INFO - [2025-06-26T02:39:10.845+0000] {dag.py:3954} INFO - Setting next_dagrun for example_task_group_decorator to 2025-06-25 00:00:00+00:00, run_after=2025-06-26 00:00:00+00:00
[2025-06-26T02:39:10.883+0000] {processor.py:183} INFO - Processing /home/airflow/.local/lib/python3.12/site-packages/airflow/example_dags/example_task_group_decorator.py took 0.517 seconds
[2025-06-26T02:39:41.442+0000] {processor.py:161} INFO - Started process (PID=154) to work on /home/airflow/.local/lib/python3.12/site-packages/airflow/example_dags/example_task_group_decorator.py
[2025-06-26T02:39:41.442+0000] {processor.py:830} INFO - Processing file /home/airflow/.local/lib/python3.12/site-packages/airflow/example_dags/example_task_group_decorator.py for tasks to queue
[2025-06-26T02:39:41.444+0000] {logging_mixin.py:188} INFO - [2025-06-26T02:39:41.444+0000] {dagbag.py:545} INFO - Filling up the DagBag from /home/airflow/.local/lib/python3.12/site-packages/airflow/example_dags/example_task_group_decorator.py
[2025-06-26T02:39:41.466+0000] {processor.py:840} INFO - DAG(s) 'example_task_group_decorator' retrieved from /home/airflow/.local/lib/python3.12/site-packages/airflow/example_dags/example_task_group_decorator.py
[2025-06-26T02:39:41.500+0000] {logging_mixin.py:188} INFO - [2025-06-26T02:39:41.500+0000] {dag.py:3096} INFO - Sync 1 DAGs
[2025-06-26T02:39:41.529+0000] {logging_mixin.py:188} INFO - [2025-06-26T02:39:41.529+0000] {dag.py:3954} INFO - Setting next_dagrun for example_task_group_decorator to 2025-06-25 00:00:00+00:00, run_after=2025-06-26 00:00:00+00:00
[2025-06-26T02:39:41.548+0000] {processor.py:183} INFO - Processing /home/airflow/.local/lib/python3.12/site-packages/airflow/example_dags/example_task_group_decorator.py took 0.122 seconds
[2025-06-26T02:40:12.549+0000] {processor.py:161} INFO - Started process (PID=214) to work on /home/airflow/.local/lib/python3.12/site-packages/airflow/example_dags/example_task_group_decorator.py
[2025-06-26T02:40:12.550+0000] {processor.py:830} INFO - Processing file /home/airflow/.local/lib/python3.12/site-packages/airflow/example_dags/example_task_group_decorator.py for tasks to queue
[2025-06-26T02:40:12.552+0000] {logging_mixin.py:188} INFO - [2025-06-26T02:40:12.551+0000] {dagbag.py:545} INFO - Filling up the DagBag from /home/airflow/.local/lib/python3.12/site-packages/airflow/example_dags/example_task_group_decorator.py
[2025-06-26T02:40:12.566+0000] {processor.py:840} INFO - DAG(s) 'example_task_group_decorator' retrieved from /home/airflow/.local/lib/python3.12/site-packages/airflow/example_dags/example_task_group_decorator.py
[2025-06-26T02:40:12.595+0000] {logging_mixin.py:188} INFO - [2025-06-26T02:40:12.595+0000] {dag.py:3096} INFO - Sync 1 DAGs
[2025-06-26T02:40:12.622+0000] {logging_mixin.py:188} INFO - [2025-06-26T02:40:12.621+0000] {dag.py:3954} INFO - Setting next_dagrun for example_task_group_decorator to 2025-06-25 00:00:00+00:00, run_after=2025-06-26 00:00:00+00:00
[2025-06-26T02:40:12.646+0000] {processor.py:183} INFO - Processing /home/airflow/.local/lib/python3.12/site-packages/airflow/example_dags/example_task_group_decorator.py took 0.103 seconds
[2025-06-26T02:40:43.093+0000] {processor.py:161} INFO - Started process (PID=274) to work on /home/airflow/.local/lib/python3.12/site-packages/airflow/example_dags/example_task_group_decorator.py
[2025-06-26T02:40:43.094+0000] {processor.py:830} INFO - Processing file /home/airflow/.local/lib/python3.12/site-packages/airflow/example_dags/example_task_group_decorator.py for tasks to queue
[2025-06-26T02:40:43.095+0000] {logging_mixin.py:188} INFO - [2025-06-26T02:40:43.095+0000] {dagbag.py:545} INFO - Filling up the DagBag from /home/airflow/.local/lib/python3.12/site-packages/airflow/example_dags/example_task_group_decorator.py
[2025-06-26T02:40:43.107+0000] {processor.py:840} INFO - DAG(s) 'example_task_group_decorator' retrieved from /home/airflow/.local/lib/python3.12/site-packages/airflow/example_dags/example_task_group_decorator.py
[2025-06-26T02:40:43.132+0000] {logging_mixin.py:188} INFO - [2025-06-26T02:40:43.131+0000] {dag.py:3096} INFO - Sync 1 DAGs
[2025-06-26T02:40:43.151+0000] {logging_mixin.py:188} INFO - [2025-06-26T02:40:43.151+0000] {dag.py:3954} INFO - Setting next_dagrun for example_task_group_decorator to 2025-06-25 00:00:00+00:00, run_after=2025-06-26 00:00:00+00:00
[2025-06-26T02:40:43.174+0000] {processor.py:183} INFO - Processing /home/airflow/.local/lib/python3.12/site-packages/airflow/example_dags/example_task_group_decorator.py took 0.085 seconds
[2025-06-26T02:41:13.325+0000] {processor.py:161} INFO - Started process (PID=337) to work on /home/airflow/.local/lib/python3.12/site-packages/airflow/example_dags/example_task_group_decorator.py
[2025-06-26T02:41:13.327+0000] {processor.py:830} INFO - Processing file /home/airflow/.local/lib/python3.12/site-packages/airflow/example_dags/example_task_group_decorator.py for tasks to queue
[2025-06-26T02:41:13.329+0000] {logging_mixin.py:188} INFO - [2025-06-26T02:41:13.328+0000] {dagbag.py:545} INFO - Filling up the DagBag from /home/airflow/.local/lib/python3.12/site-packages/airflow/example_dags/example_task_group_decorator.py
[2025-06-26T02:41:13.343+0000] {processor.py:840} INFO - DAG(s) 'example_task_group_decorator' retrieved from /home/airflow/.local/lib/python3.12/site-packages/airflow/example_dags/example_task_group_decorator.py
[2025-06-26T02:41:13.371+0000] {logging_mixin.py:188} INFO - [2025-06-26T02:41:13.371+0000] {dag.py:3096} INFO - Sync 1 DAGs
[2025-06-26T02:41:13.393+0000] {logging_mixin.py:188} INFO - [2025-06-26T02:41:13.392+0000] {dag.py:3954} INFO - Setting next_dagrun for example_task_group_decorator to 2025-06-25 00:00:00+00:00, run_after=2025-06-26 00:00:00+00:00
[2025-06-26T02:41:13.417+0000] {processor.py:183} INFO - Processing /home/airflow/.local/lib/python3.12/site-packages/airflow/example_dags/example_task_group_decorator.py took 0.097 seconds
[2025-06-26T02:41:44.234+0000] {processor.py:161} INFO - Started process (PID=399) to work on /home/airflow/.local/lib/python3.12/site-packages/airflow/example_dags/example_task_group_decorator.py
[2025-06-26T02:41:44.235+0000] {processor.py:830} INFO - Processing file /home/airflow/.local/lib/python3.12/site-packages/airflow/example_dags/example_task_group_decorator.py for tasks to queue
[2025-06-26T02:41:44.238+0000] {logging_mixin.py:188} INFO - [2025-06-26T02:41:44.238+0000] {dagbag.py:545} INFO - Filling up the DagBag from /home/airflow/.local/lib/python3.12/site-packages/airflow/example_dags/example_task_group_decorator.py
[2025-06-26T02:41:44.252+0000] {processor.py:840} INFO - DAG(s) 'example_task_group_decorator' retrieved from /home/airflow/.local/lib/python3.12/site-packages/airflow/example_dags/example_task_group_decorator.py
[2025-06-26T02:41:44.285+0000] {logging_mixin.py:188} INFO - [2025-06-26T02:41:44.284+0000] {dag.py:3096} INFO - Sync 1 DAGs
[2025-06-26T02:41:44.309+0000] {logging_mixin.py:188} INFO - [2025-06-26T02:41:44.309+0000] {dag.py:3954} INFO - Setting next_dagrun for example_task_group_decorator to 2025-06-25 00:00:00+00:00, run_after=2025-06-26 00:00:00+00:00
[2025-06-26T02:41:44.339+0000] {processor.py:183} INFO - Processing /home/airflow/.local/lib/python3.12/site-packages/airflow/example_dags/example_task_group_decorator.py took 0.111 seconds
