[2025-06-26T02:39:10.919+0000] {processor.py:161} INFO - Started process (PID=96) to work on /home/airflow/.local/lib/python3.12/site-packages/airflow/example_dags/example_branch_operator.py
[2025-06-26T02:39:10.920+0000] {processor.py:830} INFO - Processing file /home/airflow/.local/lib/python3.12/site-packages/airflow/example_dags/example_branch_operator.py for tasks to queue
[2025-06-26T02:39:10.922+0000] {logging_mixin.py:188} INFO - [2025-06-26T02:39:10.921+0000] {dagbag.py:545} INFO - Filling up the DagBag from /home/airflow/.local/lib/python3.12/site-packages/airflow/example_dags/example_branch_operator.py
[2025-06-26T02:39:10.940+0000] {processor.py:840} INFO - DAG(s) 'example_branch_operator' retrieved from /home/airflow/.local/lib/python3.12/site-packages/airflow/example_dags/example_branch_operator.py
[2025-06-26T02:39:11.081+0000] {logging_mixin.py:188} INFO - [2025-06-26T02:39:11.079+0000] {override.py:1829} INFO - Created Permission View: can edit on DAG:example_branch_operator
[2025-06-26T02:39:11.105+0000] {logging_mixin.py:188} INFO - [2025-06-26T02:39:11.105+0000] {override.py:1829} INFO - Created Permission View: can read on DAG:example_branch_operator
[2025-06-26T02:39:11.118+0000] {logging_mixin.py:188} INFO - [2025-06-26T02:39:11.117+0000] {override.py:1829} INFO - Created Permission View: can delete on DAG:example_branch_operator
[2025-06-26T02:39:11.124+0000] {logging_mixin.py:188} INFO - [2025-06-26T02:39:11.124+0000] {dag.py:3096} INFO - Sync 1 DAGs
[2025-06-26T02:39:11.152+0000] {logging_mixin.py:188} INFO - [2025-06-26T02:39:11.152+0000] {dag.py:3118} INFO - Creating ORM DAG for example_branch_operator
[2025-06-26T02:39:11.173+0000] {logging_mixin.py:188} INFO - [2025-06-26T02:39:11.172+0000] {dag.py:3954} INFO - Setting next_dagrun for example_branch_operator to 2025-06-25 00:00:00+00:00, run_after=2025-06-26 00:00:00+00:00
[2025-06-26T02:39:11.204+0000] {processor.py:183} INFO - Processing /home/airflow/.local/lib/python3.12/site-packages/airflow/example_dags/example_branch_operator.py took 0.290 seconds
[2025-06-26T02:39:41.744+0000] {processor.py:161} INFO - Started process (PID=156) to work on /home/airflow/.local/lib/python3.12/site-packages/airflow/example_dags/example_branch_operator.py
[2025-06-26T02:39:41.744+0000] {processor.py:830} INFO - Processing file /home/airflow/.local/lib/python3.12/site-packages/airflow/example_dags/example_branch_operator.py for tasks to queue
[2025-06-26T02:39:41.746+0000] {logging_mixin.py:188} INFO - [2025-06-26T02:39:41.746+0000] {dagbag.py:545} INFO - Filling up the DagBag from /home/airflow/.local/lib/python3.12/site-packages/airflow/example_dags/example_branch_operator.py
[2025-06-26T02:39:41.760+0000] {processor.py:840} INFO - DAG(s) 'example_branch_operator' retrieved from /home/airflow/.local/lib/python3.12/site-packages/airflow/example_dags/example_branch_operator.py
[2025-06-26T02:39:41.789+0000] {logging_mixin.py:188} INFO - [2025-06-26T02:39:41.789+0000] {dag.py:3096} INFO - Sync 1 DAGs
[2025-06-26T02:39:41.808+0000] {logging_mixin.py:188} INFO - [2025-06-26T02:39:41.807+0000] {dag.py:3954} INFO - Setting next_dagrun for example_branch_operator to 2025-06-25 00:00:00+00:00, run_after=2025-06-26 00:00:00+00:00
[2025-06-26T02:39:41.826+0000] {processor.py:183} INFO - Processing /home/airflow/.local/lib/python3.12/site-packages/airflow/example_dags/example_branch_operator.py took 0.087 seconds
[2025-06-26T02:40:12.834+0000] {processor.py:161} INFO - Started process (PID=216) to work on /home/airflow/.local/lib/python3.12/site-packages/airflow/example_dags/example_branch_operator.py
[2025-06-26T02:40:12.836+0000] {processor.py:830} INFO - Processing file /home/airflow/.local/lib/python3.12/site-packages/airflow/example_dags/example_branch_operator.py for tasks to queue
[2025-06-26T02:40:12.838+0000] {logging_mixin.py:188} INFO - [2025-06-26T02:40:12.837+0000] {dagbag.py:545} INFO - Filling up the DagBag from /home/airflow/.local/lib/python3.12/site-packages/airflow/example_dags/example_branch_operator.py
[2025-06-26T02:40:12.855+0000] {processor.py:840} INFO - DAG(s) 'example_branch_operator' retrieved from /home/airflow/.local/lib/python3.12/site-packages/airflow/example_dags/example_branch_operator.py
[2025-06-26T02:40:12.894+0000] {logging_mixin.py:188} INFO - [2025-06-26T02:40:12.894+0000] {dag.py:3096} INFO - Sync 1 DAGs
[2025-06-26T02:40:12.923+0000] {logging_mixin.py:188} INFO - [2025-06-26T02:40:12.923+0000] {dag.py:3954} INFO - Setting next_dagrun for example_branch_operator to 2025-06-25 00:00:00+00:00, run_after=2025-06-26 00:00:00+00:00
[2025-06-26T02:40:12.950+0000] {processor.py:183} INFO - Processing /home/airflow/.local/lib/python3.12/site-packages/airflow/example_dags/example_branch_operator.py took 0.122 seconds
[2025-06-26T02:40:43.282+0000] {processor.py:161} INFO - Started process (PID=276) to work on /home/airflow/.local/lib/python3.12/site-packages/airflow/example_dags/example_branch_operator.py
[2025-06-26T02:40:43.283+0000] {processor.py:830} INFO - Processing file /home/airflow/.local/lib/python3.12/site-packages/airflow/example_dags/example_branch_operator.py for tasks to queue
[2025-06-26T02:40:43.285+0000] {logging_mixin.py:188} INFO - [2025-06-26T02:40:43.284+0000] {dagbag.py:545} INFO - Filling up the DagBag from /home/airflow/.local/lib/python3.12/site-packages/airflow/example_dags/example_branch_operator.py
[2025-06-26T02:40:43.299+0000] {processor.py:840} INFO - DAG(s) 'example_branch_operator' retrieved from /home/airflow/.local/lib/python3.12/site-packages/airflow/example_dags/example_branch_operator.py
[2025-06-26T02:40:43.327+0000] {logging_mixin.py:188} INFO - [2025-06-26T02:40:43.326+0000] {dag.py:3096} INFO - Sync 1 DAGs
[2025-06-26T02:40:43.347+0000] {logging_mixin.py:188} INFO - [2025-06-26T02:40:43.347+0000] {dag.py:3954} INFO - Setting next_dagrun for example_branch_operator to 2025-06-25 00:00:00+00:00, run_after=2025-06-26 00:00:00+00:00
[2025-06-26T02:40:43.374+0000] {processor.py:183} INFO - Processing /home/airflow/.local/lib/python3.12/site-packages/airflow/example_dags/example_branch_operator.py took 0.097 seconds
[2025-06-26T02:41:13.613+0000] {processor.py:161} INFO - Started process (PID=339) to work on /home/airflow/.local/lib/python3.12/site-packages/airflow/example_dags/example_branch_operator.py
[2025-06-26T02:41:13.615+0000] {processor.py:830} INFO - Processing file /home/airflow/.local/lib/python3.12/site-packages/airflow/example_dags/example_branch_operator.py for tasks to queue
[2025-06-26T02:41:13.617+0000] {logging_mixin.py:188} INFO - [2025-06-26T02:41:13.616+0000] {dagbag.py:545} INFO - Filling up the DagBag from /home/airflow/.local/lib/python3.12/site-packages/airflow/example_dags/example_branch_operator.py
[2025-06-26T02:41:13.634+0000] {processor.py:840} INFO - DAG(s) 'example_branch_operator' retrieved from /home/airflow/.local/lib/python3.12/site-packages/airflow/example_dags/example_branch_operator.py
[2025-06-26T02:41:13.667+0000] {logging_mixin.py:188} INFO - [2025-06-26T02:41:13.666+0000] {dag.py:3096} INFO - Sync 1 DAGs
[2025-06-26T02:41:13.688+0000] {logging_mixin.py:188} INFO - [2025-06-26T02:41:13.688+0000] {dag.py:3954} INFO - Setting next_dagrun for example_branch_operator to 2025-06-25 00:00:00+00:00, run_after=2025-06-26 00:00:00+00:00
[2025-06-26T02:41:13.707+0000] {processor.py:183} INFO - Processing /home/airflow/.local/lib/python3.12/site-packages/airflow/example_dags/example_branch_operator.py took 0.101 seconds
[2025-06-26T02:41:44.496+0000] {processor.py:161} INFO - Started process (PID=401) to work on /home/airflow/.local/lib/python3.12/site-packages/airflow/example_dags/example_branch_operator.py
[2025-06-26T02:41:44.496+0000] {processor.py:830} INFO - Processing file /home/airflow/.local/lib/python3.12/site-packages/airflow/example_dags/example_branch_operator.py for tasks to queue
[2025-06-26T02:41:44.498+0000] {logging_mixin.py:188} INFO - [2025-06-26T02:41:44.498+0000] {dagbag.py:545} INFO - Filling up the DagBag from /home/airflow/.local/lib/python3.12/site-packages/airflow/example_dags/example_branch_operator.py
[2025-06-26T02:41:44.516+0000] {processor.py:840} INFO - DAG(s) 'example_branch_operator' retrieved from /home/airflow/.local/lib/python3.12/site-packages/airflow/example_dags/example_branch_operator.py
[2025-06-26T02:41:44.551+0000] {logging_mixin.py:188} INFO - [2025-06-26T02:41:44.551+0000] {dag.py:3096} INFO - Sync 1 DAGs
[2025-06-26T02:41:44.575+0000] {logging_mixin.py:188} INFO - [2025-06-26T02:41:44.575+0000] {dag.py:3954} INFO - Setting next_dagrun for example_branch_operator to 2025-06-25 00:00:00+00:00, run_after=2025-06-26 00:00:00+00:00
[2025-06-26T02:41:44.600+0000] {processor.py:183} INFO - Processing /home/airflow/.local/lib/python3.12/site-packages/airflow/example_dags/example_branch_operator.py took 0.110 seconds
