[2025-06-26T02:38:40.104+0000] {processor.py:161} INFO - Started process (PID=65) to work on /home/airflow/.local/lib/python3.12/site-packages/airflow/example_dags/example_external_task_marker_dag.py
[2025-06-26T02:38:40.108+0000] {processor.py:830} INFO - Processing file /home/airflow/.local/lib/python3.12/site-packages/airflow/example_dags/example_external_task_marker_dag.py for tasks to queue
[2025-06-26T02:38:40.141+0000] {logging_mixin.py:188} INFO - [2025-06-26T02:38:40.140+0000] {dagbag.py:545} INFO - Filling up the DagBag from /home/airflow/.local/lib/python3.12/site-packages/airflow/example_dags/example_external_task_marker_dag.py
[2025-06-26T02:38:40.181+0000] {processor.py:840} INFO - DAG(s) 'example_external_task_marker_child', 'example_external_task_marker_parent' retrieved from /home/airflow/.local/lib/python3.12/site-packages/airflow/example_dags/example_external_task_marker_dag.py
[2025-06-26T02:38:40.505+0000] {logging_mixin.py:188} INFO - [2025-06-26T02:38:40.504+0000] {override.py:1829} INFO - Created Permission View: can edit on DAG:example_external_task_marker_child
[2025-06-26T02:38:40.524+0000] {logging_mixin.py:188} INFO - [2025-06-26T02:38:40.524+0000] {override.py:1829} INFO - Created Permission View: can read on DAG:example_external_task_marker_child
[2025-06-26T02:38:40.538+0000] {logging_mixin.py:188} INFO - [2025-06-26T02:38:40.537+0000] {override.py:1829} INFO - Created Permission View: can delete on DAG:example_external_task_marker_child
[2025-06-26T02:38:40.563+0000] {logging_mixin.py:188} INFO - [2025-06-26T02:38:40.562+0000] {override.py:1829} INFO - Created Permission View: can edit on DAG:example_external_task_marker_parent
[2025-06-26T02:38:40.577+0000] {logging_mixin.py:188} INFO - [2025-06-26T02:38:40.576+0000] {override.py:1829} INFO - Created Permission View: can read on DAG:example_external_task_marker_parent
[2025-06-26T02:38:40.589+0000] {logging_mixin.py:188} INFO - [2025-06-26T02:38:40.588+0000] {override.py:1829} INFO - Created Permission View: can delete on DAG:example_external_task_marker_parent
[2025-06-26T02:38:40.590+0000] {logging_mixin.py:188} INFO - [2025-06-26T02:38:40.590+0000] {dag.py:3096} INFO - Sync 2 DAGs
[2025-06-26T02:38:40.611+0000] {logging_mixin.py:188} INFO - [2025-06-26T02:38:40.611+0000] {dag.py:3118} INFO - Creating ORM DAG for example_external_task_marker_parent
[2025-06-26T02:38:40.612+0000] {logging_mixin.py:188} INFO - [2025-06-26T02:38:40.612+0000] {dag.py:3118} INFO - Creating ORM DAG for example_external_task_marker_child
[2025-06-26T02:38:40.614+0000] {logging_mixin.py:188} INFO - [2025-06-26T02:38:40.614+0000] {dag.py:3954} INFO - Setting next_dagrun for example_external_task_marker_child to None, run_after=None
[2025-06-26T02:38:40.616+0000] {logging_mixin.py:188} INFO - [2025-06-26T02:38:40.615+0000] {dag.py:3954} INFO - Setting next_dagrun for example_external_task_marker_parent to None, run_after=None
[2025-06-26T02:38:40.647+0000] {processor.py:183} INFO - Processing /home/airflow/.local/lib/python3.12/site-packages/airflow/example_dags/example_external_task_marker_dag.py took 0.570 seconds
[2025-06-26T02:39:14.758+0000] {processor.py:161} INFO - Started process (PID=125) to work on /home/airflow/.local/lib/python3.12/site-packages/airflow/example_dags/example_external_task_marker_dag.py
[2025-06-26T02:39:14.761+0000] {processor.py:830} INFO - Processing file /home/airflow/.local/lib/python3.12/site-packages/airflow/example_dags/example_external_task_marker_dag.py for tasks to queue
[2025-06-26T02:39:14.764+0000] {logging_mixin.py:188} INFO - [2025-06-26T02:39:14.763+0000] {dagbag.py:545} INFO - Filling up the DagBag from /home/airflow/.local/lib/python3.12/site-packages/airflow/example_dags/example_external_task_marker_dag.py
[2025-06-26T02:39:14.773+0000] {processor.py:840} INFO - DAG(s) 'example_external_task_marker_parent', 'example_external_task_marker_child' retrieved from /home/airflow/.local/lib/python3.12/site-packages/airflow/example_dags/example_external_task_marker_dag.py
[2025-06-26T02:39:14.803+0000] {logging_mixin.py:188} INFO - [2025-06-26T02:39:14.802+0000] {dag.py:3096} INFO - Sync 2 DAGs
[2025-06-26T02:39:14.816+0000] {logging_mixin.py:188} INFO - [2025-06-26T02:39:14.816+0000] {dag.py:3954} INFO - Setting next_dagrun for example_external_task_marker_child to None, run_after=None
[2025-06-26T02:39:14.821+0000] {logging_mixin.py:188} INFO - [2025-06-26T02:39:14.820+0000] {dag.py:3954} INFO - Setting next_dagrun for example_external_task_marker_parent to None, run_after=None
[2025-06-26T02:39:14.842+0000] {processor.py:183} INFO - Processing /home/airflow/.local/lib/python3.12/site-packages/airflow/example_dags/example_external_task_marker_dag.py took 0.092 seconds
[2025-06-26T02:39:45.287+0000] {processor.py:161} INFO - Started process (PID=183) to work on /home/airflow/.local/lib/python3.12/site-packages/airflow/example_dags/example_external_task_marker_dag.py
[2025-06-26T02:39:45.288+0000] {processor.py:830} INFO - Processing file /home/airflow/.local/lib/python3.12/site-packages/airflow/example_dags/example_external_task_marker_dag.py for tasks to queue
[2025-06-26T02:39:45.290+0000] {logging_mixin.py:188} INFO - [2025-06-26T02:39:45.289+0000] {dagbag.py:545} INFO - Filling up the DagBag from /home/airflow/.local/lib/python3.12/site-packages/airflow/example_dags/example_external_task_marker_dag.py
[2025-06-26T02:39:45.300+0000] {processor.py:840} INFO - DAG(s) 'example_external_task_marker_parent', 'example_external_task_marker_child' retrieved from /home/airflow/.local/lib/python3.12/site-packages/airflow/example_dags/example_external_task_marker_dag.py
[2025-06-26T02:39:45.358+0000] {logging_mixin.py:188} INFO - [2025-06-26T02:39:45.358+0000] {dag.py:3096} INFO - Sync 2 DAGs
[2025-06-26T02:39:45.398+0000] {logging_mixin.py:188} INFO - [2025-06-26T02:39:45.397+0000] {dag.py:3954} INFO - Setting next_dagrun for example_external_task_marker_child to None, run_after=None
[2025-06-26T02:39:45.406+0000] {logging_mixin.py:188} INFO - [2025-06-26T02:39:45.406+0000] {dag.py:3954} INFO - Setting next_dagrun for example_external_task_marker_parent to None, run_after=None
[2025-06-26T02:39:45.427+0000] {processor.py:183} INFO - Processing /home/airflow/.local/lib/python3.12/site-packages/airflow/example_dags/example_external_task_marker_dag.py took 0.145 seconds
[2025-06-26T02:40:15.589+0000] {processor.py:161} INFO - Started process (PID=243) to work on /home/airflow/.local/lib/python3.12/site-packages/airflow/example_dags/example_external_task_marker_dag.py
[2025-06-26T02:40:15.590+0000] {processor.py:830} INFO - Processing file /home/airflow/.local/lib/python3.12/site-packages/airflow/example_dags/example_external_task_marker_dag.py for tasks to queue
[2025-06-26T02:40:15.591+0000] {logging_mixin.py:188} INFO - [2025-06-26T02:40:15.591+0000] {dagbag.py:545} INFO - Filling up the DagBag from /home/airflow/.local/lib/python3.12/site-packages/airflow/example_dags/example_external_task_marker_dag.py
[2025-06-26T02:40:15.597+0000] {processor.py:840} INFO - DAG(s) 'example_external_task_marker_parent', 'example_external_task_marker_child' retrieved from /home/airflow/.local/lib/python3.12/site-packages/airflow/example_dags/example_external_task_marker_dag.py
[2025-06-26T02:40:15.618+0000] {logging_mixin.py:188} INFO - [2025-06-26T02:40:15.618+0000] {dag.py:3096} INFO - Sync 2 DAGs
[2025-06-26T02:40:15.628+0000] {logging_mixin.py:188} INFO - [2025-06-26T02:40:15.628+0000] {dag.py:3954} INFO - Setting next_dagrun for example_external_task_marker_child to None, run_after=None
[2025-06-26T02:40:15.632+0000] {logging_mixin.py:188} INFO - [2025-06-26T02:40:15.631+0000] {dag.py:3954} INFO - Setting next_dagrun for example_external_task_marker_parent to None, run_after=None
[2025-06-26T02:40:15.649+0000] {processor.py:183} INFO - Processing /home/airflow/.local/lib/python3.12/site-packages/airflow/example_dags/example_external_task_marker_dag.py took 0.065 seconds
[2025-06-26T02:40:45.727+0000] {processor.py:161} INFO - Started process (PID=303) to work on /home/airflow/.local/lib/python3.12/site-packages/airflow/example_dags/example_external_task_marker_dag.py
[2025-06-26T02:40:45.727+0000] {processor.py:830} INFO - Processing file /home/airflow/.local/lib/python3.12/site-packages/airflow/example_dags/example_external_task_marker_dag.py for tasks to queue
[2025-06-26T02:40:45.729+0000] {logging_mixin.py:188} INFO - [2025-06-26T02:40:45.729+0000] {dagbag.py:545} INFO - Filling up the DagBag from /home/airflow/.local/lib/python3.12/site-packages/airflow/example_dags/example_external_task_marker_dag.py
[2025-06-26T02:40:45.734+0000] {processor.py:840} INFO - DAG(s) 'example_external_task_marker_child', 'example_external_task_marker_parent' retrieved from /home/airflow/.local/lib/python3.12/site-packages/airflow/example_dags/example_external_task_marker_dag.py
[2025-06-26T02:40:45.757+0000] {logging_mixin.py:188} INFO - [2025-06-26T02:40:45.757+0000] {dag.py:3096} INFO - Sync 2 DAGs
[2025-06-26T02:40:45.768+0000] {logging_mixin.py:188} INFO - [2025-06-26T02:40:45.768+0000] {dag.py:3954} INFO - Setting next_dagrun for example_external_task_marker_child to None, run_after=None
[2025-06-26T02:40:45.772+0000] {logging_mixin.py:188} INFO - [2025-06-26T02:40:45.772+0000] {dag.py:3954} INFO - Setting next_dagrun for example_external_task_marker_parent to None, run_after=None
[2025-06-26T02:40:45.788+0000] {processor.py:183} INFO - Processing /home/airflow/.local/lib/python3.12/site-packages/airflow/example_dags/example_external_task_marker_dag.py took 0.066 seconds
[2025-06-26T02:41:16.131+0000] {processor.py:161} INFO - Started process (PID=363) to work on /home/airflow/.local/lib/python3.12/site-packages/airflow/example_dags/example_external_task_marker_dag.py
[2025-06-26T02:41:16.134+0000] {processor.py:830} INFO - Processing file /home/airflow/.local/lib/python3.12/site-packages/airflow/example_dags/example_external_task_marker_dag.py for tasks to queue
[2025-06-26T02:41:16.136+0000] {logging_mixin.py:188} INFO - [2025-06-26T02:41:16.136+0000] {dagbag.py:545} INFO - Filling up the DagBag from /home/airflow/.local/lib/python3.12/site-packages/airflow/example_dags/example_external_task_marker_dag.py
[2025-06-26T02:41:16.144+0000] {processor.py:840} INFO - DAG(s) 'example_external_task_marker_parent', 'example_external_task_marker_child' retrieved from /home/airflow/.local/lib/python3.12/site-packages/airflow/example_dags/example_external_task_marker_dag.py
[2025-06-26T02:41:16.175+0000] {logging_mixin.py:188} INFO - [2025-06-26T02:41:16.174+0000] {dag.py:3096} INFO - Sync 2 DAGs
[2025-06-26T02:41:16.194+0000] {logging_mixin.py:188} INFO - [2025-06-26T02:41:16.194+0000] {dag.py:3954} INFO - Setting next_dagrun for example_external_task_marker_child to None, run_after=None
[2025-06-26T02:41:16.200+0000] {logging_mixin.py:188} INFO - [2025-06-26T02:41:16.200+0000] {dag.py:3954} INFO - Setting next_dagrun for example_external_task_marker_parent to None, run_after=None
[2025-06-26T02:41:16.229+0000] {processor.py:183} INFO - Processing /home/airflow/.local/lib/python3.12/site-packages/airflow/example_dags/example_external_task_marker_dag.py took 0.109 seconds
[2025-06-26T02:41:46.738+0000] {processor.py:161} INFO - Started process (PID=424) to work on /home/airflow/.local/lib/python3.12/site-packages/airflow/example_dags/example_external_task_marker_dag.py
[2025-06-26T02:41:46.739+0000] {processor.py:830} INFO - Processing file /home/airflow/.local/lib/python3.12/site-packages/airflow/example_dags/example_external_task_marker_dag.py for tasks to queue
[2025-06-26T02:41:46.741+0000] {logging_mixin.py:188} INFO - [2025-06-26T02:41:46.740+0000] {dagbag.py:545} INFO - Filling up the DagBag from /home/airflow/.local/lib/python3.12/site-packages/airflow/example_dags/example_external_task_marker_dag.py
[2025-06-26T02:41:46.746+0000] {processor.py:840} INFO - DAG(s) 'example_external_task_marker_child', 'example_external_task_marker_parent' retrieved from /home/airflow/.local/lib/python3.12/site-packages/airflow/example_dags/example_external_task_marker_dag.py
[2025-06-26T02:41:46.767+0000] {logging_mixin.py:188} INFO - [2025-06-26T02:41:46.767+0000] {dag.py:3096} INFO - Sync 2 DAGs
[2025-06-26T02:41:46.778+0000] {logging_mixin.py:188} INFO - [2025-06-26T02:41:46.778+0000] {dag.py:3954} INFO - Setting next_dagrun for example_external_task_marker_child to None, run_after=None
[2025-06-26T02:41:46.782+0000] {logging_mixin.py:188} INFO - [2025-06-26T02:41:46.782+0000] {dag.py:3954} INFO - Setting next_dagrun for example_external_task_marker_parent to None, run_after=None
[2025-06-26T02:41:46.883+0000] {processor.py:183} INFO - Processing /home/airflow/.local/lib/python3.12/site-packages/airflow/example_dags/example_external_task_marker_dag.py took 0.149 seconds
