[2025-06-26T02:39:11.267+0000] {processor.py:161} INFO - Started process (PID=98) to work on /home/airflow/.local/lib/python3.12/site-packages/airflow/example_dags/example_branch_day_of_week_operator.py
[2025-06-26T02:39:11.269+0000] {processor.py:830} INFO - Processing file /home/airflow/.local/lib/python3.12/site-packages/airflow/example_dags/example_branch_day_of_week_operator.py for tasks to queue
[2025-06-26T02:39:11.271+0000] {logging_mixin.py:188} INFO - [2025-06-26T02:39:11.271+0000] {dagbag.py:545} INFO - Filling up the DagBag from /home/airflow/.local/lib/python3.12/site-packages/airflow/example_dags/example_branch_day_of_week_operator.py
[2025-06-26T02:39:11.284+0000] {processor.py:840} INFO - DAG(s) 'example_weekday_branch_operator' retrieved from /home/airflow/.local/lib/python3.12/site-packages/airflow/example_dags/example_branch_day_of_week_operator.py
[2025-06-26T02:39:11.438+0000] {logging_mixin.py:188} INFO - [2025-06-26T02:39:11.438+0000] {override.py:1829} INFO - Created Permission View: can edit on DAG:example_weekday_branch_operator
[2025-06-26T02:39:11.451+0000] {logging_mixin.py:188} INFO - [2025-06-26T02:39:11.450+0000] {override.py:1829} INFO - Created Permission View: can read on DAG:example_weekday_branch_operator
[2025-06-26T02:39:11.463+0000] {logging_mixin.py:188} INFO - [2025-06-26T02:39:11.462+0000] {override.py:1829} INFO - Created Permission View: can delete on DAG:example_weekday_branch_operator
[2025-06-26T02:39:11.464+0000] {logging_mixin.py:188} INFO - [2025-06-26T02:39:11.463+0000] {dag.py:3096} INFO - Sync 1 DAGs
[2025-06-26T02:39:11.477+0000] {logging_mixin.py:188} INFO - [2025-06-26T02:39:11.477+0000] {dag.py:3118} INFO - Creating ORM DAG for example_weekday_branch_operator
[2025-06-26T02:39:11.492+0000] {logging_mixin.py:188} INFO - [2025-06-26T02:39:11.492+0000] {dag.py:3954} INFO - Setting next_dagrun for example_weekday_branch_operator to 2025-06-25 00:00:00+00:00, run_after=2025-06-26 00:00:00+00:00
[2025-06-26T02:39:11.516+0000] {processor.py:183} INFO - Processing /home/airflow/.local/lib/python3.12/site-packages/airflow/example_dags/example_branch_day_of_week_operator.py took 0.260 seconds
[2025-06-26T02:39:41.856+0000] {processor.py:161} INFO - Started process (PID=158) to work on /home/airflow/.local/lib/python3.12/site-packages/airflow/example_dags/example_branch_day_of_week_operator.py
[2025-06-26T02:39:41.857+0000] {processor.py:830} INFO - Processing file /home/airflow/.local/lib/python3.12/site-packages/airflow/example_dags/example_branch_day_of_week_operator.py for tasks to queue
[2025-06-26T02:39:41.859+0000] {logging_mixin.py:188} INFO - [2025-06-26T02:39:41.858+0000] {dagbag.py:545} INFO - Filling up the DagBag from /home/airflow/.local/lib/python3.12/site-packages/airflow/example_dags/example_branch_day_of_week_operator.py
[2025-06-26T02:39:41.865+0000] {processor.py:840} INFO - DAG(s) 'example_weekday_branch_operator' retrieved from /home/airflow/.local/lib/python3.12/site-packages/airflow/example_dags/example_branch_day_of_week_operator.py
[2025-06-26T02:39:41.887+0000] {logging_mixin.py:188} INFO - [2025-06-26T02:39:41.887+0000] {dag.py:3096} INFO - Sync 1 DAGs
[2025-06-26T02:39:41.907+0000] {logging_mixin.py:188} INFO - [2025-06-26T02:39:41.907+0000] {dag.py:3954} INFO - Setting next_dagrun for example_weekday_branch_operator to 2025-06-25 00:00:00+00:00, run_after=2025-06-26 00:00:00+00:00
[2025-06-26T02:39:41.926+0000] {processor.py:183} INFO - Processing /home/airflow/.local/lib/python3.12/site-packages/airflow/example_dags/example_branch_day_of_week_operator.py took 0.075 seconds
[2025-06-26T02:40:12.992+0000] {processor.py:161} INFO - Started process (PID=218) to work on /home/airflow/.local/lib/python3.12/site-packages/airflow/example_dags/example_branch_day_of_week_operator.py
[2025-06-26T02:40:12.994+0000] {processor.py:830} INFO - Processing file /home/airflow/.local/lib/python3.12/site-packages/airflow/example_dags/example_branch_day_of_week_operator.py for tasks to queue
[2025-06-26T02:40:12.996+0000] {logging_mixin.py:188} INFO - [2025-06-26T02:40:12.996+0000] {dagbag.py:545} INFO - Filling up the DagBag from /home/airflow/.local/lib/python3.12/site-packages/airflow/example_dags/example_branch_day_of_week_operator.py
[2025-06-26T02:40:13.006+0000] {processor.py:840} INFO - DAG(s) 'example_weekday_branch_operator' retrieved from /home/airflow/.local/lib/python3.12/site-packages/airflow/example_dags/example_branch_day_of_week_operator.py
[2025-06-26T02:40:13.032+0000] {logging_mixin.py:188} INFO - [2025-06-26T02:40:13.032+0000] {dag.py:3096} INFO - Sync 1 DAGs
[2025-06-26T02:40:13.064+0000] {logging_mixin.py:188} INFO - [2025-06-26T02:40:13.063+0000] {dag.py:3954} INFO - Setting next_dagrun for example_weekday_branch_operator to 2025-06-25 00:00:00+00:00, run_after=2025-06-26 00:00:00+00:00
[2025-06-26T02:40:13.091+0000] {processor.py:183} INFO - Processing /home/airflow/.local/lib/python3.12/site-packages/airflow/example_dags/example_branch_day_of_week_operator.py took 0.105 seconds
[2025-06-26T02:40:43.425+0000] {processor.py:161} INFO - Started process (PID=278) to work on /home/airflow/.local/lib/python3.12/site-packages/airflow/example_dags/example_branch_day_of_week_operator.py
[2025-06-26T02:40:43.427+0000] {processor.py:830} INFO - Processing file /home/airflow/.local/lib/python3.12/site-packages/airflow/example_dags/example_branch_day_of_week_operator.py for tasks to queue
[2025-06-26T02:40:43.429+0000] {logging_mixin.py:188} INFO - [2025-06-26T02:40:43.429+0000] {dagbag.py:545} INFO - Filling up the DagBag from /home/airflow/.local/lib/python3.12/site-packages/airflow/example_dags/example_branch_day_of_week_operator.py
[2025-06-26T02:40:43.441+0000] {processor.py:840} INFO - DAG(s) 'example_weekday_branch_operator' retrieved from /home/airflow/.local/lib/python3.12/site-packages/airflow/example_dags/example_branch_day_of_week_operator.py
[2025-06-26T02:40:43.468+0000] {logging_mixin.py:188} INFO - [2025-06-26T02:40:43.467+0000] {dag.py:3096} INFO - Sync 1 DAGs
[2025-06-26T02:40:43.492+0000] {logging_mixin.py:188} INFO - [2025-06-26T02:40:43.491+0000] {dag.py:3954} INFO - Setting next_dagrun for example_weekday_branch_operator to 2025-06-25 00:00:00+00:00, run_after=2025-06-26 00:00:00+00:00
[2025-06-26T02:40:43.518+0000] {processor.py:183} INFO - Processing /home/airflow/.local/lib/python3.12/site-packages/airflow/example_dags/example_branch_day_of_week_operator.py took 0.100 seconds
[2025-06-26T02:41:13.736+0000] {processor.py:161} INFO - Started process (PID=341) to work on /home/airflow/.local/lib/python3.12/site-packages/airflow/example_dags/example_branch_day_of_week_operator.py
[2025-06-26T02:41:13.737+0000] {processor.py:830} INFO - Processing file /home/airflow/.local/lib/python3.12/site-packages/airflow/example_dags/example_branch_day_of_week_operator.py for tasks to queue
[2025-06-26T02:41:13.739+0000] {logging_mixin.py:188} INFO - [2025-06-26T02:41:13.739+0000] {dagbag.py:545} INFO - Filling up the DagBag from /home/airflow/.local/lib/python3.12/site-packages/airflow/example_dags/example_branch_day_of_week_operator.py
[2025-06-26T02:41:13.746+0000] {processor.py:840} INFO - DAG(s) 'example_weekday_branch_operator' retrieved from /home/airflow/.local/lib/python3.12/site-packages/airflow/example_dags/example_branch_day_of_week_operator.py
[2025-06-26T02:41:13.770+0000] {logging_mixin.py:188} INFO - [2025-06-26T02:41:13.769+0000] {dag.py:3096} INFO - Sync 1 DAGs
[2025-06-26T02:41:13.800+0000] {logging_mixin.py:188} INFO - [2025-06-26T02:41:13.799+0000] {dag.py:3954} INFO - Setting next_dagrun for example_weekday_branch_operator to 2025-06-25 00:00:00+00:00, run_after=2025-06-26 00:00:00+00:00
[2025-06-26T02:41:13.823+0000] {processor.py:183} INFO - Processing /home/airflow/.local/lib/python3.12/site-packages/airflow/example_dags/example_branch_day_of_week_operator.py took 0.092 seconds
[2025-06-26T02:41:44.636+0000] {processor.py:161} INFO - Started process (PID=403) to work on /home/airflow/.local/lib/python3.12/site-packages/airflow/example_dags/example_branch_day_of_week_operator.py
[2025-06-26T02:41:44.637+0000] {processor.py:830} INFO - Processing file /home/airflow/.local/lib/python3.12/site-packages/airflow/example_dags/example_branch_day_of_week_operator.py for tasks to queue
[2025-06-26T02:41:44.639+0000] {logging_mixin.py:188} INFO - [2025-06-26T02:41:44.638+0000] {dagbag.py:545} INFO - Filling up the DagBag from /home/airflow/.local/lib/python3.12/site-packages/airflow/example_dags/example_branch_day_of_week_operator.py
[2025-06-26T02:41:44.645+0000] {processor.py:840} INFO - DAG(s) 'example_weekday_branch_operator' retrieved from /home/airflow/.local/lib/python3.12/site-packages/airflow/example_dags/example_branch_day_of_week_operator.py
[2025-06-26T02:41:44.668+0000] {logging_mixin.py:188} INFO - [2025-06-26T02:41:44.668+0000] {dag.py:3096} INFO - Sync 1 DAGs
[2025-06-26T02:41:44.690+0000] {logging_mixin.py:188} INFO - [2025-06-26T02:41:44.690+0000] {dag.py:3954} INFO - Setting next_dagrun for example_weekday_branch_operator to 2025-06-25 00:00:00+00:00, run_after=2025-06-26 00:00:00+00:00
[2025-06-26T02:41:44.711+0000] {processor.py:183} INFO - Processing /home/airflow/.local/lib/python3.12/site-packages/airflow/example_dags/example_branch_day_of_week_operator.py took 0.079 seconds
