[2025-06-26T02:39:13.053+0000] {processor.py:161} INFO - Started process (PID=111) to work on /home/airflow/.local/lib/python3.12/site-packages/airflow/example_dags/example_bash_decorator.py
[2025-06-26T02:39:13.054+0000] {processor.py:830} INFO - Processing file /home/airflow/.local/lib/python3.12/site-packages/airflow/example_dags/example_bash_decorator.py for tasks to queue
[2025-06-26T02:39:13.056+0000] {logging_mixin.py:188} INFO - [2025-06-26T02:39:13.055+0000] {dagbag.py:545} INFO - Filling up the DagBag from /home/airflow/.local/lib/python3.12/site-packages/airflow/example_dags/example_bash_decorator.py
[2025-06-26T02:39:13.068+0000] {processor.py:840} INFO - DAG(s) 'example_bash_decorator' retrieved from /home/airflow/.local/lib/python3.12/site-packages/airflow/example_dags/example_bash_decorator.py
[2025-06-26T02:39:13.169+0000] {logging_mixin.py:188} INFO - [2025-06-26T02:39:13.168+0000] {override.py:1829} INFO - Created Permission View: can edit on DAG:example_bash_decorator
[2025-06-26T02:39:13.185+0000] {logging_mixin.py:188} INFO - [2025-06-26T02:39:13.185+0000] {override.py:1829} INFO - Created Permission View: can read on DAG:example_bash_decorator
[2025-06-26T02:39:13.195+0000] {logging_mixin.py:188} INFO - [2025-06-26T02:39:13.195+0000] {override.py:1829} INFO - Created Permission View: can delete on DAG:example_bash_decorator
[2025-06-26T02:39:13.196+0000] {logging_mixin.py:188} INFO - [2025-06-26T02:39:13.196+0000] {dag.py:3096} INFO - Sync 1 DAGs
[2025-06-26T02:39:13.206+0000] {logging_mixin.py:188} INFO - [2025-06-26T02:39:13.206+0000] {dag.py:3118} INFO - Creating ORM DAG for example_bash_decorator
[2025-06-26T02:39:13.207+0000] {logging_mixin.py:188} INFO - [2025-06-26T02:39:13.207+0000] {dag.py:3954} INFO - Setting next_dagrun for example_bash_decorator to None, run_after=None
[2025-06-26T02:39:13.226+0000] {processor.py:183} INFO - Processing /home/airflow/.local/lib/python3.12/site-packages/airflow/example_dags/example_bash_decorator.py took 0.177 seconds
[2025-06-26T02:39:43.626+0000] {processor.py:161} INFO - Started process (PID=171) to work on /home/airflow/.local/lib/python3.12/site-packages/airflow/example_dags/example_bash_decorator.py
[2025-06-26T02:39:43.627+0000] {processor.py:830} INFO - Processing file /home/airflow/.local/lib/python3.12/site-packages/airflow/example_dags/example_bash_decorator.py for tasks to queue
[2025-06-26T02:39:43.628+0000] {logging_mixin.py:188} INFO - [2025-06-26T02:39:43.628+0000] {dagbag.py:545} INFO - Filling up the DagBag from /home/airflow/.local/lib/python3.12/site-packages/airflow/example_dags/example_bash_decorator.py
[2025-06-26T02:39:43.639+0000] {processor.py:840} INFO - DAG(s) 'example_bash_decorator' retrieved from /home/airflow/.local/lib/python3.12/site-packages/airflow/example_dags/example_bash_decorator.py
[2025-06-26T02:39:43.663+0000] {logging_mixin.py:188} INFO - [2025-06-26T02:39:43.662+0000] {dag.py:3096} INFO - Sync 1 DAGs
[2025-06-26T02:39:43.676+0000] {logging_mixin.py:188} INFO - [2025-06-26T02:39:43.676+0000] {dag.py:3954} INFO - Setting next_dagrun for example_bash_decorator to None, run_after=None
[2025-06-26T02:39:43.695+0000] {processor.py:183} INFO - Processing /home/airflow/.local/lib/python3.12/site-packages/airflow/example_dags/example_bash_decorator.py took 0.074 seconds
[2025-06-26T02:40:13.964+0000] {processor.py:161} INFO - Started process (PID=231) to work on /home/airflow/.local/lib/python3.12/site-packages/airflow/example_dags/example_bash_decorator.py
[2025-06-26T02:40:13.965+0000] {processor.py:830} INFO - Processing file /home/airflow/.local/lib/python3.12/site-packages/airflow/example_dags/example_bash_decorator.py for tasks to queue
[2025-06-26T02:40:13.968+0000] {logging_mixin.py:188} INFO - [2025-06-26T02:40:13.967+0000] {dagbag.py:545} INFO - Filling up the DagBag from /home/airflow/.local/lib/python3.12/site-packages/airflow/example_dags/example_bash_decorator.py
[2025-06-26T02:40:13.982+0000] {processor.py:840} INFO - DAG(s) 'example_bash_decorator' retrieved from /home/airflow/.local/lib/python3.12/site-packages/airflow/example_dags/example_bash_decorator.py
[2025-06-26T02:40:14.010+0000] {logging_mixin.py:188} INFO - [2025-06-26T02:40:14.010+0000] {dag.py:3096} INFO - Sync 1 DAGs
[2025-06-26T02:40:14.023+0000] {logging_mixin.py:188} INFO - [2025-06-26T02:40:14.023+0000] {dag.py:3954} INFO - Setting next_dagrun for example_bash_decorator to None, run_after=None
[2025-06-26T02:40:14.048+0000] {processor.py:183} INFO - Processing /home/airflow/.local/lib/python3.12/site-packages/airflow/example_dags/example_bash_decorator.py took 0.090 seconds
[2025-06-26T02:40:44.184+0000] {processor.py:161} INFO - Started process (PID=291) to work on /home/airflow/.local/lib/python3.12/site-packages/airflow/example_dags/example_bash_decorator.py
[2025-06-26T02:40:44.185+0000] {processor.py:830} INFO - Processing file /home/airflow/.local/lib/python3.12/site-packages/airflow/example_dags/example_bash_decorator.py for tasks to queue
[2025-06-26T02:40:44.187+0000] {logging_mixin.py:188} INFO - [2025-06-26T02:40:44.186+0000] {dagbag.py:545} INFO - Filling up the DagBag from /home/airflow/.local/lib/python3.12/site-packages/airflow/example_dags/example_bash_decorator.py
[2025-06-26T02:40:44.198+0000] {processor.py:840} INFO - DAG(s) 'example_bash_decorator' retrieved from /home/airflow/.local/lib/python3.12/site-packages/airflow/example_dags/example_bash_decorator.py
[2025-06-26T02:40:44.221+0000] {logging_mixin.py:188} INFO - [2025-06-26T02:40:44.221+0000] {dag.py:3096} INFO - Sync 1 DAGs
[2025-06-26T02:40:44.233+0000] {logging_mixin.py:188} INFO - [2025-06-26T02:40:44.233+0000] {dag.py:3954} INFO - Setting next_dagrun for example_bash_decorator to None, run_after=None
[2025-06-26T02:40:44.255+0000] {processor.py:183} INFO - Processing /home/airflow/.local/lib/python3.12/site-packages/airflow/example_dags/example_bash_decorator.py took 0.076 seconds
[2025-06-26T02:41:14.582+0000] {processor.py:161} INFO - Started process (PID=354) to work on /home/airflow/.local/lib/python3.12/site-packages/airflow/example_dags/example_bash_decorator.py
[2025-06-26T02:41:14.584+0000] {processor.py:830} INFO - Processing file /home/airflow/.local/lib/python3.12/site-packages/airflow/example_dags/example_bash_decorator.py for tasks to queue
[2025-06-26T02:41:14.588+0000] {logging_mixin.py:188} INFO - [2025-06-26T02:41:14.587+0000] {dagbag.py:545} INFO - Filling up the DagBag from /home/airflow/.local/lib/python3.12/site-packages/airflow/example_dags/example_bash_decorator.py
[2025-06-26T02:41:14.608+0000] {processor.py:840} INFO - DAG(s) 'example_bash_decorator' retrieved from /home/airflow/.local/lib/python3.12/site-packages/airflow/example_dags/example_bash_decorator.py
[2025-06-26T02:41:14.637+0000] {logging_mixin.py:188} INFO - [2025-06-26T02:41:14.637+0000] {dag.py:3096} INFO - Sync 1 DAGs
[2025-06-26T02:41:14.653+0000] {logging_mixin.py:188} INFO - [2025-06-26T02:41:14.653+0000] {dag.py:3954} INFO - Setting next_dagrun for example_bash_decorator to None, run_after=None
[2025-06-26T02:41:14.676+0000] {processor.py:183} INFO - Processing /home/airflow/.local/lib/python3.12/site-packages/airflow/example_dags/example_bash_decorator.py took 0.101 seconds
[2025-06-26T02:41:45.967+0000] {processor.py:161} INFO - Started process (PID=416) to work on /home/airflow/.local/lib/python3.12/site-packages/airflow/example_dags/example_bash_decorator.py
[2025-06-26T02:41:45.969+0000] {processor.py:830} INFO - Processing file /home/airflow/.local/lib/python3.12/site-packages/airflow/example_dags/example_bash_decorator.py for tasks to queue
[2025-06-26T02:41:45.971+0000] {logging_mixin.py:188} INFO - [2025-06-26T02:41:45.970+0000] {dagbag.py:545} INFO - Filling up the DagBag from /home/airflow/.local/lib/python3.12/site-packages/airflow/example_dags/example_bash_decorator.py
[2025-06-26T02:41:45.983+0000] {processor.py:840} INFO - DAG(s) 'example_bash_decorator' retrieved from /home/airflow/.local/lib/python3.12/site-packages/airflow/example_dags/example_bash_decorator.py
[2025-06-26T02:41:46.012+0000] {logging_mixin.py:188} INFO - [2025-06-26T02:41:46.012+0000] {dag.py:3096} INFO - Sync 1 DAGs
[2025-06-26T02:41:46.026+0000] {logging_mixin.py:188} INFO - [2025-06-26T02:41:46.026+0000] {dag.py:3954} INFO - Setting next_dagrun for example_bash_decorator to None, run_after=None
[2025-06-26T02:41:46.097+0000] {processor.py:183} INFO - Processing /home/airflow/.local/lib/python3.12/site-packages/airflow/example_dags/example_bash_decorator.py took 0.135 seconds
