[2025-06-26T02:39:01.865+0000] {processor.py:161} INFO - Started process (PID=81) to work on /home/airflow/.local/lib/python3.12/site-packages/airflow/example_dags/example_branch_python_dop_operator_3.py
[2025-06-26T02:39:01.871+0000] {processor.py:830} INFO - Processing file /home/airflow/.local/lib/python3.12/site-packages/airflow/example_dags/example_branch_python_dop_operator_3.py for tasks to queue
[2025-06-26T02:39:01.890+0000] {logging_mixin.py:188} INFO - [2025-06-26T02:39:01.890+0000] {dagbag.py:545} INFO - Filling up the DagBag from /home/airflow/.local/lib/python3.12/site-packages/airflow/example_dags/example_branch_python_dop_operator_3.py
[2025-06-26T02:39:01.920+0000] {processor.py:840} INFO - DAG(s) 'example_branch_dop_operator_v3' retrieved from /home/airflow/.local/lib/python3.12/site-packages/airflow/example_dags/example_branch_python_dop_operator_3.py
[2025-06-26T02:39:02.924+0000] {logging_mixin.py:188} INFO - [2025-06-26T02:39:02.919+0000] {override.py:1829} INFO - Created Permission View: can edit on DAG:example_branch_dop_operator_v3
[2025-06-26T02:39:02.945+0000] {logging_mixin.py:188} INFO - [2025-06-26T02:39:02.945+0000] {override.py:1829} INFO - Created Permission View: can read on DAG:example_branch_dop_operator_v3
[2025-06-26T02:39:02.955+0000] {logging_mixin.py:188} INFO - [2025-06-26T02:39:02.955+0000] {override.py:1829} INFO - Created Permission View: can delete on DAG:example_branch_dop_operator_v3
[2025-06-26T02:39:02.956+0000] {logging_mixin.py:188} INFO - [2025-06-26T02:39:02.956+0000] {dag.py:3096} INFO - Sync 1 DAGs
[2025-06-26T02:39:03.004+0000] {logging_mixin.py:188} INFO - [2025-06-26T02:39:03.003+0000] {dag.py:3118} INFO - Creating ORM DAG for example_branch_dop_operator_v3
[2025-06-26T02:39:03.044+0000] {logging_mixin.py:188} INFO - [2025-06-26T02:39:03.043+0000] {dag.py:3954} INFO - Setting next_dagrun for example_branch_dop_operator_v3 to 2025-06-26 02:38:00+00:00, run_after=2025-06-26 02:39:00+00:00
[2025-06-26T02:39:03.080+0000] {processor.py:183} INFO - Processing /home/airflow/.local/lib/python3.12/site-packages/airflow/example_dags/example_branch_python_dop_operator_3.py took 1.253 seconds
[2025-06-26T02:39:33.158+0000] {processor.py:161} INFO - Started process (PID=141) to work on /home/airflow/.local/lib/python3.12/site-packages/airflow/example_dags/example_branch_python_dop_operator_3.py
[2025-06-26T02:39:33.159+0000] {processor.py:830} INFO - Processing file /home/airflow/.local/lib/python3.12/site-packages/airflow/example_dags/example_branch_python_dop_operator_3.py for tasks to queue
[2025-06-26T02:39:33.161+0000] {logging_mixin.py:188} INFO - [2025-06-26T02:39:33.161+0000] {dagbag.py:545} INFO - Filling up the DagBag from /home/airflow/.local/lib/python3.12/site-packages/airflow/example_dags/example_branch_python_dop_operator_3.py
[2025-06-26T02:39:33.168+0000] {processor.py:840} INFO - DAG(s) 'example_branch_dop_operator_v3' retrieved from /home/airflow/.local/lib/python3.12/site-packages/airflow/example_dags/example_branch_python_dop_operator_3.py
[2025-06-26T02:39:33.188+0000] {logging_mixin.py:188} INFO - [2025-06-26T02:39:33.187+0000] {dag.py:3096} INFO - Sync 1 DAGs
[2025-06-26T02:39:33.211+0000] {logging_mixin.py:188} INFO - [2025-06-26T02:39:33.210+0000] {dag.py:3954} INFO - Setting next_dagrun for example_branch_dop_operator_v3 to 2025-06-26 02:38:00+00:00, run_after=2025-06-26 02:39:00+00:00
[2025-06-26T02:39:33.249+0000] {processor.py:183} INFO - Processing /home/airflow/.local/lib/python3.12/site-packages/airflow/example_dags/example_branch_python_dop_operator_3.py took 0.096 seconds
[2025-06-26T02:40:04.103+0000] {processor.py:161} INFO - Started process (PID=201) to work on /home/airflow/.local/lib/python3.12/site-packages/airflow/example_dags/example_branch_python_dop_operator_3.py
[2025-06-26T02:40:04.104+0000] {processor.py:830} INFO - Processing file /home/airflow/.local/lib/python3.12/site-packages/airflow/example_dags/example_branch_python_dop_operator_3.py for tasks to queue
[2025-06-26T02:40:04.106+0000] {logging_mixin.py:188} INFO - [2025-06-26T02:40:04.106+0000] {dagbag.py:545} INFO - Filling up the DagBag from /home/airflow/.local/lib/python3.12/site-packages/airflow/example_dags/example_branch_python_dop_operator_3.py
[2025-06-26T02:40:04.115+0000] {processor.py:840} INFO - DAG(s) 'example_branch_dop_operator_v3' retrieved from /home/airflow/.local/lib/python3.12/site-packages/airflow/example_dags/example_branch_python_dop_operator_3.py
[2025-06-26T02:40:04.135+0000] {logging_mixin.py:188} INFO - [2025-06-26T02:40:04.135+0000] {dag.py:3096} INFO - Sync 1 DAGs
[2025-06-26T02:40:04.157+0000] {logging_mixin.py:188} INFO - [2025-06-26T02:40:04.157+0000] {dag.py:3954} INFO - Setting next_dagrun for example_branch_dop_operator_v3 to 2025-06-26 02:39:00+00:00, run_after=2025-06-26 02:40:00+00:00
[2025-06-26T02:40:04.178+0000] {processor.py:183} INFO - Processing /home/airflow/.local/lib/python3.12/site-packages/airflow/example_dags/example_branch_python_dop_operator_3.py took 0.079 seconds
[2025-06-26T02:40:34.747+0000] {processor.py:161} INFO - Started process (PID=261) to work on /home/airflow/.local/lib/python3.12/site-packages/airflow/example_dags/example_branch_python_dop_operator_3.py
[2025-06-26T02:40:34.748+0000] {processor.py:830} INFO - Processing file /home/airflow/.local/lib/python3.12/site-packages/airflow/example_dags/example_branch_python_dop_operator_3.py for tasks to queue
[2025-06-26T02:40:34.750+0000] {logging_mixin.py:188} INFO - [2025-06-26T02:40:34.749+0000] {dagbag.py:545} INFO - Filling up the DagBag from /home/airflow/.local/lib/python3.12/site-packages/airflow/example_dags/example_branch_python_dop_operator_3.py
[2025-06-26T02:40:34.756+0000] {processor.py:840} INFO - DAG(s) 'example_branch_dop_operator_v3' retrieved from /home/airflow/.local/lib/python3.12/site-packages/airflow/example_dags/example_branch_python_dop_operator_3.py
[2025-06-26T02:40:34.776+0000] {logging_mixin.py:188} INFO - [2025-06-26T02:40:34.776+0000] {dag.py:3096} INFO - Sync 1 DAGs
[2025-06-26T02:40:34.799+0000] {logging_mixin.py:188} INFO - [2025-06-26T02:40:34.799+0000] {dag.py:3954} INFO - Setting next_dagrun for example_branch_dop_operator_v3 to 2025-06-26 02:39:00+00:00, run_after=2025-06-26 02:40:00+00:00
[2025-06-26T02:40:34.819+0000] {processor.py:183} INFO - Processing /home/airflow/.local/lib/python3.12/site-packages/airflow/example_dags/example_branch_python_dop_operator_3.py took 0.077 seconds
[2025-06-26T02:41:05.068+0000] {processor.py:161} INFO - Started process (PID=323) to work on /home/airflow/.local/lib/python3.12/site-packages/airflow/example_dags/example_branch_python_dop_operator_3.py
[2025-06-26T02:41:05.106+0000] {processor.py:830} INFO - Processing file /home/airflow/.local/lib/python3.12/site-packages/airflow/example_dags/example_branch_python_dop_operator_3.py for tasks to queue
[2025-06-26T02:41:05.109+0000] {logging_mixin.py:188} INFO - [2025-06-26T02:41:05.108+0000] {dagbag.py:545} INFO - Filling up the DagBag from /home/airflow/.local/lib/python3.12/site-packages/airflow/example_dags/example_branch_python_dop_operator_3.py
[2025-06-26T02:41:05.119+0000] {processor.py:840} INFO - DAG(s) 'example_branch_dop_operator_v3' retrieved from /home/airflow/.local/lib/python3.12/site-packages/airflow/example_dags/example_branch_python_dop_operator_3.py
[2025-06-26T02:41:05.141+0000] {logging_mixin.py:188} INFO - [2025-06-26T02:41:05.141+0000] {dag.py:3096} INFO - Sync 1 DAGs
[2025-06-26T02:41:05.165+0000] {logging_mixin.py:188} INFO - [2025-06-26T02:41:05.165+0000] {dag.py:3954} INFO - Setting next_dagrun for example_branch_dop_operator_v3 to 2025-06-26 02:40:00+00:00, run_after=2025-06-26 02:41:00+00:00
[2025-06-26T02:41:05.189+0000] {processor.py:183} INFO - Processing /home/airflow/.local/lib/python3.12/site-packages/airflow/example_dags/example_branch_python_dop_operator_3.py took 0.126 seconds
[2025-06-26T02:41:35.921+0000] {processor.py:161} INFO - Started process (PID=386) to work on /home/airflow/.local/lib/python3.12/site-packages/airflow/example_dags/example_branch_python_dop_operator_3.py
[2025-06-26T02:41:35.922+0000] {processor.py:830} INFO - Processing file /home/airflow/.local/lib/python3.12/site-packages/airflow/example_dags/example_branch_python_dop_operator_3.py for tasks to queue
[2025-06-26T02:41:35.923+0000] {logging_mixin.py:188} INFO - [2025-06-26T02:41:35.923+0000] {dagbag.py:545} INFO - Filling up the DagBag from /home/airflow/.local/lib/python3.12/site-packages/airflow/example_dags/example_branch_python_dop_operator_3.py
[2025-06-26T02:41:35.931+0000] {processor.py:840} INFO - DAG(s) 'example_branch_dop_operator_v3' retrieved from /home/airflow/.local/lib/python3.12/site-packages/airflow/example_dags/example_branch_python_dop_operator_3.py
[2025-06-26T02:41:35.949+0000] {logging_mixin.py:188} INFO - [2025-06-26T02:41:35.949+0000] {dag.py:3096} INFO - Sync 1 DAGs
[2025-06-26T02:41:35.970+0000] {logging_mixin.py:188} INFO - [2025-06-26T02:41:35.970+0000] {dag.py:3954} INFO - Setting next_dagrun for example_branch_dop_operator_v3 to 2025-06-26 02:40:00+00:00, run_after=2025-06-26 02:41:00+00:00
[2025-06-26T02:41:35.989+0000] {processor.py:183} INFO - Processing /home/airflow/.local/lib/python3.12/site-packages/airflow/example_dags/example_branch_python_dop_operator_3.py took 0.073 seconds
