[2025-06-26T02:39:13.817+0000] {processor.py:161} INFO - Started process (PID=115) to work on /home/airflow/.local/lib/python3.12/site-packages/airflow/example_dags/example_latest_only.py
[2025-06-26T02:39:13.818+0000] {processor.py:830} INFO - Processing file /home/airflow/.local/lib/python3.12/site-packages/airflow/example_dags/example_latest_only.py for tasks to queue
[2025-06-26T02:39:13.819+0000] {logging_mixin.py:188} INFO - [2025-06-26T02:39:13.819+0000] {dagbag.py:545} INFO - Filling up the DagBag from /home/airflow/.local/lib/python3.12/site-packages/airflow/example_dags/example_latest_only.py
[2025-06-26T02:39:13.825+0000] {processor.py:840} INFO - DAG(s) 'latest_only' retrieved from /home/airflow/.local/lib/python3.12/site-packages/airflow/example_dags/example_latest_only.py
[2025-06-26T02:39:13.924+0000] {logging_mixin.py:188} INFO - [2025-06-26T02:39:13.923+0000] {override.py:1829} INFO - Created Permission View: can edit on DAG:latest_only
[2025-06-26T02:39:13.935+0000] {logging_mixin.py:188} INFO - [2025-06-26T02:39:13.935+0000] {override.py:1829} INFO - Created Permission View: can read on DAG:latest_only
[2025-06-26T02:39:13.944+0000] {logging_mixin.py:188} INFO - [2025-06-26T02:39:13.944+0000] {override.py:1829} INFO - Created Permission View: can delete on DAG:latest_only
[2025-06-26T02:39:13.945+0000] {logging_mixin.py:188} INFO - [2025-06-26T02:39:13.945+0000] {dag.py:3096} INFO - Sync 1 DAGs
[2025-06-26T02:39:13.956+0000] {logging_mixin.py:188} INFO - [2025-06-26T02:39:13.955+0000] {dag.py:3118} INFO - Creating ORM DAG for latest_only
[2025-06-26T02:39:13.967+0000] {logging_mixin.py:188} INFO - [2025-06-26T02:39:13.966+0000] {dag.py:3954} INFO - Setting next_dagrun for latest_only to 2025-06-25 20:00:00+00:00, run_after=2025-06-26 00:00:00+00:00
[2025-06-26T02:39:13.988+0000] {processor.py:183} INFO - Processing /home/airflow/.local/lib/python3.12/site-packages/airflow/example_dags/example_latest_only.py took 0.175 seconds
[2025-06-26T02:39:45.128+0000] {processor.py:161} INFO - Started process (PID=177) to work on /home/airflow/.local/lib/python3.12/site-packages/airflow/example_dags/example_latest_only.py
[2025-06-26T02:39:45.129+0000] {processor.py:830} INFO - Processing file /home/airflow/.local/lib/python3.12/site-packages/airflow/example_dags/example_latest_only.py for tasks to queue
[2025-06-26T02:39:45.130+0000] {logging_mixin.py:188} INFO - [2025-06-26T02:39:45.130+0000] {dagbag.py:545} INFO - Filling up the DagBag from /home/airflow/.local/lib/python3.12/site-packages/airflow/example_dags/example_latest_only.py
[2025-06-26T02:39:45.134+0000] {processor.py:840} INFO - DAG(s) 'latest_only' retrieved from /home/airflow/.local/lib/python3.12/site-packages/airflow/example_dags/example_latest_only.py
[2025-06-26T02:39:45.154+0000] {logging_mixin.py:188} INFO - [2025-06-26T02:39:45.154+0000] {dag.py:3096} INFO - Sync 1 DAGs
[2025-06-26T02:39:45.174+0000] {logging_mixin.py:188} INFO - [2025-06-26T02:39:45.174+0000] {dag.py:3954} INFO - Setting next_dagrun for latest_only to 2025-06-25 20:00:00+00:00, run_after=2025-06-26 00:00:00+00:00
[2025-06-26T02:39:45.194+0000] {processor.py:183} INFO - Processing /home/airflow/.local/lib/python3.12/site-packages/airflow/example_dags/example_latest_only.py took 0.070 seconds
[2025-06-26T02:40:15.271+0000] {processor.py:161} INFO - Started process (PID=237) to work on /home/airflow/.local/lib/python3.12/site-packages/airflow/example_dags/example_latest_only.py
[2025-06-26T02:40:15.272+0000] {processor.py:830} INFO - Processing file /home/airflow/.local/lib/python3.12/site-packages/airflow/example_dags/example_latest_only.py for tasks to queue
[2025-06-26T02:40:15.274+0000] {logging_mixin.py:188} INFO - [2025-06-26T02:40:15.273+0000] {dagbag.py:545} INFO - Filling up the DagBag from /home/airflow/.local/lib/python3.12/site-packages/airflow/example_dags/example_latest_only.py
[2025-06-26T02:40:15.278+0000] {processor.py:840} INFO - DAG(s) 'latest_only' retrieved from /home/airflow/.local/lib/python3.12/site-packages/airflow/example_dags/example_latest_only.py
[2025-06-26T02:40:15.299+0000] {logging_mixin.py:188} INFO - [2025-06-26T02:40:15.298+0000] {dag.py:3096} INFO - Sync 1 DAGs
[2025-06-26T02:40:15.320+0000] {logging_mixin.py:188} INFO - [2025-06-26T02:40:15.319+0000] {dag.py:3954} INFO - Setting next_dagrun for latest_only to 2025-06-25 20:00:00+00:00, run_after=2025-06-26 00:00:00+00:00
[2025-06-26T02:40:15.340+0000] {processor.py:183} INFO - Processing /home/airflow/.local/lib/python3.12/site-packages/airflow/example_dags/example_latest_only.py took 0.074 seconds
[2025-06-26T02:40:45.500+0000] {processor.py:161} INFO - Started process (PID=297) to work on /home/airflow/.local/lib/python3.12/site-packages/airflow/example_dags/example_latest_only.py
[2025-06-26T02:40:45.501+0000] {processor.py:830} INFO - Processing file /home/airflow/.local/lib/python3.12/site-packages/airflow/example_dags/example_latest_only.py for tasks to queue
[2025-06-26T02:40:45.502+0000] {logging_mixin.py:188} INFO - [2025-06-26T02:40:45.502+0000] {dagbag.py:545} INFO - Filling up the DagBag from /home/airflow/.local/lib/python3.12/site-packages/airflow/example_dags/example_latest_only.py
[2025-06-26T02:40:45.506+0000] {processor.py:840} INFO - DAG(s) 'latest_only' retrieved from /home/airflow/.local/lib/python3.12/site-packages/airflow/example_dags/example_latest_only.py
[2025-06-26T02:40:45.526+0000] {logging_mixin.py:188} INFO - [2025-06-26T02:40:45.526+0000] {dag.py:3096} INFO - Sync 1 DAGs
[2025-06-26T02:40:45.547+0000] {logging_mixin.py:188} INFO - [2025-06-26T02:40:45.547+0000] {dag.py:3954} INFO - Setting next_dagrun for latest_only to 2025-06-25 20:00:00+00:00, run_after=2025-06-26 00:00:00+00:00
[2025-06-26T02:40:45.569+0000] {processor.py:183} INFO - Processing /home/airflow/.local/lib/python3.12/site-packages/airflow/example_dags/example_latest_only.py took 0.076 seconds
[2025-06-26T02:41:15.983+0000] {processor.py:161} INFO - Started process (PID=360) to work on /home/airflow/.local/lib/python3.12/site-packages/airflow/example_dags/example_latest_only.py
[2025-06-26T02:41:15.985+0000] {processor.py:830} INFO - Processing file /home/airflow/.local/lib/python3.12/site-packages/airflow/example_dags/example_latest_only.py for tasks to queue
[2025-06-26T02:41:15.987+0000] {logging_mixin.py:188} INFO - [2025-06-26T02:41:15.986+0000] {dagbag.py:545} INFO - Filling up the DagBag from /home/airflow/.local/lib/python3.12/site-packages/airflow/example_dags/example_latest_only.py
[2025-06-26T02:41:15.992+0000] {processor.py:840} INFO - DAG(s) 'latest_only' retrieved from /home/airflow/.local/lib/python3.12/site-packages/airflow/example_dags/example_latest_only.py
[2025-06-26T02:41:16.018+0000] {logging_mixin.py:188} INFO - [2025-06-26T02:41:16.018+0000] {dag.py:3096} INFO - Sync 1 DAGs
[2025-06-26T02:41:16.052+0000] {logging_mixin.py:188} INFO - [2025-06-26T02:41:16.052+0000] {dag.py:3954} INFO - Setting next_dagrun for latest_only to 2025-06-25 20:00:00+00:00, run_after=2025-06-26 00:00:00+00:00
[2025-06-26T02:41:16.083+0000] {processor.py:183} INFO - Processing /home/airflow/.local/lib/python3.12/site-packages/airflow/example_dags/example_latest_only.py took 0.106 seconds
[2025-06-26T02:41:46.693+0000] {processor.py:161} INFO - Started process (PID=422) to work on /home/airflow/.local/lib/python3.12/site-packages/airflow/example_dags/example_latest_only.py
[2025-06-26T02:41:46.694+0000] {processor.py:830} INFO - Processing file /home/airflow/.local/lib/python3.12/site-packages/airflow/example_dags/example_latest_only.py for tasks to queue
[2025-06-26T02:41:46.695+0000] {logging_mixin.py:188} INFO - [2025-06-26T02:41:46.695+0000] {dagbag.py:545} INFO - Filling up the DagBag from /home/airflow/.local/lib/python3.12/site-packages/airflow/example_dags/example_latest_only.py
[2025-06-26T02:41:46.699+0000] {processor.py:840} INFO - DAG(s) 'latest_only' retrieved from /home/airflow/.local/lib/python3.12/site-packages/airflow/example_dags/example_latest_only.py
[2025-06-26T02:41:46.718+0000] {logging_mixin.py:188} INFO - [2025-06-26T02:41:46.717+0000] {dag.py:3096} INFO - Sync 1 DAGs
[2025-06-26T02:41:46.737+0000] {logging_mixin.py:188} INFO - [2025-06-26T02:41:46.737+0000] {dag.py:3954} INFO - Setting next_dagrun for latest_only to 2025-06-25 20:00:00+00:00, run_after=2025-06-26 00:00:00+00:00
[2025-06-26T02:41:46.814+0000] {processor.py:183} INFO - Processing /home/airflow/.local/lib/python3.12/site-packages/airflow/example_dags/example_latest_only.py took 0.126 seconds
