[2025-06-26T02:38:58.621+0000] {processor.py:161} INFO - Started process (PID=79) to work on /home/airflow/.local/lib/python3.12/site-packages/airflow/example_dags/example_trigger_target_dag.py
[2025-06-26T02:38:58.622+0000] {processor.py:830} INFO - Processing file /home/airflow/.local/lib/python3.12/site-packages/airflow/example_dags/example_trigger_target_dag.py for tasks to queue
[2025-06-26T02:38:58.639+0000] {logging_mixin.py:188} INFO - [2025-06-26T02:38:58.638+0000] {dagbag.py:545} INFO - Filling up the DagBag from /home/airflow/.local/lib/python3.12/site-packages/airflow/example_dags/example_trigger_target_dag.py
[2025-06-26T02:38:58.689+0000] {processor.py:840} INFO - DAG(s) 'example_trigger_target_dag' retrieved from /home/airflow/.local/lib/python3.12/site-packages/airflow/example_dags/example_trigger_target_dag.py
[2025-06-26T02:39:01.498+0000] {logging_mixin.py:188} INFO - [2025-06-26T02:39:01.496+0000] {override.py:1829} INFO - Created Permission View: can edit on DAG:example_trigger_target_dag
[2025-06-26T02:39:01.530+0000] {logging_mixin.py:188} INFO - [2025-06-26T02:39:01.529+0000] {override.py:1829} INFO - Created Permission View: can read on DAG:example_trigger_target_dag
[2025-06-26T02:39:01.545+0000] {logging_mixin.py:188} INFO - [2025-06-26T02:39:01.544+0000] {override.py:1829} INFO - Created Permission View: can delete on DAG:example_trigger_target_dag
[2025-06-26T02:39:01.547+0000] {logging_mixin.py:188} INFO - [2025-06-26T02:39:01.546+0000] {dag.py:3096} INFO - Sync 1 DAGs
[2025-06-26T02:39:01.610+0000] {logging_mixin.py:188} INFO - [2025-06-26T02:39:01.610+0000] {dag.py:3118} INFO - Creating ORM DAG for example_trigger_target_dag
[2025-06-26T02:39:01.616+0000] {logging_mixin.py:188} INFO - [2025-06-26T02:39:01.616+0000] {dag.py:3954} INFO - Setting next_dagrun for example_trigger_target_dag to None, run_after=None
[2025-06-26T02:39:01.696+0000] {processor.py:183} INFO - Processing /home/airflow/.local/lib/python3.12/site-packages/airflow/example_dags/example_trigger_target_dag.py took 3.132 seconds
[2025-06-26T02:39:31.863+0000] {processor.py:161} INFO - Started process (PID=139) to work on /home/airflow/.local/lib/python3.12/site-packages/airflow/example_dags/example_trigger_target_dag.py
[2025-06-26T02:39:31.864+0000] {processor.py:830} INFO - Processing file /home/airflow/.local/lib/python3.12/site-packages/airflow/example_dags/example_trigger_target_dag.py for tasks to queue
[2025-06-26T02:39:31.866+0000] {logging_mixin.py:188} INFO - [2025-06-26T02:39:31.865+0000] {dagbag.py:545} INFO - Filling up the DagBag from /home/airflow/.local/lib/python3.12/site-packages/airflow/example_dags/example_trigger_target_dag.py
[2025-06-26T02:39:31.891+0000] {processor.py:840} INFO - DAG(s) 'example_trigger_target_dag' retrieved from /home/airflow/.local/lib/python3.12/site-packages/airflow/example_dags/example_trigger_target_dag.py
[2025-06-26T02:39:31.981+0000] {logging_mixin.py:188} INFO - [2025-06-26T02:39:31.981+0000] {dag.py:3096} INFO - Sync 1 DAGs
[2025-06-26T02:39:32.043+0000] {logging_mixin.py:188} INFO - [2025-06-26T02:39:32.043+0000] {dag.py:3954} INFO - Setting next_dagrun for example_trigger_target_dag to None, run_after=None
[2025-06-26T02:39:32.090+0000] {processor.py:183} INFO - Processing /home/airflow/.local/lib/python3.12/site-packages/airflow/example_dags/example_trigger_target_dag.py took 0.233 seconds
[2025-06-26T02:40:02.914+0000] {processor.py:161} INFO - Started process (PID=199) to work on /home/airflow/.local/lib/python3.12/site-packages/airflow/example_dags/example_trigger_target_dag.py
[2025-06-26T02:40:02.915+0000] {processor.py:830} INFO - Processing file /home/airflow/.local/lib/python3.12/site-packages/airflow/example_dags/example_trigger_target_dag.py for tasks to queue
[2025-06-26T02:40:02.917+0000] {logging_mixin.py:188} INFO - [2025-06-26T02:40:02.917+0000] {dagbag.py:545} INFO - Filling up the DagBag from /home/airflow/.local/lib/python3.12/site-packages/airflow/example_dags/example_trigger_target_dag.py
[2025-06-26T02:40:02.923+0000] {processor.py:840} INFO - DAG(s) 'example_trigger_target_dag' retrieved from /home/airflow/.local/lib/python3.12/site-packages/airflow/example_dags/example_trigger_target_dag.py
[2025-06-26T02:40:02.941+0000] {logging_mixin.py:188} INFO - [2025-06-26T02:40:02.941+0000] {dag.py:3096} INFO - Sync 1 DAGs
[2025-06-26T02:40:02.952+0000] {logging_mixin.py:188} INFO - [2025-06-26T02:40:02.952+0000] {dag.py:3954} INFO - Setting next_dagrun for example_trigger_target_dag to None, run_after=None
[2025-06-26T02:40:03.059+0000] {processor.py:183} INFO - Processing /home/airflow/.local/lib/python3.12/site-packages/airflow/example_dags/example_trigger_target_dag.py took 0.150 seconds
[2025-06-26T02:40:33.582+0000] {processor.py:161} INFO - Started process (PID=259) to work on /home/airflow/.local/lib/python3.12/site-packages/airflow/example_dags/example_trigger_target_dag.py
[2025-06-26T02:40:33.583+0000] {processor.py:830} INFO - Processing file /home/airflow/.local/lib/python3.12/site-packages/airflow/example_dags/example_trigger_target_dag.py for tasks to queue
[2025-06-26T02:40:33.585+0000] {logging_mixin.py:188} INFO - [2025-06-26T02:40:33.585+0000] {dagbag.py:545} INFO - Filling up the DagBag from /home/airflow/.local/lib/python3.12/site-packages/airflow/example_dags/example_trigger_target_dag.py
[2025-06-26T02:40:33.591+0000] {processor.py:840} INFO - DAG(s) 'example_trigger_target_dag' retrieved from /home/airflow/.local/lib/python3.12/site-packages/airflow/example_dags/example_trigger_target_dag.py
[2025-06-26T02:40:33.612+0000] {logging_mixin.py:188} INFO - [2025-06-26T02:40:33.612+0000] {dag.py:3096} INFO - Sync 1 DAGs
[2025-06-26T02:40:33.624+0000] {logging_mixin.py:188} INFO - [2025-06-26T02:40:33.624+0000] {dag.py:3954} INFO - Setting next_dagrun for example_trigger_target_dag to None, run_after=None
[2025-06-26T02:40:33.706+0000] {processor.py:183} INFO - Processing /home/airflow/.local/lib/python3.12/site-packages/airflow/example_dags/example_trigger_target_dag.py took 0.129 seconds
[2025-06-26T02:41:03.962+0000] {processor.py:161} INFO - Started process (PID=321) to work on /home/airflow/.local/lib/python3.12/site-packages/airflow/example_dags/example_trigger_target_dag.py
[2025-06-26T02:41:03.963+0000] {processor.py:830} INFO - Processing file /home/airflow/.local/lib/python3.12/site-packages/airflow/example_dags/example_trigger_target_dag.py for tasks to queue
[2025-06-26T02:41:03.965+0000] {logging_mixin.py:188} INFO - [2025-06-26T02:41:03.964+0000] {dagbag.py:545} INFO - Filling up the DagBag from /home/airflow/.local/lib/python3.12/site-packages/airflow/example_dags/example_trigger_target_dag.py
[2025-06-26T02:41:03.971+0000] {processor.py:840} INFO - DAG(s) 'example_trigger_target_dag' retrieved from /home/airflow/.local/lib/python3.12/site-packages/airflow/example_dags/example_trigger_target_dag.py
[2025-06-26T02:41:03.990+0000] {logging_mixin.py:188} INFO - [2025-06-26T02:41:03.990+0000] {dag.py:3096} INFO - Sync 1 DAGs
[2025-06-26T02:41:04.002+0000] {logging_mixin.py:188} INFO - [2025-06-26T02:41:04.002+0000] {dag.py:3954} INFO - Setting next_dagrun for example_trigger_target_dag to None, run_after=None
[2025-06-26T02:41:04.025+0000] {processor.py:183} INFO - Processing /home/airflow/.local/lib/python3.12/site-packages/airflow/example_dags/example_trigger_target_dag.py took 0.069 seconds
[2025-06-26T02:41:34.821+0000] {processor.py:161} INFO - Started process (PID=384) to work on /home/airflow/.local/lib/python3.12/site-packages/airflow/example_dags/example_trigger_target_dag.py
[2025-06-26T02:41:34.822+0000] {processor.py:830} INFO - Processing file /home/airflow/.local/lib/python3.12/site-packages/airflow/example_dags/example_trigger_target_dag.py for tasks to queue
[2025-06-26T02:41:34.824+0000] {logging_mixin.py:188} INFO - [2025-06-26T02:41:34.823+0000] {dagbag.py:545} INFO - Filling up the DagBag from /home/airflow/.local/lib/python3.12/site-packages/airflow/example_dags/example_trigger_target_dag.py
[2025-06-26T02:41:34.830+0000] {processor.py:840} INFO - DAG(s) 'example_trigger_target_dag' retrieved from /home/airflow/.local/lib/python3.12/site-packages/airflow/example_dags/example_trigger_target_dag.py
[2025-06-26T02:41:34.850+0000] {logging_mixin.py:188} INFO - [2025-06-26T02:41:34.850+0000] {dag.py:3096} INFO - Sync 1 DAGs
[2025-06-26T02:41:34.862+0000] {logging_mixin.py:188} INFO - [2025-06-26T02:41:34.862+0000] {dag.py:3954} INFO - Setting next_dagrun for example_trigger_target_dag to None, run_after=None
[2025-06-26T02:41:34.881+0000] {processor.py:183} INFO - Processing /home/airflow/.local/lib/python3.12/site-packages/airflow/example_dags/example_trigger_target_dag.py took 0.065 seconds
[2025-06-26T02:42:05.019+0000] {processor.py:161} INFO - Started process (PID=444) to work on /home/airflow/.local/lib/python3.12/site-packages/airflow/example_dags/example_trigger_target_dag.py
[2025-06-26T02:42:05.019+0000] {processor.py:830} INFO - Processing file /home/airflow/.local/lib/python3.12/site-packages/airflow/example_dags/example_trigger_target_dag.py for tasks to queue
[2025-06-26T02:42:05.023+0000] {logging_mixin.py:188} INFO - [2025-06-26T02:42:05.022+0000] {dagbag.py:545} INFO - Filling up the DagBag from /home/airflow/.local/lib/python3.12/site-packages/airflow/example_dags/example_trigger_target_dag.py
[2025-06-26T02:42:05.032+0000] {processor.py:840} INFO - DAG(s) 'example_trigger_target_dag' retrieved from /home/airflow/.local/lib/python3.12/site-packages/airflow/example_dags/example_trigger_target_dag.py
[2025-06-26T02:42:05.060+0000] {logging_mixin.py:188} INFO - [2025-06-26T02:42:05.060+0000] {dag.py:3096} INFO - Sync 1 DAGs
[2025-06-26T02:42:05.078+0000] {logging_mixin.py:188} INFO - [2025-06-26T02:42:05.077+0000] {dag.py:3954} INFO - Setting next_dagrun for example_trigger_target_dag to None, run_after=None
[2025-06-26T02:42:05.135+0000] {processor.py:183} INFO - Processing /home/airflow/.local/lib/python3.12/site-packages/airflow/example_dags/example_trigger_target_dag.py took 0.122 seconds
