[2025-06-26T02:38:42.770+0000] {processor.py:161} INFO - Started process (PID=73) to work on /home/airflow/.local/lib/python3.12/site-packages/airflow/example_dags/example_xcom.py
[2025-06-26T02:38:42.772+0000] {processor.py:830} INFO - Processing file /home/airflow/.local/lib/python3.12/site-packages/airflow/example_dags/example_xcom.py for tasks to queue
[2025-06-26T02:38:42.777+0000] {logging_mixin.py:188} INFO - [2025-06-26T02:38:42.775+0000] {dagbag.py:545} INFO - Filling up the DagBag from /home/airflow/.local/lib/python3.12/site-packages/airflow/example_dags/example_xcom.py
[2025-06-26T02:38:42.809+0000] {processor.py:840} INFO - DAG(s) 'example_xcom' retrieved from /home/airflow/.local/lib/python3.12/site-packages/airflow/example_dags/example_xcom.py
[2025-06-26T02:38:43.330+0000] {logging_mixin.py:188} INFO - [2025-06-26T02:38:43.329+0000] {override.py:1829} INFO - Created Permission View: can edit on DAG:example_xcom
[2025-06-26T02:38:43.423+0000] {logging_mixin.py:188} INFO - [2025-06-26T02:38:43.422+0000] {override.py:1829} INFO - Created Permission View: can read on DAG:example_xcom
[2025-06-26T02:38:43.646+0000] {logging_mixin.py:188} INFO - [2025-06-26T02:38:43.646+0000] {override.py:1829} INFO - Created Permission View: can delete on DAG:example_xcom
[2025-06-26T02:38:43.672+0000] {logging_mixin.py:188} INFO - [2025-06-26T02:38:43.672+0000] {dag.py:3096} INFO - Sync 1 DAGs
[2025-06-26T02:38:43.688+0000] {logging_mixin.py:188} INFO - [2025-06-26T02:38:43.688+0000] {dag.py:3118} INFO - Creating ORM DAG for example_xcom
[2025-06-26T02:38:45.252+0000] {logging_mixin.py:188} INFO - [2025-06-26T02:38:45.251+0000] {dag.py:3954} INFO - Setting next_dagrun for example_xcom to 2021-01-01 00:00:00+00:00, run_after=2021-01-01 00:00:00+00:00
[2025-06-26T02:38:45.444+0000] {processor.py:183} INFO - Processing /home/airflow/.local/lib/python3.12/site-packages/airflow/example_dags/example_xcom.py took 2.686 seconds
[2025-06-26T02:39:16.170+0000] {processor.py:161} INFO - Started process (PID=133) to work on /home/airflow/.local/lib/python3.12/site-packages/airflow/example_dags/example_xcom.py
[2025-06-26T02:39:16.172+0000] {processor.py:830} INFO - Processing file /home/airflow/.local/lib/python3.12/site-packages/airflow/example_dags/example_xcom.py for tasks to queue
[2025-06-26T02:39:16.175+0000] {logging_mixin.py:188} INFO - [2025-06-26T02:39:16.175+0000] {dagbag.py:545} INFO - Filling up the DagBag from /home/airflow/.local/lib/python3.12/site-packages/airflow/example_dags/example_xcom.py
[2025-06-26T02:39:16.187+0000] {processor.py:840} INFO - DAG(s) 'example_xcom' retrieved from /home/airflow/.local/lib/python3.12/site-packages/airflow/example_dags/example_xcom.py
[2025-06-26T02:39:16.223+0000] {logging_mixin.py:188} INFO - [2025-06-26T02:39:16.223+0000] {dag.py:3096} INFO - Sync 1 DAGs
[2025-06-26T02:39:16.255+0000] {logging_mixin.py:188} INFO - [2025-06-26T02:39:16.255+0000] {dag.py:3954} INFO - Setting next_dagrun for example_xcom to 2021-01-01 00:00:00+00:00, run_after=2021-01-01 00:00:00+00:00
[2025-06-26T02:39:16.288+0000] {processor.py:183} INFO - Processing /home/airflow/.local/lib/python3.12/site-packages/airflow/example_dags/example_xcom.py took 0.124 seconds
[2025-06-26T02:39:46.825+0000] {processor.py:161} INFO - Started process (PID=191) to work on /home/airflow/.local/lib/python3.12/site-packages/airflow/example_dags/example_xcom.py
[2025-06-26T02:39:46.826+0000] {processor.py:830} INFO - Processing file /home/airflow/.local/lib/python3.12/site-packages/airflow/example_dags/example_xcom.py for tasks to queue
[2025-06-26T02:39:46.829+0000] {logging_mixin.py:188} INFO - [2025-06-26T02:39:46.829+0000] {dagbag.py:545} INFO - Filling up the DagBag from /home/airflow/.local/lib/python3.12/site-packages/airflow/example_dags/example_xcom.py
[2025-06-26T02:39:46.839+0000] {processor.py:840} INFO - DAG(s) 'example_xcom' retrieved from /home/airflow/.local/lib/python3.12/site-packages/airflow/example_dags/example_xcom.py
[2025-06-26T02:39:46.871+0000] {logging_mixin.py:188} INFO - [2025-06-26T02:39:46.871+0000] {dag.py:3096} INFO - Sync 1 DAGs
[2025-06-26T02:39:46.906+0000] {logging_mixin.py:188} INFO - [2025-06-26T02:39:46.906+0000] {dag.py:3954} INFO - Setting next_dagrun for example_xcom to 2021-01-01 00:00:00+00:00, run_after=2021-01-01 00:00:00+00:00
[2025-06-26T02:39:46.937+0000] {processor.py:183} INFO - Processing /home/airflow/.local/lib/python3.12/site-packages/airflow/example_dags/example_xcom.py took 0.119 seconds
[2025-06-26T02:40:16.980+0000] {processor.py:161} INFO - Started process (PID=251) to work on /home/airflow/.local/lib/python3.12/site-packages/airflow/example_dags/example_xcom.py
[2025-06-26T02:40:16.981+0000] {processor.py:830} INFO - Processing file /home/airflow/.local/lib/python3.12/site-packages/airflow/example_dags/example_xcom.py for tasks to queue
[2025-06-26T02:40:16.983+0000] {logging_mixin.py:188} INFO - [2025-06-26T02:40:16.982+0000] {dagbag.py:545} INFO - Filling up the DagBag from /home/airflow/.local/lib/python3.12/site-packages/airflow/example_dags/example_xcom.py
[2025-06-26T02:40:16.990+0000] {processor.py:840} INFO - DAG(s) 'example_xcom' retrieved from /home/airflow/.local/lib/python3.12/site-packages/airflow/example_dags/example_xcom.py
[2025-06-26T02:40:17.010+0000] {logging_mixin.py:188} INFO - [2025-06-26T02:40:17.010+0000] {dag.py:3096} INFO - Sync 1 DAGs
[2025-06-26T02:40:17.029+0000] {logging_mixin.py:188} INFO - [2025-06-26T02:40:17.029+0000] {dag.py:3954} INFO - Setting next_dagrun for example_xcom to 2021-01-01 00:00:00+00:00, run_after=2021-01-01 00:00:00+00:00
[2025-06-26T02:40:17.049+0000] {processor.py:183} INFO - Processing /home/airflow/.local/lib/python3.12/site-packages/airflow/example_dags/example_xcom.py took 0.074 seconds
[2025-06-26T02:40:47.151+0000] {processor.py:161} INFO - Started process (PID=311) to work on /home/airflow/.local/lib/python3.12/site-packages/airflow/example_dags/example_xcom.py
[2025-06-26T02:40:47.152+0000] {processor.py:830} INFO - Processing file /home/airflow/.local/lib/python3.12/site-packages/airflow/example_dags/example_xcom.py for tasks to queue
[2025-06-26T02:40:47.154+0000] {logging_mixin.py:188} INFO - [2025-06-26T02:40:47.154+0000] {dagbag.py:545} INFO - Filling up the DagBag from /home/airflow/.local/lib/python3.12/site-packages/airflow/example_dags/example_xcom.py
[2025-06-26T02:40:47.164+0000] {processor.py:840} INFO - DAG(s) 'example_xcom' retrieved from /home/airflow/.local/lib/python3.12/site-packages/airflow/example_dags/example_xcom.py
[2025-06-26T02:40:47.196+0000] {logging_mixin.py:188} INFO - [2025-06-26T02:40:47.195+0000] {dag.py:3096} INFO - Sync 1 DAGs
[2025-06-26T02:40:47.226+0000] {logging_mixin.py:188} INFO - [2025-06-26T02:40:47.225+0000] {dag.py:3954} INFO - Setting next_dagrun for example_xcom to 2021-01-01 00:00:00+00:00, run_after=2021-01-01 00:00:00+00:00
[2025-06-26T02:40:47.258+0000] {processor.py:183} INFO - Processing /home/airflow/.local/lib/python3.12/site-packages/airflow/example_dags/example_xcom.py took 0.114 seconds
[2025-06-26T02:41:17.726+0000] {processor.py:161} INFO - Started process (PID=373) to work on /home/airflow/.local/lib/python3.12/site-packages/airflow/example_dags/example_xcom.py
[2025-06-26T02:41:17.743+0000] {processor.py:830} INFO - Processing file /home/airflow/.local/lib/python3.12/site-packages/airflow/example_dags/example_xcom.py for tasks to queue
[2025-06-26T02:41:17.746+0000] {logging_mixin.py:188} INFO - [2025-06-26T02:41:17.745+0000] {dagbag.py:545} INFO - Filling up the DagBag from /home/airflow/.local/lib/python3.12/site-packages/airflow/example_dags/example_xcom.py
[2025-06-26T02:41:17.752+0000] {processor.py:840} INFO - DAG(s) 'example_xcom' retrieved from /home/airflow/.local/lib/python3.12/site-packages/airflow/example_dags/example_xcom.py
[2025-06-26T02:41:17.773+0000] {logging_mixin.py:188} INFO - [2025-06-26T02:41:17.773+0000] {dag.py:3096} INFO - Sync 1 DAGs
[2025-06-26T02:41:17.794+0000] {logging_mixin.py:188} INFO - [2025-06-26T02:41:17.793+0000] {dag.py:3954} INFO - Setting next_dagrun for example_xcom to 2021-01-01 00:00:00+00:00, run_after=2021-01-01 00:00:00+00:00
[2025-06-26T02:41:17.814+0000] {processor.py:183} INFO - Processing /home/airflow/.local/lib/python3.12/site-packages/airflow/example_dags/example_xcom.py took 0.093 seconds
[2025-06-26T02:41:48.400+0000] {processor.py:161} INFO - Started process (PID=435) to work on /home/airflow/.local/lib/python3.12/site-packages/airflow/example_dags/example_xcom.py
[2025-06-26T02:41:48.401+0000] {processor.py:830} INFO - Processing file /home/airflow/.local/lib/python3.12/site-packages/airflow/example_dags/example_xcom.py for tasks to queue
[2025-06-26T02:41:48.403+0000] {logging_mixin.py:188} INFO - [2025-06-26T02:41:48.402+0000] {dagbag.py:545} INFO - Filling up the DagBag from /home/airflow/.local/lib/python3.12/site-packages/airflow/example_dags/example_xcom.py
[2025-06-26T02:41:48.411+0000] {processor.py:840} INFO - DAG(s) 'example_xcom' retrieved from /home/airflow/.local/lib/python3.12/site-packages/airflow/example_dags/example_xcom.py
[2025-06-26T02:41:48.452+0000] {logging_mixin.py:188} INFO - [2025-06-26T02:41:48.451+0000] {dag.py:3096} INFO - Sync 1 DAGs
[2025-06-26T02:41:48.487+0000] {logging_mixin.py:188} INFO - [2025-06-26T02:41:48.487+0000] {dag.py:3954} INFO - Setting next_dagrun for example_xcom to 2021-01-01 00:00:00+00:00, run_after=2021-01-01 00:00:00+00:00
[2025-06-26T02:41:48.516+0000] {processor.py:183} INFO - Processing /home/airflow/.local/lib/python3.12/site-packages/airflow/example_dags/example_xcom.py took 0.122 seconds
