[2025-06-26T02:38:40.762+0000] {processor.py:161} INFO - Started process (PID=67) to work on /home/airflow/.local/lib/python3.12/site-packages/airflow/example_dags/example_branch_labels.py
[2025-06-26T02:38:40.764+0000] {processor.py:830} INFO - Processing file /home/airflow/.local/lib/python3.12/site-packages/airflow/example_dags/example_branch_labels.py for tasks to queue
[2025-06-26T02:38:40.774+0000] {logging_mixin.py:188} INFO - [2025-06-26T02:38:40.773+0000] {dagbag.py:545} INFO - Filling up the DagBag from /home/airflow/.local/lib/python3.12/site-packages/airflow/example_dags/example_branch_labels.py
[2025-06-26T02:38:40.787+0000] {processor.py:840} INFO - DAG(s) 'example_branch_labels' retrieved from /home/airflow/.local/lib/python3.12/site-packages/airflow/example_dags/example_branch_labels.py
[2025-06-26T02:38:40.953+0000] {logging_mixin.py:188} INFO - [2025-06-26T02:38:40.952+0000] {override.py:1829} INFO - Created Permission View: can edit on DAG:example_branch_labels
[2025-06-26T02:38:40.978+0000] {logging_mixin.py:188} INFO - [2025-06-26T02:38:40.977+0000] {override.py:1829} INFO - Created Permission View: can read on DAG:example_branch_labels
[2025-06-26T02:38:40.996+0000] {logging_mixin.py:188} INFO - [2025-06-26T02:38:40.995+0000] {override.py:1829} INFO - Created Permission View: can delete on DAG:example_branch_labels
[2025-06-26T02:38:40.997+0000] {logging_mixin.py:188} INFO - [2025-06-26T02:38:40.997+0000] {dag.py:3096} INFO - Sync 1 DAGs
[2025-06-26T02:38:41.020+0000] {logging_mixin.py:188} INFO - [2025-06-26T02:38:41.020+0000] {dag.py:3118} INFO - Creating ORM DAG for example_branch_labels
[2025-06-26T02:38:41.043+0000] {logging_mixin.py:188} INFO - [2025-06-26T02:38:41.043+0000] {dag.py:3954} INFO - Setting next_dagrun for example_branch_labels to 2025-06-25 00:00:00+00:00, run_after=2025-06-26 00:00:00+00:00
[2025-06-26T02:38:41.077+0000] {processor.py:183} INFO - Processing /home/airflow/.local/lib/python3.12/site-packages/airflow/example_dags/example_branch_labels.py took 0.326 seconds
[2025-06-26T02:39:14.970+0000] {processor.py:161} INFO - Started process (PID=127) to work on /home/airflow/.local/lib/python3.12/site-packages/airflow/example_dags/example_branch_labels.py
[2025-06-26T02:39:14.971+0000] {processor.py:830} INFO - Processing file /home/airflow/.local/lib/python3.12/site-packages/airflow/example_dags/example_branch_labels.py for tasks to queue
[2025-06-26T02:39:14.973+0000] {logging_mixin.py:188} INFO - [2025-06-26T02:39:14.972+0000] {dagbag.py:545} INFO - Filling up the DagBag from /home/airflow/.local/lib/python3.12/site-packages/airflow/example_dags/example_branch_labels.py
[2025-06-26T02:39:14.980+0000] {processor.py:840} INFO - DAG(s) 'example_branch_labels' retrieved from /home/airflow/.local/lib/python3.12/site-packages/airflow/example_dags/example_branch_labels.py
[2025-06-26T02:39:15.005+0000] {logging_mixin.py:188} INFO - [2025-06-26T02:39:15.004+0000] {dag.py:3096} INFO - Sync 1 DAGs
[2025-06-26T02:39:15.026+0000] {logging_mixin.py:188} INFO - [2025-06-26T02:39:15.025+0000] {dag.py:3954} INFO - Setting next_dagrun for example_branch_labels to 2025-06-25 00:00:00+00:00, run_after=2025-06-26 00:00:00+00:00
[2025-06-26T02:39:15.050+0000] {processor.py:183} INFO - Processing /home/airflow/.local/lib/python3.12/site-packages/airflow/example_dags/example_branch_labels.py took 0.085 seconds
[2025-06-26T02:39:45.457+0000] {processor.py:161} INFO - Started process (PID=185) to work on /home/airflow/.local/lib/python3.12/site-packages/airflow/example_dags/example_branch_labels.py
[2025-06-26T02:39:45.461+0000] {processor.py:830} INFO - Processing file /home/airflow/.local/lib/python3.12/site-packages/airflow/example_dags/example_branch_labels.py for tasks to queue
[2025-06-26T02:39:45.463+0000] {logging_mixin.py:188} INFO - [2025-06-26T02:39:45.463+0000] {dagbag.py:545} INFO - Filling up the DagBag from /home/airflow/.local/lib/python3.12/site-packages/airflow/example_dags/example_branch_labels.py
[2025-06-26T02:39:45.473+0000] {processor.py:840} INFO - DAG(s) 'example_branch_labels' retrieved from /home/airflow/.local/lib/python3.12/site-packages/airflow/example_dags/example_branch_labels.py
[2025-06-26T02:39:45.501+0000] {logging_mixin.py:188} INFO - [2025-06-26T02:39:45.501+0000] {dag.py:3096} INFO - Sync 1 DAGs
[2025-06-26T02:39:45.529+0000] {logging_mixin.py:188} INFO - [2025-06-26T02:39:45.529+0000] {dag.py:3954} INFO - Setting next_dagrun for example_branch_labels to 2025-06-25 00:00:00+00:00, run_after=2025-06-26 00:00:00+00:00
[2025-06-26T02:39:45.548+0000] {processor.py:183} INFO - Processing /home/airflow/.local/lib/python3.12/site-packages/airflow/example_dags/example_branch_labels.py took 0.097 seconds
[2025-06-26T02:40:15.681+0000] {processor.py:161} INFO - Started process (PID=245) to work on /home/airflow/.local/lib/python3.12/site-packages/airflow/example_dags/example_branch_labels.py
[2025-06-26T02:40:15.682+0000] {processor.py:830} INFO - Processing file /home/airflow/.local/lib/python3.12/site-packages/airflow/example_dags/example_branch_labels.py for tasks to queue
[2025-06-26T02:40:15.683+0000] {logging_mixin.py:188} INFO - [2025-06-26T02:40:15.683+0000] {dagbag.py:545} INFO - Filling up the DagBag from /home/airflow/.local/lib/python3.12/site-packages/airflow/example_dags/example_branch_labels.py
[2025-06-26T02:40:15.690+0000] {processor.py:840} INFO - DAG(s) 'example_branch_labels' retrieved from /home/airflow/.local/lib/python3.12/site-packages/airflow/example_dags/example_branch_labels.py
[2025-06-26T02:40:15.711+0000] {logging_mixin.py:188} INFO - [2025-06-26T02:40:15.710+0000] {dag.py:3096} INFO - Sync 1 DAGs
[2025-06-26T02:40:15.730+0000] {logging_mixin.py:188} INFO - [2025-06-26T02:40:15.730+0000] {dag.py:3954} INFO - Setting next_dagrun for example_branch_labels to 2025-06-25 00:00:00+00:00, run_after=2025-06-26 00:00:00+00:00
[2025-06-26T02:40:15.748+0000] {processor.py:183} INFO - Processing /home/airflow/.local/lib/python3.12/site-packages/airflow/example_dags/example_branch_labels.py took 0.071 seconds
[2025-06-26T02:40:45.815+0000] {processor.py:161} INFO - Started process (PID=305) to work on /home/airflow/.local/lib/python3.12/site-packages/airflow/example_dags/example_branch_labels.py
[2025-06-26T02:40:45.816+0000] {processor.py:830} INFO - Processing file /home/airflow/.local/lib/python3.12/site-packages/airflow/example_dags/example_branch_labels.py for tasks to queue
[2025-06-26T02:40:45.818+0000] {logging_mixin.py:188} INFO - [2025-06-26T02:40:45.818+0000] {dagbag.py:545} INFO - Filling up the DagBag from /home/airflow/.local/lib/python3.12/site-packages/airflow/example_dags/example_branch_labels.py
[2025-06-26T02:40:45.824+0000] {processor.py:840} INFO - DAG(s) 'example_branch_labels' retrieved from /home/airflow/.local/lib/python3.12/site-packages/airflow/example_dags/example_branch_labels.py
[2025-06-26T02:40:45.845+0000] {logging_mixin.py:188} INFO - [2025-06-26T02:40:45.845+0000] {dag.py:3096} INFO - Sync 1 DAGs
[2025-06-26T02:40:45.865+0000] {logging_mixin.py:188} INFO - [2025-06-26T02:40:45.865+0000] {dag.py:3954} INFO - Setting next_dagrun for example_branch_labels to 2025-06-25 00:00:00+00:00, run_after=2025-06-26 00:00:00+00:00
[2025-06-26T02:40:45.885+0000] {processor.py:183} INFO - Processing /home/airflow/.local/lib/python3.12/site-packages/airflow/example_dags/example_branch_labels.py took 0.074 seconds
[2025-06-26T02:41:16.265+0000] {processor.py:161} INFO - Started process (PID=365) to work on /home/airflow/.local/lib/python3.12/site-packages/airflow/example_dags/example_branch_labels.py
[2025-06-26T02:41:16.266+0000] {processor.py:830} INFO - Processing file /home/airflow/.local/lib/python3.12/site-packages/airflow/example_dags/example_branch_labels.py for tasks to queue
[2025-06-26T02:41:16.269+0000] {logging_mixin.py:188} INFO - [2025-06-26T02:41:16.268+0000] {dagbag.py:545} INFO - Filling up the DagBag from /home/airflow/.local/lib/python3.12/site-packages/airflow/example_dags/example_branch_labels.py
[2025-06-26T02:41:16.276+0000] {processor.py:840} INFO - DAG(s) 'example_branch_labels' retrieved from /home/airflow/.local/lib/python3.12/site-packages/airflow/example_dags/example_branch_labels.py
[2025-06-26T02:41:16.302+0000] {logging_mixin.py:188} INFO - [2025-06-26T02:41:16.302+0000] {dag.py:3096} INFO - Sync 1 DAGs
[2025-06-26T02:41:16.332+0000] {logging_mixin.py:188} INFO - [2025-06-26T02:41:16.332+0000] {dag.py:3954} INFO - Setting next_dagrun for example_branch_labels to 2025-06-25 00:00:00+00:00, run_after=2025-06-26 00:00:00+00:00
[2025-06-26T02:41:16.354+0000] {processor.py:183} INFO - Processing /home/airflow/.local/lib/python3.12/site-packages/airflow/example_dags/example_branch_labels.py took 0.095 seconds
[2025-06-26T02:41:46.909+0000] {processor.py:161} INFO - Started process (PID=426) to work on /home/airflow/.local/lib/python3.12/site-packages/airflow/example_dags/example_branch_labels.py
[2025-06-26T02:41:46.910+0000] {processor.py:830} INFO - Processing file /home/airflow/.local/lib/python3.12/site-packages/airflow/example_dags/example_branch_labels.py for tasks to queue
[2025-06-26T02:41:46.911+0000] {logging_mixin.py:188} INFO - [2025-06-26T02:41:46.911+0000] {dagbag.py:545} INFO - Filling up the DagBag from /home/airflow/.local/lib/python3.12/site-packages/airflow/example_dags/example_branch_labels.py
[2025-06-26T02:41:46.918+0000] {processor.py:840} INFO - DAG(s) 'example_branch_labels' retrieved from /home/airflow/.local/lib/python3.12/site-packages/airflow/example_dags/example_branch_labels.py
[2025-06-26T02:41:46.938+0000] {logging_mixin.py:188} INFO - [2025-06-26T02:41:46.937+0000] {dag.py:3096} INFO - Sync 1 DAGs
[2025-06-26T02:41:46.957+0000] {logging_mixin.py:188} INFO - [2025-06-26T02:41:46.956+0000] {dag.py:3954} INFO - Setting next_dagrun for example_branch_labels to 2025-06-25 00:00:00+00:00, run_after=2025-06-26 00:00:00+00:00
[2025-06-26T02:41:47.032+0000] {processor.py:183} INFO - Processing /home/airflow/.local/lib/python3.12/site-packages/airflow/example_dags/example_branch_labels.py took 0.127 seconds
