[2025-06-26T02:39:07.630+0000] {processor.py:161} INFO - Started process (PID=85) to work on /home/airflow/.local/lib/python3.12/site-packages/airflow/example_dags/tutorial_objectstorage.py
[2025-06-26T02:39:07.632+0000] {processor.py:830} INFO - Processing file /home/airflow/.local/lib/python3.12/site-packages/airflow/example_dags/tutorial_objectstorage.py for tasks to queue
[2025-06-26T02:39:07.635+0000] {logging_mixin.py:188} INFO - [2025-06-26T02:39:07.634+0000] {dagbag.py:545} INFO - Filling up the DagBag from /home/airflow/.local/lib/python3.12/site-packages/airflow/example_dags/tutorial_objectstorage.py
[2025-06-26T02:39:07.671+0000] {processor.py:840} INFO - DAG(s) 'tutorial_objectstorage' retrieved from /home/airflow/.local/lib/python3.12/site-packages/airflow/example_dags/tutorial_objectstorage.py
[2025-06-26T02:39:09.598+0000] {logging_mixin.py:188} INFO - [2025-06-26T02:39:09.596+0000] {override.py:1829} INFO - Created Permission View: can edit on DAG:tutorial_objectstorage
[2025-06-26T02:39:09.636+0000] {logging_mixin.py:188} INFO - [2025-06-26T02:39:09.635+0000] {override.py:1829} INFO - Created Permission View: can read on DAG:tutorial_objectstorage
[2025-06-26T02:39:09.652+0000] {logging_mixin.py:188} INFO - [2025-06-26T02:39:09.652+0000] {override.py:1829} INFO - Created Permission View: can delete on DAG:tutorial_objectstorage
[2025-06-26T02:39:09.665+0000] {logging_mixin.py:188} INFO - [2025-06-26T02:39:09.665+0000] {dag.py:3096} INFO - Sync 1 DAGs
[2025-06-26T02:39:09.723+0000] {logging_mixin.py:188} INFO - [2025-06-26T02:39:09.722+0000] {dag.py:3118} INFO - Creating ORM DAG for tutorial_objectstorage
[2025-06-26T02:39:09.726+0000] {logging_mixin.py:188} INFO - [2025-06-26T02:39:09.726+0000] {dag.py:3954} INFO - Setting next_dagrun for tutorial_objectstorage to None, run_after=None
[2025-06-26T02:39:09.782+0000] {processor.py:183} INFO - Processing /home/airflow/.local/lib/python3.12/site-packages/airflow/example_dags/tutorial_objectstorage.py took 2.179 seconds
[2025-06-26T02:39:40.296+0000] {processor.py:161} INFO - Started process (PID=151) to work on /home/airflow/.local/lib/python3.12/site-packages/airflow/example_dags/tutorial_objectstorage.py
[2025-06-26T02:39:40.297+0000] {processor.py:830} INFO - Processing file /home/airflow/.local/lib/python3.12/site-packages/airflow/example_dags/tutorial_objectstorage.py for tasks to queue
[2025-06-26T02:39:40.299+0000] {logging_mixin.py:188} INFO - [2025-06-26T02:39:40.298+0000] {dagbag.py:545} INFO - Filling up the DagBag from /home/airflow/.local/lib/python3.12/site-packages/airflow/example_dags/tutorial_objectstorage.py
[2025-06-26T02:39:40.307+0000] {processor.py:840} INFO - DAG(s) 'tutorial_objectstorage' retrieved from /home/airflow/.local/lib/python3.12/site-packages/airflow/example_dags/tutorial_objectstorage.py
[2025-06-26T02:39:40.330+0000] {logging_mixin.py:188} INFO - [2025-06-26T02:39:40.330+0000] {dag.py:3096} INFO - Sync 1 DAGs
[2025-06-26T02:39:40.349+0000] {logging_mixin.py:188} INFO - [2025-06-26T02:39:40.348+0000] {dag.py:3954} INFO - Setting next_dagrun for tutorial_objectstorage to None, run_after=None
[2025-06-26T02:39:40.392+0000] {processor.py:183} INFO - Processing /home/airflow/.local/lib/python3.12/site-packages/airflow/example_dags/tutorial_objectstorage.py took 0.102 seconds
[2025-06-26T02:40:10.432+0000] {processor.py:161} INFO - Started process (PID=211) to work on /home/airflow/.local/lib/python3.12/site-packages/airflow/example_dags/tutorial_objectstorage.py
[2025-06-26T02:40:10.433+0000] {processor.py:830} INFO - Processing file /home/airflow/.local/lib/python3.12/site-packages/airflow/example_dags/tutorial_objectstorage.py for tasks to queue
[2025-06-26T02:40:10.435+0000] {logging_mixin.py:188} INFO - [2025-06-26T02:40:10.434+0000] {dagbag.py:545} INFO - Filling up the DagBag from /home/airflow/.local/lib/python3.12/site-packages/airflow/example_dags/tutorial_objectstorage.py
[2025-06-26T02:40:10.441+0000] {processor.py:840} INFO - DAG(s) 'tutorial_objectstorage' retrieved from /home/airflow/.local/lib/python3.12/site-packages/airflow/example_dags/tutorial_objectstorage.py
[2025-06-26T02:40:10.461+0000] {logging_mixin.py:188} INFO - [2025-06-26T02:40:10.461+0000] {dag.py:3096} INFO - Sync 1 DAGs
[2025-06-26T02:40:10.473+0000] {logging_mixin.py:188} INFO - [2025-06-26T02:40:10.473+0000] {dag.py:3954} INFO - Setting next_dagrun for tutorial_objectstorage to None, run_after=None
[2025-06-26T02:40:10.494+0000] {processor.py:183} INFO - Processing /home/airflow/.local/lib/python3.12/site-packages/airflow/example_dags/tutorial_objectstorage.py took 0.067 seconds
[2025-06-26T02:40:40.990+0000] {processor.py:161} INFO - Started process (PID=271) to work on /home/airflow/.local/lib/python3.12/site-packages/airflow/example_dags/tutorial_objectstorage.py
[2025-06-26T02:40:40.991+0000] {processor.py:830} INFO - Processing file /home/airflow/.local/lib/python3.12/site-packages/airflow/example_dags/tutorial_objectstorage.py for tasks to queue
[2025-06-26T02:40:40.992+0000] {logging_mixin.py:188} INFO - [2025-06-26T02:40:40.992+0000] {dagbag.py:545} INFO - Filling up the DagBag from /home/airflow/.local/lib/python3.12/site-packages/airflow/example_dags/tutorial_objectstorage.py
[2025-06-26T02:40:40.998+0000] {processor.py:840} INFO - DAG(s) 'tutorial_objectstorage' retrieved from /home/airflow/.local/lib/python3.12/site-packages/airflow/example_dags/tutorial_objectstorage.py
[2025-06-26T02:40:41.017+0000] {logging_mixin.py:188} INFO - [2025-06-26T02:40:41.017+0000] {dag.py:3096} INFO - Sync 1 DAGs
[2025-06-26T02:40:41.028+0000] {logging_mixin.py:188} INFO - [2025-06-26T02:40:41.028+0000] {dag.py:3954} INFO - Setting next_dagrun for tutorial_objectstorage to None, run_after=None
[2025-06-26T02:40:41.047+0000] {processor.py:183} INFO - Processing /home/airflow/.local/lib/python3.12/site-packages/airflow/example_dags/tutorial_objectstorage.py took 0.062 seconds
[2025-06-26T02:41:11.217+0000] {processor.py:161} INFO - Started process (PID=334) to work on /home/airflow/.local/lib/python3.12/site-packages/airflow/example_dags/tutorial_objectstorage.py
[2025-06-26T02:41:11.218+0000] {processor.py:830} INFO - Processing file /home/airflow/.local/lib/python3.12/site-packages/airflow/example_dags/tutorial_objectstorage.py for tasks to queue
[2025-06-26T02:41:11.220+0000] {logging_mixin.py:188} INFO - [2025-06-26T02:41:11.219+0000] {dagbag.py:545} INFO - Filling up the DagBag from /home/airflow/.local/lib/python3.12/site-packages/airflow/example_dags/tutorial_objectstorage.py
[2025-06-26T02:41:11.226+0000] {processor.py:840} INFO - DAG(s) 'tutorial_objectstorage' retrieved from /home/airflow/.local/lib/python3.12/site-packages/airflow/example_dags/tutorial_objectstorage.py
[2025-06-26T02:41:11.244+0000] {logging_mixin.py:188} INFO - [2025-06-26T02:41:11.244+0000] {dag.py:3096} INFO - Sync 1 DAGs
[2025-06-26T02:41:11.256+0000] {logging_mixin.py:188} INFO - [2025-06-26T02:41:11.255+0000] {dag.py:3954} INFO - Setting next_dagrun for tutorial_objectstorage to None, run_after=None
[2025-06-26T02:41:11.276+0000] {processor.py:183} INFO - Processing /home/airflow/.local/lib/python3.12/site-packages/airflow/example_dags/tutorial_objectstorage.py took 0.064 seconds
[2025-06-26T02:41:42.125+0000] {processor.py:161} INFO - Started process (PID=396) to work on /home/airflow/.local/lib/python3.12/site-packages/airflow/example_dags/tutorial_objectstorage.py
[2025-06-26T02:41:42.125+0000] {processor.py:830} INFO - Processing file /home/airflow/.local/lib/python3.12/site-packages/airflow/example_dags/tutorial_objectstorage.py for tasks to queue
[2025-06-26T02:41:42.127+0000] {logging_mixin.py:188} INFO - [2025-06-26T02:41:42.127+0000] {dagbag.py:545} INFO - Filling up the DagBag from /home/airflow/.local/lib/python3.12/site-packages/airflow/example_dags/tutorial_objectstorage.py
[2025-06-26T02:41:42.133+0000] {processor.py:840} INFO - DAG(s) 'tutorial_objectstorage' retrieved from /home/airflow/.local/lib/python3.12/site-packages/airflow/example_dags/tutorial_objectstorage.py
[2025-06-26T02:41:42.150+0000] {logging_mixin.py:188} INFO - [2025-06-26T02:41:42.150+0000] {dag.py:3096} INFO - Sync 1 DAGs
[2025-06-26T02:41:42.161+0000] {logging_mixin.py:188} INFO - [2025-06-26T02:41:42.161+0000] {dag.py:3954} INFO - Setting next_dagrun for tutorial_objectstorage to None, run_after=None
[2025-06-26T02:41:42.180+0000] {processor.py:183} INFO - Processing /home/airflow/.local/lib/python3.12/site-packages/airflow/example_dags/tutorial_objectstorage.py took 0.060 seconds
